Mon Feb 28 19:30:04 EST 2022
Slurm nodes: evc5
You were assigned 1 gpu(s)
Please run `conda env list` to see a list of all available environments. Use
`source activate <env>` to activate the environment '<env>'. 

Currently Loaded Modules:
  1) anaconda/anaconda3

 

	[4mGPU0	mlx5_0	CPU Affinity	NUMA Affinity[0m
GPU0	 X 	SYS	8,10,12,14	0-1
mlx5_0	SYS	 X 		

Legend:

  X    = Self
  SYS  = Connection traversing PCIe as well as the SMP interconnect between NUMA nodes (e.g., QPI/UPI)
  NODE = Connection traversing PCIe as well as the interconnect between PCIe Host Bridges within a NUMA node
  PHB  = Connection traversing PCIe as well as a PCIe Host Bridge (typically the CPU)
  PXB  = Connection traversing multiple PCIe bridges (without traversing the PCIe Host Bridge)
  PIX  = Connection traversing at most a single PCIe bridge
  NV#  = Connection traversing a bonded set of # NVLinks

1.1.0

Namespace(arch='vgg16', checkpoint='checkpoint', data_avail=50, dataset='cifar100', epochs=90, gamma=0.1, jobid='126778', logs='logs', lr=0.01, manualSeed=6353, momentum=0.9, schedule=[30, 60], t1_weight=0.001, t2_weight=0.001, t3_weight=0.001, task_set='vehicles10-large_animals10-reset80', test_batch=100, train_batch=128, weight_decay=0.0005, workers=4)
==> Preparing dataset cifar100
Files already downloaded and verified
Testing...
 -> Progress: 20 done!
 -> Progress: 40 done!
 -> Progress: 60 done!
 -> Progress: 80 done!
 -> Progress: 100 done!

Test loss: 2.2105 
Val accuracy: 70.25%
==> Preparing dataset cifar100
Files already downloaded and verified
Testing...
 -> Progress: 20 done!
 -> Progress: 40 done!
 -> Progress: 60 done!
 -> Progress: 80 done!
 -> Progress: 100 done!

Test loss: 3.5464 
Val accuracy: 49.90%
==> Preparing dataset cifar100
Files already downloaded and verified
Testing...
 -> Progress: 20 done!
 -> Progress: 40 done!
 -> Progress: 60 done!
 -> Progress: 80 done!
 -> Progress: 100 done!

Test loss: 8.7389 
Val accuracy: 41.00%
==> Preparing dataset cifar100
Files already downloaded and verified
==> Preparing dataset cifar100
Files already downloaded and verified
==> Preparing dataset cifar100
Files already downloaded and verified
==> Preparing dataset cifar100
Files already downloaded and verified
    Total params: 14.77M

Epoch: [1 | 90] LR: 0.010000
Training...
 -> Progress: 20 done!
 -> Progress: 40 done!
 -> Progress: 60 done!
 -> Progress: 80 done!
 -> Progress: 100 done!
Testing...
 -> Progress: 20 done!
 -> Progress: 40 done!
 -> Progress: 60 done!
 -> Progress: 80 done!
 -> Progress: 100 done!
Testing...
 -> Progress: 20 done!
 -> Progress: 40 done!
 -> Progress: 60 done!
 -> Progress: 80 done!
 -> Progress: 100 done!
Testing...
 -> Progress: 20 done!
 -> Progress: 40 done!
 -> Progress: 60 done!
 -> Progress: 80 done!
 -> Progress: 100 done!

Keys:  ['time', 'acc1', 'acc5', 'ce_loss']
Training:  [0.022871015023212045, 0.0, 0.0, 0.4378323066143357]
Testing on Task A:  [0.005330613255500794, 67.4625, 89.625, 148.36087217330933]
Testing on Task B:  [0.020248031616210936, 61.4, 93.2, 132.62666778564454]
Testing on Task C:  [0.020334887504577636, 64.8, 96.4, 118.7099594116211]
Best Acc:  67.4625

Epoch: [2 | 90] LR: 0.010000
Training...
 -> Progress: 20 done!
 -> Progress: 40 done!
 -> Progress: 60 done!
 -> Progress: 80 done!
 -> Progress: 100 done!
Testing...
 -> Progress: 20 done!
 -> Progress: 40 done!
 -> Progress: 60 done!
 -> Progress: 80 done!
 -> Progress: 100 done!
Testing...
 -> Progress: 20 done!
 -> Progress: 40 done!
 -> Progress: 60 done!
 -> Progress: 80 done!
 -> Progress: 100 done!
Testing...
 -> Progress: 20 done!
 -> Progress: 40 done!
 -> Progress: 60 done!
 -> Progress: 80 done!
 -> Progress: 100 done!

Keys:  ['time', 'acc1', 'acc5', 'ce_loss']
Training:  [0.022935692144899954, 0.0, 0.0, 0.32022626667606585]
Testing on Task A:  [0.00529659390449524, 66.1625, 89.3875, 151.0826226234436]
Testing on Task B:  [0.019977474212646486, 62.6, 93.9, 120.98804168701172]
Testing on Task C:  [0.01996657848358154, 67.5, 97.0, 106.31518173217773]
Best Acc:  67.4625

Epoch: [3 | 90] LR: 0.010000
Training...
 -> Progress: 20 done!
 -> Progress: 40 done!
 -> Progress: 60 done!
 -> Progress: 80 done!
 -> Progress: 100 done!
Testing...
 -> Progress: 20 done!
 -> Progress: 40 done!
 -> Progress: 60 done!
 -> Progress: 80 done!
 -> Progress: 100 done!
Testing...
 -> Progress: 20 done!
 -> Progress: 40 done!
 -> Progress: 60 done!
 -> Progress: 80 done!
 -> Progress: 100 done!
Testing...
 -> Progress: 20 done!
 -> Progress: 40 done!
 -> Progress: 60 done!
 -> Progress: 80 done!
 -> Progress: 100 done!

Keys:  ['time', 'acc1', 'acc5', 'ce_loss']
Training:  [0.022909028189522878, 0.0, 0.0, 0.270061617070923]
Testing on Task A:  [0.0053525596857070925, 66.975, 89.575, 153.71848335266114]
Testing on Task B:  [0.02031536102294922, 60.2, 94.4, 138.532177734375]
Testing on Task C:  [0.020168256759643555, 68.6, 97.7, 100.36029815673828]
Best Acc:  67.4625

Epoch: [4 | 90] LR: 0.010000
Training...
 -> Progress: 20 done!
 -> Progress: 40 done!
 -> Progress: 60 done!
 -> Progress: 80 done!
 -> Progress: 100 done!
Testing...
 -> Progress: 20 done!
 -> Progress: 40 done!
 -> Progress: 60 done!
 -> Progress: 80 done!
 -> Progress: 100 done!
Testing...
 -> Progress: 20 done!
 -> Progress: 40 done!
 -> Progress: 60 done!
 -> Progress: 80 done!
 -> Progress: 100 done!
Testing...
 -> Progress: 20 done!
 -> Progress: 40 done!
 -> Progress: 60 done!
 -> Progress: 80 done!
 -> Progress: 100 done!

Keys:  ['time', 'acc1', 'acc5', 'ce_loss']
Training:  [0.022965187929114516, 0.0, 0.0, 0.22582945223821668]
Testing on Task A:  [0.0053170561790466305, 66.5, 89.425, 160.8136748313904]
Testing on Task B:  [0.019862675666809083, 66.1, 94.8, 120.40990905761718]
Testing on Task C:  [0.01977694034576416, 72.3, 97.5, 96.83108978271484]
Best Acc:  67.4625

Epoch: [5 | 90] LR: 0.010000
Training...
 -> Progress: 20 done!
 -> Progress: 40 done!
 -> Progress: 60 done!
 -> Progress: 80 done!
 -> Progress: 100 done!
Testing...
 -> Progress: 20 done!
 -> Progress: 40 done!
 -> Progress: 60 done!
 -> Progress: 80 done!
 -> Progress: 100 done!
Testing...
 -> Progress: 20 done!
 -> Progress: 40 done!
 -> Progress: 60 done!
 -> Progress: 80 done!
 -> Progress: 100 done!
Testing...
 -> Progress: 20 done!
 -> Progress: 40 done!
 -> Progress: 60 done!
 -> Progress: 80 done!
 -> Progress: 100 done!

Keys:  ['time', 'acc1', 'acc5', 'ce_loss']
Training:  [0.022871597689025257, 0.0, 0.0, 0.20119058470032652]
Testing on Task A:  [0.005362281203269958, 67.4125, 89.4875, 161.2842442512512]
Testing on Task B:  [0.020091748237609862, 67.4, 96.3, 117.10437698364258]
Testing on Task C:  [0.01981697082519531, 70.5, 97.6, 109.39550857543945]
Best Acc:  67.4625

Epoch: [6 | 90] LR: 0.010000
Training...
 -> Progress: 20 done!
 -> Progress: 40 done!
 -> Progress: 60 done!
 -> Progress: 80 done!
 -> Progress: 100 done!
Testing...
 -> Progress: 20 done!
 -> Progress: 40 done!
 -> Progress: 60 done!
 -> Progress: 80 done!
 -> Progress: 100 done!
Testing...
 -> Progress: 20 done!
 -> Progress: 40 done!
 -> Progress: 60 done!
 -> Progress: 80 done!
 -> Progress: 100 done!
Testing...
 -> Progress: 20 done!
 -> Progress: 40 done!
 -> Progress: 60 done!
 -> Progress: 80 done!
 -> Progress: 100 done!

Keys:  ['time', 'acc1', 'acc5', 'ce_loss']
Training:  [0.022953468926098883, 0.0, 0.0, 0.19212814101151057]
Testing on Task A:  [0.005326190590858459, 66.4625, 89.1, 160.59272861480713]
Testing on Task B:  [0.020026016235351562, 63.8, 94.3, 131.7262306213379]
Testing on Task C:  [0.02007005214691162, 71.8, 97.4, 102.31840286254882]
Best Acc:  67.4625

Epoch: [7 | 90] LR: 0.010000
Training...
 -> Progress: 20 done!
 -> Progress: 40 done!
 -> Progress: 60 done!
 -> Progress: 80 done!
 -> Progress: 100 done!
Testing...
 -> Progress: 20 done!
 -> Progress: 40 done!
 -> Progress: 60 done!
 -> Progress: 80 done!
 -> Progress: 100 done!
Testing...
 -> Progress: 20 done!
 -> Progress: 40 done!
 -> Progress: 60 done!
 -> Progress: 80 done!
 -> Progress: 100 done!
Testing...
 -> Progress: 20 done!
 -> Progress: 40 done!
 -> Progress: 60 done!
 -> Progress: 80 done!
 -> Progress: 100 done!

Keys:  ['time', 'acc1', 'acc5', 'ce_loss']
Training:  [0.022870153796916107, 0.0, 0.0, 0.1665665723231374]
Testing on Task A:  [0.005469664931297302, 66.9375, 89.25, 177.18110933303834]
Testing on Task B:  [0.021178627014160158, 67.6, 95.2, 131.45474395751953]
Testing on Task C:  [0.02092428207397461, 72.7, 97.3, 110.05349349975586]
Best Acc:  67.4625

Epoch: [8 | 90] LR: 0.010000
Training...
 -> Progress: 20 done!
 -> Progress: 40 done!
 -> Progress: 60 done!
 -> Progress: 80 done!
 -> Progress: 100 done!
Testing...
 -> Progress: 20 done!
 -> Progress: 40 done!
 -> Progress: 60 done!
 -> Progress: 80 done!
 -> Progress: 100 done!
Testing...
 -> Progress: 20 done!
 -> Progress: 40 done!
 -> Progress: 60 done!
 -> Progress: 80 done!
 -> Progress: 100 done!
Testing...
 -> Progress: 20 done!
 -> Progress: 40 done!
 -> Progress: 60 done!
 -> Progress: 80 done!
 -> Progress: 100 done!

Keys:  ['time', 'acc1', 'acc5', 'ce_loss']
Training:  [0.022859249796186174, 0.0, 0.0, 0.15853661139096534]
Testing on Task A:  [0.005305105447769165, 65.775, 88.925, 178.5261375427246]
Testing on Task B:  [0.019945669174194335, 69.4, 96.5, 121.67706146240235]
Testing on Task C:  [0.020080256462097167, 71.6, 97.1, 120.85548934936523]
Best Acc:  67.4625

Epoch: [9 | 90] LR: 0.010000
Training...
 -> Progress: 20 done!
 -> Progress: 40 done!
 -> Progress: 60 done!
 -> Progress: 80 done!
 -> Progress: 100 done!
Testing...
 -> Progress: 20 done!
 -> Progress: 40 done!
 -> Progress: 60 done!
 -> Progress: 80 done!
 -> Progress: 100 done!
Testing...
 -> Progress: 20 done!
 -> Progress: 40 done!
 -> Progress: 60 done!
 -> Progress: 80 done!
 -> Progress: 100 done!
Testing...
 -> Progress: 20 done!
 -> Progress: 40 done!
 -> Progress: 60 done!
 -> Progress: 80 done!
 -> Progress: 100 done!

Keys:  ['time', 'acc1', 'acc5', 'ce_loss']
Training:  [0.022919939488780742, 0.0, 0.0, 0.16101498132077408]
Testing on Task A:  [0.005341517925262451, 65.85, 88.9375, 175.511128616333]
Testing on Task B:  [0.01996331214904785, 67.6, 95.6, 128.99507675170898]
Testing on Task C:  [0.019921755790710448, 72.3, 97.2, 106.37754974365234]
Best Acc:  67.4625

Epoch: [10 | 90] LR: 0.010000
Training...
 -> Progress: 20 done!
 -> Progress: 40 done!
 -> Progress: 60 done!
 -> Progress: 80 done!
 -> Progress: 100 done!
Testing...
 -> Progress: 20 done!
 -> Progress: 40 done!
 -> Progress: 60 done!
 -> Progress: 80 done!
 -> Progress: 100 done!
Testing...
 -> Progress: 20 done!
 -> Progress: 40 done!
 -> Progress: 60 done!
 -> Progress: 80 done!
 -> Progress: 100 done!
Testing...
 -> Progress: 20 done!
 -> Progress: 40 done!
 -> Progress: 60 done!
 -> Progress: 80 done!
 -> Progress: 100 done!

Keys:  ['time', 'acc1', 'acc5', 'ce_loss']
Training:  [0.02288895115560415, 0.0, 0.0, 0.1466002502117534]
Testing on Task A:  [0.00530887246131897, 66.9625, 89.4875, 179.25092210769654]
Testing on Task B:  [0.020583558082580566, 68.1, 95.3, 134.39706115722657]
Testing on Task C:  [0.019895052909851073, 71.1, 97.5, 122.21892547607422]
Best Acc:  67.4625

Epoch: [11 | 90] LR: 0.010000
Training...
 -> Progress: 20 done!
 -> Progress: 40 done!
 -> Progress: 60 done!
 -> Progress: 80 done!
 -> Progress: 100 done!
Testing...
 -> Progress: 20 done!
 -> Progress: 40 done!
 -> Progress: 60 done!
 -> Progress: 80 done!
 -> Progress: 100 done!
Testing...
 -> Progress: 20 done!
 -> Progress: 40 done!
 -> Progress: 60 done!
 -> Progress: 80 done!
 -> Progress: 100 done!
Testing...
 -> Progress: 20 done!
 -> Progress: 40 done!
 -> Progress: 60 done!
 -> Progress: 80 done!
 -> Progress: 100 done!

Keys:  ['time', 'acc1', 'acc5', 'ce_loss']
Training:  [0.02292345008071588, 0.0, 0.0, 0.13853414225563102]
Testing on Task A:  [0.005348825454711914, 67.3125, 89.6125, 180.32347469329835]
Testing on Task B:  [0.019813227653503417, 68.1, 94.3, 145.47726440429688]
Testing on Task C:  [0.019987058639526368, 73.0, 97.5, 115.99324035644531]
Best Acc:  67.4625

Epoch: [12 | 90] LR: 0.010000
Training...
 -> Progress: 20 done!
 -> Progress: 40 done!
 -> Progress: 60 done!
 -> Progress: 80 done!
 -> Progress: 100 done!
Testing...
 -> Progress: 20 done!
 -> Progress: 40 done!
 -> Progress: 60 done!
 -> Progress: 80 done!
 -> Progress: 100 done!
Testing...
 -> Progress: 20 done!
 -> Progress: 40 done!
 -> Progress: 60 done!
 -> Progress: 80 done!
 -> Progress: 100 done!
Testing...
 -> Progress: 20 done!
 -> Progress: 40 done!
 -> Progress: 60 done!
 -> Progress: 80 done!
 -> Progress: 100 done!

Keys:  ['time', 'acc1', 'acc5', 'ce_loss']
Training:  [0.02283922506838429, 0.0, 0.0, 0.1330841569305987]
Testing on Task A:  [0.00529402494430542, 66.375, 88.7125, 173.68073377609252]
Testing on Task B:  [0.02006523609161377, 68.0, 94.7, 135.8272834777832]
Testing on Task C:  [0.019919633865356445, 74.1, 98.5, 101.60517654418945]
Best Acc:  67.4625

Epoch: [13 | 90] LR: 0.010000
Training...
 -> Progress: 20 done!
 -> Progress: 40 done!
 -> Progress: 60 done!
 -> Progress: 80 done!
 -> Progress: 100 done!
Testing...
 -> Progress: 20 done!
 -> Progress: 40 done!
 -> Progress: 60 done!
 -> Progress: 80 done!
 -> Progress: 100 done!
Testing...
 -> Progress: 20 done!
 -> Progress: 40 done!
 -> Progress: 60 done!
 -> Progress: 80 done!
 -> Progress: 100 done!
Testing...
 -> Progress: 20 done!
 -> Progress: 40 done!
 -> Progress: 60 done!
 -> Progress: 80 done!
 -> Progress: 100 done!

Keys:  ['time', 'acc1', 'acc5', 'ce_loss']
Training:  [0.02293816391302615, 0.0, 0.0, 0.11748637295119008]
Testing on Task A:  [0.005323627591133117, 66.9, 89.725, 173.6450345993042]
Testing on Task B:  [0.020000934600830078, 69.7, 95.8, 131.52189559936522]
Testing on Task C:  [0.01993279457092285, 74.3, 97.7, 112.6708854675293]
Best Acc:  67.4625

Epoch: [14 | 90] LR: 0.010000
Training...
 -> Progress: 20 done!
 -> Progress: 40 done!
 -> Progress: 60 done!
 -> Progress: 80 done!
 -> Progress: 100 done!
Testing...
 -> Progress: 20 done!
 -> Progress: 40 done!
 -> Progress: 60 done!
 -> Progress: 80 done!
 -> Progress: 100 done!
Testing...
 -> Progress: 20 done!
 -> Progress: 40 done!
 -> Progress: 60 done!
 -> Progress: 80 done!
 -> Progress: 100 done!
Testing...
 -> Progress: 20 done!
 -> Progress: 40 done!
 -> Progress: 60 done!
 -> Progress: 80 done!
 -> Progress: 100 done!

Keys:  ['time', 'acc1', 'acc5', 'ce_loss']
Training:  [0.02286818076153191, 0.0, 0.0, 0.12202215323946913]
Testing on Task A:  [0.005348637700080872, 65.525, 88.375, 185.09165267944337]
Testing on Task B:  [0.020018887519836426, 66.3, 94.8, 150.96318511962892]
Testing on Task C:  [0.01994507312774658, 71.5, 96.6, 131.83698577880858]
Best Acc:  67.4625

Epoch: [15 | 90] LR: 0.010000
Training...
 -> Progress: 20 done!
 -> Progress: 40 done!
 -> Progress: 60 done!
 -> Progress: 80 done!
 -> Progress: 100 done!
Testing...
 -> Progress: 20 done!
 -> Progress: 40 done!
 -> Progress: 60 done!
 -> Progress: 80 done!
 -> Progress: 100 done!
Testing...
 -> Progress: 20 done!
 -> Progress: 40 done!
 -> Progress: 60 done!
 -> Progress: 80 done!
 -> Progress: 100 done!
Testing...
 -> Progress: 20 done!
 -> Progress: 40 done!
 -> Progress: 60 done!
 -> Progress: 80 done!
 -> Progress: 100 done!

Keys:  ['time', 'acc1', 'acc5', 'ce_loss']
Training:  [0.02297530733809179, 0.0, 0.0, 0.11566729999470468]
Testing on Task A:  [0.005271503329277038, 67.0375, 89.3875, 172.78287687301636]
Testing on Task B:  [0.02002429962158203, 69.1, 95.5, 126.85766830444337]
Testing on Task C:  [0.020039844512939452, 72.9, 98.0, 117.70266571044922]
Best Acc:  67.4625

Epoch: [16 | 90] LR: 0.010000
Training...
 -> Progress: 20 done!
 -> Progress: 40 done!
 -> Progress: 60 done!
 -> Progress: 80 done!
 -> Progress: 100 done!
Testing...
 -> Progress: 20 done!
 -> Progress: 40 done!
 -> Progress: 60 done!
 -> Progress: 80 done!
 -> Progress: 100 done!
Testing...
 -> Progress: 20 done!
 -> Progress: 40 done!
 -> Progress: 60 done!
 -> Progress: 80 done!
 -> Progress: 100 done!
Testing...
 -> Progress: 20 done!
 -> Progress: 40 done!
 -> Progress: 60 done!
 -> Progress: 80 done!
 -> Progress: 100 done!

Keys:  ['time', 'acc1', 'acc5', 'ce_loss']
Training:  [0.02284000114518769, 0.0, 0.0, 0.11107243962433873]
Testing on Task A:  [0.005389299988746643, 65.3, 88.3, 182.54379091262817]
Testing on Task B:  [0.020530319213867186, 70.3, 95.5, 133.16485900878905]
Testing on Task C:  [0.020361447334289552, 71.2, 97.3, 120.9003692626953]
Best Acc:  67.4625

Epoch: [17 | 90] LR: 0.010000
Training...
 -> Progress: 20 done!
 -> Progress: 40 done!
 -> Progress: 60 done!
 -> Progress: 80 done!
 -> Progress: 100 done!
Testing...
 -> Progress: 20 done!
 -> Progress: 40 done!
 -> Progress: 60 done!
 -> Progress: 80 done!
 -> Progress: 100 done!
Testing...
 -> Progress: 20 done!
 -> Progress: 40 done!
 -> Progress: 60 done!
 -> Progress: 80 done!
 -> Progress: 100 done!
Testing...
 -> Progress: 20 done!
 -> Progress: 40 done!
 -> Progress: 60 done!
 -> Progress: 80 done!
 -> Progress: 100 done!

Keys:  ['time', 'acc1', 'acc5', 'ce_loss']
Training:  [0.022863218978959685, 0.0, 0.0, 0.11045477343533112]
Testing on Task A:  [0.005345502495765686, 66.0625, 89.3125, 182.84160614013672]
Testing on Task B:  [0.01992688179016113, 70.2, 96.0, 132.3132553100586]
Testing on Task C:  [0.019977903366088866, 73.1, 97.5, 119.4110710144043]
Best Acc:  67.4625

Epoch: [18 | 90] LR: 0.010000
Training...
 -> Progress: 20 done!
 -> Progress: 40 done!
 -> Progress: 60 done!
 -> Progress: 80 done!
 -> Progress: 100 done!
Testing...
 -> Progress: 20 done!
 -> Progress: 40 done!
 -> Progress: 60 done!
 -> Progress: 80 done!
 -> Progress: 100 done!
Testing...
 -> Progress: 20 done!
 -> Progress: 40 done!
 -> Progress: 60 done!
 -> Progress: 80 done!
 -> Progress: 100 done!
Testing...
 -> Progress: 20 done!
 -> Progress: 40 done!
 -> Progress: 60 done!
 -> Progress: 80 done!
 -> Progress: 100 done!

Keys:  ['time', 'acc1', 'acc5', 'ce_loss']
Training:  [0.022924159254346575, 0.0, 0.0, 0.10385245833621949]
Testing on Task A:  [0.005293264985084534, 65.875, 89.225, 179.0288013458252]
Testing on Task B:  [0.019905662536621092, 68.2, 95.5, 139.56931838989257]
Testing on Task C:  [0.01984853744506836, 75.8, 97.7, 112.0706657409668]
Best Acc:  67.4625

Epoch: [19 | 90] LR: 0.010000
Training...
 -> Progress: 20 done!
 -> Progress: 40 done!
 -> Progress: 60 done!
 -> Progress: 80 done!
 -> Progress: 100 done!
Testing...
 -> Progress: 20 done!
 -> Progress: 40 done!
 -> Progress: 60 done!
 -> Progress: 80 done!
 -> Progress: 100 done!
Testing...
 -> Progress: 20 done!
 -> Progress: 40 done!
 -> Progress: 60 done!
 -> Progress: 80 done!
 -> Progress: 100 done!
Testing...
 -> Progress: 20 done!
 -> Progress: 40 done!
 -> Progress: 60 done!
 -> Progress: 80 done!
 -> Progress: 100 done!

Keys:  ['time', 'acc1', 'acc5', 'ce_loss']
Training:  [0.022757918250804046, 0.0, 0.0, 0.1005802885154072]
Testing on Task A:  [0.005358046293258667, 65.4875, 89.375, 186.62041549682618]
Testing on Task B:  [0.019977498054504394, 68.6, 95.8, 145.74677047729492]
Testing on Task C:  [0.019826364517211915, 73.5, 96.6, 129.71745376586915]
Best Acc:  67.4625

Epoch: [20 | 90] LR: 0.010000
Training...
 -> Progress: 20 done!
 -> Progress: 40 done!
 -> Progress: 60 done!
 -> Progress: 80 done!
 -> Progress: 100 done!
Testing...
 -> Progress: 20 done!
 -> Progress: 40 done!
 -> Progress: 60 done!
 -> Progress: 80 done!
 -> Progress: 100 done!
Testing...
 -> Progress: 20 done!
 -> Progress: 40 done!
 -> Progress: 60 done!
 -> Progress: 80 done!
 -> Progress: 100 done!
Testing...
 -> Progress: 20 done!
 -> Progress: 40 done!
 -> Progress: 60 done!
 -> Progress: 80 done!
 -> Progress: 100 done!

Keys:  ['time', 'acc1', 'acc5', 'ce_loss']
Training:  [0.022938405980869214, 0.0, 0.0, 0.0962145874010665]
Testing on Task A:  [0.005323591828346253, 66.325, 88.6125, 183.95202379226686]
Testing on Task B:  [0.020161914825439452, 66.1, 93.5, 169.11635971069336]
Testing on Task C:  [0.02002871036529541, 72.4, 97.1, 137.80742416381835]
Best Acc:  67.4625

Epoch: [21 | 90] LR: 0.010000
Training...
 -> Progress: 20 done!
 -> Progress: 40 done!
 -> Progress: 60 done!
 -> Progress: 80 done!
 -> Progress: 100 done!
Testing...
 -> Progress: 20 done!
 -> Progress: 40 done!
 -> Progress: 60 done!
 -> Progress: 80 done!
 -> Progress: 100 done!
Testing...
 -> Progress: 20 done!
 -> Progress: 40 done!
 -> Progress: 60 done!
 -> Progress: 80 done!
 -> Progress: 100 done!
Testing...
 -> Progress: 20 done!
 -> Progress: 40 done!
 -> Progress: 60 done!
 -> Progress: 80 done!
 -> Progress: 100 done!

Keys:  ['time', 'acc1', 'acc5', 'ce_loss']
Training:  [0.0228361718508662, 0.0, 0.0, 0.09579358844808777]
Testing on Task A:  [0.005393180251121521, 65.7375, 89.325, 180.7899206161499]
Testing on Task B:  [0.020389842987060546, 69.8, 95.5, 136.55273513793946]
Testing on Task C:  [0.02015514373779297, 74.2, 97.9, 123.55668869018555]
Best Acc:  67.4625

Epoch: [22 | 90] LR: 0.010000
Training...
 -> Progress: 20 done!
 -> Progress: 40 done!
 -> Progress: 60 done!
 -> Progress: 80 done!
 -> Progress: 100 done!
Testing...
 -> Progress: 20 done!
 -> Progress: 40 done!
 -> Progress: 60 done!
 -> Progress: 80 done!
 -> Progress: 100 done!
Testing...
 -> Progress: 20 done!
 -> Progress: 40 done!
 -> Progress: 60 done!
 -> Progress: 80 done!
 -> Progress: 100 done!
Testing...
 -> Progress: 20 done!
 -> Progress: 40 done!
 -> Progress: 60 done!
 -> Progress: 80 done!
 -> Progress: 100 done!

Keys:  ['time', 'acc1', 'acc5', 'ce_loss']
Training:  [0.02293317901844881, 0.0, 0.0, 0.09099769788052962]
Testing on Task A:  [0.005374673008918762, 65.5625, 88.525, 183.34540462493896]
Testing on Task B:  [0.020008134841918945, 68.8, 95.7, 132.2654235839844]
Testing on Task C:  [0.01995363235473633, 71.6, 97.2, 121.47218475341796]
Best Acc:  67.4625

Epoch: [23 | 90] LR: 0.010000
Training...
 -> Progress: 20 done!
 -> Progress: 40 done!
 -> Progress: 60 done!
 -> Progress: 80 done!
 -> Progress: 100 done!
Testing...
 -> Progress: 20 done!
 -> Progress: 40 done!
 -> Progress: 60 done!
 -> Progress: 80 done!
 -> Progress: 100 done!
Testing...
 -> Progress: 20 done!
 -> Progress: 40 done!
 -> Progress: 60 done!
 -> Progress: 80 done!
 -> Progress: 100 done!
Testing...
 -> Progress: 20 done!
 -> Progress: 40 done!
 -> Progress: 60 done!
 -> Progress: 80 done!
 -> Progress: 100 done!

Keys:  ['time', 'acc1', 'acc5', 'ce_loss']
Training:  [0.022874854048904106, 0.0, 0.0, 0.1009298192945366]
Testing on Task A:  [0.005384176969528198, 65.625, 88.7625, 178.23984727859497]
Testing on Task B:  [0.019977641105651856, 69.6, 95.3, 138.02858505249023]
Testing on Task C:  [0.01934797763824463, 72.4, 97.3, 115.94039764404297]
Best Acc:  67.4625

Epoch: [24 | 90] LR: 0.010000
Training...
 -> Progress: 20 done!
 -> Progress: 40 done!
 -> Progress: 60 done!
 -> Progress: 80 done!
 -> Progress: 100 done!
Testing...
 -> Progress: 20 done!
 -> Progress: 40 done!
 -> Progress: 60 done!
 -> Progress: 80 done!
 -> Progress: 100 done!
Testing...
 -> Progress: 20 done!
 -> Progress: 40 done!
 -> Progress: 60 done!
 -> Progress: 80 done!
 -> Progress: 100 done!
Testing...
 -> Progress: 20 done!
 -> Progress: 40 done!
 -> Progress: 60 done!
 -> Progress: 80 done!
 -> Progress: 100 done!

Keys:  ['time', 'acc1', 'acc5', 'ce_loss']
Training:  [0.022931923671644563, 0.0, 0.0, 0.10494049410430753]
Testing on Task A:  [0.005349084734916687, 65.425, 89.0375, 176.87162714004518]
Testing on Task B:  [0.019966483116149902, 70.8, 96.5, 120.52547760009766]
Testing on Task C:  [0.020148706436157227, 71.2, 97.3, 118.90224761962891]
Best Acc:  67.4625

Epoch: [25 | 90] LR: 0.010000
Training...
 -> Progress: 20 done!
 -> Progress: 40 done!
 -> Progress: 60 done!
 -> Progress: 80 done!
 -> Progress: 100 done!
Testing...
 -> Progress: 20 done!
 -> Progress: 40 done!
 -> Progress: 60 done!
 -> Progress: 80 done!
 -> Progress: 100 done!
Testing...
 -> Progress: 20 done!
 -> Progress: 40 done!
 -> Progress: 60 done!
 -> Progress: 80 done!
 -> Progress: 100 done!
Testing...
 -> Progress: 20 done!
 -> Progress: 40 done!
 -> Progress: 60 done!
 -> Progress: 80 done!
 -> Progress: 100 done!

Keys:  ['time', 'acc1', 'acc5', 'ce_loss']
Training:  [0.022845454361973976, 0.0, 0.0, 0.08749649876120444]
Testing on Task A:  [0.005608615279197693, 65.6625, 88.65, 184.47073707580566]
Testing on Task B:  [0.0209686279296875, 69.0, 95.2, 138.2353988647461]
Testing on Task C:  [0.020881152153015135, 73.5, 96.7, 122.84244766235352]
Best Acc:  67.4625

Epoch: [26 | 90] LR: 0.010000
Training...
 -> Progress: 20 done!
 -> Progress: 40 done!
 -> Progress: 60 done!
 -> Progress: 80 done!
 -> Progress: 100 done!
Testing...
 -> Progress: 20 done!
 -> Progress: 40 done!
 -> Progress: 60 done!
 -> Progress: 80 done!
 -> Progress: 100 done!
Testing...
 -> Progress: 20 done!
 -> Progress: 40 done!
 -> Progress: 60 done!
 -> Progress: 80 done!
 -> Progress: 100 done!
Testing...
 -> Progress: 20 done!
 -> Progress: 40 done!
 -> Progress: 60 done!
 -> Progress: 80 done!
 -> Progress: 100 done!

Keys:  ['time', 'acc1', 'acc5', 'ce_loss']
Training:  [0.022874363831111362, 0.0, 0.0, 0.08447699771471778]
Testing on Task A:  [0.00534505546092987, 65.1, 88.4125, 189.67632970809936]
Testing on Task B:  [0.02005441188812256, 67.6, 95.2, 144.84928817749022]
Testing on Task C:  [0.0201005220413208, 74.0, 97.2, 125.11142807006836]
Best Acc:  67.4625

Epoch: [27 | 90] LR: 0.010000
Training...
 -> Progress: 20 done!
 -> Progress: 40 done!
 -> Progress: 60 done!
 -> Progress: 80 done!
 -> Progress: 100 done!
Testing...
 -> Progress: 20 done!
 -> Progress: 40 done!
 -> Progress: 60 done!
 -> Progress: 80 done!
 -> Progress: 100 done!
Testing...
 -> Progress: 20 done!
 -> Progress: 40 done!
 -> Progress: 60 done!
 -> Progress: 80 done!
 -> Progress: 100 done!
Testing...
 -> Progress: 20 done!
 -> Progress: 40 done!
 -> Progress: 60 done!
 -> Progress: 80 done!
 -> Progress: 100 done!

Keys:  ['time', 'acc1', 'acc5', 'ce_loss']
Training:  [0.02298431615440213, 0.0, 0.0, 0.09123832987127256]
Testing on Task A:  [0.005339324474334717, 65.575, 88.8125, 186.23291025161743]
Testing on Task B:  [0.020391416549682618, 68.7, 95.1, 144.2408920288086]
Testing on Task C:  [0.019880247116088868, 74.4, 97.5, 122.62571029663086]
Best Acc:  67.4625

Epoch: [28 | 90] LR: 0.010000
Training...
 -> Progress: 20 done!
 -> Progress: 40 done!
 -> Progress: 60 done!
 -> Progress: 80 done!
 -> Progress: 100 done!
Testing...
 -> Progress: 20 done!
 -> Progress: 40 done!
 -> Progress: 60 done!
 -> Progress: 80 done!
 -> Progress: 100 done!
Testing...
 -> Progress: 20 done!
 -> Progress: 40 done!
 -> Progress: 60 done!
 -> Progress: 80 done!
 -> Progress: 100 done!
Testing...
 -> Progress: 20 done!
 -> Progress: 40 done!
 -> Progress: 60 done!
 -> Progress: 80 done!
 -> Progress: 100 done!

Keys:  ['time', 'acc1', 'acc5', 'ce_loss']
Training:  [0.022845889840807234, 0.0, 0.0, 0.08957814763547206]
Testing on Task A:  [0.0053622394800186155, 65.1, 88.575, 190.30110177993774]
Testing on Task B:  [0.02020137310028076, 68.9, 95.2, 150.67502517700194]
Testing on Task C:  [0.019982290267944337, 72.8, 96.8, 132.60606384277344]
Best Acc:  67.4625

Epoch: [29 | 90] LR: 0.010000
Training...
 -> Progress: 20 done!
 -> Progress: 40 done!
 -> Progress: 60 done!
 -> Progress: 80 done!
 -> Progress: 100 done!
Testing...
 -> Progress: 20 done!
 -> Progress: 40 done!
 -> Progress: 60 done!
 -> Progress: 80 done!
 -> Progress: 100 done!
Testing...
 -> Progress: 20 done!
 -> Progress: 40 done!
 -> Progress: 60 done!
 -> Progress: 80 done!
 -> Progress: 100 done!
Testing...
 -> Progress: 20 done!
 -> Progress: 40 done!
 -> Progress: 60 done!
 -> Progress: 80 done!
 -> Progress: 100 done!

Keys:  ['time', 'acc1', 'acc5', 'ce_loss']
Training:  [0.02294177060224572, 0.0, 0.0, 0.08852521400442537]
Testing on Task A:  [0.005257409811019897, 65.9, 88.7375, 191.710599899292]
Testing on Task B:  [0.01990797519683838, 70.6, 96.3, 137.2917678833008]
Testing on Task C:  [0.020055103302001952, 75.5, 97.8, 121.28963699340821]
Best Acc:  67.4625

Epoch: [30 | 90] LR: 0.010000
Training...
 -> Progress: 20 done!
 -> Progress: 40 done!
 -> Progress: 60 done!
 -> Progress: 80 done!
 -> Progress: 100 done!
Testing...
 -> Progress: 20 done!
 -> Progress: 40 done!
 -> Progress: 60 done!
 -> Progress: 80 done!
 -> Progress: 100 done!
Testing...
 -> Progress: 20 done!
 -> Progress: 40 done!
 -> Progress: 60 done!
 -> Progress: 80 done!
 -> Progress: 100 done!
Testing...
 -> Progress: 20 done!
 -> Progress: 40 done!
 -> Progress: 60 done!
 -> Progress: 80 done!
 -> Progress: 100 done!

Keys:  ['time', 'acc1', 'acc5', 'ce_loss']
Training:  [0.022874684966340358, 0.0, 0.0, 0.07370515893764641]
Testing on Task A:  [0.005303287506103515, 64.7, 88.1875, 200.3124502182007]
Testing on Task B:  [0.019995808601379395, 68.9, 96.3, 157.46345443725585]
Testing on Task C:  [0.019960570335388183, 72.7, 98.3, 125.43189315795898]
Best Acc:  67.4625

Epoch: [31 | 90] LR: 0.001000
Training...
 -> Progress: 20 done!
 -> Progress: 40 done!
 -> Progress: 60 done!
 -> Progress: 80 done!
 -> Progress: 100 done!
Testing...
 -> Progress: 20 done!
 -> Progress: 40 done!
 -> Progress: 60 done!
 -> Progress: 80 done!
 -> Progress: 100 done!
Testing...
 -> Progress: 20 done!
 -> Progress: 40 done!
 -> Progress: 60 done!
 -> Progress: 80 done!
 -> Progress: 100 done!
Testing...
 -> Progress: 20 done!
 -> Progress: 40 done!
 -> Progress: 60 done!
 -> Progress: 80 done!
 -> Progress: 100 done!

Keys:  ['time', 'acc1', 'acc5', 'ce_loss']
Training:  [0.022933811557536224, 0.0, 0.0, 0.0366862455801088]
Testing on Task A:  [0.005322867631912231, 67.9, 89.7625, 178.762117767334]
Testing on Task B:  [0.020037460327148437, 71.6, 97.0, 134.51807556152343]
Testing on Task C:  [0.019415402412414552, 77.3, 98.1, 106.82671203613282]
Best Acc:  67.9

Epoch: [32 | 90] LR: 0.001000
Training...
 -> Progress: 20 done!
 -> Progress: 40 done!
 -> Progress: 60 done!
 -> Progress: 80 done!
 -> Progress: 100 done!
Testing...
 -> Progress: 20 done!
 -> Progress: 40 done!
 -> Progress: 60 done!
 -> Progress: 80 done!
 -> Progress: 100 done!
Testing...
 -> Progress: 20 done!
 -> Progress: 40 done!
 -> Progress: 60 done!
 -> Progress: 80 done!
 -> Progress: 100 done!
Testing...
 -> Progress: 20 done!
 -> Progress: 40 done!
 -> Progress: 60 done!
 -> Progress: 80 done!
 -> Progress: 100 done!

Keys:  ['time', 'acc1', 'acc5', 'ce_loss']
Training:  [0.022836586650536984, 0.0, 0.0, 0.017411603886938215]
Testing on Task A:  [0.00529068112373352, 68.225, 89.9, 188.67379674911498]
Testing on Task B:  [0.018691635131835936, 71.6, 96.4, 142.8140739440918]
Testing on Task C:  [0.019897317886352538, 77.5, 97.9, 112.2416877746582]
Best Acc:  68.225

Epoch: [33 | 90] LR: 0.001000
Training...
 -> Progress: 20 done!
 -> Progress: 40 done!
 -> Progress: 60 done!
 -> Progress: 80 done!
 -> Progress: 100 done!
Testing...
 -> Progress: 20 done!
 -> Progress: 40 done!
 -> Progress: 60 done!
 -> Progress: 80 done!
 -> Progress: 100 done!
Testing...
 -> Progress: 20 done!
 -> Progress: 40 done!
 -> Progress: 60 done!
 -> Progress: 80 done!
 -> Progress: 100 done!
Testing...
 -> Progress: 20 done!
 -> Progress: 40 done!
 -> Progress: 60 done!
 -> Progress: 80 done!
 -> Progress: 100 done!

Keys:  ['time', 'acc1', 'acc5', 'ce_loss']
Training:  [0.022944164519407312, 0.0, 0.0, 0.013428430323612553]
Testing on Task A:  [0.005338022112846374, 68.325, 89.6875, 195.2245834350586]
Testing on Task B:  [0.018999767303466798, 71.9, 96.3, 149.2278175354004]
Testing on Task C:  [0.019934463500976562, 77.4, 97.9, 117.05563812255859]
Best Acc:  68.325

Epoch: [34 | 90] LR: 0.001000
Training...
 -> Progress: 20 done!
 -> Progress: 40 done!
 -> Progress: 60 done!
 -> Progress: 80 done!
 -> Progress: 100 done!
Testing...
 -> Progress: 20 done!
 -> Progress: 40 done!
 -> Progress: 60 done!
 -> Progress: 80 done!
 -> Progress: 100 done!
Testing...
 -> Progress: 20 done!
 -> Progress: 40 done!
 -> Progress: 60 done!
 -> Progress: 80 done!
 -> Progress: 100 done!
Testing...
 -> Progress: 20 done!
 -> Progress: 40 done!
 -> Progress: 60 done!
 -> Progress: 80 done!
 -> Progress: 100 done!

Keys:  ['time', 'acc1', 'acc5', 'ce_loss']
Training:  [0.022869996878565575, 0.0, 0.0, 0.013880562970927936]
Testing on Task A:  [0.005482617020606995, 68.4875, 89.825, 198.0384178161621]
Testing on Task B:  [0.020932912826538086, 72.9, 96.7, 149.83993530273438]
Testing on Task C:  [0.02152080535888672, 77.8, 97.9, 120.0353012084961]
Best Acc:  68.4875

Epoch: [35 | 90] LR: 0.001000
Training...
 -> Progress: 20 done!
 -> Progress: 40 done!
 -> Progress: 60 done!
 -> Progress: 80 done!
 -> Progress: 100 done!
Testing...
 -> Progress: 20 done!
 -> Progress: 40 done!
 -> Progress: 60 done!
 -> Progress: 80 done!
 -> Progress: 100 done!
Testing...
 -> Progress: 20 done!
 -> Progress: 40 done!
 -> Progress: 60 done!
 -> Progress: 80 done!
 -> Progress: 100 done!
Testing...
 -> Progress: 20 done!
 -> Progress: 40 done!
 -> Progress: 60 done!
 -> Progress: 80 done!
 -> Progress: 100 done!

Keys:  ['time', 'acc1', 'acc5', 'ce_loss']
Training:  [0.022861443003829644, 0.0, 0.0, 0.010427009150960806]
Testing on Task A:  [0.005368411540985107, 68.7125, 89.8625, 199.3932572364807]
Testing on Task B:  [0.019711923599243165, 72.3, 96.9, 151.23395690917968]
Testing on Task C:  [0.019823336601257326, 77.7, 98.0, 121.32398910522461]
Best Acc:  68.7125

Epoch: [36 | 90] LR: 0.001000
Training...
 -> Progress: 20 done!
 -> Progress: 40 done!
 -> Progress: 60 done!
 -> Progress: 80 done!
 -> Progress: 100 done!
Testing...
 -> Progress: 20 done!
 -> Progress: 40 done!
 -> Progress: 60 done!
 -> Progress: 80 done!
 -> Progress: 100 done!
Testing...
 -> Progress: 20 done!
 -> Progress: 40 done!
 -> Progress: 60 done!
 -> Progress: 80 done!
 -> Progress: 100 done!
Testing...
 -> Progress: 20 done!
 -> Progress: 40 done!
 -> Progress: 60 done!
 -> Progress: 80 done!
 -> Progress: 100 done!

Keys:  ['time', 'acc1', 'acc5', 'ce_loss']
Training:  [0.022922515869140625, 0.0, 0.0, 0.009161620876010584]
Testing on Task A:  [0.00531466007232666, 68.425, 90.0125, 204.02520580291747]
Testing on Task B:  [0.019930315017700196, 72.2, 96.7, 154.21397323608397]
Testing on Task C:  [0.020072102546691895, 77.0, 98.3, 125.06839523315429]
Best Acc:  68.7125

Epoch: [37 | 90] LR: 0.001000
Training...
 -> Progress: 20 done!
 -> Progress: 40 done!
 -> Progress: 60 done!
 -> Progress: 80 done!
 -> Progress: 100 done!
Testing...
 -> Progress: 20 done!
 -> Progress: 40 done!
 -> Progress: 60 done!
 -> Progress: 80 done!
 -> Progress: 100 done!
Testing...
 -> Progress: 20 done!
 -> Progress: 40 done!
 -> Progress: 60 done!
 -> Progress: 80 done!
 -> Progress: 100 done!
Testing...
 -> Progress: 20 done!
 -> Progress: 40 done!
 -> Progress: 60 done!
 -> Progress: 80 done!
 -> Progress: 100 done!

Keys:  ['time', 'acc1', 'acc5', 'ce_loss']
Training:  [0.0228013809846372, 0.0, 0.0, 0.008545801125476328]
Testing on Task A:  [0.005349987745285034, 68.35, 89.7875, 207.81747274398805]
Testing on Task B:  [0.020035266876220703, 72.1, 96.5, 155.5384895324707]
Testing on Task C:  [0.020143342018127442, 77.5, 97.9, 125.42370910644532]
Best Acc:  68.7125

Epoch: [38 | 90] LR: 0.001000
Training...
 -> Progress: 20 done!
 -> Progress: 40 done!
 -> Progress: 60 done!
 -> Progress: 80 done!
 -> Progress: 100 done!
Testing...
 -> Progress: 20 done!
 -> Progress: 40 done!
 -> Progress: 60 done!
 -> Progress: 80 done!
 -> Progress: 100 done!
Testing...
 -> Progress: 20 done!
 -> Progress: 40 done!
 -> Progress: 60 done!
 -> Progress: 80 done!
 -> Progress: 100 done!
Testing...
 -> Progress: 20 done!
 -> Progress: 40 done!
 -> Progress: 60 done!
 -> Progress: 80 done!
 -> Progress: 100 done!

Keys:  ['time', 'acc1', 'acc5', 'ce_loss']
Training:  [0.022938930258458973, 0.0, 0.0, 0.0078225188451458]
Testing on Task A:  [0.005331388115882874, 68.6875, 90.0125, 206.1648423194885]
Testing on Task B:  [0.02027420997619629, 72.8, 96.8, 156.03833084106446]
Testing on Task C:  [0.019901466369628907, 77.4, 98.2, 124.20236663818359]
Best Acc:  68.7125

Epoch: [39 | 90] LR: 0.001000
Training...
 -> Progress: 20 done!
 -> Progress: 40 done!
 -> Progress: 60 done!
 -> Progress: 80 done!
 -> Progress: 100 done!
Testing...
 -> Progress: 20 done!
 -> Progress: 40 done!
 -> Progress: 60 done!
 -> Progress: 80 done!
 -> Progress: 100 done!
Testing...
 -> Progress: 20 done!
 -> Progress: 40 done!
 -> Progress: 60 done!
 -> Progress: 80 done!
 -> Progress: 100 done!
Testing...
 -> Progress: 20 done!
 -> Progress: 40 done!
 -> Progress: 60 done!
 -> Progress: 80 done!
 -> Progress: 100 done!

Keys:  ['time', 'acc1', 'acc5', 'ce_loss']
Training:  [0.022867089631606122, 0.0, 0.0, 0.007183526889706145]
Testing on Task A:  [0.005332818627357483, 68.6, 90.0625, 209.70663566589354]
Testing on Task B:  [0.02003600597381592, 72.5, 96.6, 160.12401809692383]
Testing on Task C:  [0.02022106647491455, 77.2, 98.1, 129.51243362426757]
Best Acc:  68.7125

Epoch: [40 | 90] LR: 0.001000
Training...
 -> Progress: 20 done!
 -> Progress: 40 done!
 -> Progress: 60 done!
 -> Progress: 80 done!
 -> Progress: 100 done!
Testing...
 -> Progress: 20 done!
 -> Progress: 40 done!
 -> Progress: 60 done!
 -> Progress: 80 done!
 -> Progress: 100 done!
Testing...
 -> Progress: 20 done!
 -> Progress: 40 done!
 -> Progress: 60 done!
 -> Progress: 80 done!
 -> Progress: 100 done!
Testing...
 -> Progress: 20 done!
 -> Progress: 40 done!
 -> Progress: 60 done!
 -> Progress: 80 done!
 -> Progress: 100 done!

Keys:  ['time', 'acc1', 'acc5', 'ce_loss']
Training:  [0.022949915759417475, 0.0, 0.0, 0.006548010972233451]
Testing on Task A:  [0.0053650856018066405, 68.425, 90.075, 211.35866565704345]
Testing on Task B:  [0.02002260684967041, 72.4, 96.7, 160.78592910766602]
Testing on Task C:  [0.019975614547729493, 77.9, 98.0, 127.77566299438476]
Best Acc:  68.7125

Epoch: [41 | 90] LR: 0.001000
Training...
 -> Progress: 20 done!
 -> Progress: 40 done!
 -> Progress: 60 done!
 -> Progress: 80 done!
 -> Progress: 100 done!
Testing...
 -> Progress: 20 done!
 -> Progress: 40 done!
 -> Progress: 60 done!
 -> Progress: 80 done!
 -> Progress: 100 done!
Testing...
 -> Progress: 20 done!
 -> Progress: 40 done!
 -> Progress: 60 done!
 -> Progress: 80 done!
 -> Progress: 100 done!
Testing...
 -> Progress: 20 done!
 -> Progress: 40 done!
 -> Progress: 60 done!
 -> Progress: 80 done!
 -> Progress: 100 done!

Keys:  ['time', 'acc1', 'acc5', 'ce_loss']
Training:  [0.022865192014343883, 0.0, 0.0, 0.007245379989510592]
Testing on Task A:  [0.005308079719543457, 68.3, 90.05, 212.26138925552368]
Testing on Task B:  [0.02013249397277832, 72.5, 96.8, 159.21178512573243]
Testing on Task C:  [0.019144201278686525, 77.9, 98.1, 128.24346313476562]
Best Acc:  68.7125

Epoch: [42 | 90] LR: 0.001000
Training...
 -> Progress: 20 done!
 -> Progress: 40 done!
 -> Progress: 60 done!
 -> Progress: 80 done!
 -> Progress: 100 done!
Testing...
 -> Progress: 20 done!
 -> Progress: 40 done!
 -> Progress: 60 done!
 -> Progress: 80 done!
 -> Progress: 100 done!
Testing...
 -> Progress: 20 done!
 -> Progress: 40 done!
 -> Progress: 60 done!
 -> Progress: 80 done!
 -> Progress: 100 done!
Testing...
 -> Progress: 20 done!
 -> Progress: 40 done!
 -> Progress: 60 done!
 -> Progress: 80 done!
 -> Progress: 100 done!

Keys:  ['time', 'acc1', 'acc5', 'ce_loss']
Training:  [0.022943187733085787, 0.0, 0.0, 0.007278712036335195]
Testing on Task A:  [0.005317237973213196, 68.625, 89.9125, 213.77574787139892]
Testing on Task B:  [0.01939866542816162, 72.3, 96.3, 163.00955123901366]
Testing on Task C:  [0.019970273971557616, 78.3, 97.8, 129.01409072875975]
Best Acc:  68.7125

Epoch: [43 | 90] LR: 0.001000
Training...
 -> Progress: 20 done!
 -> Progress: 40 done!
 -> Progress: 60 done!
 -> Progress: 80 done!
 -> Progress: 100 done!
Testing...
 -> Progress: 20 done!
 -> Progress: 40 done!
 -> Progress: 60 done!
 -> Progress: 80 done!
 -> Progress: 100 done!
Testing...
 -> Progress: 20 done!
 -> Progress: 40 done!
 -> Progress: 60 done!
 -> Progress: 80 done!
 -> Progress: 100 done!
Testing...
 -> Progress: 20 done!
 -> Progress: 40 done!
 -> Progress: 60 done!
 -> Progress: 80 done!
 -> Progress: 100 done!

Keys:  ['time', 'acc1', 'acc5', 'ce_loss']
Training:  [0.022875423334082778, 0.0, 0.0, 0.005697129142223572]
Testing on Task A:  [0.0055406451225280765, 68.45, 90.075, 215.06690044403075]
Testing on Task B:  [0.020024490356445313, 72.6, 96.6, 163.6035041809082]
Testing on Task C:  [0.021176862716674804, 77.7, 98.1, 130.28599700927734]
Best Acc:  68.7125

Epoch: [44 | 90] LR: 0.001000
Training...
 -> Progress: 20 done!
 -> Progress: 40 done!
 -> Progress: 60 done!
 -> Progress: 80 done!
 -> Progress: 100 done!
Testing...
 -> Progress: 20 done!
 -> Progress: 40 done!
 -> Progress: 60 done!
 -> Progress: 80 done!
 -> Progress: 100 done!
Testing...
 -> Progress: 20 done!
 -> Progress: 40 done!
 -> Progress: 60 done!
 -> Progress: 80 done!
 -> Progress: 100 done!
Testing...
 -> Progress: 20 done!
 -> Progress: 40 done!
 -> Progress: 60 done!
 -> Progress: 80 done!
 -> Progress: 100 done!

Keys:  ['time', 'acc1', 'acc5', 'ce_loss']
Training:  [0.022855145590645925, 0.0, 0.0, 0.005182147539239757]
Testing on Task A:  [0.005328238010406494, 68.6875, 90.2125, 215.26598148345948]
Testing on Task B:  [0.019957637786865233, 71.8, 96.2, 169.2440628051758]
Testing on Task C:  [0.020037412643432617, 78.3, 98.0, 130.61329498291016]
Best Acc:  68.7125

Epoch: [45 | 90] LR: 0.001000
Training...
 -> Progress: 20 done!
 -> Progress: 40 done!
 -> Progress: 60 done!
 -> Progress: 80 done!
 -> Progress: 100 done!
Testing...
 -> Progress: 20 done!
 -> Progress: 40 done!
 -> Progress: 60 done!
 -> Progress: 80 done!
 -> Progress: 100 done!
Testing...
 -> Progress: 20 done!
 -> Progress: 40 done!
 -> Progress: 60 done!
 -> Progress: 80 done!
 -> Progress: 100 done!
Testing...
 -> Progress: 20 done!
 -> Progress: 40 done!
 -> Progress: 60 done!
 -> Progress: 80 done!
 -> Progress: 100 done!

Keys:  ['time', 'acc1', 'acc5', 'ce_loss']
Training:  [0.02283242892245857, 0.0, 0.0, 0.005291934011085909]
Testing on Task A:  [0.005323711037635803, 68.675, 90.275, 218.0390426635742]
Testing on Task B:  [0.019933915138244628, 72.3, 96.7, 166.76160888671876]
Testing on Task C:  [0.020018410682678223, 78.4, 98.0, 130.94248657226564]
Best Acc:  68.7125

Epoch: [46 | 90] LR: 0.001000
Training...
 -> Progress: 20 done!
 -> Progress: 40 done!
 -> Progress: 60 done!
 -> Progress: 80 done!
 -> Progress: 100 done!
Testing...
 -> Progress: 20 done!
 -> Progress: 40 done!
 -> Progress: 60 done!
 -> Progress: 80 done!
 -> Progress: 100 done!
Testing...
 -> Progress: 20 done!
 -> Progress: 40 done!
 -> Progress: 60 done!
 -> Progress: 80 done!
 -> Progress: 100 done!
Testing...
 -> Progress: 20 done!
 -> Progress: 40 done!
 -> Progress: 60 done!
 -> Progress: 80 done!
 -> Progress: 100 done!

Keys:  ['time', 'acc1', 'acc5', 'ce_loss']
Training:  [0.022823015037848025, 0.0, 0.0, 0.004602896833046321]
Testing on Task A:  [0.005297145247459412, 68.6125, 90.15, 220.21026859283447]
Testing on Task B:  [0.019895219802856447, 71.6, 96.3, 169.45774459838867]
Testing on Task C:  [0.019907212257385253, 78.3, 97.7, 134.24347229003905]
Best Acc:  68.7125

Epoch: [47 | 90] LR: 0.001000
Training...
 -> Progress: 20 done!
 -> Progress: 40 done!
 -> Progress: 60 done!
 -> Progress: 80 done!
 -> Progress: 100 done!
Testing...
 -> Progress: 20 done!
 -> Progress: 40 done!
 -> Progress: 60 done!
 -> Progress: 80 done!
 -> Progress: 100 done!
Testing...
 -> Progress: 20 done!
 -> Progress: 40 done!
 -> Progress: 60 done!
 -> Progress: 80 done!
 -> Progress: 100 done!
Testing...
 -> Progress: 20 done!
 -> Progress: 40 done!
 -> Progress: 60 done!
 -> Progress: 80 done!
 -> Progress: 100 done!

Keys:  ['time', 'acc1', 'acc5', 'ce_loss']
Training:  [0.022974441246110564, 0.0, 0.0, 0.00489747419339196]
Testing on Task A:  [0.0053485572338104245, 68.6125, 90.1375, 221.720703792572]
Testing on Task B:  [0.02010948657989502, 72.6, 96.2, 168.01782684326173]
Testing on Task C:  [0.020059680938720702, 77.9, 97.9, 134.2285125732422]
Best Acc:  68.7125

Epoch: [48 | 90] LR: 0.001000
Training...
 -> Progress: 20 done!
 -> Progress: 40 done!
 -> Progress: 60 done!
 -> Progress: 80 done!
 -> Progress: 100 done!
Testing...
 -> Progress: 20 done!
 -> Progress: 40 done!
 -> Progress: 60 done!
 -> Progress: 80 done!
 -> Progress: 100 done!
Testing...
 -> Progress: 20 done!
 -> Progress: 40 done!
 -> Progress: 60 done!
 -> Progress: 80 done!
 -> Progress: 100 done!
Testing...
 -> Progress: 20 done!
 -> Progress: 40 done!
 -> Progress: 60 done!
 -> Progress: 80 done!
 -> Progress: 100 done!

Keys:  ['time', 'acc1', 'acc5', 'ce_loss']
Training:  [0.022850627801856215, 0.0, 0.0, 0.005092524908535297]
Testing on Task A:  [0.005374705791473389, 68.425, 90.2, 221.53486013412476]
Testing on Task B:  [0.01942908763885498, 72.2, 95.9, 169.7051742553711]
Testing on Task C:  [0.020079374313354492, 77.9, 98.1, 133.26154861450195]
Best Acc:  68.7125

Epoch: [49 | 90] LR: 0.001000
Training...
 -> Progress: 20 done!
 -> Progress: 40 done!
 -> Progress: 60 done!
 -> Progress: 80 done!
 -> Progress: 100 done!
Testing...
 -> Progress: 20 done!
 -> Progress: 40 done!
 -> Progress: 60 done!
 -> Progress: 80 done!
 -> Progress: 100 done!
Testing...
 -> Progress: 20 done!
 -> Progress: 40 done!
 -> Progress: 60 done!
 -> Progress: 80 done!
 -> Progress: 100 done!
Testing...
 -> Progress: 20 done!
 -> Progress: 40 done!
 -> Progress: 60 done!
 -> Progress: 80 done!
 -> Progress: 100 done!

Keys:  ['time', 'acc1', 'acc5', 'ce_loss']
Training:  [0.02292743750980922, 0.0, 0.0, 0.004997990550283267]
Testing on Task A:  [0.005322906374931336, 68.3875, 90.05, 224.18203058242798]
Testing on Task B:  [0.0198577880859375, 72.8, 96.3, 169.13923110961915]
Testing on Task C:  [0.02005763053894043, 77.6, 98.2, 134.84079513549804]
Best Acc:  68.7125

Epoch: [50 | 90] LR: 0.001000
Training...
 -> Progress: 20 done!
 -> Progress: 40 done!
 -> Progress: 60 done!
 -> Progress: 80 done!
 -> Progress: 100 done!
Testing...
 -> Progress: 20 done!
 -> Progress: 40 done!
 -> Progress: 60 done!
 -> Progress: 80 done!
 -> Progress: 100 done!
Testing...
 -> Progress: 20 done!
 -> Progress: 40 done!
 -> Progress: 60 done!
 -> Progress: 80 done!
 -> Progress: 100 done!
Testing...
 -> Progress: 20 done!
 -> Progress: 40 done!
 -> Progress: 60 done!
 -> Progress: 80 done!
 -> Progress: 100 done!

Keys:  ['time', 'acc1', 'acc5', 'ce_loss']
Training:  [0.02282644291313327, 0.0, 0.0, 0.004551785602768864]
Testing on Task A:  [0.005306759476661682, 68.4625, 90.0125, 221.99496593475342]
Testing on Task B:  [0.020140480995178223, 72.8, 96.1, 168.87871170043945]
Testing on Task C:  [0.019638800621032716, 77.8, 98.0, 134.79705886840821]
Best Acc:  68.7125

Epoch: [51 | 90] LR: 0.001000
Training...
 -> Progress: 20 done!
 -> Progress: 40 done!
 -> Progress: 60 done!
 -> Progress: 80 done!
 -> Progress: 100 done!
Testing...
 -> Progress: 20 done!
 -> Progress: 40 done!
 -> Progress: 60 done!
 -> Progress: 80 done!
 -> Progress: 100 done!
Testing...
 -> Progress: 20 done!
 -> Progress: 40 done!
 -> Progress: 60 done!
 -> Progress: 80 done!
 -> Progress: 100 done!
Testing...
 -> Progress: 20 done!
 -> Progress: 40 done!
 -> Progress: 60 done!
 -> Progress: 80 done!
 -> Progress: 100 done!

Keys:  ['time', 'acc1', 'acc5', 'ce_loss']
Training:  [0.022916535941921935, 0.0, 0.0, 0.004608038152396983]
Testing on Task A:  [0.005339601635932922, 68.45, 90.025, 223.14678134918213]
Testing on Task B:  [0.020030450820922852, 72.4, 96.2, 171.45195846557618]
Testing on Task C:  [0.02000460624694824, 77.6, 97.9, 136.68010940551758]
Best Acc:  68.7125

Epoch: [52 | 90] LR: 0.001000
Training...
 -> Progress: 20 done!
 -> Progress: 40 done!
 -> Progress: 60 done!
 -> Progress: 80 done!
 -> Progress: 100 done!
Testing...
 -> Progress: 20 done!
 -> Progress: 40 done!
 -> Progress: 60 done!
 -> Progress: 80 done!
 -> Progress: 100 done!
Testing...
 -> Progress: 20 done!
 -> Progress: 40 done!
 -> Progress: 60 done!
 -> Progress: 80 done!
 -> Progress: 100 done!
Testing...
 -> Progress: 20 done!
 -> Progress: 40 done!
 -> Progress: 60 done!
 -> Progress: 80 done!
 -> Progress: 100 done!

Keys:  ['time', 'acc1', 'acc5', 'ce_loss']
Training:  [0.0228811222679761, 0.0, 0.0, 0.004375120020549916]
Testing on Task A:  [0.005513247847557068, 68.55, 90.2375, 223.62594633102418]
Testing on Task B:  [0.020871877670288086, 73.0, 96.4, 168.16367111206054]
Testing on Task C:  [0.020776915550231933, 77.7, 98.0, 134.62200164794922]
Best Acc:  68.7125

Epoch: [53 | 90] LR: 0.001000
Training...
 -> Progress: 20 done!
 -> Progress: 40 done!
 -> Progress: 60 done!
 -> Progress: 80 done!
 -> Progress: 100 done!
Testing...
 -> Progress: 20 done!
 -> Progress: 40 done!
 -> Progress: 60 done!
 -> Progress: 80 done!
 -> Progress: 100 done!
Testing...
 -> Progress: 20 done!
 -> Progress: 40 done!
 -> Progress: 60 done!
 -> Progress: 80 done!
 -> Progress: 100 done!
Testing...
 -> Progress: 20 done!
 -> Progress: 40 done!
 -> Progress: 60 done!
 -> Progress: 80 done!
 -> Progress: 100 done!

Keys:  ['time', 'acc1', 'acc5', 'ce_loss']
Training:  [0.022878950955916424, 0.0, 0.0, 0.004033055217646785]
Testing on Task A:  [0.005350914597511291, 68.55, 90.2, 223.98305854797363]
Testing on Task B:  [0.020200276374816896, 73.1, 96.5, 168.25425491333007]
Testing on Task C:  [0.020020771026611327, 78.0, 98.1, 134.98957748413085]
Best Acc:  68.7125

Epoch: [54 | 90] LR: 0.001000
Training...
 -> Progress: 20 done!
 -> Progress: 40 done!
 -> Progress: 60 done!
 -> Progress: 80 done!
 -> Progress: 100 done!
Testing...
 -> Progress: 20 done!
 -> Progress: 40 done!
 -> Progress: 60 done!
 -> Progress: 80 done!
 -> Progress: 100 done!
Testing...
 -> Progress: 20 done!
 -> Progress: 40 done!
 -> Progress: 60 done!
 -> Progress: 80 done!
 -> Progress: 100 done!
Testing...
 -> Progress: 20 done!
 -> Progress: 40 done!
 -> Progress: 60 done!
 -> Progress: 80 done!
 -> Progress: 100 done!

Keys:  ['time', 'acc1', 'acc5', 'ce_loss']
Training:  [0.02292312651264424, 0.0, 0.0, 0.00398718450475028]
Testing on Task A:  [0.005323651432991028, 68.625, 90.1125, 224.13186092376708]
Testing on Task B:  [0.019718408584594727, 73.2, 96.1, 169.94649200439454]
Testing on Task C:  [0.019994068145751952, 78.1, 98.1, 136.016748046875]
Best Acc:  68.7125

Epoch: [55 | 90] LR: 0.001000
Training...
 -> Progress: 20 done!
 -> Progress: 40 done!
 -> Progress: 60 done!
 -> Progress: 80 done!
 -> Progress: 100 done!
Testing...
 -> Progress: 20 done!
 -> Progress: 40 done!
 -> Progress: 60 done!
 -> Progress: 80 done!
 -> Progress: 100 done!
Testing...
 -> Progress: 20 done!
 -> Progress: 40 done!
 -> Progress: 60 done!
 -> Progress: 80 done!
 -> Progress: 100 done!
Testing...
 -> Progress: 20 done!
 -> Progress: 40 done!
 -> Progress: 60 done!
 -> Progress: 80 done!
 -> Progress: 100 done!

Keys:  ['time', 'acc1', 'acc5', 'ce_loss']
Training:  [0.022858999213393853, 0.0, 0.0, 0.0034426224170898906]
Testing on Task A:  [0.005292832851409912, 68.4375, 90.2625, 225.3920901298523]
Testing on Task B:  [0.019942212104797363, 73.0, 96.0, 170.43697814941407]
Testing on Task C:  [0.019952940940856933, 78.6, 98.0, 134.4062957763672]
Best Acc:  68.7125

Epoch: [56 | 90] LR: 0.001000
Training...
 -> Progress: 20 done!
 -> Progress: 40 done!
 -> Progress: 60 done!
 -> Progress: 80 done!
 -> Progress: 100 done!
Testing...
 -> Progress: 20 done!
 -> Progress: 40 done!
 -> Progress: 60 done!
 -> Progress: 80 done!
 -> Progress: 100 done!
Testing...
 -> Progress: 20 done!
 -> Progress: 40 done!
 -> Progress: 60 done!
 -> Progress: 80 done!
 -> Progress: 100 done!
Testing...
 -> Progress: 20 done!
 -> Progress: 40 done!
 -> Progress: 60 done!
 -> Progress: 80 done!
 -> Progress: 100 done!

Keys:  ['time', 'acc1', 'acc5', 'ce_loss']
Training:  [0.022924647039296676, 0.0, 0.0, 0.003500942634988804]
Testing on Task A:  [0.005341953039169312, 68.75, 90.175, 227.2867486000061]
Testing on Task B:  [0.019977974891662597, 73.2, 96.2, 171.34228134155273]
Testing on Task C:  [0.01991393566131592, 78.2, 98.2, 137.79684524536134]
Best Acc:  68.75

Epoch: [57 | 90] LR: 0.001000
Training...
 -> Progress: 20 done!
 -> Progress: 40 done!
 -> Progress: 60 done!
 -> Progress: 80 done!
 -> Progress: 100 done!
Testing...
 -> Progress: 20 done!
 -> Progress: 40 done!
 -> Progress: 60 done!
 -> Progress: 80 done!
 -> Progress: 100 done!
Testing...
 -> Progress: 20 done!
 -> Progress: 40 done!
 -> Progress: 60 done!
 -> Progress: 80 done!
 -> Progress: 100 done!
Testing...
 -> Progress: 20 done!
 -> Progress: 40 done!
 -> Progress: 60 done!
 -> Progress: 80 done!
 -> Progress: 100 done!

Keys:  ['time', 'acc1', 'acc5', 'ce_loss']
Training:  [0.02287868699248956, 0.0, 0.0, 0.003766057127255148]
Testing on Task A:  [0.005308502912521362, 68.55, 90.1625, 225.16780185699463]
Testing on Task B:  [0.01883375644683838, 73.3, 96.5, 172.35756072998046]
Testing on Task C:  [0.020214009284973144, 78.2, 98.2, 138.21968460083008]
Best Acc:  68.75

Epoch: [58 | 90] LR: 0.001000
Training...
 -> Progress: 20 done!
 -> Progress: 40 done!
 -> Progress: 60 done!
 -> Progress: 80 done!
 -> Progress: 100 done!
Testing...
 -> Progress: 20 done!
 -> Progress: 40 done!
 -> Progress: 60 done!
 -> Progress: 80 done!
 -> Progress: 100 done!
Testing...
 -> Progress: 20 done!
 -> Progress: 40 done!
 -> Progress: 60 done!
 -> Progress: 80 done!
 -> Progress: 100 done!
Testing...
 -> Progress: 20 done!
 -> Progress: 40 done!
 -> Progress: 60 done!
 -> Progress: 80 done!
 -> Progress: 100 done!

Keys:  ['time', 'acc1', 'acc5', 'ce_loss']
Training:  [0.022932283732355858, 0.0, 0.0, 0.003417506723721721]
Testing on Task A:  [0.00550079345703125, 68.425, 90.325, 225.22467441558837]
Testing on Task B:  [0.019932317733764648, 72.9, 96.0, 172.36987915039063]
Testing on Task C:  [0.0194455623626709, 77.9, 98.1, 135.81725616455077]
Best Acc:  68.75

Epoch: [59 | 90] LR: 0.001000
Training...
 -> Progress: 20 done!
 -> Progress: 40 done!
 -> Progress: 60 done!
 -> Progress: 80 done!
 -> Progress: 100 done!
Testing...
 -> Progress: 20 done!
 -> Progress: 40 done!
 -> Progress: 60 done!
 -> Progress: 80 done!
 -> Progress: 100 done!
Testing...
 -> Progress: 20 done!
 -> Progress: 40 done!
 -> Progress: 60 done!
 -> Progress: 80 done!
 -> Progress: 100 done!
Testing...
 -> Progress: 20 done!
 -> Progress: 40 done!
 -> Progress: 60 done!
 -> Progress: 80 done!
 -> Progress: 100 done!

Keys:  ['time', 'acc1', 'acc5', 'ce_loss']
Training:  [0.022771508109812835, 0.0, 0.0, 0.003634855816406863]
Testing on Task A:  [0.0052962183952331545, 68.5, 90.2125, 225.31972131729125]
Testing on Task B:  [0.02004225254058838, 72.6, 96.1, 171.26306381225587]
Testing on Task C:  [0.01996297836303711, 78.5, 98.3, 135.07681579589843]
Best Acc:  68.75

Epoch: [60 | 90] LR: 0.001000
Training...
 -> Progress: 20 done!
 -> Progress: 40 done!
 -> Progress: 60 done!
 -> Progress: 80 done!
 -> Progress: 100 done!
Testing...
 -> Progress: 20 done!
 -> Progress: 40 done!
 -> Progress: 60 done!
 -> Progress: 80 done!
 -> Progress: 100 done!
Testing...
 -> Progress: 20 done!
 -> Progress: 40 done!
 -> Progress: 60 done!
 -> Progress: 80 done!
 -> Progress: 100 done!
Testing...
 -> Progress: 20 done!
 -> Progress: 40 done!
 -> Progress: 60 done!
 -> Progress: 80 done!
 -> Progress: 100 done!

Keys:  ['time', 'acc1', 'acc5', 'ce_loss']
Training:  [0.02285037235337861, 0.0, 0.0, 0.003669442882172155]
Testing on Task A:  [0.00533079206943512, 68.575, 90.1875, 226.52233419418334]
Testing on Task B:  [0.020020723342895508, 73.0, 95.9, 168.82570571899413]
Testing on Task C:  [0.02033531665802002, 78.0, 98.0, 137.97820434570312]
Best Acc:  68.75

Epoch: [61 | 90] LR: 0.000100
Training...
 -> Progress: 20 done!
 -> Progress: 40 done!
 -> Progress: 60 done!
 -> Progress: 80 done!
 -> Progress: 100 done!
Testing...
 -> Progress: 20 done!
 -> Progress: 40 done!
 -> Progress: 60 done!
 -> Progress: 80 done!
 -> Progress: 100 done!
Testing...
 -> Progress: 20 done!
 -> Progress: 40 done!
 -> Progress: 60 done!
 -> Progress: 80 done!
 -> Progress: 100 done!
Testing...
 -> Progress: 20 done!
 -> Progress: 40 done!
 -> Progress: 60 done!
 -> Progress: 80 done!
 -> Progress: 100 done!

Keys:  ['time', 'acc1', 'acc5', 'ce_loss']
Training:  [0.022856458109252308, 0.0, 0.0, 0.003836328498734047]
Testing on Task A:  [0.005504673719406128, 68.5625, 90.15, 225.63471946716308]
Testing on Task B:  [0.020006489753723145, 72.9, 95.9, 169.08115844726564]
Testing on Task C:  [0.020882296562194824, 78.0, 98.1, 137.13496856689454]
Best Acc:  68.75

Epoch: [62 | 90] LR: 0.000100
Training...
 -> Progress: 20 done!
 -> Progress: 40 done!
 -> Progress: 60 done!
 -> Progress: 80 done!
 -> Progress: 100 done!
Testing...
 -> Progress: 20 done!
 -> Progress: 40 done!
 -> Progress: 60 done!
 -> Progress: 80 done!
 -> Progress: 100 done!
Testing...
 -> Progress: 20 done!
 -> Progress: 40 done!
 -> Progress: 60 done!
 -> Progress: 80 done!
 -> Progress: 100 done!
Testing...
 -> Progress: 20 done!
 -> Progress: 40 done!
 -> Progress: 60 done!
 -> Progress: 80 done!
 -> Progress: 100 done!

Keys:  ['time', 'acc1', 'acc5', 'ce_loss']
Training:  [0.022841898762449925, 0.0, 0.0, 0.0033064717616961927]
Testing on Task A:  [0.005346190929412842, 68.5, 90.2, 225.54245376586914]
Testing on Task B:  [0.019861054420471192, 73.3, 96.1, 169.1436538696289]
Testing on Task C:  [0.019930100440979003, 77.9, 98.1, 136.60183639526366]
Best Acc:  68.75

Epoch: [63 | 90] LR: 0.000100
Training...
 -> Progress: 20 done!
 -> Progress: 40 done!
 -> Progress: 60 done!
 -> Progress: 80 done!
 -> Progress: 100 done!
Testing...
 -> Progress: 20 done!
 -> Progress: 40 done!
 -> Progress: 60 done!
 -> Progress: 80 done!
 -> Progress: 100 done!
Testing...
 -> Progress: 20 done!
 -> Progress: 40 done!
 -> Progress: 60 done!
 -> Progress: 80 done!
 -> Progress: 100 done!
Testing...
 -> Progress: 20 done!
 -> Progress: 40 done!
 -> Progress: 60 done!
 -> Progress: 80 done!
 -> Progress: 100 done!

Keys:  ['time', 'acc1', 'acc5', 'ce_loss']
Training:  [0.02293205504514733, 0.0, 0.0, 0.003189101808096225]
Testing on Task A:  [0.005379536747932434, 68.5, 90.175, 225.57857398986818]
Testing on Task B:  [0.01982431411743164, 73.2, 96.0, 169.13751602172852]
Testing on Task C:  [0.01998441219329834, 78.0, 98.1, 136.39937286376954]
Best Acc:  68.75

Epoch: [64 | 90] LR: 0.000100
Training...
 -> Progress: 20 done!
 -> Progress: 40 done!
 -> Progress: 60 done!
 -> Progress: 80 done!
 -> Progress: 100 done!
Testing...
 -> Progress: 20 done!
 -> Progress: 40 done!
 -> Progress: 60 done!
 -> Progress: 80 done!
 -> Progress: 100 done!
Testing...
 -> Progress: 20 done!
 -> Progress: 40 done!
 -> Progress: 60 done!
 -> Progress: 80 done!
 -> Progress: 100 done!
Testing...
 -> Progress: 20 done!
 -> Progress: 40 done!
 -> Progress: 60 done!
 -> Progress: 80 done!
 -> Progress: 100 done!

Keys:  ['time', 'acc1', 'acc5', 'ce_loss']
Training:  [0.022871140314608206, 0.0, 0.0, 0.0031389445565374835]
Testing on Task A:  [0.005314555764198303, 68.425, 90.175, 225.81767177581787]
Testing on Task B:  [0.019819068908691406, 73.1, 96.2, 169.56365432739258]
Testing on Task C:  [0.019478750228881837, 77.8, 98.0, 136.56167068481446]
Best Acc:  68.75

Epoch: [65 | 90] LR: 0.000100
Training...
 -> Progress: 20 done!
 -> Progress: 40 done!
 -> Progress: 60 done!
 -> Progress: 80 done!
 -> Progress: 100 done!
Testing...
 -> Progress: 20 done!
 -> Progress: 40 done!
 -> Progress: 60 done!
 -> Progress: 80 done!
 -> Progress: 100 done!
Testing...
 -> Progress: 20 done!
 -> Progress: 40 done!
 -> Progress: 60 done!
 -> Progress: 80 done!
 -> Progress: 100 done!
Testing...
 -> Progress: 20 done!
 -> Progress: 40 done!
 -> Progress: 60 done!
 -> Progress: 80 done!
 -> Progress: 100 done!

Keys:  ['time', 'acc1', 'acc5', 'ce_loss']
Training:  [0.022836343366272594, 0.0, 0.0, 0.003431680042068569]
Testing on Task A:  [0.00534529983997345, 68.4375, 90.1875, 225.6508665084839]
Testing on Task B:  [0.02007129192352295, 72.8, 96.1, 169.73223800659179]
Testing on Task C:  [0.0198319673538208, 78.0, 98.0, 136.63611221313477]
Best Acc:  68.75

Epoch: [66 | 90] LR: 0.000100
Training...
 -> Progress: 20 done!
 -> Progress: 40 done!
 -> Progress: 60 done!
 -> Progress: 80 done!
 -> Progress: 100 done!
Testing...
 -> Progress: 20 done!
 -> Progress: 40 done!
 -> Progress: 60 done!
 -> Progress: 80 done!
 -> Progress: 100 done!
Testing...
 -> Progress: 20 done!
 -> Progress: 40 done!
 -> Progress: 60 done!
 -> Progress: 80 done!
 -> Progress: 100 done!
Testing...
 -> Progress: 20 done!
 -> Progress: 40 done!
 -> Progress: 60 done!
 -> Progress: 80 done!
 -> Progress: 100 done!

Keys:  ['time', 'acc1', 'acc5', 'ce_loss']
Training:  [0.02284217124082604, 0.0, 0.0, 0.0031098845623889746]
Testing on Task A:  [0.005275177955627442, 68.4875, 90.2375, 225.58661861419677]
Testing on Task B:  [0.019919228553771973, 72.9, 96.2, 170.1142433166504]
Testing on Task C:  [0.020126485824584962, 78.1, 98.1, 136.36185531616212]
Best Acc:  68.75

Epoch: [67 | 90] LR: 0.000100
Training...
 -> Progress: 20 done!
 -> Progress: 40 done!
 -> Progress: 60 done!
 -> Progress: 80 done!
 -> Progress: 100 done!
Testing...
 -> Progress: 20 done!
 -> Progress: 40 done!
 -> Progress: 60 done!
 -> Progress: 80 done!
 -> Progress: 100 done!
Testing...
 -> Progress: 20 done!
 -> Progress: 40 done!
 -> Progress: 60 done!
 -> Progress: 80 done!
 -> Progress: 100 done!
Testing...
 -> Progress: 20 done!
 -> Progress: 40 done!
 -> Progress: 60 done!
 -> Progress: 80 done!
 -> Progress: 100 done!

Keys:  ['time', 'acc1', 'acc5', 'ce_loss']
Training:  [0.022953024932316372, 0.0, 0.0, 0.0033710747161328943]
Testing on Task A:  [0.005338683724403381, 68.4375, 90.225, 225.38799886703492]
Testing on Task B:  [0.01988222599029541, 72.7, 96.2, 170.3431365966797]
Testing on Task C:  [0.019313955307006837, 78.1, 98.1, 136.43977813720704]
Best Acc:  68.75

Epoch: [68 | 90] LR: 0.000100
Training...
 -> Progress: 20 done!
 -> Progress: 40 done!
 -> Progress: 60 done!
 -> Progress: 80 done!
 -> Progress: 100 done!
Testing...
 -> Progress: 20 done!
 -> Progress: 40 done!
 -> Progress: 60 done!
 -> Progress: 80 done!
 -> Progress: 100 done!
Testing...
 -> Progress: 20 done!
 -> Progress: 40 done!
 -> Progress: 60 done!
 -> Progress: 80 done!
 -> Progress: 100 done!
Testing...
 -> Progress: 20 done!
 -> Progress: 40 done!
 -> Progress: 60 done!
 -> Progress: 80 done!
 -> Progress: 100 done!

Keys:  ['time', 'acc1', 'acc5', 'ce_loss']
Training:  [0.022863576606828338, 0.0, 0.0, 0.003411226077314124]
Testing on Task A:  [0.0053036600351333615, 68.425, 90.2875, 225.37417907714843]
Testing on Task B:  [0.01998593807220459, 72.7, 96.2, 170.3500633239746]
Testing on Task C:  [0.019934892654418945, 78.0, 98.1, 136.65344467163087]
Best Acc:  68.75

Epoch: [69 | 90] LR: 0.000100
Training...
 -> Progress: 20 done!
 -> Progress: 40 done!
 -> Progress: 60 done!
 -> Progress: 80 done!
 -> Progress: 100 done!
Testing...
 -> Progress: 20 done!
 -> Progress: 40 done!
 -> Progress: 60 done!
 -> Progress: 80 done!
 -> Progress: 100 done!
Testing...
 -> Progress: 20 done!
 -> Progress: 40 done!
 -> Progress: 60 done!
 -> Progress: 80 done!
 -> Progress: 100 done!
Testing...
 -> Progress: 20 done!
 -> Progress: 40 done!
 -> Progress: 60 done!
 -> Progress: 80 done!
 -> Progress: 100 done!

Keys:  ['time', 'acc1', 'acc5', 'ce_loss']
Training:  [0.02295395671104898, 0.0, 0.0, 0.003271139128034464]
Testing on Task A:  [0.005328935384750366, 68.475, 90.25, 225.35506324768068]
Testing on Task B:  [0.020093965530395507, 72.9, 96.1, 170.60200576782228]
Testing on Task C:  [0.019652342796325682, 77.9, 98.1, 136.76993865966796]
Best Acc:  68.75

Epoch: [70 | 90] LR: 0.000100
Training...
 -> Progress: 20 done!
 -> Progress: 40 done!
 -> Progress: 60 done!
 -> Progress: 80 done!
 -> Progress: 100 done!
Testing...
 -> Progress: 20 done!
 -> Progress: 40 done!
 -> Progress: 60 done!
 -> Progress: 80 done!
 -> Progress: 100 done!
Testing...
 -> Progress: 20 done!
 -> Progress: 40 done!
 -> Progress: 60 done!
 -> Progress: 80 done!
 -> Progress: 100 done!
Testing...
 -> Progress: 20 done!
 -> Progress: 40 done!
 -> Progress: 60 done!
 -> Progress: 80 done!
 -> Progress: 100 done!

Keys:  ['time', 'acc1', 'acc5', 'ce_loss']
Training:  [0.02288755227108391, 0.0, 0.0, 0.003520237369526995]
Testing on Task A:  [0.005429184436798096, 68.45, 90.3, 225.3407775878906]
Testing on Task B:  [0.020828509330749513, 73.2, 96.1, 170.4729034423828]
Testing on Task C:  [0.02084980010986328, 77.9, 98.1, 136.7288963317871]
Best Acc:  68.75

Epoch: [71 | 90] LR: 0.000100
Training...
 -> Progress: 20 done!
 -> Progress: 40 done!
 -> Progress: 60 done!
 -> Progress: 80 done!
 -> Progress: 100 done!
Testing...
 -> Progress: 20 done!
 -> Progress: 40 done!
 -> Progress: 60 done!
 -> Progress: 80 done!
 -> Progress: 100 done!
Testing...
 -> Progress: 20 done!
 -> Progress: 40 done!
 -> Progress: 60 done!
 -> Progress: 80 done!
 -> Progress: 100 done!
Testing...
 -> Progress: 20 done!
 -> Progress: 40 done!
 -> Progress: 60 done!
 -> Progress: 80 done!
 -> Progress: 100 done!

Keys:  ['time', 'acc1', 'acc5', 'ce_loss']
Training:  [0.022899395349074383, 0.0, 0.0, 0.003844332838507027]
Testing on Task A:  [0.005318465828895569, 68.4, 90.225, 225.4974395751953]
Testing on Task B:  [0.020038914680480958, 73.0, 96.2, 170.2588996887207]
Testing on Task C:  [0.020149636268615722, 77.9, 98.1, 136.79189376831056]
Best Acc:  68.75

Epoch: [72 | 90] LR: 0.000100
Training...
 -> Progress: 20 done!
 -> Progress: 40 done!
 -> Progress: 60 done!
 -> Progress: 80 done!
 -> Progress: 100 done!
Testing...
 -> Progress: 20 done!
 -> Progress: 40 done!
 -> Progress: 60 done!
 -> Progress: 80 done!
 -> Progress: 100 done!
Testing...
 -> Progress: 20 done!
 -> Progress: 40 done!
 -> Progress: 60 done!
 -> Progress: 80 done!
 -> Progress: 100 done!
Testing...
 -> Progress: 20 done!
 -> Progress: 40 done!
 -> Progress: 60 done!
 -> Progress: 80 done!
 -> Progress: 100 done!

Keys:  ['time', 'acc1', 'acc5', 'ce_loss']
Training:  [0.022909682624194086, 0.0, 0.0, 0.002899962082999397]
Testing on Task A:  [0.0054404914379119875, 68.4375, 90.2625, 225.6939115524292]
Testing on Task B:  [0.020128345489501952, 73.0, 96.2, 170.9025001525879]
Testing on Task C:  [0.019859743118286134, 78.0, 98.1, 137.0174758911133]
Best Acc:  68.75

Epoch: [73 | 90] LR: 0.000100
Training...
 -> Progress: 20 done!
 -> Progress: 40 done!
 -> Progress: 60 done!
 -> Progress: 80 done!
 -> Progress: 100 done!
Testing...
 -> Progress: 20 done!
 -> Progress: 40 done!
 -> Progress: 60 done!
 -> Progress: 80 done!
 -> Progress: 100 done!
Testing...
 -> Progress: 20 done!
 -> Progress: 40 done!
 -> Progress: 60 done!
 -> Progress: 80 done!
 -> Progress: 100 done!
Testing...
 -> Progress: 20 done!
 -> Progress: 40 done!
 -> Progress: 60 done!
 -> Progress: 80 done!
 -> Progress: 100 done!

Keys:  ['time', 'acc1', 'acc5', 'ce_loss']
Training:  [0.022869865505062804, 0.0, 0.0, 0.003125724337260923]
Testing on Task A:  [0.005317789316177368, 68.3875, 90.2125, 226.0311385154724]
Testing on Task B:  [0.02035219669342041, 72.9, 96.2, 170.702001953125]
Testing on Task C:  [0.020180821418762207, 78.0, 98.1, 137.30333786010743]
Best Acc:  68.75

Epoch: [74 | 90] LR: 0.000100
Training...
 -> Progress: 20 done!
 -> Progress: 40 done!
 -> Progress: 60 done!
 -> Progress: 80 done!
 -> Progress: 100 done!
Testing...
 -> Progress: 20 done!
 -> Progress: 40 done!
 -> Progress: 60 done!
 -> Progress: 80 done!
 -> Progress: 100 done!
Testing...
 -> Progress: 20 done!
 -> Progress: 40 done!
 -> Progress: 60 done!
 -> Progress: 80 done!
 -> Progress: 100 done!
Testing...
 -> Progress: 20 done!
 -> Progress: 40 done!
 -> Progress: 60 done!
 -> Progress: 80 done!
 -> Progress: 100 done!

Keys:  ['time', 'acc1', 'acc5', 'ce_loss']
Training:  [0.022977058984795396, 0.0, 0.0, 0.0031005777875216895]
Testing on Task A:  [0.005357959866523742, 68.5125, 90.2875, 225.55439701080323]
Testing on Task B:  [0.020047974586486817, 72.9, 96.2, 171.05325775146486]
Testing on Task C:  [0.020075607299804687, 77.7, 98.2, 137.04433364868163]
Best Acc:  68.75

Epoch: [75 | 90] LR: 0.000100
Training...
 -> Progress: 20 done!
 -> Progress: 40 done!
 -> Progress: 60 done!
 -> Progress: 80 done!
 -> Progress: 100 done!
Testing...
 -> Progress: 20 done!
 -> Progress: 40 done!
 -> Progress: 60 done!
 -> Progress: 80 done!
 -> Progress: 100 done!
Testing...
 -> Progress: 20 done!
 -> Progress: 40 done!
 -> Progress: 60 done!
 -> Progress: 80 done!
 -> Progress: 100 done!
Testing...
 -> Progress: 20 done!
 -> Progress: 40 done!
 -> Progress: 60 done!
 -> Progress: 80 done!
 -> Progress: 100 done!

Keys:  ['time', 'acc1', 'acc5', 'ce_loss']
Training:  [0.02290444228113914, 0.0, 0.0, 0.0032619775291615432]
Testing on Task A:  [0.005317911505699158, 68.5, 90.25, 225.14348230361938]
Testing on Task B:  [0.020015954971313477, 72.8, 96.1, 171.23592300415038]
Testing on Task C:  [0.020218038558959962, 78.0, 98.1, 136.86420059204102]
Best Acc:  68.75

Epoch: [76 | 90] LR: 0.000100
Training...
 -> Progress: 20 done!
 -> Progress: 40 done!
 -> Progress: 60 done!
 -> Progress: 80 done!
 -> Progress: 100 done!
Testing...
 -> Progress: 20 done!
 -> Progress: 40 done!
 -> Progress: 60 done!
 -> Progress: 80 done!
 -> Progress: 100 done!
Testing...
 -> Progress: 20 done!
 -> Progress: 40 done!
 -> Progress: 60 done!
 -> Progress: 80 done!
 -> Progress: 100 done!
Testing...
 -> Progress: 20 done!
 -> Progress: 40 done!
 -> Progress: 60 done!
 -> Progress: 80 done!
 -> Progress: 100 done!

Keys:  ['time', 'acc1', 'acc5', 'ce_loss']
Training:  [0.022949816012869075, 0.0, 0.0, 0.0025889000080867993]
Testing on Task A:  [0.005335667729377746, 68.4875, 90.2625, 225.42908763885498]
Testing on Task B:  [0.019966888427734374, 73.0, 96.2, 171.20657806396486]
Testing on Task C:  [0.020022654533386232, 78.0, 98.1, 136.95984420776367]
Best Acc:  68.75

Epoch: [77 | 90] LR: 0.000100
Training...
 -> Progress: 20 done!
 -> Progress: 40 done!
 -> Progress: 60 done!
 -> Progress: 80 done!
 -> Progress: 100 done!
Testing...
 -> Progress: 20 done!
 -> Progress: 40 done!
 -> Progress: 60 done!
 -> Progress: 80 done!
 -> Progress: 100 done!
Testing...
 -> Progress: 20 done!
 -> Progress: 40 done!
 -> Progress: 60 done!
 -> Progress: 80 done!
 -> Progress: 100 done!
Testing...
 -> Progress: 20 done!
 -> Progress: 40 done!
 -> Progress: 60 done!
 -> Progress: 80 done!
 -> Progress: 100 done!

Keys:  ['time', 'acc1', 'acc5', 'ce_loss']
Training:  [0.022864711527921716, 0.0, 0.0, 0.0031046099010920295]
Testing on Task A:  [0.005294176936149597, 68.5, 90.25, 225.712735748291]
Testing on Task B:  [0.02001814842224121, 72.8, 96.2, 171.2461364746094]
Testing on Task C:  [0.019924736022949217, 77.9, 98.1, 136.9146697998047]
Best Acc:  68.75

Epoch: [78 | 90] LR: 0.000100
Training...
 -> Progress: 20 done!
 -> Progress: 40 done!
 -> Progress: 60 done!
 -> Progress: 80 done!
 -> Progress: 100 done!
Testing...
 -> Progress: 20 done!
 -> Progress: 40 done!
 -> Progress: 60 done!
 -> Progress: 80 done!
 -> Progress: 100 done!
Testing...
 -> Progress: 20 done!
 -> Progress: 40 done!
 -> Progress: 60 done!
 -> Progress: 80 done!
 -> Progress: 100 done!
Testing...
 -> Progress: 20 done!
 -> Progress: 40 done!
 -> Progress: 60 done!
 -> Progress: 80 done!
 -> Progress: 100 done!

Keys:  ['time', 'acc1', 'acc5', 'ce_loss']
Training:  [0.022909220384091745, 0.0, 0.0, 0.003288295393814428]
Testing on Task A:  [0.005353263020515442, 68.5125, 90.2, 225.73256320953368]
Testing on Task B:  [0.019998693466186525, 73.0, 96.2, 171.11591796875]
Testing on Task C:  [0.02006962299346924, 77.9, 98.2, 136.95337448120117]
Best Acc:  68.75

Epoch: [79 | 90] LR: 0.000100
Training...
 -> Progress: 20 done!
 -> Progress: 40 done!
 -> Progress: 60 done!
 -> Progress: 80 done!
 -> Progress: 100 done!
Testing...
 -> Progress: 20 done!
 -> Progress: 40 done!
 -> Progress: 60 done!
 -> Progress: 80 done!
 -> Progress: 100 done!
Testing...
 -> Progress: 20 done!
 -> Progress: 40 done!
 -> Progress: 60 done!
 -> Progress: 80 done!
 -> Progress: 100 done!
Testing...
 -> Progress: 20 done!
 -> Progress: 40 done!
 -> Progress: 60 done!
 -> Progress: 80 done!
 -> Progress: 100 done!

Keys:  ['time', 'acc1', 'acc5', 'ce_loss']
Training:  [0.022848507579492063, 0.0, 0.0, 0.002904630748867485]
Testing on Task A:  [0.005359745025634766, 68.5375, 90.1875, 225.71998414993286]
Testing on Task B:  [0.02088198661804199, 73.1, 96.1, 171.34965896606445]
Testing on Task C:  [0.020281410217285155, 77.9, 98.2, 136.98814239501954]
Best Acc:  68.75

Epoch: [80 | 90] LR: 0.000100
Training...
 -> Progress: 20 done!
 -> Progress: 40 done!
 -> Progress: 60 done!
 -> Progress: 80 done!
 -> Progress: 100 done!
Testing...
 -> Progress: 20 done!
 -> Progress: 40 done!
 -> Progress: 60 done!
 -> Progress: 80 done!
 -> Progress: 100 done!
Testing...
 -> Progress: 20 done!
 -> Progress: 40 done!
 -> Progress: 60 done!
 -> Progress: 80 done!
 -> Progress: 100 done!
Testing...
 -> Progress: 20 done!
 -> Progress: 40 done!
 -> Progress: 60 done!
 -> Progress: 80 done!
 -> Progress: 100 done!

Keys:  ['time', 'acc1', 'acc5', 'ce_loss']
Training:  [0.022888234683445523, 0.0, 0.0, 0.0029513876319729854]
Testing on Task A:  [0.005326664447784424, 68.5875, 90.2375, 225.6458625793457]
Testing on Task B:  [0.02003629207611084, 73.0, 96.1, 171.51638641357422]
Testing on Task C:  [0.01995699405670166, 77.9, 98.2, 137.14942321777343]
Best Acc:  68.75

Epoch: [81 | 90] LR: 0.000100
Training...
 -> Progress: 20 done!
 -> Progress: 40 done!
 -> Progress: 60 done!
 -> Progress: 80 done!
 -> Progress: 100 done!
Testing...
 -> Progress: 20 done!
 -> Progress: 40 done!
 -> Progress: 60 done!
 -> Progress: 80 done!
 -> Progress: 100 done!
Testing...
 -> Progress: 20 done!
 -> Progress: 40 done!
 -> Progress: 60 done!
 -> Progress: 80 done!
 -> Progress: 100 done!
Testing...
 -> Progress: 20 done!
 -> Progress: 40 done!
 -> Progress: 60 done!
 -> Progress: 80 done!
 -> Progress: 100 done!

Keys:  ['time', 'acc1', 'acc5', 'ce_loss']
Training:  [0.02294347602493909, 0.0, 0.0, 0.0032156739459368307]
Testing on Task A:  [0.005439543724060058, 68.5625, 90.25, 225.7938684463501]
Testing on Task B:  [0.019970059394836426, 72.8, 96.1, 171.71666946411133]
Testing on Task C:  [0.020298051834106445, 78.1, 98.1, 137.50120544433594]
Best Acc:  68.75

Epoch: [82 | 90] LR: 0.000100
Training...
 -> Progress: 20 done!
 -> Progress: 40 done!
 -> Progress: 60 done!
 -> Progress: 80 done!
 -> Progress: 100 done!
Testing...
 -> Progress: 20 done!
 -> Progress: 40 done!
 -> Progress: 60 done!
 -> Progress: 80 done!
 -> Progress: 100 done!
Testing...
 -> Progress: 20 done!
 -> Progress: 40 done!
 -> Progress: 60 done!
 -> Progress: 80 done!
 -> Progress: 100 done!
Testing...
 -> Progress: 20 done!
 -> Progress: 40 done!
 -> Progress: 60 done!
 -> Progress: 80 done!
 -> Progress: 100 done!

Keys:  ['time', 'acc1', 'acc5', 'ce_loss']
Training:  [0.022849952688022535, 0.0, 0.0, 0.0029129681233269144]
Testing on Task A:  [0.005321377515792846, 68.55, 90.25, 226.0761857032776]
Testing on Task B:  [0.02013392448425293, 72.8, 96.1, 171.74982681274415]
Testing on Task C:  [0.020072007179260255, 78.0, 98.0, 137.72854919433593]
Best Acc:  68.75

Epoch: [83 | 90] LR: 0.000100
Training...
 -> Progress: 20 done!
 -> Progress: 40 done!
 -> Progress: 60 done!
 -> Progress: 80 done!
 -> Progress: 100 done!
Testing...
 -> Progress: 20 done!
 -> Progress: 40 done!
 -> Progress: 60 done!
 -> Progress: 80 done!
 -> Progress: 100 done!
Testing...
 -> Progress: 20 done!
 -> Progress: 40 done!
 -> Progress: 60 done!
 -> Progress: 80 done!
 -> Progress: 100 done!
Testing...
 -> Progress: 20 done!
 -> Progress: 40 done!
 -> Progress: 60 done!
 -> Progress: 80 done!
 -> Progress: 100 done!

Keys:  ['time', 'acc1', 'acc5', 'ce_loss']
Training:  [0.022914447346512153, 0.0, 0.0, 0.003610910197698549]
Testing on Task A:  [0.0053200364112854, 68.5625, 90.2875, 225.96376333236694]
Testing on Task B:  [0.02014584541320801, 73.1, 96.1, 171.98028869628905]
Testing on Task C:  [0.019974470138549805, 78.2, 98.0, 137.39259490966796]
Best Acc:  68.75

Epoch: [84 | 90] LR: 0.000100
Training...
 -> Progress: 20 done!
 -> Progress: 40 done!
 -> Progress: 60 done!
 -> Progress: 80 done!
 -> Progress: 100 done!
Testing...
 -> Progress: 20 done!
 -> Progress: 40 done!
 -> Progress: 60 done!
 -> Progress: 80 done!
 -> Progress: 100 done!
Testing...
 -> Progress: 20 done!
 -> Progress: 40 done!
 -> Progress: 60 done!
 -> Progress: 80 done!
 -> Progress: 100 done!
Testing...
 -> Progress: 20 done!
 -> Progress: 40 done!
 -> Progress: 60 done!
 -> Progress: 80 done!
 -> Progress: 100 done!

Keys:  ['time', 'acc1', 'acc5', 'ce_loss']
Training:  [0.022832206317356656, 0.0, 0.0, 0.0024830266305872675]
Testing on Task A:  [0.005381533503532409, 68.4875, 90.2875, 226.03431205749513]
Testing on Task B:  [0.020090723037719728, 73.2, 96.1, 171.99066085815429]
Testing on Task C:  [0.020076704025268555, 78.0, 98.1, 137.24981536865235]
Best Acc:  68.75

Epoch: [85 | 90] LR: 0.000100
Training...
 -> Progress: 20 done!
 -> Progress: 40 done!
 -> Progress: 60 done!
 -> Progress: 80 done!
 -> Progress: 100 done!
Testing...
 -> Progress: 20 done!
 -> Progress: 40 done!
 -> Progress: 60 done!
 -> Progress: 80 done!
 -> Progress: 100 done!
Testing...
 -> Progress: 20 done!
 -> Progress: 40 done!
 -> Progress: 60 done!
 -> Progress: 80 done!
 -> Progress: 100 done!
Testing...
 -> Progress: 20 done!
 -> Progress: 40 done!
 -> Progress: 60 done!
 -> Progress: 80 done!
 -> Progress: 100 done!

Keys:  ['time', 'acc1', 'acc5', 'ce_loss']
Training:  [0.02296363334266507, 0.0, 0.0, 0.0029578586702938285]
Testing on Task A:  [0.005294114351272583, 68.525, 90.275, 226.29279375076294]
Testing on Task B:  [0.020082807540893553, 73.2, 96.2, 172.19273071289064]
Testing on Task C:  [0.019866943359375, 78.0, 98.1, 137.47243728637696]
Best Acc:  68.75

Epoch: [86 | 90] LR: 0.000100
Training...
 -> Progress: 20 done!
 -> Progress: 40 done!
 -> Progress: 60 done!
 -> Progress: 80 done!
 -> Progress: 100 done!
Testing...
 -> Progress: 20 done!
 -> Progress: 40 done!
 -> Progress: 60 done!
 -> Progress: 80 done!
 -> Progress: 100 done!
Testing...
 -> Progress: 20 done!
 -> Progress: 40 done!
 -> Progress: 60 done!
 -> Progress: 80 done!
 -> Progress: 100 done!
Testing...
 -> Progress: 20 done!
 -> Progress: 40 done!
 -> Progress: 60 done!
 -> Progress: 80 done!
 -> Progress: 100 done!

Keys:  ['time', 'acc1', 'acc5', 'ce_loss']
Training:  [0.022780957270641715, 0.0, 0.0, 0.0028023647411122956]
Testing on Task A:  [0.005332952737808228, 68.5375, 90.325, 226.34070653915404]
Testing on Task B:  [0.020025634765625, 73.4, 96.0, 172.1699005126953]
Testing on Task C:  [0.02001504898071289, 78.2, 98.1, 137.32684631347655]
Best Acc:  68.75

Epoch: [87 | 90] LR: 0.000100
Training...
 -> Progress: 20 done!
 -> Progress: 40 done!
 -> Progress: 60 done!
 -> Progress: 80 done!
 -> Progress: 100 done!
Testing...
 -> Progress: 20 done!
 -> Progress: 40 done!
 -> Progress: 60 done!
 -> Progress: 80 done!
 -> Progress: 100 done!
Testing...
 -> Progress: 20 done!
 -> Progress: 40 done!
 -> Progress: 60 done!
 -> Progress: 80 done!
 -> Progress: 100 done!
Testing...
 -> Progress: 20 done!
 -> Progress: 40 done!
 -> Progress: 60 done!
 -> Progress: 80 done!
 -> Progress: 100 done!

Keys:  ['time', 'acc1', 'acc5', 'ce_loss']
Training:  [0.022947064467838833, 0.0, 0.0, 0.002914088748499979]
Testing on Task A:  [0.005353164672851562, 68.5625, 90.3125, 226.3444540977478]
Testing on Task B:  [0.020023608207702638, 73.4, 96.1, 172.3018020629883]
Testing on Task C:  [0.018500542640686034, 78.3, 98.0, 137.52808532714843]
Best Acc:  68.75

Epoch: [88 | 90] LR: 0.000100
Training...
 -> Progress: 20 done!
 -> Progress: 40 done!
 -> Progress: 60 done!
 -> Progress: 80 done!
 -> Progress: 100 done!
Testing...
 -> Progress: 20 done!
 -> Progress: 40 done!
 -> Progress: 60 done!
 -> Progress: 80 done!
 -> Progress: 100 done!
Testing...
 -> Progress: 20 done!
 -> Progress: 40 done!
 -> Progress: 60 done!
 -> Progress: 80 done!
 -> Progress: 100 done!
Testing...
 -> Progress: 20 done!
 -> Progress: 40 done!
 -> Progress: 60 done!
 -> Progress: 80 done!
 -> Progress: 100 done!

Keys:  ['time', 'acc1', 'acc5', 'ce_loss']
Training:  [0.022884052626940668, 0.0, 0.0, 0.0028339884757974223]
Testing on Task A:  [0.005357897281646729, 68.55, 90.275, 226.42848148345948]
Testing on Task B:  [0.02085402011871338, 73.2, 96.2, 172.4246681213379]
Testing on Task C:  [0.020565080642700195, 78.3, 98.0, 137.6031120300293]
Best Acc:  68.75

Epoch: [89 | 90] LR: 0.000100
Training...
 -> Progress: 20 done!
 -> Progress: 40 done!
 -> Progress: 60 done!
 -> Progress: 80 done!
 -> Progress: 100 done!
Testing...
 -> Progress: 20 done!
 -> Progress: 40 done!
 -> Progress: 60 done!
 -> Progress: 80 done!
 -> Progress: 100 done!
Testing...
 -> Progress: 20 done!
 -> Progress: 40 done!
 -> Progress: 60 done!
 -> Progress: 80 done!
 -> Progress: 100 done!
Testing...
 -> Progress: 20 done!
 -> Progress: 40 done!
 -> Progress: 60 done!
 -> Progress: 80 done!
 -> Progress: 100 done!

Keys:  ['time', 'acc1', 'acc5', 'ce_loss']
Training:  [0.02280705315726144, 0.0, 0.0, 0.003616013807542765]
Testing on Task A:  [0.005318531394004821, 68.5125, 90.325, 226.235675239563]
Testing on Task B:  [0.020070266723632813, 73.2, 96.0, 172.0483741760254]
Testing on Task C:  [0.0198289155960083, 78.2, 98.0, 137.3311996459961]
Best Acc:  68.75

Epoch: [90 | 90] LR: 0.000100
Training...
 -> Progress: 20 done!
 -> Progress: 40 done!
 -> Progress: 60 done!
 -> Progress: 80 done!
 -> Progress: 100 done!
Testing...
 -> Progress: 20 done!
 -> Progress: 40 done!
 -> Progress: 60 done!
 -> Progress: 80 done!
 -> Progress: 100 done!
Testing...
 -> Progress: 20 done!
 -> Progress: 40 done!
 -> Progress: 60 done!
 -> Progress: 80 done!
 -> Progress: 100 done!
Testing...
 -> Progress: 20 done!
 -> Progress: 40 done!
 -> Progress: 60 done!
 -> Progress: 80 done!
 -> Progress: 100 done!

Keys:  ['time', 'acc1', 'acc5', 'ce_loss']
Training:  [0.02298292456840982, 0.0, 0.0, 0.0027020105828379033]
Testing on Task A:  [0.005495095252990722, 68.5375, 90.3125, 226.26249380111693]
Testing on Task B:  [0.020157933235168457, 73.3, 96.2, 172.40005493164062]
Testing on Task C:  [0.020119833946228027, 78.1, 98.0, 137.2911735534668]
Best Acc:  68.75

real	12m38.437s
user	17m20.985s
sys	5m46.801s

Ending script...
Mon Feb 28 19:42:45 EST 2022
