Mon Feb 28 19:29:46 EST 2022
Slurm nodes: evc5
You were assigned 1 gpu(s)
Please run `conda env list` to see a list of all available environments. Use
`source activate <env>` to activate the environment '<env>'. 

Currently Loaded Modules:
  1) anaconda/anaconda3

 

	[4mGPU0	mlx5_0	CPU Affinity	NUMA Affinity[0m
GPU0	 X 	SYS	0,2,4,6	0-1
mlx5_0	SYS	 X 		

Legend:

  X    = Self
  SYS  = Connection traversing PCIe as well as the SMP interconnect between NUMA nodes (e.g., QPI/UPI)
  NODE = Connection traversing PCIe as well as the interconnect between PCIe Host Bridges within a NUMA node
  PHB  = Connection traversing PCIe as well as a PCIe Host Bridge (typically the CPU)
  PXB  = Connection traversing multiple PCIe bridges (without traversing the PCIe Host Bridge)
  PIX  = Connection traversing at most a single PCIe bridge
  NV#  = Connection traversing a bonded set of # NVLinks

1.1.0

Namespace(arch='vgg16', checkpoint='checkpoint', data_avail=100, dataset='cifar100', epochs=90, gamma=0.1, jobid='126777', logs='logs', lr=0.001, manualSeed=4500, momentum=0.9, schedule=[30, 60], t1_weight=0.001, t2_weight=0.001, t3_weight=0.001, task_set='vehicles10-large_animals10-reset80', test_batch=100, train_batch=128, weight_decay=0.0005, workers=4)
==> Preparing dataset cifar100
Files already downloaded and verified
Testing...
 -> Progress: 20 done!
 -> Progress: 40 done!
 -> Progress: 60 done!
 -> Progress: 80 done!
 -> Progress: 100 done!

Test loss: 2.2105 
Val accuracy: 70.25%
==> Preparing dataset cifar100
Files already downloaded and verified
Testing...
 -> Progress: 20 done!
 -> Progress: 40 done!
 -> Progress: 60 done!
 -> Progress: 80 done!
 -> Progress: 100 done!

Test loss: 3.5464 
Val accuracy: 49.90%
==> Preparing dataset cifar100
Files already downloaded and verified
Testing...
 -> Progress: 20 done!
 -> Progress: 40 done!
 -> Progress: 60 done!
 -> Progress: 80 done!
 -> Progress: 100 done!

Test loss: 8.7389 
Val accuracy: 41.00%
==> Preparing dataset cifar100
Files already downloaded and verified
==> Preparing dataset cifar100
Files already downloaded and verified
==> Preparing dataset cifar100
Files already downloaded and verified
==> Preparing dataset cifar100
Files already downloaded and verified
    Total params: 14.77M

Epoch: [1 | 90] LR: 0.001000
Training...
 -> Progress: 20 done!
 -> Progress: 40 done!
 -> Progress: 60 done!
 -> Progress: 80 done!
 -> Progress: 100 done!
Testing...
 -> Progress: 20 done!
 -> Progress: 40 done!
 -> Progress: 60 done!
 -> Progress: 80 done!
 -> Progress: 100 done!
Testing...
 -> Progress: 20 done!
 -> Progress: 40 done!
 -> Progress: 60 done!
 -> Progress: 80 done!
 -> Progress: 100 done!
Testing...
 -> Progress: 20 done!
 -> Progress: 40 done!
 -> Progress: 60 done!
 -> Progress: 80 done!
 -> Progress: 100 done!

Keys:  ['time', 'acc1', 'acc5', 'ce_loss']
Training:  [0.022611014373467096, 0.0, 0.0, 0.3346596162985353]
Testing on Task A:  [0.005508720874786377, 70.0, 90.5, 133.2675048351288]
Testing on Task B:  [0.020826387405395507, 60.4, 93.3, 138.6038703918457]
Testing on Task C:  [0.019835376739501955, 63.0, 96.5, 117.42800369262696]
Best Acc:  70.0

Epoch: [2 | 90] LR: 0.001000
Training...
 -> Progress: 20 done!
 -> Progress: 40 done!
 -> Progress: 60 done!
 -> Progress: 80 done!
 -> Progress: 100 done!
Testing...
 -> Progress: 20 done!
 -> Progress: 40 done!
 -> Progress: 60 done!
 -> Progress: 80 done!
 -> Progress: 100 done!
Testing...
 -> Progress: 20 done!
 -> Progress: 40 done!
 -> Progress: 60 done!
 -> Progress: 80 done!
 -> Progress: 100 done!
Testing...
 -> Progress: 20 done!
 -> Progress: 40 done!
 -> Progress: 60 done!
 -> Progress: 80 done!
 -> Progress: 100 done!

Keys:  ['time', 'acc1', 'acc5', 'ce_loss']
Training:  [0.022370874424419745, 0.0, 0.0, 0.23601942400798162]
Testing on Task A:  [0.0053736835718154905, 70.05, 90.625, 141.6557131767273]
Testing on Task B:  [0.020218539237976074, 61.9, 94.0, 133.38460311889648]
Testing on Task C:  [0.020326972007751465, 66.8, 96.8, 105.40033645629883]
Best Acc:  70.05

Epoch: [3 | 90] LR: 0.001000
Training...
 -> Progress: 20 done!
 -> Progress: 40 done!
 -> Progress: 60 done!
 -> Progress: 80 done!
 -> Progress: 100 done!
Testing...
 -> Progress: 20 done!
 -> Progress: 40 done!
 -> Progress: 60 done!
 -> Progress: 80 done!
 -> Progress: 100 done!
Testing...
 -> Progress: 20 done!
 -> Progress: 40 done!
 -> Progress: 60 done!
 -> Progress: 80 done!
 -> Progress: 100 done!
Testing...
 -> Progress: 20 done!
 -> Progress: 40 done!
 -> Progress: 60 done!
 -> Progress: 80 done!
 -> Progress: 100 done!

Keys:  ['time', 'acc1', 'acc5', 'ce_loss']
Training:  [0.022401191389469235, 0.0, 0.0, 0.20397809890034557]
Testing on Task A:  [0.005413752794265747, 70.0125, 90.7375, 146.98839197158813]
Testing on Task B:  [0.02042841911315918, 63.9, 93.7, 123.32727127075195]
Testing on Task C:  [0.020390009880065917, 67.7, 97.2, 102.07740325927735]
Best Acc:  70.05

Epoch: [4 | 90] LR: 0.001000
Training...
 -> Progress: 20 done!
 -> Progress: 40 done!
 -> Progress: 60 done!
 -> Progress: 80 done!
 -> Progress: 100 done!
Testing...
 -> Progress: 20 done!
 -> Progress: 40 done!
 -> Progress: 60 done!
 -> Progress: 80 done!
 -> Progress: 100 done!
Testing...
 -> Progress: 20 done!
 -> Progress: 40 done!
 -> Progress: 60 done!
 -> Progress: 80 done!
 -> Progress: 100 done!
Testing...
 -> Progress: 20 done!
 -> Progress: 40 done!
 -> Progress: 60 done!
 -> Progress: 80 done!
 -> Progress: 100 done!

Keys:  ['time', 'acc1', 'acc5', 'ce_loss']
Training:  [0.02245845941021619, 0.0, 0.0, 0.17948865163547303]
Testing on Task A:  [0.005315589904785156, 70.0875, 90.8875, 151.72571630477904]
Testing on Task B:  [0.021088695526123045, 64.3, 94.2, 123.8164451599121]
Testing on Task C:  [0.020097756385803224, 70.2, 97.5, 95.7906509399414]
Best Acc:  70.0875

Epoch: [5 | 90] LR: 0.001000
Training...
 -> Progress: 20 done!
 -> Progress: 40 done!
 -> Progress: 60 done!
 -> Progress: 80 done!
 -> Progress: 100 done!
Testing...
 -> Progress: 20 done!
 -> Progress: 40 done!
 -> Progress: 60 done!
 -> Progress: 80 done!
 -> Progress: 100 done!
Testing...
 -> Progress: 20 done!
 -> Progress: 40 done!
 -> Progress: 60 done!
 -> Progress: 80 done!
 -> Progress: 100 done!
Testing...
 -> Progress: 20 done!
 -> Progress: 40 done!
 -> Progress: 60 done!
 -> Progress: 80 done!
 -> Progress: 100 done!

Keys:  ['time', 'acc1', 'acc5', 'ce_loss']
Training:  [0.022385980771935505, 0.0, 0.0, 0.15682562291050506]
Testing on Task A:  [0.005399972200393677, 69.8, 90.6875, 162.08787479400635]
Testing on Task B:  [0.02132875919342041, 65.4, 94.9, 122.29106140136719]
Testing on Task C:  [0.02019031047821045, 71.0, 97.2, 96.01235580444336]
Best Acc:  70.0875

Epoch: [6 | 90] LR: 0.001000
Training...
 -> Progress: 20 done!
 -> Progress: 40 done!
 -> Progress: 60 done!
 -> Progress: 80 done!
 -> Progress: 100 done!
Testing...
 -> Progress: 20 done!
 -> Progress: 40 done!
 -> Progress: 60 done!
 -> Progress: 80 done!
 -> Progress: 100 done!
Testing...
 -> Progress: 20 done!
 -> Progress: 40 done!
 -> Progress: 60 done!
 -> Progress: 80 done!
 -> Progress: 100 done!
Testing...
 -> Progress: 20 done!
 -> Progress: 40 done!
 -> Progress: 60 done!
 -> Progress: 80 done!
 -> Progress: 100 done!

Keys:  ['time', 'acc1', 'acc5', 'ce_loss']
Training:  [0.022350624089350787, 0.0, 0.0, 0.1457363926350613]
Testing on Task A:  [0.005347365140914917, 69.85, 90.5, 168.65662441253662]
Testing on Task B:  [0.020335292816162108, 64.9, 95.3, 122.29465866088867]
Testing on Task C:  [0.02027473449707031, 72.4, 97.5, 95.10463409423828]
Best Acc:  70.0875

Epoch: [7 | 90] LR: 0.001000
Training...
 -> Progress: 20 done!
 -> Progress: 40 done!
 -> Progress: 60 done!
 -> Progress: 80 done!
 -> Progress: 100 done!
Testing...
 -> Progress: 20 done!
 -> Progress: 40 done!
 -> Progress: 60 done!
 -> Progress: 80 done!
 -> Progress: 100 done!
Testing...
 -> Progress: 20 done!
 -> Progress: 40 done!
 -> Progress: 60 done!
 -> Progress: 80 done!
 -> Progress: 100 done!
Testing...
 -> Progress: 20 done!
 -> Progress: 40 done!
 -> Progress: 60 done!
 -> Progress: 80 done!
 -> Progress: 100 done!

Keys:  ['time', 'acc1', 'acc5', 'ce_loss']
Training:  [0.0224528709031127, 0.0, 0.0, 0.1292958261011659]
Testing on Task A:  [0.0053822875022888185, 69.7, 90.625, 175.59156036376953]
Testing on Task B:  [0.020273685455322266, 66.5, 94.9, 123.85330200195312]
Testing on Task C:  [0.020223784446716308, 73.3, 97.7, 94.88843536376953]
Best Acc:  70.0875

Epoch: [8 | 90] LR: 0.001000
Training...
 -> Progress: 20 done!
 -> Progress: 40 done!
 -> Progress: 60 done!
 -> Progress: 80 done!
 -> Progress: 100 done!
Testing...
 -> Progress: 20 done!
 -> Progress: 40 done!
 -> Progress: 60 done!
 -> Progress: 80 done!
 -> Progress: 100 done!
Testing...
 -> Progress: 20 done!
 -> Progress: 40 done!
 -> Progress: 60 done!
 -> Progress: 80 done!
 -> Progress: 100 done!
Testing...
 -> Progress: 20 done!
 -> Progress: 40 done!
 -> Progress: 60 done!
 -> Progress: 80 done!
 -> Progress: 100 done!

Keys:  ['time', 'acc1', 'acc5', 'ce_loss']
Training:  [0.02242543630282897, 0.0, 0.0, 0.12157825804541787]
Testing on Task A:  [0.005397254228591919, 69.7875, 90.575, 178.39832191467286]
Testing on Task B:  [0.020246076583862304, 67.0, 95.1, 120.33183822631835]
Testing on Task C:  [0.02038993835449219, 73.4, 97.9, 93.83461227416993]
Best Acc:  70.0875

Epoch: [9 | 90] LR: 0.001000
Training...
 -> Progress: 20 done!
 -> Progress: 40 done!
 -> Progress: 60 done!
 -> Progress: 80 done!
 -> Progress: 100 done!
Testing...
 -> Progress: 20 done!
 -> Progress: 40 done!
 -> Progress: 60 done!
 -> Progress: 80 done!
 -> Progress: 100 done!
Testing...
 -> Progress: 20 done!
 -> Progress: 40 done!
 -> Progress: 60 done!
 -> Progress: 80 done!
 -> Progress: 100 done!
Testing...
 -> Progress: 20 done!
 -> Progress: 40 done!
 -> Progress: 60 done!
 -> Progress: 80 done!
 -> Progress: 100 done!

Keys:  ['time', 'acc1', 'acc5', 'ce_loss']
Training:  [0.022460208219640395, 0.0, 0.0, 0.10819831645816488]
Testing on Task A:  [0.0055590391159057615, 69.925, 90.6125, 183.10450859069823]
Testing on Task B:  [0.020433640480041503, 68.1, 95.2, 118.61264724731446]
Testing on Task C:  [0.020308613777160645, 73.9, 97.6, 96.67931823730468]
Best Acc:  70.0875

Epoch: [10 | 90] LR: 0.001000
Training...
 -> Progress: 20 done!
 -> Progress: 40 done!
 -> Progress: 60 done!
 -> Progress: 80 done!
 -> Progress: 100 done!
Testing...
 -> Progress: 20 done!
 -> Progress: 40 done!
 -> Progress: 60 done!
 -> Progress: 80 done!
 -> Progress: 100 done!
Testing...
 -> Progress: 20 done!
 -> Progress: 40 done!
 -> Progress: 60 done!
 -> Progress: 80 done!
 -> Progress: 100 done!
Testing...
 -> Progress: 20 done!
 -> Progress: 40 done!
 -> Progress: 60 done!
 -> Progress: 80 done!
 -> Progress: 100 done!

Keys:  ['time', 'acc1', 'acc5', 'ce_loss']
Training:  [0.0224086890745041, 0.0, 0.0, 0.10128072965556703]
Testing on Task A:  [0.005600267648696899, 69.9125, 90.5875, 189.13880863189698]
Testing on Task B:  [0.020772433280944823, 67.6, 95.1, 121.03076171875]
Testing on Task C:  [0.021819138526916505, 72.9, 97.7, 99.84868240356445]
Best Acc:  70.0875

Epoch: [11 | 90] LR: 0.001000
Training...
 -> Progress: 20 done!
 -> Progress: 40 done!
 -> Progress: 60 done!
 -> Progress: 80 done!
 -> Progress: 100 done!
Testing...
 -> Progress: 20 done!
 -> Progress: 40 done!
 -> Progress: 60 done!
 -> Progress: 80 done!
 -> Progress: 100 done!
Testing...
 -> Progress: 20 done!
 -> Progress: 40 done!
 -> Progress: 60 done!
 -> Progress: 80 done!
 -> Progress: 100 done!
Testing...
 -> Progress: 20 done!
 -> Progress: 40 done!
 -> Progress: 60 done!
 -> Progress: 80 done!
 -> Progress: 100 done!

Keys:  ['time', 'acc1', 'acc5', 'ce_loss']
Training:  [0.022411719612453296, 0.0, 0.0, 0.09279542019986131]
Testing on Task A:  [0.005360099673271179, 69.575, 90.4875, 194.31615934371948]
Testing on Task B:  [0.02015044689178467, 67.7, 95.6, 123.09896621704101]
Testing on Task C:  [0.020214390754699708, 73.9, 98.1, 100.56566925048828]
Best Acc:  70.0875

Epoch: [12 | 90] LR: 0.001000
Training...
 -> Progress: 20 done!
 -> Progress: 40 done!
 -> Progress: 60 done!
 -> Progress: 80 done!
 -> Progress: 100 done!
Testing...
 -> Progress: 20 done!
 -> Progress: 40 done!
 -> Progress: 60 done!
 -> Progress: 80 done!
 -> Progress: 100 done!
Testing...
 -> Progress: 20 done!
 -> Progress: 40 done!
 -> Progress: 60 done!
 -> Progress: 80 done!
 -> Progress: 100 done!
Testing...
 -> Progress: 20 done!
 -> Progress: 40 done!
 -> Progress: 60 done!
 -> Progress: 80 done!
 -> Progress: 100 done!

Keys:  ['time', 'acc1', 'acc5', 'ce_loss']
Training:  [0.022421371601426692, 0.0, 0.0, 0.08566849186178059]
Testing on Task A:  [0.005399972200393677, 69.775, 90.6875, 197.7677903175354]
Testing on Task B:  [0.020175933837890625, 68.4, 95.6, 124.58922119140625]
Testing on Task C:  [0.020266413688659668, 74.4, 98.0, 97.10481567382813]
Best Acc:  70.0875

Epoch: [13 | 90] LR: 0.001000
Training...
 -> Progress: 20 done!
 -> Progress: 40 done!
 -> Progress: 60 done!
 -> Progress: 80 done!
 -> Progress: 100 done!
Testing...
 -> Progress: 20 done!
 -> Progress: 40 done!
 -> Progress: 60 done!
 -> Progress: 80 done!
 -> Progress: 100 done!
Testing...
 -> Progress: 20 done!
 -> Progress: 40 done!
 -> Progress: 60 done!
 -> Progress: 80 done!
 -> Progress: 100 done!
Testing...
 -> Progress: 20 done!
 -> Progress: 40 done!
 -> Progress: 60 done!
 -> Progress: 80 done!
 -> Progress: 100 done!

Keys:  ['time', 'acc1', 'acc5', 'ce_loss']
Training:  [0.02244857144172844, 0.0, 0.0, 0.07914662153919792]
Testing on Task A:  [0.005419385433197021, 69.6375, 90.45, 203.1604215621948]
Testing on Task B:  [0.020317268371582032, 69.8, 95.6, 123.7391300201416]
Testing on Task C:  [0.020235371589660645, 74.0, 97.9, 100.82310562133789]
Best Acc:  70.0875

Epoch: [14 | 90] LR: 0.001000
Training...
 -> Progress: 20 done!
 -> Progress: 40 done!
 -> Progress: 60 done!
 -> Progress: 80 done!
 -> Progress: 100 done!
Testing...
 -> Progress: 20 done!
 -> Progress: 40 done!
 -> Progress: 60 done!
 -> Progress: 80 done!
 -> Progress: 100 done!
Testing...
 -> Progress: 20 done!
 -> Progress: 40 done!
 -> Progress: 60 done!
 -> Progress: 80 done!
 -> Progress: 100 done!
Testing...
 -> Progress: 20 done!
 -> Progress: 40 done!
 -> Progress: 60 done!
 -> Progress: 80 done!
 -> Progress: 100 done!

Keys:  ['time', 'acc1', 'acc5', 'ce_loss']
Training:  [0.022449603775882964, 0.0, 0.0, 0.07276896711276926]
Testing on Task A:  [0.005264893174171448, 69.7625, 90.6625, 205.5714147567749]
Testing on Task B:  [0.020227789878845215, 68.1, 95.3, 126.7245319366455]
Testing on Task C:  [0.020248889923095703, 74.9, 98.4, 101.97630729675294]
Best Acc:  70.0875

Epoch: [15 | 90] LR: 0.001000
Training...
 -> Progress: 20 done!
 -> Progress: 40 done!
 -> Progress: 60 done!
 -> Progress: 80 done!
 -> Progress: 100 done!
Testing...
 -> Progress: 20 done!
 -> Progress: 40 done!
 -> Progress: 60 done!
 -> Progress: 80 done!
 -> Progress: 100 done!
Testing...
 -> Progress: 20 done!
 -> Progress: 40 done!
 -> Progress: 60 done!
 -> Progress: 80 done!
 -> Progress: 100 done!
Testing...
 -> Progress: 20 done!
 -> Progress: 40 done!
 -> Progress: 60 done!
 -> Progress: 80 done!
 -> Progress: 100 done!

Keys:  ['time', 'acc1', 'acc5', 'ce_loss']
Training:  [0.022381609358141184, 0.0, 0.0, 0.06875459891755867]
Testing on Task A:  [0.005520480871200562, 69.6625, 90.55, 207.63150482177736]
Testing on Task B:  [0.02110140323638916, 70.8, 95.6, 127.01424026489258]
Testing on Task C:  [0.02081265449523926, 75.5, 98.0, 104.33965835571288]
Best Acc:  70.0875

Epoch: [16 | 90] LR: 0.001000
Training...
 -> Progress: 20 done!
 -> Progress: 40 done!
 -> Progress: 60 done!
 -> Progress: 80 done!
 -> Progress: 100 done!
Testing...
 -> Progress: 20 done!
 -> Progress: 40 done!
 -> Progress: 60 done!
 -> Progress: 80 done!
 -> Progress: 100 done!
Testing...
 -> Progress: 20 done!
 -> Progress: 40 done!
 -> Progress: 60 done!
 -> Progress: 80 done!
 -> Progress: 100 done!
Testing...
 -> Progress: 20 done!
 -> Progress: 40 done!
 -> Progress: 60 done!
 -> Progress: 80 done!
 -> Progress: 100 done!

Keys:  ['time', 'acc1', 'acc5', 'ce_loss']
Training:  [0.02242239478908841, 0.0, 0.0, 0.06276419150936025]
Testing on Task A:  [0.005349215865135193, 69.8375, 90.275, 211.56028575897216]
Testing on Task B:  [0.02027890682220459, 68.3, 95.9, 130.4807571411133]
Testing on Task C:  [0.020228648185729982, 74.3, 97.9, 106.31050643920898]
Best Acc:  70.0875

Epoch: [17 | 90] LR: 0.001000
Training...
 -> Progress: 20 done!
 -> Progress: 40 done!
 -> Progress: 60 done!
 -> Progress: 80 done!
 -> Progress: 100 done!
Testing...
 -> Progress: 20 done!
 -> Progress: 40 done!
 -> Progress: 60 done!
 -> Progress: 80 done!
 -> Progress: 100 done!
Testing...
 -> Progress: 20 done!
 -> Progress: 40 done!
 -> Progress: 60 done!
 -> Progress: 80 done!
 -> Progress: 100 done!
Testing...
 -> Progress: 20 done!
 -> Progress: 40 done!
 -> Progress: 60 done!
 -> Progress: 80 done!
 -> Progress: 100 done!

Keys:  ['time', 'acc1', 'acc5', 'ce_loss']
Training:  [0.022433147406029273, 0.0, 0.0, 0.058664027534787305]
Testing on Task A:  [0.005307939648628235, 69.7125, 90.575, 213.45607862472534]
Testing on Task B:  [0.02016127109527588, 69.4, 96.4, 128.97264099121094]
Testing on Task C:  [0.020530200004577635, 74.4, 98.2, 110.89428100585937]
Best Acc:  70.0875

Epoch: [18 | 90] LR: 0.001000
Training...
 -> Progress: 20 done!
 -> Progress: 40 done!
 -> Progress: 60 done!
 -> Progress: 80 done!
 -> Progress: 100 done!
Testing...
 -> Progress: 20 done!
 -> Progress: 40 done!
 -> Progress: 60 done!
 -> Progress: 80 done!
 -> Progress: 100 done!
Testing...
 -> Progress: 20 done!
 -> Progress: 40 done!
 -> Progress: 60 done!
 -> Progress: 80 done!
 -> Progress: 100 done!
Testing...
 -> Progress: 20 done!
 -> Progress: 40 done!
 -> Progress: 60 done!
 -> Progress: 80 done!
 -> Progress: 100 done!

Keys:  ['time', 'acc1', 'acc5', 'ce_loss']
Training:  [0.02245215259854446, 0.0, 0.0, 0.05806062953151248]
Testing on Task A:  [0.005385005474090576, 69.75, 90.5125, 214.96441535949708]
Testing on Task B:  [0.02035477161407471, 70.2, 96.4, 131.00176696777345]
Testing on Task C:  [0.02034909725189209, 75.1, 98.0, 105.9650032043457]
Best Acc:  70.0875

Epoch: [19 | 90] LR: 0.001000
Training...
 -> Progress: 20 done!
 -> Progress: 40 done!
 -> Progress: 60 done!
 -> Progress: 80 done!
 -> Progress: 100 done!
Testing...
 -> Progress: 20 done!
 -> Progress: 40 done!
 -> Progress: 60 done!
 -> Progress: 80 done!
 -> Progress: 100 done!
Testing...
 -> Progress: 20 done!
 -> Progress: 40 done!
 -> Progress: 60 done!
 -> Progress: 80 done!
 -> Progress: 100 done!
Testing...
 -> Progress: 20 done!
 -> Progress: 40 done!
 -> Progress: 60 done!
 -> Progress: 80 done!
 -> Progress: 100 done!

Keys:  ['time', 'acc1', 'acc5', 'ce_loss']
Training:  [0.022407814669792, 0.0, 0.0, 0.055673074101090736]
Testing on Task A:  [0.005488499999046326, 69.9125, 90.425, 218.57643938064575]
Testing on Task B:  [0.02007017135620117, 69.1, 96.7, 131.13871536254882]
Testing on Task C:  [0.020443487167358398, 75.2, 98.4, 109.66883926391601]
Best Acc:  70.0875

Epoch: [20 | 90] LR: 0.001000
Training...
 -> Progress: 20 done!
 -> Progress: 40 done!
 -> Progress: 60 done!
 -> Progress: 80 done!
 -> Progress: 100 done!
Testing...
 -> Progress: 20 done!
 -> Progress: 40 done!
 -> Progress: 60 done!
 -> Progress: 80 done!
 -> Progress: 100 done!
Testing...
 -> Progress: 20 done!
 -> Progress: 40 done!
 -> Progress: 60 done!
 -> Progress: 80 done!
 -> Progress: 100 done!
Testing...
 -> Progress: 20 done!
 -> Progress: 40 done!
 -> Progress: 60 done!
 -> Progress: 80 done!
 -> Progress: 100 done!

Keys:  ['time', 'acc1', 'acc5', 'ce_loss']
Training:  [0.02238385695630632, 0.0, 0.0, 0.051107946140191436]
Testing on Task A:  [0.00546107292175293, 69.9375, 90.475, 221.38415203094482]
Testing on Task B:  [0.021407675743103028, 69.5, 96.8, 131.2368927001953]
Testing on Task C:  [0.02181370258331299, 75.2, 98.2, 108.16370964050293]
Best Acc:  70.0875

Epoch: [21 | 90] LR: 0.001000
Training...
 -> Progress: 20 done!
 -> Progress: 40 done!
 -> Progress: 60 done!
 -> Progress: 80 done!
 -> Progress: 100 done!
Testing...
 -> Progress: 20 done!
 -> Progress: 40 done!
 -> Progress: 60 done!
 -> Progress: 80 done!
 -> Progress: 100 done!
Testing...
 -> Progress: 20 done!
 -> Progress: 40 done!
 -> Progress: 60 done!
 -> Progress: 80 done!
 -> Progress: 100 done!
Testing...
 -> Progress: 20 done!
 -> Progress: 40 done!
 -> Progress: 60 done!
 -> Progress: 80 done!
 -> Progress: 100 done!

Keys:  ['time', 'acc1', 'acc5', 'ce_loss']
Training:  [0.02240821406664446, 0.0, 0.0, 0.04614182090019936]
Testing on Task A:  [0.005561059713363648, 69.825, 90.3125, 223.9488881111145]
Testing on Task B:  [0.020227575302124025, 68.5, 96.7, 143.41562576293944]
Testing on Task C:  [0.020151734352111816, 75.7, 97.9, 117.45985107421875]
Best Acc:  70.0875

Epoch: [22 | 90] LR: 0.001000
Training...
 -> Progress: 20 done!
 -> Progress: 40 done!
 -> Progress: 60 done!
 -> Progress: 80 done!
 -> Progress: 100 done!
Testing...
 -> Progress: 20 done!
 -> Progress: 40 done!
 -> Progress: 60 done!
 -> Progress: 80 done!
 -> Progress: 100 done!
Testing...
 -> Progress: 20 done!
 -> Progress: 40 done!
 -> Progress: 60 done!
 -> Progress: 80 done!
 -> Progress: 100 done!
Testing...
 -> Progress: 20 done!
 -> Progress: 40 done!
 -> Progress: 60 done!
 -> Progress: 80 done!
 -> Progress: 100 done!

Keys:  ['time', 'acc1', 'acc5', 'ce_loss']
Training:  [0.022436904175507137, 0.0, 0.0, 0.04482014034696095]
Testing on Task A:  [0.005374592542648315, 69.8125, 90.675, 225.8713433265686]
Testing on Task B:  [0.02028207778930664, 69.1, 95.8, 139.22049865722656]
Testing on Task C:  [0.02035040855407715, 75.6, 98.2, 113.7024528503418]
Best Acc:  70.0875

Epoch: [23 | 90] LR: 0.001000
Training...
 -> Progress: 20 done!
 -> Progress: 40 done!
 -> Progress: 60 done!
 -> Progress: 80 done!
 -> Progress: 100 done!
Testing...
 -> Progress: 20 done!
 -> Progress: 40 done!
 -> Progress: 60 done!
 -> Progress: 80 done!
 -> Progress: 100 done!
Testing...
 -> Progress: 20 done!
 -> Progress: 40 done!
 -> Progress: 60 done!
 -> Progress: 80 done!
 -> Progress: 100 done!
Testing...
 -> Progress: 20 done!
 -> Progress: 40 done!
 -> Progress: 60 done!
 -> Progress: 80 done!
 -> Progress: 100 done!

Keys:  ['time', 'acc1', 'acc5', 'ce_loss']
Training:  [0.02240850065675233, 0.0, 0.0, 0.042037996684994236]
Testing on Task A:  [0.005307194590568542, 69.7125, 90.45, 230.15490446090698]
Testing on Task B:  [0.02009761333465576, 70.3, 96.7, 139.78067512512206]
Testing on Task C:  [0.02010684013366699, 76.1, 98.4, 114.8037322998047]
Best Acc:  70.0875

Epoch: [24 | 90] LR: 0.001000
Training...
 -> Progress: 20 done!
 -> Progress: 40 done!
 -> Progress: 60 done!
 -> Progress: 80 done!
 -> Progress: 100 done!
Testing...
 -> Progress: 20 done!
 -> Progress: 40 done!
 -> Progress: 60 done!
 -> Progress: 80 done!
 -> Progress: 100 done!
Testing...
 -> Progress: 20 done!
 -> Progress: 40 done!
 -> Progress: 60 done!
 -> Progress: 80 done!
 -> Progress: 100 done!
Testing...
 -> Progress: 20 done!
 -> Progress: 40 done!
 -> Progress: 60 done!
 -> Progress: 80 done!
 -> Progress: 100 done!

Keys:  ['time', 'acc1', 'acc5', 'ce_loss']
Training:  [0.02244091216865403, 0.0, 0.0, 0.03841264019994175]
Testing on Task A:  [0.005522665381431579, 69.5875, 90.6, 235.7842098236084]
Testing on Task B:  [0.020212435722351076, 70.4, 96.1, 143.9286102294922]
Testing on Task C:  [0.020239710807800293, 74.9, 98.3, 121.20237884521484]
Best Acc:  70.0875

Epoch: [25 | 90] LR: 0.001000
Training...
 -> Progress: 20 done!
 -> Progress: 40 done!
 -> Progress: 60 done!
 -> Progress: 80 done!
 -> Progress: 100 done!
Testing...
 -> Progress: 20 done!
 -> Progress: 40 done!
 -> Progress: 60 done!
 -> Progress: 80 done!
 -> Progress: 100 done!
Testing...
 -> Progress: 20 done!
 -> Progress: 40 done!
 -> Progress: 60 done!
 -> Progress: 80 done!
 -> Progress: 100 done!
Testing...
 -> Progress: 20 done!
 -> Progress: 40 done!
 -> Progress: 60 done!
 -> Progress: 80 done!
 -> Progress: 100 done!

Keys:  ['time', 'acc1', 'acc5', 'ce_loss']
Training:  [0.022356472356849923, 0.0, 0.0, 0.03826051685587525]
Testing on Task A:  [0.005328369140625, 69.475, 90.2, 234.0350923538208]
Testing on Task B:  [0.02149646282196045, 69.7, 96.0, 145.3104362487793]
Testing on Task C:  [0.022099828720092772, 76.4, 98.4, 119.88086166381837]
Best Acc:  70.0875

Epoch: [26 | 90] LR: 0.001000
Training...
 -> Progress: 20 done!
 -> Progress: 40 done!
 -> Progress: 60 done!
 -> Progress: 80 done!
 -> Progress: 100 done!
Testing...
 -> Progress: 20 done!
 -> Progress: 40 done!
 -> Progress: 60 done!
 -> Progress: 80 done!
 -> Progress: 100 done!
Testing...
 -> Progress: 20 done!
 -> Progress: 40 done!
 -> Progress: 60 done!
 -> Progress: 80 done!
 -> Progress: 100 done!
Testing...
 -> Progress: 20 done!
 -> Progress: 40 done!
 -> Progress: 60 done!
 -> Progress: 80 done!
 -> Progress: 100 done!

Keys:  ['time', 'acc1', 'acc5', 'ce_loss']
Training:  [0.022451220266044597, 0.0, 0.0, 0.03742083802323817]
Testing on Task A:  [0.005367845296859741, 69.6125, 90.4, 230.47480754852296]
Testing on Task B:  [0.020090675354003905, 69.4, 96.2, 146.1786148071289]
Testing on Task C:  [0.020203185081481934, 75.6, 98.0, 125.4252799987793]
Best Acc:  70.0875

Epoch: [27 | 90] LR: 0.001000
Training...
 -> Progress: 20 done!
 -> Progress: 40 done!
 -> Progress: 60 done!
 -> Progress: 80 done!
 -> Progress: 100 done!
Testing...
 -> Progress: 20 done!
 -> Progress: 40 done!
 -> Progress: 60 done!
 -> Progress: 80 done!
 -> Progress: 100 done!
Testing...
 -> Progress: 20 done!
 -> Progress: 40 done!
 -> Progress: 60 done!
 -> Progress: 80 done!
 -> Progress: 100 done!
Testing...
 -> Progress: 20 done!
 -> Progress: 40 done!
 -> Progress: 60 done!
 -> Progress: 80 done!
 -> Progress: 100 done!

Keys:  ['time', 'acc1', 'acc5', 'ce_loss']
Training:  [0.022454912400306642, 0.0, 0.0, 0.03424523772238313]
Testing on Task A:  [0.0053725093603134155, 69.3, 90.4, 234.42841730117797]
Testing on Task B:  [0.020290160179138185, 69.7, 96.4, 148.69480361938477]
Testing on Task C:  [0.02034907341003418, 76.8, 98.2, 120.58673553466797]
Best Acc:  70.0875

Epoch: [28 | 90] LR: 0.001000
Training...
 -> Progress: 20 done!
 -> Progress: 40 done!
 -> Progress: 60 done!
 -> Progress: 80 done!
 -> Progress: 100 done!
Testing...
 -> Progress: 20 done!
 -> Progress: 40 done!
 -> Progress: 60 done!
 -> Progress: 80 done!
 -> Progress: 100 done!
Testing...
 -> Progress: 20 done!
 -> Progress: 40 done!
 -> Progress: 60 done!
 -> Progress: 80 done!
 -> Progress: 100 done!
Testing...
 -> Progress: 20 done!
 -> Progress: 40 done!
 -> Progress: 60 done!
 -> Progress: 80 done!
 -> Progress: 100 done!

Keys:  ['time', 'acc1', 'acc5', 'ce_loss']
Training:  [0.022375452548951444, 0.0, 0.0, 0.03228016007605873]
Testing on Task A:  [0.00535736083984375, 69.5875, 90.4875, 238.48483028411866]
Testing on Task B:  [0.020289230346679687, 70.7, 96.1, 146.7119228363037]
Testing on Task C:  [0.020040416717529298, 75.4, 98.2, 126.83109588623047]
Best Acc:  70.0875

Epoch: [29 | 90] LR: 0.001000
Training...
 -> Progress: 20 done!
 -> Progress: 40 done!
 -> Progress: 60 done!
 -> Progress: 80 done!
 -> Progress: 100 done!
Testing...
 -> Progress: 20 done!
 -> Progress: 40 done!
 -> Progress: 60 done!
 -> Progress: 80 done!
 -> Progress: 100 done!
Testing...
 -> Progress: 20 done!
 -> Progress: 40 done!
 -> Progress: 60 done!
 -> Progress: 80 done!
 -> Progress: 100 done!
Testing...
 -> Progress: 20 done!
 -> Progress: 40 done!
 -> Progress: 60 done!
 -> Progress: 80 done!
 -> Progress: 100 done!

Keys:  ['time', 'acc1', 'acc5', 'ce_loss']
Training:  [0.022474574920771373, 0.0, 0.0, 0.031305814160705756]
Testing on Task A:  [0.005507832765579224, 69.7625, 90.3375, 238.05692691802977]
Testing on Task B:  [0.02011258602142334, 70.7, 96.3, 150.4009552001953]
Testing on Task C:  [0.020281291007995604, 77.0, 98.3, 123.81844635009766]
Best Acc:  70.0875

Epoch: [30 | 90] LR: 0.001000
Training...
 -> Progress: 20 done!
 -> Progress: 40 done!
 -> Progress: 60 done!
 -> Progress: 80 done!
 -> Progress: 100 done!
Testing...
 -> Progress: 20 done!
 -> Progress: 40 done!
 -> Progress: 60 done!
 -> Progress: 80 done!
 -> Progress: 100 done!
Testing...
 -> Progress: 20 done!
 -> Progress: 40 done!
 -> Progress: 60 done!
 -> Progress: 80 done!
 -> Progress: 100 done!
Testing...
 -> Progress: 20 done!
 -> Progress: 40 done!
 -> Progress: 60 done!
 -> Progress: 80 done!
 -> Progress: 100 done!

Keys:  ['time', 'acc1', 'acc5', 'ce_loss']
Training:  [0.022422852113728634, 0.0, 0.0, 0.032323402636077095]
Testing on Task A:  [0.005506411194801331, 69.625, 90.4, 236.79496412277223]
Testing on Task B:  [0.021376204490661622, 71.4, 96.1, 146.78804244995118]
Testing on Task C:  [0.02104971408843994, 77.9, 98.2, 119.29006690979004]
Best Acc:  70.0875

Epoch: [31 | 90] LR: 0.000100
Training...
 -> Progress: 20 done!
 -> Progress: 40 done!
 -> Progress: 60 done!
 -> Progress: 80 done!
 -> Progress: 100 done!
Testing...
 -> Progress: 20 done!
 -> Progress: 40 done!
 -> Progress: 60 done!
 -> Progress: 80 done!
 -> Progress: 100 done!
Testing...
 -> Progress: 20 done!
 -> Progress: 40 done!
 -> Progress: 60 done!
 -> Progress: 80 done!
 -> Progress: 100 done!
Testing...
 -> Progress: 20 done!
 -> Progress: 40 done!
 -> Progress: 60 done!
 -> Progress: 80 done!
 -> Progress: 100 done!

Keys:  ['time', 'acc1', 'acc5', 'ce_loss']
Training:  [0.022484093370949827, 0.0, 0.0, 0.024988264417099525]
Testing on Task A:  [0.005402904748916626, 69.95, 90.3875, 234.9859239578247]
Testing on Task B:  [0.020134544372558592, 71.5, 96.0, 144.78530654907226]
Testing on Task C:  [0.018804478645324706, 77.0, 98.5, 118.59810333251953]
Best Acc:  70.0875

Epoch: [32 | 90] LR: 0.000100
Training...
 -> Progress: 20 done!
 -> Progress: 40 done!
 -> Progress: 60 done!
 -> Progress: 80 done!
 -> Progress: 100 done!
Testing...
 -> Progress: 20 done!
 -> Progress: 40 done!
 -> Progress: 60 done!
 -> Progress: 80 done!
 -> Progress: 100 done!
Testing...
 -> Progress: 20 done!
 -> Progress: 40 done!
 -> Progress: 60 done!
 -> Progress: 80 done!
 -> Progress: 100 done!
Testing...
 -> Progress: 20 done!
 -> Progress: 40 done!
 -> Progress: 60 done!
 -> Progress: 80 done!
 -> Progress: 100 done!

Keys:  ['time', 'acc1', 'acc5', 'ce_loss']
Training:  [0.022424516165652848, 0.0, 0.0, 0.02518085853846939]
Testing on Task A:  [0.00538213849067688, 70.025, 90.475, 235.2414517402649]
Testing on Task B:  [0.020612215995788573, 71.5, 96.1, 144.8265266418457]
Testing on Task C:  [0.020241808891296387, 77.9, 98.4, 118.53665046691894]
Best Acc:  70.0875

Epoch: [33 | 90] LR: 0.000100
Training...
 -> Progress: 20 done!
 -> Progress: 40 done!
 -> Progress: 60 done!
 -> Progress: 80 done!
 -> Progress: 100 done!
Testing...
 -> Progress: 20 done!
 -> Progress: 40 done!
 -> Progress: 60 done!
 -> Progress: 80 done!
 -> Progress: 100 done!
Testing...
 -> Progress: 20 done!
 -> Progress: 40 done!
 -> Progress: 60 done!
 -> Progress: 80 done!
 -> Progress: 100 done!
Testing...
 -> Progress: 20 done!
 -> Progress: 40 done!
 -> Progress: 60 done!
 -> Progress: 80 done!
 -> Progress: 100 done!

Keys:  ['time', 'acc1', 'acc5', 'ce_loss']
Training:  [0.02248113295611213, 0.0, 0.0, 0.022685410196730947]
Testing on Task A:  [0.005372226238250732, 70.025, 90.5875, 236.44934377670288]
Testing on Task B:  [0.020218586921691893, 71.5, 96.2, 145.99744338989257]
Testing on Task C:  [0.02053842544555664, 77.7, 98.4, 120.11960334777832]
Best Acc:  70.0875

Epoch: [34 | 90] LR: 0.000100
Training...
 -> Progress: 20 done!
 -> Progress: 40 done!
 -> Progress: 60 done!
 -> Progress: 80 done!
 -> Progress: 100 done!
Testing...
 -> Progress: 20 done!
 -> Progress: 40 done!
 -> Progress: 60 done!
 -> Progress: 80 done!
 -> Progress: 100 done!
Testing...
 -> Progress: 20 done!
 -> Progress: 40 done!
 -> Progress: 60 done!
 -> Progress: 80 done!
 -> Progress: 100 done!
Testing...
 -> Progress: 20 done!
 -> Progress: 40 done!
 -> Progress: 60 done!
 -> Progress: 80 done!
 -> Progress: 100 done!

Keys:  ['time', 'acc1', 'acc5', 'ce_loss']
Training:  [0.02244250304863581, 0.0, 0.0, 0.022625955550566963]
Testing on Task A:  [0.005433925986289978, 69.9875, 90.425, 236.99314680099488]
Testing on Task B:  [0.020150160789489745, 71.5, 96.1, 146.89615478515626]
Testing on Task C:  [0.020250749588012696, 77.4, 98.3, 119.42898864746094]
Best Acc:  70.0875

Epoch: [35 | 90] LR: 0.000100
Training...
 -> Progress: 20 done!
 -> Progress: 40 done!
 -> Progress: 60 done!
 -> Progress: 80 done!
 -> Progress: 100 done!
Testing...
 -> Progress: 20 done!
 -> Progress: 40 done!
 -> Progress: 60 done!
 -> Progress: 80 done!
 -> Progress: 100 done!
Testing...
 -> Progress: 20 done!
 -> Progress: 40 done!
 -> Progress: 60 done!
 -> Progress: 80 done!
 -> Progress: 100 done!
Testing...
 -> Progress: 20 done!
 -> Progress: 40 done!
 -> Progress: 60 done!
 -> Progress: 80 done!
 -> Progress: 100 done!

Keys:  ['time', 'acc1', 'acc5', 'ce_loss']
Training:  [0.02240976653135646, 0.0, 0.0, 0.021297735887367632]
Testing on Task A:  [0.005654358863830566, 70.0625, 90.425, 239.69048070907593]
Testing on Task B:  [0.02144162654876709, 72.1, 96.3, 147.76662673950196]
Testing on Task C:  [0.020832324028015138, 77.8, 98.4, 121.54499549865723]
Best Acc:  70.0875

Epoch: [36 | 90] LR: 0.000100
Training...
 -> Progress: 20 done!
 -> Progress: 40 done!
 -> Progress: 60 done!
 -> Progress: 80 done!
 -> Progress: 100 done!
Testing...
 -> Progress: 20 done!
 -> Progress: 40 done!
 -> Progress: 60 done!
 -> Progress: 80 done!
 -> Progress: 100 done!
Testing...
 -> Progress: 20 done!
 -> Progress: 40 done!
 -> Progress: 60 done!
 -> Progress: 80 done!
 -> Progress: 100 done!
Testing...
 -> Progress: 20 done!
 -> Progress: 40 done!
 -> Progress: 60 done!
 -> Progress: 80 done!
 -> Progress: 100 done!

Keys:  ['time', 'acc1', 'acc5', 'ce_loss']
Training:  [0.022427630851335843, 0.0, 0.0, 0.02129708536450401]
Testing on Task A:  [0.005360877513885498, 69.9125, 90.425, 240.22147493362428]
Testing on Task B:  [0.020264410972595216, 72.0, 96.3, 148.0401824951172]
Testing on Task C:  [0.02036457061767578, 77.5, 98.5, 123.47347564697266]
Best Acc:  70.0875

Epoch: [37 | 90] LR: 0.000100
Training...
 -> Progress: 20 done!
 -> Progress: 40 done!
 -> Progress: 60 done!
 -> Progress: 80 done!
 -> Progress: 100 done!
Testing...
 -> Progress: 20 done!
 -> Progress: 40 done!
 -> Progress: 60 done!
 -> Progress: 80 done!
 -> Progress: 100 done!
Testing...
 -> Progress: 20 done!
 -> Progress: 40 done!
 -> Progress: 60 done!
 -> Progress: 80 done!
 -> Progress: 100 done!
Testing...
 -> Progress: 20 done!
 -> Progress: 40 done!
 -> Progress: 60 done!
 -> Progress: 80 done!
 -> Progress: 100 done!

Keys:  ['time', 'acc1', 'acc5', 'ce_loss']
Training:  [0.022470645587462597, 0.0, 0.0, 0.020414797431977508]
Testing on Task A:  [0.005383947491645813, 69.925, 90.3875, 240.84634647369384]
Testing on Task B:  [0.019596147537231445, 72.1, 96.2, 148.47355041503906]
Testing on Task C:  [0.021078968048095705, 77.9, 98.5, 122.71853332519531]
Best Acc:  70.0875

Epoch: [38 | 90] LR: 0.000100
Training...
 -> Progress: 20 done!
 -> Progress: 40 done!
 -> Progress: 60 done!
 -> Progress: 80 done!
 -> Progress: 100 done!
Testing...
 -> Progress: 20 done!
 -> Progress: 40 done!
 -> Progress: 60 done!
 -> Progress: 80 done!
 -> Progress: 100 done!
Testing...
 -> Progress: 20 done!
 -> Progress: 40 done!
 -> Progress: 60 done!
 -> Progress: 80 done!
 -> Progress: 100 done!
Testing...
 -> Progress: 20 done!
 -> Progress: 40 done!
 -> Progress: 60 done!
 -> Progress: 80 done!
 -> Progress: 100 done!

Keys:  ['time', 'acc1', 'acc5', 'ce_loss']
Training:  [0.022454619712536903, 0.0, 0.0, 0.019570569557797575]
Testing on Task A:  [0.005375173687934875, 69.9375, 90.425, 242.40537910461427]
Testing on Task B:  [0.020261049270629883, 72.4, 96.3, 149.89954071044923]
Testing on Task C:  [0.02046806812286377, 77.7, 98.4, 125.02125244140625]
Best Acc:  70.0875

Epoch: [39 | 90] LR: 0.000100
Training...
 -> Progress: 20 done!
 -> Progress: 40 done!
 -> Progress: 60 done!
 -> Progress: 80 done!
 -> Progress: 100 done!
Testing...
 -> Progress: 20 done!
 -> Progress: 40 done!
 -> Progress: 60 done!
 -> Progress: 80 done!
 -> Progress: 100 done!
Testing...
 -> Progress: 20 done!
 -> Progress: 40 done!
 -> Progress: 60 done!
 -> Progress: 80 done!
 -> Progress: 100 done!
Testing...
 -> Progress: 20 done!
 -> Progress: 40 done!
 -> Progress: 60 done!
 -> Progress: 80 done!
 -> Progress: 100 done!

Keys:  ['time', 'acc1', 'acc5', 'ce_loss']
Training:  [0.02249312400817871, 0.0, 0.0, 0.019586721039793985]
Testing on Task A:  [0.005338978767395019, 69.8375, 90.4, 243.30471925735475]
Testing on Task B:  [0.02017199993133545, 72.0, 96.3, 149.82570037841796]
Testing on Task C:  [0.019597935676574706, 77.3, 98.4, 125.10867004394531]
Best Acc:  70.0875

Epoch: [40 | 90] LR: 0.000100
Training...
 -> Progress: 20 done!
 -> Progress: 40 done!
 -> Progress: 60 done!
 -> Progress: 80 done!
 -> Progress: 100 done!
Testing...
 -> Progress: 20 done!
 -> Progress: 40 done!
 -> Progress: 60 done!
 -> Progress: 80 done!
 -> Progress: 100 done!
Testing...
 -> Progress: 20 done!
 -> Progress: 40 done!
 -> Progress: 60 done!
 -> Progress: 80 done!
 -> Progress: 100 done!
Testing...
 -> Progress: 20 done!
 -> Progress: 40 done!
 -> Progress: 60 done!
 -> Progress: 80 done!
 -> Progress: 100 done!

Keys:  ['time', 'acc1', 'acc5', 'ce_loss']
Training:  [0.022391321104200904, 0.0, 0.0, 0.020581428442731538]
Testing on Task A:  [0.005706888437271118, 70.0, 90.3875, 243.29452352523805]
Testing on Task B:  [0.021367621421813966, 71.6, 96.6, 150.06478576660157]
Testing on Task C:  [0.021421003341674804, 77.9, 98.4, 125.36162033081055]
Best Acc:  70.0875

Epoch: [41 | 90] LR: 0.000100
Training...
 -> Progress: 20 done!
 -> Progress: 40 done!
 -> Progress: 60 done!
 -> Progress: 80 done!
 -> Progress: 100 done!
Testing...
 -> Progress: 20 done!
 -> Progress: 40 done!
 -> Progress: 60 done!
 -> Progress: 80 done!
 -> Progress: 100 done!
Testing...
 -> Progress: 20 done!
 -> Progress: 40 done!
 -> Progress: 60 done!
 -> Progress: 80 done!
 -> Progress: 100 done!
Testing...
 -> Progress: 20 done!
 -> Progress: 40 done!
 -> Progress: 60 done!
 -> Progress: 80 done!
 -> Progress: 100 done!

Keys:  ['time', 'acc1', 'acc5', 'ce_loss']
Training:  [0.022444359786675104, 0.0, 0.0, 0.01779387235555731]
Testing on Task A:  [0.005364847183227539, 69.8625, 90.5, 244.75458669662476]
Testing on Task B:  [0.020137548446655273, 72.0, 96.6, 151.19712753295897]
Testing on Task C:  [0.02016770839691162, 77.4, 98.5, 125.71204376220703]
Best Acc:  70.0875

Epoch: [42 | 90] LR: 0.000100
Training...
 -> Progress: 20 done!
 -> Progress: 40 done!
 -> Progress: 60 done!
 -> Progress: 80 done!
 -> Progress: 100 done!
Testing...
 -> Progress: 20 done!
 -> Progress: 40 done!
 -> Progress: 60 done!
 -> Progress: 80 done!
 -> Progress: 100 done!
Testing...
 -> Progress: 20 done!
 -> Progress: 40 done!
 -> Progress: 60 done!
 -> Progress: 80 done!
 -> Progress: 100 done!
Testing...
 -> Progress: 20 done!
 -> Progress: 40 done!
 -> Progress: 60 done!
 -> Progress: 80 done!
 -> Progress: 100 done!

Keys:  ['time', 'acc1', 'acc5', 'ce_loss']
Training:  [0.022459722845755575, 0.0, 0.0, 0.020926077435712526]
Testing on Task A:  [0.005350086092948914, 69.9375, 90.425, 245.57276086807252]
Testing on Task B:  [0.02012162208557129, 72.3, 96.4, 152.02100677490233]
Testing on Task C:  [0.02035677433013916, 77.5, 98.5, 127.93623657226563]
Best Acc:  70.0875

Epoch: [43 | 90] LR: 0.000100
Training...
 -> Progress: 20 done!
 -> Progress: 40 done!
 -> Progress: 60 done!
 -> Progress: 80 done!
 -> Progress: 100 done!
Testing...
 -> Progress: 20 done!
 -> Progress: 40 done!
 -> Progress: 60 done!
 -> Progress: 80 done!
 -> Progress: 100 done!
Testing...
 -> Progress: 20 done!
 -> Progress: 40 done!
 -> Progress: 60 done!
 -> Progress: 80 done!
 -> Progress: 100 done!
Testing...
 -> Progress: 20 done!
 -> Progress: 40 done!
 -> Progress: 60 done!
 -> Progress: 80 done!
 -> Progress: 100 done!

Keys:  ['time', 'acc1', 'acc5', 'ce_loss']
Training:  [0.02251082856941711, 0.0, 0.0, 0.019757401024270087]
Testing on Task A:  [0.005393996834754944, 69.9125, 90.3625, 244.673188495636]
Testing on Task B:  [0.019932103157043458, 71.6, 96.4, 151.42442016601564]
Testing on Task C:  [0.01940631866455078, 77.8, 98.5, 126.74150772094727]
Best Acc:  70.0875

Epoch: [44 | 90] LR: 0.000100
Training...
 -> Progress: 20 done!
 -> Progress: 40 done!
 -> Progress: 60 done!
 -> Progress: 80 done!
 -> Progress: 100 done!
Testing...
 -> Progress: 20 done!
 -> Progress: 40 done!
 -> Progress: 60 done!
 -> Progress: 80 done!
 -> Progress: 100 done!
Testing...
 -> Progress: 20 done!
 -> Progress: 40 done!
 -> Progress: 60 done!
 -> Progress: 80 done!
 -> Progress: 100 done!
Testing...
 -> Progress: 20 done!
 -> Progress: 40 done!
 -> Progress: 60 done!
 -> Progress: 80 done!
 -> Progress: 100 done!

Keys:  ['time', 'acc1', 'acc5', 'ce_loss']
Training:  [0.022502212573195356, 0.0, 0.0, 0.019092861902983406]
Testing on Task A:  [0.005343779921531677, 69.825, 90.325, 245.7810601234436]
Testing on Task B:  [0.020140981674194335, 72.2, 96.1, 152.0377571105957]
Testing on Task C:  [0.020308303833007812, 77.7, 98.4, 127.255419921875]
Best Acc:  70.0875

Epoch: [45 | 90] LR: 0.000100
Training...
 -> Progress: 20 done!
 -> Progress: 40 done!
 -> Progress: 60 done!
 -> Progress: 80 done!
 -> Progress: 100 done!
Testing...
 -> Progress: 20 done!
 -> Progress: 40 done!
 -> Progress: 60 done!
 -> Progress: 80 done!
 -> Progress: 100 done!
Testing...
 -> Progress: 20 done!
 -> Progress: 40 done!
 -> Progress: 60 done!
 -> Progress: 80 done!
 -> Progress: 100 done!
Testing...
 -> Progress: 20 done!
 -> Progress: 40 done!
 -> Progress: 60 done!
 -> Progress: 80 done!
 -> Progress: 100 done!

Keys:  ['time', 'acc1', 'acc5', 'ce_loss']
Training:  [0.022438638350542855, 0.0, 0.0, 0.018779532245510374]
Testing on Task A:  [0.005598902702331543, 69.85, 90.425, 247.21960325241088]
Testing on Task B:  [0.02183372974395752, 72.2, 96.3, 152.6367172241211]
Testing on Task C:  [0.02169961929321289, 78.2, 98.4, 127.16200714111328]
Best Acc:  70.0875

Epoch: [46 | 90] LR: 0.000100
Training...
 -> Progress: 20 done!
 -> Progress: 40 done!
 -> Progress: 60 done!
 -> Progress: 80 done!
 -> Progress: 100 done!
Testing...
 -> Progress: 20 done!
 -> Progress: 40 done!
 -> Progress: 60 done!
 -> Progress: 80 done!
 -> Progress: 100 done!
Testing...
 -> Progress: 20 done!
 -> Progress: 40 done!
 -> Progress: 60 done!
 -> Progress: 80 done!
 -> Progress: 100 done!
Testing...
 -> Progress: 20 done!
 -> Progress: 40 done!
 -> Progress: 60 done!
 -> Progress: 80 done!
 -> Progress: 100 done!

Keys:  ['time', 'acc1', 'acc5', 'ce_loss']
Training:  [0.022428406473925657, 0.0, 0.0, 0.01794408373963421]
Testing on Task A:  [0.0053130507469177244, 69.95, 90.375, 248.02983684539794]
Testing on Task B:  [0.020052075386047363, 71.7, 96.5, 152.6510772705078]
Testing on Task C:  [0.01956336498260498, 77.6, 98.4, 128.22746505737305]
Best Acc:  70.0875

Epoch: [47 | 90] LR: 0.000100
Training...
 -> Progress: 20 done!
 -> Progress: 40 done!
 -> Progress: 60 done!
 -> Progress: 80 done!
 -> Progress: 100 done!
Testing...
 -> Progress: 20 done!
 -> Progress: 40 done!
 -> Progress: 60 done!
 -> Progress: 80 done!
 -> Progress: 100 done!
Testing...
 -> Progress: 20 done!
 -> Progress: 40 done!
 -> Progress: 60 done!
 -> Progress: 80 done!
 -> Progress: 100 done!
Testing...
 -> Progress: 20 done!
 -> Progress: 40 done!
 -> Progress: 60 done!
 -> Progress: 80 done!
 -> Progress: 100 done!

Keys:  ['time', 'acc1', 'acc5', 'ce_loss']
Training:  [0.022428266837468843, 0.0, 0.0, 0.01879090157425617]
Testing on Task A:  [0.005383875966072082, 69.9875, 90.45, 247.4787718772888]
Testing on Task B:  [0.0203582763671875, 72.3, 96.2, 152.7358428955078]
Testing on Task C:  [0.019480466842651367, 77.8, 98.4, 127.82486953735352]
Best Acc:  70.0875

Epoch: [48 | 90] LR: 0.000100
Training...
 -> Progress: 20 done!
 -> Progress: 40 done!
 -> Progress: 60 done!
 -> Progress: 80 done!
 -> Progress: 100 done!
Testing...
 -> Progress: 20 done!
 -> Progress: 40 done!
 -> Progress: 60 done!
 -> Progress: 80 done!
 -> Progress: 100 done!
Testing...
 -> Progress: 20 done!
 -> Progress: 40 done!
 -> Progress: 60 done!
 -> Progress: 80 done!
 -> Progress: 100 done!
Testing...
 -> Progress: 20 done!
 -> Progress: 40 done!
 -> Progress: 60 done!
 -> Progress: 80 done!
 -> Progress: 100 done!

Keys:  ['time', 'acc1', 'acc5', 'ce_loss']
Training:  [0.02239649618982964, 0.0, 0.0, 0.018190864559329684]
Testing on Task A:  [0.005339285731315613, 69.8375, 90.4875, 248.4054062843323]
Testing on Task B:  [0.020172977447509767, 72.3, 96.3, 154.02486724853514]
Testing on Task C:  [0.019656610488891602, 77.6, 98.5, 128.52298583984376]
Best Acc:  70.0875

Epoch: [49 | 90] LR: 0.000100
Training...
 -> Progress: 20 done!
 -> Progress: 40 done!
 -> Progress: 60 done!
 -> Progress: 80 done!
 -> Progress: 100 done!
Testing...
 -> Progress: 20 done!
 -> Progress: 40 done!
 -> Progress: 60 done!
 -> Progress: 80 done!
 -> Progress: 100 done!
Testing...
 -> Progress: 20 done!
 -> Progress: 40 done!
 -> Progress: 60 done!
 -> Progress: 80 done!
 -> Progress: 100 done!
Testing...
 -> Progress: 20 done!
 -> Progress: 40 done!
 -> Progress: 60 done!
 -> Progress: 80 done!
 -> Progress: 100 done!

Keys:  ['time', 'acc1', 'acc5', 'ce_loss']
Training:  [0.02245774781307601, 0.0, 0.0, 0.018620388884850018]
Testing on Task A:  [0.0053621441125869754, 69.9, 90.525, 248.4002275466919]
Testing on Task B:  [0.020238828659057618, 71.4, 96.5, 153.64577026367186]
Testing on Task C:  [0.020246601104736327, 77.4, 98.4, 128.58097152709962]
Best Acc:  70.0875

Epoch: [50 | 90] LR: 0.000100
Training...
 -> Progress: 20 done!
 -> Progress: 40 done!
 -> Progress: 60 done!
 -> Progress: 80 done!
 -> Progress: 100 done!
Testing...
 -> Progress: 20 done!
 -> Progress: 40 done!
 -> Progress: 60 done!
 -> Progress: 80 done!
 -> Progress: 100 done!
Testing...
 -> Progress: 20 done!
 -> Progress: 40 done!
 -> Progress: 60 done!
 -> Progress: 80 done!
 -> Progress: 100 done!
Testing...
 -> Progress: 20 done!
 -> Progress: 40 done!
 -> Progress: 60 done!
 -> Progress: 80 done!
 -> Progress: 100 done!

Keys:  ['time', 'acc1', 'acc5', 'ce_loss']
Training:  [0.02243572427793537, 0.0, 0.0, 0.018063124719425998]
Testing on Task A:  [0.005626019835472107, 69.75, 90.35, 248.11913604736327]
Testing on Task B:  [0.021531009674072267, 71.6, 96.3, 153.69244995117188]
Testing on Task C:  [0.020980286598205566, 77.7, 98.4, 127.66241455078125]
Best Acc:  70.0875

Epoch: [51 | 90] LR: 0.000100
Training...
 -> Progress: 20 done!
 -> Progress: 40 done!
 -> Progress: 60 done!
 -> Progress: 80 done!
 -> Progress: 100 done!
Testing...
 -> Progress: 20 done!
 -> Progress: 40 done!
 -> Progress: 60 done!
 -> Progress: 80 done!
 -> Progress: 100 done!
Testing...
 -> Progress: 20 done!
 -> Progress: 40 done!
 -> Progress: 60 done!
 -> Progress: 80 done!
 -> Progress: 100 done!
Testing...
 -> Progress: 20 done!
 -> Progress: 40 done!
 -> Progress: 60 done!
 -> Progress: 80 done!
 -> Progress: 100 done!

Keys:  ['time', 'acc1', 'acc5', 'ce_loss']
Training:  [0.022416184930240408, 0.0, 0.0, 0.018138000289040147]
Testing on Task A:  [0.0053838580846786496, 69.8625, 90.4625, 249.45521202087403]
Testing on Task B:  [0.020316410064697265, 71.1, 96.4, 154.2915786743164]
Testing on Task C:  [0.01981799602508545, 77.6, 98.4, 128.50328903198243]
Best Acc:  70.0875

Epoch: [52 | 90] LR: 0.000100
Training...
 -> Progress: 20 done!
 -> Progress: 40 done!
 -> Progress: 60 done!
 -> Progress: 80 done!
 -> Progress: 100 done!
Testing...
 -> Progress: 20 done!
 -> Progress: 40 done!
 -> Progress: 60 done!
 -> Progress: 80 done!
 -> Progress: 100 done!
Testing...
 -> Progress: 20 done!
 -> Progress: 40 done!
 -> Progress: 60 done!
 -> Progress: 80 done!
 -> Progress: 100 done!
Testing...
 -> Progress: 20 done!
 -> Progress: 40 done!
 -> Progress: 60 done!
 -> Progress: 80 done!
 -> Progress: 100 done!

Keys:  ['time', 'acc1', 'acc5', 'ce_loss']
Training:  [0.02214798171197057, 0.0, 0.0, 0.018550766374715758]
Testing on Task A:  [0.005140995979309082, 69.9375, 90.4625, 249.78111419677734]
Testing on Task B:  [0.018443989753723144, 71.6, 96.6, 154.5820343017578]
Testing on Task C:  [0.018072009086608887, 77.9, 98.4, 128.80665664672853]
Best Acc:  70.0875

Epoch: [53 | 90] LR: 0.000100
Training...
 -> Progress: 20 done!
 -> Progress: 40 done!
 -> Progress: 60 done!
 -> Progress: 80 done!
 -> Progress: 100 done!
Testing...
 -> Progress: 20 done!
 -> Progress: 40 done!
 -> Progress: 60 done!
 -> Progress: 80 done!
 -> Progress: 100 done!
Testing...
 -> Progress: 20 done!
 -> Progress: 40 done!
 -> Progress: 60 done!
 -> Progress: 80 done!
 -> Progress: 100 done!
Testing...
 -> Progress: 20 done!
 -> Progress: 40 done!
 -> Progress: 60 done!
 -> Progress: 80 done!
 -> Progress: 100 done!

Keys:  ['time', 'acc1', 'acc5', 'ce_loss']
Training:  [0.022151618357509603, 0.0, 0.0, 0.018045650939802493]
Testing on Task A:  [0.0051433265209198, 69.875, 90.3875, 249.7492618560791]
Testing on Task B:  [0.01841585636138916, 72.1, 96.5, 154.24520034790038]
Testing on Task C:  [0.018232440948486327, 77.1, 98.5, 128.62637939453126]
Best Acc:  70.0875

Epoch: [54 | 90] LR: 0.000100
Training...
 -> Progress: 20 done!
 -> Progress: 40 done!
 -> Progress: 60 done!
 -> Progress: 80 done!
 -> Progress: 100 done!
Testing...
 -> Progress: 20 done!
 -> Progress: 40 done!
 -> Progress: 60 done!
 -> Progress: 80 done!
 -> Progress: 100 done!
Testing...
 -> Progress: 20 done!
 -> Progress: 40 done!
 -> Progress: 60 done!
 -> Progress: 80 done!
 -> Progress: 100 done!
Testing...
 -> Progress: 20 done!
 -> Progress: 40 done!
 -> Progress: 60 done!
 -> Progress: 80 done!
 -> Progress: 100 done!

Keys:  ['time', 'acc1', 'acc5', 'ce_loss']
Training:  [0.022147135966269257, 0.0, 0.0, 0.017379218197958853]
Testing on Task A:  [0.00510941743850708, 69.9125, 90.4125, 250.68028678894044]
Testing on Task B:  [0.018491220474243165, 71.7, 96.6, 154.79269638061524]
Testing on Task C:  [0.018523764610290528, 77.7, 98.4, 130.79442977905273]
Best Acc:  70.0875

Epoch: [55 | 90] LR: 0.000100
Training...
 -> Progress: 20 done!
 -> Progress: 40 done!
 -> Progress: 60 done!
 -> Progress: 80 done!
 -> Progress: 100 done!
Testing...
 -> Progress: 20 done!
 -> Progress: 40 done!
 -> Progress: 60 done!
 -> Progress: 80 done!
 -> Progress: 100 done!
Testing...
 -> Progress: 20 done!
 -> Progress: 40 done!
 -> Progress: 60 done!
 -> Progress: 80 done!
 -> Progress: 100 done!
Testing...
 -> Progress: 20 done!
 -> Progress: 40 done!
 -> Progress: 60 done!
 -> Progress: 80 done!
 -> Progress: 100 done!

Keys:  ['time', 'acc1', 'acc5', 'ce_loss']
Training:  [0.0221191696498705, 0.0, 0.0, 0.016138641239927552]
Testing on Task A:  [0.005113452672958374, 69.85, 90.325, 251.21875534057617]
Testing on Task B:  [0.018329453468322755, 72.0, 96.7, 155.00734024047853]
Testing on Task C:  [0.018576622009277344, 77.8, 98.4, 130.09664077758788]
Best Acc:  70.0875

Epoch: [56 | 90] LR: 0.000100
Training...
 -> Progress: 20 done!
 -> Progress: 40 done!
 -> Progress: 60 done!
 -> Progress: 80 done!
 -> Progress: 100 done!
Testing...
 -> Progress: 20 done!
 -> Progress: 40 done!
 -> Progress: 60 done!
 -> Progress: 80 done!
 -> Progress: 100 done!
Testing...
 -> Progress: 20 done!
 -> Progress: 40 done!
 -> Progress: 60 done!
 -> Progress: 80 done!
 -> Progress: 100 done!
Testing...
 -> Progress: 20 done!
 -> Progress: 40 done!
 -> Progress: 60 done!
 -> Progress: 80 done!
 -> Progress: 100 done!

Keys:  ['time', 'acc1', 'acc5', 'ce_loss']
Training:  [0.022123670334096453, 0.0, 0.0, 0.01659934720515138]
Testing on Task A:  [0.0051267117261886595, 69.8375, 90.3875, 252.81002855300903]
Testing on Task B:  [0.018189120292663574, 72.6, 96.3, 155.57557830810546]
Testing on Task C:  [0.01834406852722168, 77.4, 98.5, 131.8232650756836]
Best Acc:  70.0875

Epoch: [57 | 90] LR: 0.000100
Training...
 -> Progress: 20 done!
 -> Progress: 40 done!
 -> Progress: 60 done!
 -> Progress: 80 done!
 -> Progress: 100 done!
Testing...
 -> Progress: 20 done!
 -> Progress: 40 done!
 -> Progress: 60 done!
 -> Progress: 80 done!
 -> Progress: 100 done!
Testing...
 -> Progress: 20 done!
 -> Progress: 40 done!
 -> Progress: 60 done!
 -> Progress: 80 done!
 -> Progress: 100 done!
Testing...
 -> Progress: 20 done!
 -> Progress: 40 done!
 -> Progress: 60 done!
 -> Progress: 80 done!
 -> Progress: 100 done!

Keys:  ['time', 'acc1', 'acc5', 'ce_loss']
Training:  [0.022161119734234822, 0.0, 0.0, 0.016793533597532134]
Testing on Task A:  [0.005084478855133056, 69.8875, 90.375, 252.29242095947265]
Testing on Task B:  [0.018637728691101075, 71.4, 96.6, 155.738330078125]
Testing on Task C:  [0.018426918983459474, 77.5, 98.5, 131.10818748474122]
Best Acc:  70.0875

Epoch: [58 | 90] LR: 0.000100
Training...
 -> Progress: 20 done!
 -> Progress: 40 done!
 -> Progress: 60 done!
 -> Progress: 80 done!
 -> Progress: 100 done!
Testing...
 -> Progress: 20 done!
 -> Progress: 40 done!
 -> Progress: 60 done!
 -> Progress: 80 done!
 -> Progress: 100 done!
Testing...
 -> Progress: 20 done!
 -> Progress: 40 done!
 -> Progress: 60 done!
 -> Progress: 80 done!
 -> Progress: 100 done!
Testing...
 -> Progress: 20 done!
 -> Progress: 40 done!
 -> Progress: 60 done!
 -> Progress: 80 done!
 -> Progress: 100 done!

Keys:  ['time', 'acc1', 'acc5', 'ce_loss']
Training:  [0.022127042950876533, 0.0, 0.0, 0.017309302058609206]
Testing on Task A:  [0.005149710178375244, 70.0375, 90.425, 252.11927585601808]
Testing on Task B:  [0.018760108947753908, 72.3, 96.6, 156.09480743408204]
Testing on Task C:  [0.017690348625183105, 77.9, 98.4, 131.2644950866699]
Best Acc:  70.0875

Epoch: [59 | 90] LR: 0.000100
Training...
 -> Progress: 20 done!
 -> Progress: 40 done!
 -> Progress: 60 done!
 -> Progress: 80 done!
 -> Progress: 100 done!
Testing...
 -> Progress: 20 done!
 -> Progress: 40 done!
 -> Progress: 60 done!
 -> Progress: 80 done!
 -> Progress: 100 done!
Testing...
 -> Progress: 20 done!
 -> Progress: 40 done!
 -> Progress: 60 done!
 -> Progress: 80 done!
 -> Progress: 100 done!
Testing...
 -> Progress: 20 done!
 -> Progress: 40 done!
 -> Progress: 60 done!
 -> Progress: 80 done!
 -> Progress: 100 done!

Keys:  ['time', 'acc1', 'acc5', 'ce_loss']
Training:  [0.022077416519984565, 0.0, 0.0, 0.017294721811285715]
Testing on Task A:  [0.005117291212081909, 69.8625, 90.4, 251.18047027587892]
Testing on Task B:  [0.01849961280822754, 72.3, 96.7, 155.0411392211914]
Testing on Task C:  [0.018444323539733888, 77.6, 98.4, 129.1596366882324]
Best Acc:  70.0875

Epoch: [60 | 90] LR: 0.000100
Training...
 -> Progress: 20 done!
 -> Progress: 40 done!
 -> Progress: 60 done!
 -> Progress: 80 done!
 -> Progress: 100 done!
Testing...
 -> Progress: 20 done!
 -> Progress: 40 done!
 -> Progress: 60 done!
 -> Progress: 80 done!
 -> Progress: 100 done!
Testing...
 -> Progress: 20 done!
 -> Progress: 40 done!
 -> Progress: 60 done!
 -> Progress: 80 done!
 -> Progress: 100 done!
Testing...
 -> Progress: 20 done!
 -> Progress: 40 done!
 -> Progress: 60 done!
 -> Progress: 80 done!
 -> Progress: 100 done!

Keys:  ['time', 'acc1', 'acc5', 'ce_loss']
Training:  [0.022105195028397737, 0.0, 0.0, 0.017390821604272518]
Testing on Task A:  [0.005177590250968933, 69.75, 90.45, 251.81261777877808]
Testing on Task B:  [0.018356704711914064, 71.8, 96.7, 155.202294921875]
Testing on Task C:  [0.018520021438598634, 77.5, 98.3, 130.40032119750975]
Best Acc:  70.0875

Epoch: [61 | 90] LR: 0.000010
Training...
 -> Progress: 20 done!
 -> Progress: 40 done!
 -> Progress: 60 done!
 -> Progress: 80 done!
 -> Progress: 100 done!
Testing...
 -> Progress: 20 done!
 -> Progress: 40 done!
 -> Progress: 60 done!
 -> Progress: 80 done!
 -> Progress: 100 done!
Testing...
 -> Progress: 20 done!
 -> Progress: 40 done!
 -> Progress: 60 done!
 -> Progress: 80 done!
 -> Progress: 100 done!
Testing...
 -> Progress: 20 done!
 -> Progress: 40 done!
 -> Progress: 60 done!
 -> Progress: 80 done!
 -> Progress: 100 done!

Keys:  ['time', 'acc1', 'acc5', 'ce_loss']
Training:  [0.022082906854731958, 0.0, 0.0, 0.015888686117994814]
Testing on Task A:  [0.005160334706306458, 69.825, 90.4375, 252.0635139465332]
Testing on Task B:  [0.0184906005859375, 71.9, 96.7, 155.18072509765625]
Testing on Task C:  [0.018396496772766113, 77.5, 98.4, 130.65417556762696]
Best Acc:  70.0875

Epoch: [62 | 90] LR: 0.000010
Training...
 -> Progress: 20 done!
 -> Progress: 40 done!
 -> Progress: 60 done!
 -> Progress: 80 done!
 -> Progress: 100 done!
Testing...
 -> Progress: 20 done!
 -> Progress: 40 done!
 -> Progress: 60 done!
 -> Progress: 80 done!
 -> Progress: 100 done!
Testing...
 -> Progress: 20 done!
 -> Progress: 40 done!
 -> Progress: 60 done!
 -> Progress: 80 done!
 -> Progress: 100 done!
Testing...
 -> Progress: 20 done!
 -> Progress: 40 done!
 -> Progress: 60 done!
 -> Progress: 80 done!
 -> Progress: 100 done!

Keys:  ['time', 'acc1', 'acc5', 'ce_loss']
Training:  [0.022061116250274737, 0.0, 0.0, 0.017028368533114947]
Testing on Task A:  [0.005105337500572205, 69.875, 90.475, 252.16940069198608]
Testing on Task B:  [0.01857178211212158, 71.9, 96.7, 155.16327667236328]
Testing on Task C:  [0.018667006492614747, 77.5, 98.4, 130.7389129638672]
Best Acc:  70.0875

Epoch: [63 | 90] LR: 0.000010
Training...
 -> Progress: 20 done!
 -> Progress: 40 done!
 -> Progress: 60 done!
 -> Progress: 80 done!
 -> Progress: 100 done!
Testing...
 -> Progress: 20 done!
 -> Progress: 40 done!
 -> Progress: 60 done!
 -> Progress: 80 done!
 -> Progress: 100 done!
Testing...
 -> Progress: 20 done!
 -> Progress: 40 done!
 -> Progress: 60 done!
 -> Progress: 80 done!
 -> Progress: 100 done!
Testing...
 -> Progress: 20 done!
 -> Progress: 40 done!
 -> Progress: 60 done!
 -> Progress: 80 done!
 -> Progress: 100 done!

Keys:  ['time', 'acc1', 'acc5', 'ce_loss']
Training:  [0.02206626145736031, 0.0, 0.0, 0.016857547860573547]
Testing on Task A:  [0.0051246494054794315, 69.85, 90.475, 252.09214086532592]
Testing on Task B:  [0.018320250511169433, 72.1, 96.6, 155.06847229003907]
Testing on Task C:  [0.018110251426696776, 77.5, 98.4, 130.65691299438475]
Best Acc:  70.0875

Epoch: [64 | 90] LR: 0.000010
Training...
 -> Progress: 20 done!
 -> Progress: 40 done!
 -> Progress: 60 done!
 -> Progress: 80 done!
 -> Progress: 100 done!
Testing...
 -> Progress: 20 done!
 -> Progress: 40 done!
 -> Progress: 60 done!
 -> Progress: 80 done!
 -> Progress: 100 done!
Testing...
 -> Progress: 20 done!
 -> Progress: 40 done!
 -> Progress: 60 done!
 -> Progress: 80 done!
 -> Progress: 100 done!
Testing...
 -> Progress: 20 done!
 -> Progress: 40 done!
 -> Progress: 60 done!
 -> Progress: 80 done!
 -> Progress: 100 done!

Keys:  ['time', 'acc1', 'acc5', 'ce_loss']
Training:  [0.022079533628185693, 0.0, 0.0, 0.015571466775711083]
Testing on Task A:  [0.005080625414848328, 69.9, 90.5125, 252.16114568710327]
Testing on Task B:  [0.01832435131072998, 72.0, 96.7, 155.27472839355468]
Testing on Task C:  [0.0186251163482666, 77.5, 98.4, 130.70823593139647]
Best Acc:  70.0875

Epoch: [65 | 90] LR: 0.000010
Training...
 -> Progress: 20 done!
 -> Progress: 40 done!
 -> Progress: 60 done!
 -> Progress: 80 done!
 -> Progress: 100 done!
Testing...
 -> Progress: 20 done!
 -> Progress: 40 done!
 -> Progress: 60 done!
 -> Progress: 80 done!
 -> Progress: 100 done!
Testing...
 -> Progress: 20 done!
 -> Progress: 40 done!
 -> Progress: 60 done!
 -> Progress: 80 done!
 -> Progress: 100 done!
Testing...
 -> Progress: 20 done!
 -> Progress: 40 done!
 -> Progress: 60 done!
 -> Progress: 80 done!
 -> Progress: 100 done!

Keys:  ['time', 'acc1', 'acc5', 'ce_loss']
Training:  [0.022094599731133112, 0.0, 0.0, 0.01613655658033879]
Testing on Task A:  [0.005142107605934143, 69.8375, 90.4875, 252.2240327835083]
Testing on Task B:  [0.01857426166534424, 72.2, 96.7, 155.27795028686523]
Testing on Task C:  [0.018748545646667482, 77.5, 98.4, 130.9365364074707]
Best Acc:  70.0875

Epoch: [66 | 90] LR: 0.000010
Training...
 -> Progress: 20 done!
 -> Progress: 40 done!
 -> Progress: 60 done!
 -> Progress: 80 done!
 -> Progress: 100 done!
Testing...
 -> Progress: 20 done!
 -> Progress: 40 done!
 -> Progress: 60 done!
 -> Progress: 80 done!
 -> Progress: 100 done!
Testing...
 -> Progress: 20 done!
 -> Progress: 40 done!
 -> Progress: 60 done!
 -> Progress: 80 done!
 -> Progress: 100 done!
Testing...
 -> Progress: 20 done!
 -> Progress: 40 done!
 -> Progress: 60 done!
 -> Progress: 80 done!
 -> Progress: 100 done!

Keys:  ['time', 'acc1', 'acc5', 'ce_loss']
Training:  [0.022112118923450674, 0.0, 0.0, 0.017162292138161256]
Testing on Task A:  [0.005141425132751465, 69.875, 90.425, 252.3001153945923]
Testing on Task B:  [0.01838538646697998, 72.2, 96.7, 155.35284271240235]
Testing on Task C:  [0.018391799926757813, 77.5, 98.4, 130.9474639892578]
Best Acc:  70.0875

Epoch: [67 | 90] LR: 0.000010
Training...
 -> Progress: 20 done!
 -> Progress: 40 done!
 -> Progress: 60 done!
 -> Progress: 80 done!
 -> Progress: 100 done!
Testing...
 -> Progress: 20 done!
 -> Progress: 40 done!
 -> Progress: 60 done!
 -> Progress: 80 done!
 -> Progress: 100 done!
Testing...
 -> Progress: 20 done!
 -> Progress: 40 done!
 -> Progress: 60 done!
 -> Progress: 80 done!
 -> Progress: 100 done!
Testing...
 -> Progress: 20 done!
 -> Progress: 40 done!
 -> Progress: 60 done!
 -> Progress: 80 done!
 -> Progress: 100 done!

Keys:  ['time', 'acc1', 'acc5', 'ce_loss']
Training:  [0.022097394289567952, 0.0, 0.0, 0.016408659521337896]
Testing on Task A:  [0.005128026008605957, 69.825, 90.4375, 252.37536506652833]
Testing on Task B:  [0.01847395896911621, 72.4, 96.7, 155.36831130981446]
Testing on Task C:  [0.018641161918640136, 77.5, 98.4, 130.90630798339845]
Best Acc:  70.0875

Epoch: [68 | 90] LR: 0.000010
Training...
 -> Progress: 20 done!
 -> Progress: 40 done!
 -> Progress: 60 done!
 -> Progress: 80 done!
 -> Progress: 100 done!
Testing...
 -> Progress: 20 done!
 -> Progress: 40 done!
 -> Progress: 60 done!
 -> Progress: 80 done!
 -> Progress: 100 done!
Testing...
 -> Progress: 20 done!
 -> Progress: 40 done!
 -> Progress: 60 done!
 -> Progress: 80 done!
 -> Progress: 100 done!
Testing...
 -> Progress: 20 done!
 -> Progress: 40 done!
 -> Progress: 60 done!
 -> Progress: 80 done!
 -> Progress: 100 done!

Keys:  ['time', 'acc1', 'acc5', 'ce_loss']
Training:  [0.02210305779791244, 0.0, 0.0, 0.016212355558667572]
Testing on Task A:  [0.005109080672264099, 69.8375, 90.4625, 252.27923374176027]
Testing on Task B:  [0.01838977336883545, 72.3, 96.7, 155.3277099609375]
Testing on Task C:  [0.018366479873657228, 77.6, 98.4, 130.8686378479004]
Best Acc:  70.0875

Epoch: [69 | 90] LR: 0.000010
Training...
 -> Progress: 20 done!
 -> Progress: 40 done!
 -> Progress: 60 done!
 -> Progress: 80 done!
 -> Progress: 100 done!
Testing...
 -> Progress: 20 done!
 -> Progress: 40 done!
 -> Progress: 60 done!
 -> Progress: 80 done!
 -> Progress: 100 done!
Testing...
 -> Progress: 20 done!
 -> Progress: 40 done!
 -> Progress: 60 done!
 -> Progress: 80 done!
 -> Progress: 100 done!
Testing...
 -> Progress: 20 done!
 -> Progress: 40 done!
 -> Progress: 60 done!
 -> Progress: 80 done!
 -> Progress: 100 done!

Keys:  ['time', 'acc1', 'acc5', 'ce_loss']
Training:  [0.022124778279258163, 0.0, 0.0, 0.016053873281020797]
Testing on Task A:  [0.005184370279312134, 69.875, 90.475, 252.21118040084838]
Testing on Task B:  [0.01849474906921387, 72.3, 96.7, 155.2947135925293]
Testing on Task C:  [0.01856570243835449, 77.5, 98.4, 130.7381935119629]
Best Acc:  70.0875

Epoch: [70 | 90] LR: 0.000010
Training...
 -> Progress: 20 done!
 -> Progress: 40 done!
 -> Progress: 60 done!
 -> Progress: 80 done!
 -> Progress: 100 done!
Testing...
 -> Progress: 20 done!
 -> Progress: 40 done!
 -> Progress: 60 done!
 -> Progress: 80 done!
 -> Progress: 100 done!
Testing...
 -> Progress: 20 done!
 -> Progress: 40 done!
 -> Progress: 60 done!
 -> Progress: 80 done!
 -> Progress: 100 done!
Testing...
 -> Progress: 20 done!
 -> Progress: 40 done!
 -> Progress: 60 done!
 -> Progress: 80 done!
 -> Progress: 100 done!

Keys:  ['time', 'acc1', 'acc5', 'ce_loss']
Training:  [0.022134979667566012, 0.0, 0.0, 0.01511268733817217]
Testing on Task A:  [0.005130863189697266, 69.9, 90.4125, 252.4483880996704]
Testing on Task B:  [0.017417073249816895, 72.2, 96.6, 155.32300262451173]
Testing on Task C:  [0.01831362247467041, 77.5, 98.4, 130.75351333618164]
Best Acc:  70.0875

Epoch: [71 | 90] LR: 0.000010
Training...
 -> Progress: 20 done!
 -> Progress: 40 done!
 -> Progress: 60 done!
 -> Progress: 80 done!
 -> Progress: 100 done!
Testing...
 -> Progress: 20 done!
 -> Progress: 40 done!
 -> Progress: 60 done!
 -> Progress: 80 done!
 -> Progress: 100 done!
Testing...
 -> Progress: 20 done!
 -> Progress: 40 done!
 -> Progress: 60 done!
 -> Progress: 80 done!
 -> Progress: 100 done!
Testing...
 -> Progress: 20 done!
 -> Progress: 40 done!
 -> Progress: 60 done!
 -> Progress: 80 done!
 -> Progress: 100 done!

Keys:  ['time', 'acc1', 'acc5', 'ce_loss']
Training:  [0.022086542890504803, 0.0, 0.0, 0.015774333728072437]
Testing on Task A:  [0.0051217317581176754, 69.8875, 90.4125, 252.54713268280028]
Testing on Task B:  [0.018384385108947753, 72.2, 96.6, 155.5052062988281]
Testing on Task C:  [0.018493247032165528, 77.3, 98.4, 130.82436141967773]
Best Acc:  70.0875

Epoch: [72 | 90] LR: 0.000010
Training...
 -> Progress: 20 done!
 -> Progress: 40 done!
 -> Progress: 60 done!
 -> Progress: 80 done!
 -> Progress: 100 done!
Testing...
 -> Progress: 20 done!
 -> Progress: 40 done!
 -> Progress: 60 done!
 -> Progress: 80 done!
 -> Progress: 100 done!
Testing...
 -> Progress: 20 done!
 -> Progress: 40 done!
 -> Progress: 60 done!
 -> Progress: 80 done!
 -> Progress: 100 done!
Testing...
 -> Progress: 20 done!
 -> Progress: 40 done!
 -> Progress: 60 done!
 -> Progress: 80 done!
 -> Progress: 100 done!

Keys:  ['time', 'acc1', 'acc5', 'ce_loss']
Training:  [0.022181343849357743, 0.0, 0.0, 0.015357644916476343]
Testing on Task A:  [0.005146726965904236, 69.8625, 90.425, 252.63215169906616]
Testing on Task B:  [0.018538784980773926, 72.2, 96.7, 155.4949478149414]
Testing on Task C:  [0.018319153785705568, 77.3, 98.4, 131.05712432861327]
Best Acc:  70.0875

Epoch: [73 | 90] LR: 0.000010
Training...
 -> Progress: 20 done!
 -> Progress: 40 done!
 -> Progress: 60 done!
 -> Progress: 80 done!
 -> Progress: 100 done!
Testing...
 -> Progress: 20 done!
 -> Progress: 40 done!
 -> Progress: 60 done!
 -> Progress: 80 done!
 -> Progress: 100 done!
Testing...
 -> Progress: 20 done!
 -> Progress: 40 done!
 -> Progress: 60 done!
 -> Progress: 80 done!
 -> Progress: 100 done!
Testing...
 -> Progress: 20 done!
 -> Progress: 40 done!
 -> Progress: 60 done!
 -> Progress: 80 done!
 -> Progress: 100 done!

Keys:  ['time', 'acc1', 'acc5', 'ce_loss']
Training:  [0.02213577236360906, 0.0, 0.0, 0.016137817767365358]
Testing on Task A:  [0.005153787136077881, 69.8875, 90.45, 252.50985612869263]
Testing on Task B:  [0.018349051475524902, 71.9, 96.7, 155.4904312133789]
Testing on Task C:  [0.01858980655670166, 77.4, 98.4, 130.89216156005858]
Best Acc:  70.0875

Epoch: [74 | 90] LR: 0.000010
Training...
 -> Progress: 20 done!
 -> Progress: 40 done!
 -> Progress: 60 done!
 -> Progress: 80 done!
 -> Progress: 100 done!
Testing...
 -> Progress: 20 done!
 -> Progress: 40 done!
 -> Progress: 60 done!
 -> Progress: 80 done!
 -> Progress: 100 done!
Testing...
 -> Progress: 20 done!
 -> Progress: 40 done!
 -> Progress: 60 done!
 -> Progress: 80 done!
 -> Progress: 100 done!
Testing...
 -> Progress: 20 done!
 -> Progress: 40 done!
 -> Progress: 60 done!
 -> Progress: 80 done!
 -> Progress: 100 done!

Keys:  ['time', 'acc1', 'acc5', 'ce_loss']
Training:  [0.022116112891975265, 0.0, 0.0, 0.015372228877776114]
Testing on Task A:  [0.005119884014129638, 69.9, 90.4375, 252.71241264343263]
Testing on Task B:  [0.017496418952941895, 72.1, 96.7, 155.54124755859374]
Testing on Task C:  [0.01845681667327881, 77.1, 98.4, 131.1708625793457]
Best Acc:  70.0875

Epoch: [75 | 90] LR: 0.000010
Training...
 -> Progress: 20 done!
 -> Progress: 40 done!
 -> Progress: 60 done!
 -> Progress: 80 done!
 -> Progress: 100 done!
Testing...
 -> Progress: 20 done!
 -> Progress: 40 done!
 -> Progress: 60 done!
 -> Progress: 80 done!
 -> Progress: 100 done!
Testing...
 -> Progress: 20 done!
 -> Progress: 40 done!
 -> Progress: 60 done!
 -> Progress: 80 done!
 -> Progress: 100 done!
Testing...
 -> Progress: 20 done!
 -> Progress: 40 done!
 -> Progress: 60 done!
 -> Progress: 80 done!
 -> Progress: 100 done!

Keys:  ['time', 'acc1', 'acc5', 'ce_loss']
Training:  [0.02215802273177125, 0.0, 0.0, 0.016041770485727608]
Testing on Task A:  [0.005135491490364075, 69.8625, 90.4375, 252.49747219085694]
Testing on Task B:  [0.018519163131713867, 71.9, 96.7, 155.55675201416017]
Testing on Task C:  [0.01868746280670166, 77.2, 98.4, 130.90685577392577]
Best Acc:  70.0875

Epoch: [76 | 90] LR: 0.000010
Training...
 -> Progress: 20 done!
 -> Progress: 40 done!
 -> Progress: 60 done!
 -> Progress: 80 done!
 -> Progress: 100 done!
Testing...
 -> Progress: 20 done!
 -> Progress: 40 done!
 -> Progress: 60 done!
 -> Progress: 80 done!
 -> Progress: 100 done!
Testing...
 -> Progress: 20 done!
 -> Progress: 40 done!
 -> Progress: 60 done!
 -> Progress: 80 done!
 -> Progress: 100 done!
Testing...
 -> Progress: 20 done!
 -> Progress: 40 done!
 -> Progress: 60 done!
 -> Progress: 80 done!
 -> Progress: 100 done!

Keys:  ['time', 'acc1', 'acc5', 'ce_loss']
Training:  [0.022135676630317708, 0.0, 0.0, 0.0164429731047748]
Testing on Task A:  [0.005159544944763184, 69.8625, 90.425, 252.63918800354003]
Testing on Task B:  [0.01850290298461914, 71.8, 96.7, 155.45747146606445]
Testing on Task C:  [0.018424248695373534, 77.3, 98.4, 130.80396728515626]
Best Acc:  70.0875

Epoch: [77 | 90] LR: 0.000010
Training...
 -> Progress: 20 done!
 -> Progress: 40 done!
 -> Progress: 60 done!
 -> Progress: 80 done!
 -> Progress: 100 done!
Testing...
 -> Progress: 20 done!
 -> Progress: 40 done!
 -> Progress: 60 done!
 -> Progress: 80 done!
 -> Progress: 100 done!
Testing...
 -> Progress: 20 done!
 -> Progress: 40 done!
 -> Progress: 60 done!
 -> Progress: 80 done!
 -> Progress: 100 done!
Testing...
 -> Progress: 20 done!
 -> Progress: 40 done!
 -> Progress: 60 done!
 -> Progress: 80 done!
 -> Progress: 100 done!

Keys:  ['time', 'acc1', 'acc5', 'ce_loss']
Training:  [0.022147257919506648, 0.0, 0.0, 0.016485089802985912]
Testing on Task A:  [0.005131199955940247, 69.875, 90.45, 252.78454532623292]
Testing on Task B:  [0.018497157096862792, 72.2, 96.6, 155.49882736206055]
Testing on Task C:  [0.018404507637023927, 77.2, 98.4, 130.90753860473632]
Best Acc:  70.0875

Epoch: [78 | 90] LR: 0.000010
Training...
 -> Progress: 20 done!
 -> Progress: 40 done!
 -> Progress: 60 done!
 -> Progress: 80 done!
 -> Progress: 100 done!
Testing...
 -> Progress: 20 done!
 -> Progress: 40 done!
 -> Progress: 60 done!
 -> Progress: 80 done!
 -> Progress: 100 done!
Testing...
 -> Progress: 20 done!
 -> Progress: 40 done!
 -> Progress: 60 done!
 -> Progress: 80 done!
 -> Progress: 100 done!
Testing...
 -> Progress: 20 done!
 -> Progress: 40 done!
 -> Progress: 60 done!
 -> Progress: 80 done!
 -> Progress: 100 done!

Keys:  ['time', 'acc1', 'acc5', 'ce_loss']
Training:  [0.02211685192859386, 0.0, 0.0, 0.016124847828579682]
Testing on Task A:  [0.005155089497566223, 69.8625, 90.4625, 253.043998336792]
Testing on Task B:  [0.018569159507751464, 72.3, 96.6, 155.65792694091797]
Testing on Task C:  [0.01846766471862793, 77.2, 98.4, 131.06351165771486]
Best Acc:  70.0875

Epoch: [79 | 90] LR: 0.000010
Training...
 -> Progress: 20 done!
 -> Progress: 40 done!
 -> Progress: 60 done!
 -> Progress: 80 done!
 -> Progress: 100 done!
Testing...
 -> Progress: 20 done!
 -> Progress: 40 done!
 -> Progress: 60 done!
 -> Progress: 80 done!
 -> Progress: 100 done!
Testing...
 -> Progress: 20 done!
 -> Progress: 40 done!
 -> Progress: 60 done!
 -> Progress: 80 done!
 -> Progress: 100 done!
Testing...
 -> Progress: 20 done!
 -> Progress: 40 done!
 -> Progress: 60 done!
 -> Progress: 80 done!
 -> Progress: 100 done!

Keys:  ['time', 'acc1', 'acc5', 'ce_loss']
Training:  [0.02218844945473439, 0.0, 0.0, 0.015726032850268246]
Testing on Task A:  [0.005151239037513733, 69.8625, 90.4625, 252.91233825683594]
Testing on Task B:  [0.018442440032958984, 72.4, 96.6, 155.61720962524413]
Testing on Task C:  [0.018458461761474608, 77.1, 98.4, 131.03868026733397]
Best Acc:  70.0875

Epoch: [80 | 90] LR: 0.000010
Training...
 -> Progress: 20 done!
 -> Progress: 40 done!
 -> Progress: 60 done!
 -> Progress: 80 done!
 -> Progress: 100 done!
Testing...
 -> Progress: 20 done!
 -> Progress: 40 done!
 -> Progress: 60 done!
 -> Progress: 80 done!
 -> Progress: 100 done!
Testing...
 -> Progress: 20 done!
 -> Progress: 40 done!
 -> Progress: 60 done!
 -> Progress: 80 done!
 -> Progress: 100 done!
Testing...
 -> Progress: 20 done!
 -> Progress: 40 done!
 -> Progress: 60 done!
 -> Progress: 80 done!
 -> Progress: 100 done!

Keys:  ['time', 'acc1', 'acc5', 'ce_loss']
Training:  [0.0220894844025907, 0.0, 0.0, 0.01582416216425998]
Testing on Task A:  [0.005109220743179321, 69.8875, 90.3875, 252.96819925308228]
Testing on Task B:  [0.018383288383483888, 72.3, 96.6, 155.6363296508789]
Testing on Task C:  [0.018497514724731445, 77.2, 98.4, 131.0559295654297]
Best Acc:  70.0875

Epoch: [81 | 90] LR: 0.000010
Training...
 -> Progress: 20 done!
 -> Progress: 40 done!
 -> Progress: 60 done!
 -> Progress: 80 done!
 -> Progress: 100 done!
Testing...
 -> Progress: 20 done!
 -> Progress: 40 done!
 -> Progress: 60 done!
 -> Progress: 80 done!
 -> Progress: 100 done!
Testing...
 -> Progress: 20 done!
 -> Progress: 40 done!
 -> Progress: 60 done!
 -> Progress: 80 done!
 -> Progress: 100 done!
Testing...
 -> Progress: 20 done!
 -> Progress: 40 done!
 -> Progress: 60 done!
 -> Progress: 80 done!
 -> Progress: 100 done!

Keys:  ['time', 'acc1', 'acc5', 'ce_loss']
Training:  [0.02212523255506745, 0.0, 0.0, 0.016634095636437005]
Testing on Task A:  [0.005123335123062134, 69.9, 90.4125, 252.85121669769288]
Testing on Task B:  [0.018794870376586913, 72.1, 96.6, 155.55307312011718]
Testing on Task C:  [0.018131256103515625, 77.4, 98.4, 130.81765441894532]
Best Acc:  70.0875

Epoch: [82 | 90] LR: 0.000010
Training...
 -> Progress: 20 done!
 -> Progress: 40 done!
 -> Progress: 60 done!
 -> Progress: 80 done!
 -> Progress: 100 done!
Testing...
 -> Progress: 20 done!
 -> Progress: 40 done!
 -> Progress: 60 done!
 -> Progress: 80 done!
 -> Progress: 100 done!
Testing...
 -> Progress: 20 done!
 -> Progress: 40 done!
 -> Progress: 60 done!
 -> Progress: 80 done!
 -> Progress: 100 done!
Testing...
 -> Progress: 20 done!
 -> Progress: 40 done!
 -> Progress: 60 done!
 -> Progress: 80 done!
 -> Progress: 100 done!

Keys:  ['time', 'acc1', 'acc5', 'ce_loss']
Training:  [0.022167911919791377, 0.0, 0.0, 0.01631999959040176]
Testing on Task A:  [0.0051909804344177244, 69.9, 90.45, 252.90032320022584]
Testing on Task B:  [0.018279457092285158, 72.2, 96.6, 155.61962814331054]
Testing on Task C:  [0.018496108055114747, 77.3, 98.4, 130.81915283203125]
Best Acc:  70.0875

Epoch: [83 | 90] LR: 0.000010
Training...
 -> Progress: 20 done!
 -> Progress: 40 done!
 -> Progress: 60 done!
 -> Progress: 80 done!
 -> Progress: 100 done!
Testing...
 -> Progress: 20 done!
 -> Progress: 40 done!
 -> Progress: 60 done!
 -> Progress: 80 done!
 -> Progress: 100 done!
Testing...
 -> Progress: 20 done!
 -> Progress: 40 done!
 -> Progress: 60 done!
 -> Progress: 80 done!
 -> Progress: 100 done!
Testing...
 -> Progress: 20 done!
 -> Progress: 40 done!
 -> Progress: 60 done!
 -> Progress: 80 done!
 -> Progress: 100 done!

Keys:  ['time', 'acc1', 'acc5', 'ce_loss']
Training:  [0.02218678296374543, 0.0, 0.0, 0.015723452941440712]
Testing on Task A:  [0.005145817995071411, 69.8875, 90.3875, 253.22505197525024]
Testing on Task B:  [0.0185197114944458, 72.1, 96.6, 155.6444320678711]
Testing on Task C:  [0.018447685241699218, 77.1, 98.4, 131.15566635131836]
Best Acc:  70.0875

Epoch: [84 | 90] LR: 0.000010
Training...
 -> Progress: 20 done!
 -> Progress: 40 done!
 -> Progress: 60 done!
 -> Progress: 80 done!
 -> Progress: 100 done!
Testing...
 -> Progress: 20 done!
 -> Progress: 40 done!
 -> Progress: 60 done!
 -> Progress: 80 done!
 -> Progress: 100 done!
Testing...
 -> Progress: 20 done!
 -> Progress: 40 done!
 -> Progress: 60 done!
 -> Progress: 80 done!
 -> Progress: 100 done!
Testing...
 -> Progress: 20 done!
 -> Progress: 40 done!
 -> Progress: 60 done!
 -> Progress: 80 done!
 -> Progress: 100 done!

Keys:  ['time', 'acc1', 'acc5', 'ce_loss']
Training:  [0.02213302414740443, 0.0, 0.0, 0.016231946909176113]
Testing on Task A:  [0.005132466554641724, 69.825, 90.4125, 253.50988664627076]
Testing on Task B:  [0.019455862045288087, 72.3, 96.6, 155.77717361450195]
Testing on Task C:  [0.018574738502502443, 77.1, 98.3, 131.395272064209]
Best Acc:  70.0875

Epoch: [85 | 90] LR: 0.000010
Training...
 -> Progress: 20 done!
 -> Progress: 40 done!
 -> Progress: 60 done!
 -> Progress: 80 done!
 -> Progress: 100 done!
Testing...
 -> Progress: 20 done!
 -> Progress: 40 done!
 -> Progress: 60 done!
 -> Progress: 80 done!
 -> Progress: 100 done!
Testing...
 -> Progress: 20 done!
 -> Progress: 40 done!
 -> Progress: 60 done!
 -> Progress: 80 done!
 -> Progress: 100 done!
Testing...
 -> Progress: 20 done!
 -> Progress: 40 done!
 -> Progress: 60 done!
 -> Progress: 80 done!
 -> Progress: 100 done!

Keys:  ['time', 'acc1', 'acc5', 'ce_loss']
Training:  [0.022107473114872222, 0.0, 0.0, 0.015529955533640387]
Testing on Task A:  [0.005127406120300293, 69.8875, 90.4375, 253.48507709503173]
Testing on Task B:  [0.01841001510620117, 72.2, 96.6, 155.76925735473634]
Testing on Task C:  [0.018544602394104003, 76.9, 98.3, 131.22633056640626]
Best Acc:  70.0875

Epoch: [86 | 90] LR: 0.000010
Training...
 -> Progress: 20 done!
 -> Progress: 40 done!
 -> Progress: 60 done!
 -> Progress: 80 done!
 -> Progress: 100 done!
Testing...
 -> Progress: 20 done!
 -> Progress: 40 done!
 -> Progress: 60 done!
 -> Progress: 80 done!
 -> Progress: 100 done!
Testing...
 -> Progress: 20 done!
 -> Progress: 40 done!
 -> Progress: 60 done!
 -> Progress: 80 done!
 -> Progress: 100 done!
Testing...
 -> Progress: 20 done!
 -> Progress: 40 done!
 -> Progress: 60 done!
 -> Progress: 80 done!
 -> Progress: 100 done!

Keys:  ['time', 'acc1', 'acc5', 'ce_loss']
Training:  [0.022106207240268093, 0.0, 0.0, 0.01614948424220066]
Testing on Task A:  [0.00514841377735138, 69.875, 90.425, 253.55912065505981]
Testing on Task B:  [0.018157696723937987, 72.2, 96.6, 155.82202529907227]
Testing on Task C:  [0.018808698654174803, 77.1, 98.3, 131.25035858154297]
Best Acc:  70.0875

Epoch: [87 | 90] LR: 0.000010
Training...
 -> Progress: 20 done!
 -> Progress: 40 done!
 -> Progress: 60 done!
 -> Progress: 80 done!
 -> Progress: 100 done!
Testing...
 -> Progress: 20 done!
 -> Progress: 40 done!
 -> Progress: 60 done!
 -> Progress: 80 done!
 -> Progress: 100 done!
Testing...
 -> Progress: 20 done!
 -> Progress: 40 done!
 -> Progress: 60 done!
 -> Progress: 80 done!
 -> Progress: 100 done!
Testing...
 -> Progress: 20 done!
 -> Progress: 40 done!
 -> Progress: 60 done!
 -> Progress: 80 done!
 -> Progress: 100 done!

Keys:  ['time', 'acc1', 'acc5', 'ce_loss']
Training:  [0.022123796555697156, 0.0, 0.0, 0.016465070450206853]
Testing on Task A:  [0.0050682246685028074, 69.8625, 90.425, 253.54946346282958]
Testing on Task B:  [0.01836385726928711, 72.2, 96.6, 155.7565490722656]
Testing on Task C:  [0.018517160415649415, 77.0, 98.3, 131.3622138977051]
Best Acc:  70.0875

Epoch: [88 | 90] LR: 0.000010
Training...
 -> Progress: 20 done!
 -> Progress: 40 done!
 -> Progress: 60 done!
 -> Progress: 80 done!
 -> Progress: 100 done!
Testing...
 -> Progress: 20 done!
 -> Progress: 40 done!
 -> Progress: 60 done!
 -> Progress: 80 done!
 -> Progress: 100 done!
Testing...
 -> Progress: 20 done!
 -> Progress: 40 done!
 -> Progress: 60 done!
 -> Progress: 80 done!
 -> Progress: 100 done!
Testing...
 -> Progress: 20 done!
 -> Progress: 40 done!
 -> Progress: 60 done!
 -> Progress: 80 done!
 -> Progress: 100 done!

Keys:  ['time', 'acc1', 'acc5', 'ce_loss']
Training:  [0.022112375635015384, 0.0, 0.0, 0.016402574730060442]
Testing on Task A:  [0.0051498889923095705, 69.85, 90.4125, 253.53940658569337]
Testing on Task B:  [0.01828742027282715, 72.3, 96.6, 155.75526657104493]
Testing on Task C:  [0.01838545799255371, 77.1, 98.4, 131.66681594848632]
Best Acc:  70.0875

Epoch: [89 | 90] LR: 0.000010
Training...
 -> Progress: 20 done!
 -> Progress: 40 done!
 -> Progress: 60 done!
 -> Progress: 80 done!
 -> Progress: 100 done!
Testing...
 -> Progress: 20 done!
 -> Progress: 40 done!
 -> Progress: 60 done!
 -> Progress: 80 done!
 -> Progress: 100 done!
Testing...
 -> Progress: 20 done!
 -> Progress: 40 done!
 -> Progress: 60 done!
 -> Progress: 80 done!
 -> Progress: 100 done!
Testing...
 -> Progress: 20 done!
 -> Progress: 40 done!
 -> Progress: 60 done!
 -> Progress: 80 done!
 -> Progress: 100 done!

Keys:  ['time', 'acc1', 'acc5', 'ce_loss']
Training:  [0.022154972681304074, 0.0, 0.0, 0.01594113042611448]
Testing on Task A:  [0.005142995715141296, 69.875, 90.4375, 253.56355485916137]
Testing on Task B:  [0.018324756622314455, 72.4, 96.7, 155.79166793823242]
Testing on Task C:  [0.018416357040405274, 77.1, 98.4, 131.59345016479492]
Best Acc:  70.0875

Epoch: [90 | 90] LR: 0.000010
Training...
 -> Progress: 20 done!
 -> Progress: 40 done!
 -> Progress: 60 done!
 -> Progress: 80 done!
 -> Progress: 100 done!
Testing...
 -> Progress: 20 done!
 -> Progress: 40 done!
 -> Progress: 60 done!
 -> Progress: 80 done!
 -> Progress: 100 done!
Testing...
 -> Progress: 20 done!
 -> Progress: 40 done!
 -> Progress: 60 done!
 -> Progress: 80 done!
 -> Progress: 100 done!
Testing...
 -> Progress: 20 done!
 -> Progress: 40 done!
 -> Progress: 60 done!
 -> Progress: 80 done!
 -> Progress: 100 done!

Keys:  ['time', 'acc1', 'acc5', 'ce_loss']
Training:  [0.022143445661305772, 0.0, 0.0, 0.016466131326659104]
Testing on Task A:  [0.005109143257141113, 69.8625, 90.4375, 253.47460165023804]
Testing on Task B:  [0.01844356060028076, 72.3, 96.7, 155.90638427734376]
Testing on Task C:  [0.018577384948730468, 77.2, 98.4, 131.61404876708986]
Best Acc:  70.0875

real	22m23.987s
user	31m43.019s
sys	9m8.170s

Ending script...
Mon Feb 28 19:52:13 EST 2022
