Tue Mar  1 08:28:28 EST 2022
Slurm nodes: evc19
You were assigned 1 gpu(s)
Please run `conda env list` to see a list of all available environments. Use
`source activate <env>` to activate the environment '<env>'. 

Currently Loaded Modules:
  1) anaconda/anaconda3

 

	[4mGPU0	mlx5_0	CPU Affinity	NUMA Affinity[0m
GPU0	 X 	SYS	16,18,20,22	0-1
mlx5_0	SYS	 X 		

Legend:

  X    = Self
  SYS  = Connection traversing PCIe as well as the SMP interconnect between NUMA nodes (e.g., QPI/UPI)
  NODE = Connection traversing PCIe as well as the interconnect between PCIe Host Bridges within a NUMA node
  PHB  = Connection traversing PCIe as well as a PCIe Host Bridge (typically the CPU)
  PXB  = Connection traversing multiple PCIe bridges (without traversing the PCIe Host Bridge)
  PIX  = Connection traversing at most a single PCIe bridge
  NV#  = Connection traversing a bonded set of # NVLinks

1.1.0

Namespace(arch='vgg16', checkpoint='checkpoint', data_avail=100, dataset='cifar100', epochs=90, gamma=0.1, include_t1_data=True, jobid='126858', logs='logs', lr=0.01, manualSeed=428, momentum=0.9, mse_weight=0.01, schedule=[30, 60], task_set='vehicles10-large_animals10-reset80', test_batch=100, train_batch=128, weight_decay=0.0005, workers=4)
==> Preparing dataset cifar100
Files already downloaded and verified
Testing...
 -> Progress: 20 done!
 -> Progress: 40 done!
 -> Progress: 60 done!
 -> Progress: 80 done!
 -> Progress: 100 done!

Test loss: 2.2105 
Val accuracy: 70.25%
==> Preparing dataset cifar100
Files already downloaded and verified
Testing...
 -> Progress: 20 done!
 -> Progress: 40 done!
 -> Progress: 60 done!
 -> Progress: 80 done!
 -> Progress: 100 done!

Test loss: 3.5464 
Val accuracy: 49.90%
==> Preparing dataset cifar100
Files already downloaded and verified
Testing...
 -> Progress: 20 done!
 -> Progress: 40 done!
 -> Progress: 60 done!
 -> Progress: 80 done!
 -> Progress: 100 done!

Test loss: 8.7389 
Val accuracy: 41.00%

Including Task 1 data for training
==> Preparing dataset cifar100
Files already downloaded and verified
==> Preparing dataset cifar100
Files already downloaded and verified
==> Preparing dataset cifar100
Files already downloaded and verified
==> Preparing dataset cifar100
Files already downloaded and verified
    Total params: 14.77M

Epoch: [1 | 90] LR: 0.010000
Training...
 -> Progress: 20 done!
 -> Progress: 40 done!
 -> Progress: 60 done!
 -> Progress: 80 done!
 -> Progress: 100 done!
Testing...
 -> Progress: 20 done!
 -> Progress: 40 done!
 -> Progress: 60 done!
 -> Progress: 80 done!
 -> Progress: 100 done!
Testing...
 -> Progress: 20 done!
 -> Progress: 40 done!
 -> Progress: 60 done!
 -> Progress: 80 done!
 -> Progress: 100 done!
Testing...
 -> Progress: 20 done!
 -> Progress: 40 done!
 -> Progress: 60 done!
 -> Progress: 80 done!
 -> Progress: 100 done!

Keys:  ['time', 'acc1', 'acc5', 'ce_loss']
Training:  [0.08416186635146665, 0.0, 0.0, 0.7825335252010609]
Testing on Task A:  [0.005683568120002746, 66.95, 89.6625, 166.02122383117677]
Testing on Task B:  [0.01871817111968994, 62.2, 93.6, 144.65747528076173]
Testing on Task C:  [0.018284130096435546, 69.6, 97.7, 108.49300537109374]
Best Acc:  66.95

Epoch: [2 | 90] LR: 0.010000
Training...
 -> Progress: 20 done!
 -> Progress: 40 done!
 -> Progress: 60 done!
 -> Progress: 80 done!
 -> Progress: 100 done!
Testing...
 -> Progress: 20 done!
 -> Progress: 40 done!
 -> Progress: 60 done!
 -> Progress: 80 done!
 -> Progress: 100 done!
Testing...
 -> Progress: 20 done!
 -> Progress: 40 done!
 -> Progress: 60 done!
 -> Progress: 80 done!
 -> Progress: 100 done!
Testing...
 -> Progress: 20 done!
 -> Progress: 40 done!
 -> Progress: 60 done!
 -> Progress: 80 done!
 -> Progress: 100 done!

Keys:  ['time', 'acc1', 'acc5', 'ce_loss']
Training:  [0.08410116473732092, 0.0, 0.0, 0.5560010297371604]
Testing on Task A:  [0.00579344630241394, 65.5375, 89.35, 166.28163566589356]
Testing on Task B:  [0.018051838874816893, 62.6, 94.4, 140.40188789367676]
Testing on Task C:  [0.017215394973754884, 68.2, 97.6, 107.29993362426758]
Best Acc:  66.95

Epoch: [3 | 90] LR: 0.010000
Training...
 -> Progress: 20 done!
 -> Progress: 40 done!
 -> Progress: 60 done!
 -> Progress: 80 done!
 -> Progress: 100 done!
Testing...
 -> Progress: 20 done!
 -> Progress: 40 done!
 -> Progress: 60 done!
 -> Progress: 80 done!
 -> Progress: 100 done!
Testing...
 -> Progress: 20 done!
 -> Progress: 40 done!
 -> Progress: 60 done!
 -> Progress: 80 done!
 -> Progress: 100 done!
Testing...
 -> Progress: 20 done!
 -> Progress: 40 done!
 -> Progress: 60 done!
 -> Progress: 80 done!
 -> Progress: 100 done!

Keys:  ['time', 'acc1', 'acc5', 'ce_loss']
Training:  [0.08406504767630106, 0.0, 0.0, 0.480389681237433]
Testing on Task A:  [0.005773162841796875, 66.575, 89.5625, 167.99416255950928]
Testing on Task B:  [0.018394160270690917, 67.1, 94.7, 130.52121276855468]
Testing on Task C:  [0.018212008476257324, 71.7, 97.8, 111.1889762878418]
Best Acc:  66.95

Epoch: [4 | 90] LR: 0.010000
Training...
 -> Progress: 20 done!
 -> Progress: 40 done!
 -> Progress: 60 done!
 -> Progress: 80 done!
 -> Progress: 100 done!
Testing...
 -> Progress: 20 done!
 -> Progress: 40 done!
 -> Progress: 60 done!
 -> Progress: 80 done!
 -> Progress: 100 done!
Testing...
 -> Progress: 20 done!
 -> Progress: 40 done!
 -> Progress: 60 done!
 -> Progress: 80 done!
 -> Progress: 100 done!
Testing...
 -> Progress: 20 done!
 -> Progress: 40 done!
 -> Progress: 60 done!
 -> Progress: 80 done!
 -> Progress: 100 done!

Keys:  ['time', 'acc1', 'acc5', 'ce_loss']
Training:  [0.0839291801842887, 0.0, 0.0, 0.43479340712127784]
Testing on Task A:  [0.005832779407501221, 67.1125, 89.8, 167.61233520507812]
Testing on Task B:  [0.017301368713378906, 67.2, 94.7, 137.1534309387207]
Testing on Task C:  [0.018341422080993652, 71.6, 97.6, 99.76103363037109]
Best Acc:  67.1125

Epoch: [5 | 90] LR: 0.010000
Training...
 -> Progress: 20 done!
 -> Progress: 40 done!
 -> Progress: 60 done!
 -> Progress: 80 done!
 -> Progress: 100 done!
Testing...
 -> Progress: 20 done!
 -> Progress: 40 done!
 -> Progress: 60 done!
 -> Progress: 80 done!
 -> Progress: 100 done!
Testing...
 -> Progress: 20 done!
 -> Progress: 40 done!
 -> Progress: 60 done!
 -> Progress: 80 done!
 -> Progress: 100 done!
Testing...
 -> Progress: 20 done!
 -> Progress: 40 done!
 -> Progress: 60 done!
 -> Progress: 80 done!
 -> Progress: 100 done!

Keys:  ['time', 'acc1', 'acc5', 'ce_loss']
Training:  [0.08364425229904292, 0.0, 0.0, 0.4040560061898073]
Testing on Task A:  [0.0057758867740631105, 67.05, 90.0625, 175.2965284347534]
Testing on Task B:  [0.018593502044677735, 68.6, 95.3, 137.2152442932129]
Testing on Task C:  [0.018542933464050292, 74.9, 98.2, 98.31523361206055]
Best Acc:  67.1125

Epoch: [6 | 90] LR: 0.010000
Training...
 -> Progress: 20 done!
 -> Progress: 40 done!
 -> Progress: 60 done!
 -> Progress: 80 done!
 -> Progress: 100 done!
Testing...
 -> Progress: 20 done!
 -> Progress: 40 done!
 -> Progress: 60 done!
 -> Progress: 80 done!
 -> Progress: 100 done!
Testing...
 -> Progress: 20 done!
 -> Progress: 40 done!
 -> Progress: 60 done!
 -> Progress: 80 done!
 -> Progress: 100 done!
Testing...
 -> Progress: 20 done!
 -> Progress: 40 done!
 -> Progress: 60 done!
 -> Progress: 80 done!
 -> Progress: 100 done!

Keys:  ['time', 'acc1', 'acc5', 'ce_loss']
Training:  [0.08589180534148155, 0.0, 0.0, 0.38666127477308065]
Testing on Task A:  [0.005994495749473572, 68.1375, 89.85, 166.56630258560182]
Testing on Task B:  [0.0184417724609375, 69.7, 95.6, 129.03744659423828]
Testing on Task C:  [0.017158651351928712, 73.9, 98.0, 107.65776138305664]
Best Acc:  68.1375

Epoch: [7 | 90] LR: 0.010000
Training...
 -> Progress: 20 done!
 -> Progress: 40 done!
 -> Progress: 60 done!
 -> Progress: 80 done!
 -> Progress: 100 done!
Testing...
 -> Progress: 20 done!
 -> Progress: 40 done!
 -> Progress: 60 done!
 -> Progress: 80 done!
 -> Progress: 100 done!
Testing...
 -> Progress: 20 done!
 -> Progress: 40 done!
 -> Progress: 60 done!
 -> Progress: 80 done!
 -> Progress: 100 done!
Testing...
 -> Progress: 20 done!
 -> Progress: 40 done!
 -> Progress: 60 done!
 -> Progress: 80 done!
 -> Progress: 100 done!

Keys:  ['time', 'acc1', 'acc5', 'ce_loss']
Training:  [0.08593660608276991, 0.0, 0.0, 0.33744593875487444]
Testing on Task A:  [0.0057614177465438845, 68.1375, 90.0, 165.85949115753175]
Testing on Task B:  [0.017954182624816895, 71.0, 95.2, 126.06436233520508]
Testing on Task C:  [0.01805241107940674, 75.9, 97.9, 100.12191581726074]
Best Acc:  68.1375

Epoch: [8 | 90] LR: 0.010000
Training...
 -> Progress: 20 done!
 -> Progress: 40 done!
 -> Progress: 60 done!
 -> Progress: 80 done!
 -> Progress: 100 done!
Testing...
 -> Progress: 20 done!
 -> Progress: 40 done!
 -> Progress: 60 done!
 -> Progress: 80 done!
 -> Progress: 100 done!
Testing...
 -> Progress: 20 done!
 -> Progress: 40 done!
 -> Progress: 60 done!
 -> Progress: 80 done!
 -> Progress: 100 done!
Testing...
 -> Progress: 20 done!
 -> Progress: 40 done!
 -> Progress: 60 done!
 -> Progress: 80 done!
 -> Progress: 100 done!

Keys:  ['time', 'acc1', 'acc5', 'ce_loss']
Training:  [0.08588465095480995, 0.0, 0.0, 0.33838438442753405]
Testing on Task A:  [0.005762702226638794, 66.6, 89.3625, 173.78228511810303]
Testing on Task B:  [0.017964911460876466, 68.3, 95.4, 142.81216354370116]
Testing on Task C:  [0.018871235847473144, 74.1, 97.9, 104.7004608154297]
Best Acc:  68.1375

Epoch: [9 | 90] LR: 0.010000
Training...
 -> Progress: 20 done!
 -> Progress: 40 done!
 -> Progress: 60 done!
 -> Progress: 80 done!
 -> Progress: 100 done!
Testing...
 -> Progress: 20 done!
 -> Progress: 40 done!
 -> Progress: 60 done!
 -> Progress: 80 done!
 -> Progress: 100 done!
Testing...
 -> Progress: 20 done!
 -> Progress: 40 done!
 -> Progress: 60 done!
 -> Progress: 80 done!
 -> Progress: 100 done!
Testing...
 -> Progress: 20 done!
 -> Progress: 40 done!
 -> Progress: 60 done!
 -> Progress: 80 done!
 -> Progress: 100 done!

Keys:  ['time', 'acc1', 'acc5', 'ce_loss']
Training:  [0.08591748259561446, 0.0, 0.0, 0.3272244543828013]
Testing on Task A:  [0.00602390468120575, 67.2625, 89.7, 172.86926383972167]
Testing on Task B:  [0.018503427505493164, 70.4, 95.3, 130.22792625427246]
Testing on Task C:  [0.01857905387878418, 73.5, 98.0, 120.20324935913087]
Best Acc:  68.1375

Epoch: [10 | 90] LR: 0.010000
Training...
 -> Progress: 20 done!
 -> Progress: 40 done!
 -> Progress: 60 done!
 -> Progress: 80 done!
 -> Progress: 100 done!
Testing...
 -> Progress: 20 done!
 -> Progress: 40 done!
 -> Progress: 60 done!
 -> Progress: 80 done!
 -> Progress: 100 done!
Testing...
 -> Progress: 20 done!
 -> Progress: 40 done!
 -> Progress: 60 done!
 -> Progress: 80 done!
 -> Progress: 100 done!
Testing...
 -> Progress: 20 done!
 -> Progress: 40 done!
 -> Progress: 60 done!
 -> Progress: 80 done!
 -> Progress: 100 done!

Keys:  ['time', 'acc1', 'acc5', 'ce_loss']
Training:  [0.08590716596149728, 0.0, 0.0, 0.30360437129312157]
Testing on Task A:  [0.005830305814743042, 67.0, 89.35, 181.7522981643677]
Testing on Task B:  [0.018451619148254394, 70.9, 95.6, 135.4775260925293]
Testing on Task C:  [0.01830127239227295, 76.8, 98.5, 97.62840957641602]
Best Acc:  68.1375

Epoch: [11 | 90] LR: 0.010000
Training...
 -> Progress: 20 done!
 -> Progress: 40 done!
 -> Progress: 60 done!
 -> Progress: 80 done!
 -> Progress: 100 done!
Testing...
 -> Progress: 20 done!
 -> Progress: 40 done!
 -> Progress: 60 done!
 -> Progress: 80 done!
 -> Progress: 100 done!
Testing...
 -> Progress: 20 done!
 -> Progress: 40 done!
 -> Progress: 60 done!
 -> Progress: 80 done!
 -> Progress: 100 done!
Testing...
 -> Progress: 20 done!
 -> Progress: 40 done!
 -> Progress: 60 done!
 -> Progress: 80 done!
 -> Progress: 100 done!

Keys:  ['time', 'acc1', 'acc5', 'ce_loss']
Training:  [0.085855206565174, 0.0, 0.0, 0.3048271400010799]
Testing on Task A:  [0.005903464555740356, 68.1125, 89.9625, 175.3140682220459]
Testing on Task B:  [0.01835665702819824, 72.0, 95.8, 131.4193199157715]
Testing on Task C:  [0.018228864669799803, 75.7, 98.4, 99.27238388061524]
Best Acc:  68.1375

Epoch: [12 | 90] LR: 0.010000
Training...
 -> Progress: 20 done!
 -> Progress: 40 done!
 -> Progress: 60 done!
 -> Progress: 80 done!
 -> Progress: 100 done!
Testing...
 -> Progress: 20 done!
 -> Progress: 40 done!
 -> Progress: 60 done!
 -> Progress: 80 done!
 -> Progress: 100 done!
Testing...
 -> Progress: 20 done!
 -> Progress: 40 done!
 -> Progress: 60 done!
 -> Progress: 80 done!
 -> Progress: 100 done!
Testing...
 -> Progress: 20 done!
 -> Progress: 40 done!
 -> Progress: 60 done!
 -> Progress: 80 done!
 -> Progress: 100 done!

Keys:  ['time', 'acc1', 'acc5', 'ce_loss']
Training:  [0.08587356052740151, 0.0, 0.0, 0.2922187096932355]
Testing on Task A:  [0.005877360701560974, 67.3875, 89.6125, 180.5626588821411]
Testing on Task B:  [0.018700122833251953, 70.0, 95.9, 133.38108520507814]
Testing on Task C:  [0.01843721866607666, 77.2, 98.1, 92.15022697448731]
Best Acc:  68.1375

Epoch: [13 | 90] LR: 0.010000
Training...
 -> Progress: 20 done!
 -> Progress: 40 done!
 -> Progress: 60 done!
 -> Progress: 80 done!
 -> Progress: 100 done!
Testing...
 -> Progress: 20 done!
 -> Progress: 40 done!
 -> Progress: 60 done!
 -> Progress: 80 done!
 -> Progress: 100 done!
Testing...
 -> Progress: 20 done!
 -> Progress: 40 done!
 -> Progress: 60 done!
 -> Progress: 80 done!
 -> Progress: 100 done!
Testing...
 -> Progress: 20 done!
 -> Progress: 40 done!
 -> Progress: 60 done!
 -> Progress: 80 done!
 -> Progress: 100 done!

Keys:  ['time', 'acc1', 'acc5', 'ce_loss']
Training:  [0.08597087128387998, 0.0, 0.0, 0.3027349367470997]
Testing on Task A:  [0.00581209659576416, 67.2, 89.7125, 182.12543382644654]
Testing on Task B:  [0.018354105949401855, 69.3, 95.9, 140.7909828186035]
Testing on Task C:  [0.018332576751708983, 76.5, 98.5, 101.66359176635743]
Best Acc:  68.1375

Epoch: [14 | 90] LR: 0.010000
Training...
 -> Progress: 20 done!
 -> Progress: 40 done!
 -> Progress: 60 done!
 -> Progress: 80 done!
 -> Progress: 100 done!
Testing...
 -> Progress: 20 done!
 -> Progress: 40 done!
 -> Progress: 60 done!
 -> Progress: 80 done!
 -> Progress: 100 done!
Testing...
 -> Progress: 20 done!
 -> Progress: 40 done!
 -> Progress: 60 done!
 -> Progress: 80 done!
 -> Progress: 100 done!
Testing...
 -> Progress: 20 done!
 -> Progress: 40 done!
 -> Progress: 60 done!
 -> Progress: 80 done!
 -> Progress: 100 done!

Keys:  ['time', 'acc1', 'acc5', 'ce_loss']
Training:  [0.08192404517737191, 0.0, 0.0, 0.2735618232842297]
Testing on Task A:  [0.005734741687774658, 68.175, 90.0625, 176.20833473205568]
Testing on Task B:  [0.018239355087280272, 72.9, 95.9, 122.9418731689453]
Testing on Task C:  [0.019163632392883302, 74.6, 98.4, 105.01631240844726]
Best Acc:  68.175

Epoch: [15 | 90] LR: 0.010000
Training...
 -> Progress: 20 done!
 -> Progress: 40 done!
 -> Progress: 60 done!
 -> Progress: 80 done!
 -> Progress: 100 done!
Testing...
 -> Progress: 20 done!
 -> Progress: 40 done!
 -> Progress: 60 done!
 -> Progress: 80 done!
 -> Progress: 100 done!
Testing...
 -> Progress: 20 done!
 -> Progress: 40 done!
 -> Progress: 60 done!
 -> Progress: 80 done!
 -> Progress: 100 done!
Testing...
 -> Progress: 20 done!
 -> Progress: 40 done!
 -> Progress: 60 done!
 -> Progress: 80 done!
 -> Progress: 100 done!

Keys:  ['time', 'acc1', 'acc5', 'ce_loss']
Training:  [0.08378745893688153, 0.0, 0.0, 0.28177488299891773]
Testing on Task A:  [0.005770498514175415, 67.3375, 89.7875, 174.9429365158081]
Testing on Task B:  [0.01806015968322754, 70.4, 95.5, 140.60630111694337]
Testing on Task C:  [0.017891359329223634, 76.9, 98.3, 95.36490478515626]
Best Acc:  68.175

Epoch: [16 | 90] LR: 0.010000
Training...
 -> Progress: 20 done!
 -> Progress: 40 done!
 -> Progress: 60 done!
 -> Progress: 80 done!
 -> Progress: 100 done!
Testing...
 -> Progress: 20 done!
 -> Progress: 40 done!
 -> Progress: 60 done!
 -> Progress: 80 done!
 -> Progress: 100 done!
Testing...
 -> Progress: 20 done!
 -> Progress: 40 done!
 -> Progress: 60 done!
 -> Progress: 80 done!
 -> Progress: 100 done!
Testing...
 -> Progress: 20 done!
 -> Progress: 40 done!
 -> Progress: 60 done!
 -> Progress: 80 done!
 -> Progress: 100 done!

Keys:  ['time', 'acc1', 'acc5', 'ce_loss']
Training:  [0.0838484160430596, 0.0, 0.0, 0.2636824190006841]
Testing on Task A:  [0.005755302309989929, 67.6, 89.9875, 178.00560693740846]
Testing on Task B:  [0.01839144229888916, 71.1, 95.4, 144.37035751342773]
Testing on Task C:  [0.018234562873840333, 75.4, 98.6, 102.01199264526367]
Best Acc:  68.175

Epoch: [17 | 90] LR: 0.010000
Training...
 -> Progress: 20 done!
 -> Progress: 40 done!
 -> Progress: 60 done!
 -> Progress: 80 done!
 -> Progress: 100 done!
Testing...
 -> Progress: 20 done!
 -> Progress: 40 done!
 -> Progress: 60 done!
 -> Progress: 80 done!
 -> Progress: 100 done!
Testing...
 -> Progress: 20 done!
 -> Progress: 40 done!
 -> Progress: 60 done!
 -> Progress: 80 done!
 -> Progress: 100 done!
Testing...
 -> Progress: 20 done!
 -> Progress: 40 done!
 -> Progress: 60 done!
 -> Progress: 80 done!
 -> Progress: 100 done!

Keys:  ['time', 'acc1', 'acc5', 'ce_loss']
Training:  [0.08353181751182927, 0.0, 0.0, 0.2636718292294256]
Testing on Task A:  [0.005644708871841431, 67.2375, 89.9375, 184.53818168640137]
Testing on Task B:  [0.018457412719726562, 71.6, 95.5, 138.68969650268554]
Testing on Task C:  [0.01826138496398926, 77.5, 97.7, 105.99090042114258]
Best Acc:  68.175

Epoch: [18 | 90] LR: 0.010000
Training...
 -> Progress: 20 done!
 -> Progress: 40 done!
 -> Progress: 60 done!
 -> Progress: 80 done!
 -> Progress: 100 done!
Testing...
 -> Progress: 20 done!
 -> Progress: 40 done!
 -> Progress: 60 done!
 -> Progress: 80 done!
 -> Progress: 100 done!
Testing...
 -> Progress: 20 done!
 -> Progress: 40 done!
 -> Progress: 60 done!
 -> Progress: 80 done!
 -> Progress: 100 done!
Testing...
 -> Progress: 20 done!
 -> Progress: 40 done!
 -> Progress: 60 done!
 -> Progress: 80 done!
 -> Progress: 100 done!

Keys:  ['time', 'acc1', 'acc5', 'ce_loss']
Training:  [0.0835694748422374, 0.0, 0.0, 0.25631187654212306]
Testing on Task A:  [0.0057145744562149044, 67.5875, 89.85, 182.5615340232849]
Testing on Task B:  [0.018130993843078612, 72.4, 96.1, 130.83828125]
Testing on Task C:  [0.018089842796325684, 77.8, 98.4, 100.08263854980468]
Best Acc:  68.175

Epoch: [19 | 90] LR: 0.010000
Training...
 -> Progress: 20 done!
 -> Progress: 40 done!
 -> Progress: 60 done!
 -> Progress: 80 done!
 -> Progress: 100 done!
Testing...
 -> Progress: 20 done!
 -> Progress: 40 done!
 -> Progress: 60 done!
 -> Progress: 80 done!
 -> Progress: 100 done!
Testing...
 -> Progress: 20 done!
 -> Progress: 40 done!
 -> Progress: 60 done!
 -> Progress: 80 done!
 -> Progress: 100 done!
Testing...
 -> Progress: 20 done!
 -> Progress: 40 done!
 -> Progress: 60 done!
 -> Progress: 80 done!
 -> Progress: 100 done!

Keys:  ['time', 'acc1', 'acc5', 'ce_loss']
Training:  [0.08299311286653094, 0.0, 0.0, 0.2513337205438053]
Testing on Task A:  [0.005725833773612976, 67.725, 89.175, 180.8266406059265]
Testing on Task B:  [0.018427348136901854, 72.3, 95.8, 129.96703720092773]
Testing on Task C:  [0.01827223300933838, 75.2, 98.1, 113.69020919799804]
Best Acc:  68.175

Epoch: [20 | 90] LR: 0.010000
Training...
 -> Progress: 20 done!
 -> Progress: 40 done!
 -> Progress: 60 done!
 -> Progress: 80 done!
 -> Progress: 100 done!
Testing...
 -> Progress: 20 done!
 -> Progress: 40 done!
 -> Progress: 60 done!
 -> Progress: 80 done!
 -> Progress: 100 done!
Testing...
 -> Progress: 20 done!
 -> Progress: 40 done!
 -> Progress: 60 done!
 -> Progress: 80 done!
 -> Progress: 100 done!
Testing...
 -> Progress: 20 done!
 -> Progress: 40 done!
 -> Progress: 60 done!
 -> Progress: 80 done!
 -> Progress: 100 done!

Keys:  ['time', 'acc1', 'acc5', 'ce_loss']
Training:  [0.08329138243594743, 0.0, 0.0, 0.2567816891938524]
Testing on Task A:  [0.005665084719657898, 67.3125, 89.325, 186.41245546340943]
Testing on Task B:  [0.018351149559020997, 70.1, 96.3, 138.57280349731445]
Testing on Task C:  [0.018107151985168456, 76.5, 98.9, 103.76122665405273]
Best Acc:  68.175

Epoch: [21 | 90] LR: 0.010000
Training...
 -> Progress: 20 done!
 -> Progress: 40 done!
 -> Progress: 60 done!
 -> Progress: 80 done!
 -> Progress: 100 done!
Testing...
 -> Progress: 20 done!
 -> Progress: 40 done!
 -> Progress: 60 done!
 -> Progress: 80 done!
 -> Progress: 100 done!
Testing...
 -> Progress: 20 done!
 -> Progress: 40 done!
 -> Progress: 60 done!
 -> Progress: 80 done!
 -> Progress: 100 done!
Testing...
 -> Progress: 20 done!
 -> Progress: 40 done!
 -> Progress: 60 done!
 -> Progress: 80 done!
 -> Progress: 100 done!

Keys:  ['time', 'acc1', 'acc5', 'ce_loss']
Training:  [0.08279142050487001, 0.0, 0.0, 0.260911868470709]
Testing on Task A:  [0.006030261516571045, 68.3125, 90.0, 178.13303909301757]
Testing on Task B:  [0.018485093116760255, 73.1, 95.2, 135.17862243652343]
Testing on Task C:  [0.018905162811279297, 76.7, 98.5, 97.6680809020996]
Best Acc:  68.3125

Epoch: [22 | 90] LR: 0.010000
Training...
 -> Progress: 20 done!
 -> Progress: 40 done!
 -> Progress: 60 done!
 -> Progress: 80 done!
 -> Progress: 100 done!
Testing...
 -> Progress: 20 done!
 -> Progress: 40 done!
 -> Progress: 60 done!
 -> Progress: 80 done!
 -> Progress: 100 done!
Testing...
 -> Progress: 20 done!
 -> Progress: 40 done!
 -> Progress: 60 done!
 -> Progress: 80 done!
 -> Progress: 100 done!
Testing...
 -> Progress: 20 done!
 -> Progress: 40 done!
 -> Progress: 60 done!
 -> Progress: 80 done!
 -> Progress: 100 done!

Keys:  ['time', 'acc1', 'acc5', 'ce_loss']
Training:  [0.08596135893136339, 0.0, 0.0, 0.2590555498743301]
Testing on Task A:  [0.005942326784133911, 67.3125, 89.925, 185.1326250076294]
Testing on Task B:  [0.018141460418701173, 72.8, 95.2, 130.85575180053712]
Testing on Task C:  [0.01691005229949951, 77.3, 98.5, 89.30545349121094]
Best Acc:  68.3125

Epoch: [23 | 90] LR: 0.010000
Training...
 -> Progress: 20 done!
 -> Progress: 40 done!
 -> Progress: 60 done!
 -> Progress: 80 done!
 -> Progress: 100 done!
Testing...
 -> Progress: 20 done!
 -> Progress: 40 done!
 -> Progress: 60 done!
 -> Progress: 80 done!
 -> Progress: 100 done!
Testing...
 -> Progress: 20 done!
 -> Progress: 40 done!
 -> Progress: 60 done!
 -> Progress: 80 done!
 -> Progress: 100 done!
Testing...
 -> Progress: 20 done!
 -> Progress: 40 done!
 -> Progress: 60 done!
 -> Progress: 80 done!
 -> Progress: 100 done!

Keys:  ['time', 'acc1', 'acc5', 'ce_loss']
Training:  [0.08594843127843364, 0.0, 0.0, 0.24892048122327956]
Testing on Task A:  [0.005896171927452088, 67.85, 90.025, 183.64726724624634]
Testing on Task B:  [0.018405556678771973, 70.6, 96.0, 135.07930450439454]
Testing on Task C:  [0.018448615074157716, 77.2, 98.3, 105.31818237304688]
Best Acc:  68.3125

Epoch: [24 | 90] LR: 0.010000
Training...
 -> Progress: 20 done!
 -> Progress: 40 done!
 -> Progress: 60 done!
 -> Progress: 80 done!
 -> Progress: 100 done!
Testing...
 -> Progress: 20 done!
 -> Progress: 40 done!
 -> Progress: 60 done!
 -> Progress: 80 done!
 -> Progress: 100 done!
Testing...
 -> Progress: 20 done!
 -> Progress: 40 done!
 -> Progress: 60 done!
 -> Progress: 80 done!
 -> Progress: 100 done!
Testing...
 -> Progress: 20 done!
 -> Progress: 40 done!
 -> Progress: 60 done!
 -> Progress: 80 done!
 -> Progress: 100 done!

Keys:  ['time', 'acc1', 'acc5', 'ce_loss']
Training:  [0.08573999429297874, 0.0, 0.0, 0.266141857065813]
Testing on Task A:  [0.005927416682243347, 67.4875, 89.3, 185.50595169067384]
Testing on Task B:  [0.018761515617370605, 71.2, 95.1, 140.7077293395996]
Testing on Task C:  [0.018706655502319335, 75.3, 97.2, 117.60562591552734]
Best Acc:  68.3125

Epoch: [25 | 90] LR: 0.010000
Training...
 -> Progress: 20 done!
 -> Progress: 40 done!
 -> Progress: 60 done!
 -> Progress: 80 done!
 -> Progress: 100 done!
Testing...
 -> Progress: 20 done!
 -> Progress: 40 done!
 -> Progress: 60 done!
 -> Progress: 80 done!
 -> Progress: 100 done!
Testing...
 -> Progress: 20 done!
 -> Progress: 40 done!
 -> Progress: 60 done!
 -> Progress: 80 done!
 -> Progress: 100 done!
Testing...
 -> Progress: 20 done!
 -> Progress: 40 done!
 -> Progress: 60 done!
 -> Progress: 80 done!
 -> Progress: 100 done!

Keys:  ['time', 'acc1', 'acc5', 'ce_loss']
Training:  [0.08606971682185102, 0.0, 0.0, 0.25658779170202173]
Testing on Task A:  [0.005950674414634705, 66.9625, 89.325, 191.7884072303772]
Testing on Task B:  [0.018679094314575196, 71.5, 95.4, 133.55779190063475]
Testing on Task C:  [0.018312883377075196, 74.1, 98.1, 118.54206924438476]
Best Acc:  68.3125

Epoch: [26 | 90] LR: 0.010000
Training...
 -> Progress: 20 done!
 -> Progress: 40 done!
 -> Progress: 60 done!
 -> Progress: 80 done!
 -> Progress: 100 done!
Testing...
 -> Progress: 20 done!
 -> Progress: 40 done!
 -> Progress: 60 done!
 -> Progress: 80 done!
 -> Progress: 100 done!
Testing...
 -> Progress: 20 done!
 -> Progress: 40 done!
 -> Progress: 60 done!
 -> Progress: 80 done!
 -> Progress: 100 done!
Testing...
 -> Progress: 20 done!
 -> Progress: 40 done!
 -> Progress: 60 done!
 -> Progress: 80 done!
 -> Progress: 100 done!

Keys:  ['time', 'acc1', 'acc5', 'ce_loss']
Training:  [0.08591073004486006, 0.0, 0.0, 0.2514551861206894]
Testing on Task A:  [0.005825778841972351, 67.2625, 89.7875, 189.0169032096863]
Testing on Task B:  [0.01833322048187256, 73.9, 96.2, 130.70316009521486]
Testing on Task C:  [0.018596434593200685, 75.3, 98.2, 111.28630599975585]
Best Acc:  68.3125

Epoch: [27 | 90] LR: 0.010000
Training...
 -> Progress: 20 done!
 -> Progress: 40 done!
 -> Progress: 60 done!
 -> Progress: 80 done!
 -> Progress: 100 done!
Testing...
 -> Progress: 20 done!
 -> Progress: 40 done!
 -> Progress: 60 done!
 -> Progress: 80 done!
 -> Progress: 100 done!
Testing...
 -> Progress: 20 done!
 -> Progress: 40 done!
 -> Progress: 60 done!
 -> Progress: 80 done!
 -> Progress: 100 done!
Testing...
 -> Progress: 20 done!
 -> Progress: 40 done!
 -> Progress: 60 done!
 -> Progress: 80 done!
 -> Progress: 100 done!

Keys:  ['time', 'acc1', 'acc5', 'ce_loss']
Training:  [0.08594119457332679, 0.0, 0.0, 0.26799536105769367]
Testing on Task A:  [0.0059104830026626585, 67.1375, 89.2375, 187.90771274566652]
Testing on Task B:  [0.018802523612976074, 73.4, 95.8, 126.77433776855469]
Testing on Task C:  [0.018488049507141113, 75.3, 98.6, 100.17942581176757]
Best Acc:  68.3125

Epoch: [28 | 90] LR: 0.010000
Training...
 -> Progress: 20 done!
 -> Progress: 40 done!
 -> Progress: 60 done!
 -> Progress: 80 done!
 -> Progress: 100 done!
Testing...
 -> Progress: 20 done!
 -> Progress: 40 done!
 -> Progress: 60 done!
 -> Progress: 80 done!
 -> Progress: 100 done!
Testing...
 -> Progress: 20 done!
 -> Progress: 40 done!
 -> Progress: 60 done!
 -> Progress: 80 done!
 -> Progress: 100 done!
Testing...
 -> Progress: 20 done!
 -> Progress: 40 done!
 -> Progress: 60 done!
 -> Progress: 80 done!
 -> Progress: 100 done!

Keys:  ['time', 'acc1', 'acc5', 'ce_loss']
Training:  [0.08594123481789513, 0.0, 0.0, 0.2672716797236591]
Testing on Task A:  [0.005870646238327027, 67.625, 89.1875, 177.80318593978882]
Testing on Task B:  [0.01852550506591797, 70.1, 95.2, 136.35274810791014]
Testing on Task C:  [0.018374538421630858, 77.3, 97.6, 101.27213058471679]
Best Acc:  68.3125

Epoch: [29 | 90] LR: 0.010000
Training...
 -> Progress: 20 done!
 -> Progress: 40 done!
 -> Progress: 60 done!
 -> Progress: 80 done!
 -> Progress: 100 done!
Testing...
 -> Progress: 20 done!
 -> Progress: 40 done!
 -> Progress: 60 done!
 -> Progress: 80 done!
 -> Progress: 100 done!
Testing...
 -> Progress: 20 done!
 -> Progress: 40 done!
 -> Progress: 60 done!
 -> Progress: 80 done!
 -> Progress: 100 done!
Testing...
 -> Progress: 20 done!
 -> Progress: 40 done!
 -> Progress: 60 done!
 -> Progress: 80 done!
 -> Progress: 100 done!

Keys:  ['time', 'acc1', 'acc5', 'ce_loss']
Training:  [0.08592663457631455, 0.0, 0.0, 0.27266336943182495]
Testing on Task A:  [0.005799823999404907, 67.6, 89.8, 176.88489227294923]
Testing on Task B:  [0.018186306953430174, 72.4, 95.6, 131.79763221740723]
Testing on Task C:  [0.01791985034942627, 77.0, 98.6, 106.61087417602539]
Best Acc:  68.3125

Epoch: [30 | 90] LR: 0.010000
Training...
 -> Progress: 20 done!
 -> Progress: 40 done!
 -> Progress: 60 done!
 -> Progress: 80 done!
 -> Progress: 100 done!
Testing...
 -> Progress: 20 done!
 -> Progress: 40 done!
 -> Progress: 60 done!
 -> Progress: 80 done!
 -> Progress: 100 done!
Testing...
 -> Progress: 20 done!
 -> Progress: 40 done!
 -> Progress: 60 done!
 -> Progress: 80 done!
 -> Progress: 100 done!
Testing...
 -> Progress: 20 done!
 -> Progress: 40 done!
 -> Progress: 60 done!
 -> Progress: 80 done!
 -> Progress: 100 done!

Keys:  ['time', 'acc1', 'acc5', 'ce_loss']
Training:  [0.08208678750430837, 0.0, 0.0, 0.24672566251376707]
Testing on Task A:  [0.005782401561737061, 67.3625, 89.3625, 190.4121416091919]
Testing on Task B:  [0.018314480781555176, 72.1, 96.2, 126.71478958129883]
Testing on Task C:  [0.018068361282348632, 76.1, 98.0, 108.68630523681641]
Best Acc:  68.3125

Epoch: [31 | 90] LR: 0.001000
Training...
 -> Progress: 20 done!
 -> Progress: 40 done!
 -> Progress: 60 done!
 -> Progress: 80 done!
 -> Progress: 100 done!
Testing...
 -> Progress: 20 done!
 -> Progress: 40 done!
 -> Progress: 60 done!
 -> Progress: 80 done!
 -> Progress: 100 done!
Testing...
 -> Progress: 20 done!
 -> Progress: 40 done!
 -> Progress: 60 done!
 -> Progress: 80 done!
 -> Progress: 100 done!
Testing...
 -> Progress: 20 done!
 -> Progress: 40 done!
 -> Progress: 60 done!
 -> Progress: 80 done!
 -> Progress: 100 done!

Keys:  ['time', 'acc1', 'acc5', 'ce_loss']
Training:  [0.08422378261985682, 0.0, 0.0, 0.13885379809400308]
Testing on Task A:  [0.005755361914634704, 70.0, 90.925, 173.14530897140503]
Testing on Task B:  [0.018200182914733888, 73.4, 96.4, 124.81424331665039]
Testing on Task C:  [0.018518543243408202, 78.9, 98.5, 96.24030303955078]
Best Acc:  70.0

Epoch: [32 | 90] LR: 0.001000
Training...
 -> Progress: 20 done!
 -> Progress: 40 done!
 -> Progress: 60 done!
 -> Progress: 80 done!
 -> Progress: 100 done!
Testing...
 -> Progress: 20 done!
 -> Progress: 40 done!
 -> Progress: 60 done!
 -> Progress: 80 done!
 -> Progress: 100 done!
Testing...
 -> Progress: 20 done!
 -> Progress: 40 done!
 -> Progress: 60 done!
 -> Progress: 80 done!
 -> Progress: 100 done!
Testing...
 -> Progress: 20 done!
 -> Progress: 40 done!
 -> Progress: 60 done!
 -> Progress: 80 done!
 -> Progress: 100 done!

Keys:  ['time', 'acc1', 'acc5', 'ce_loss']
Training:  [0.08384308668658556, 0.0, 0.0, 0.11312368121522162]
Testing on Task A:  [0.0056646794080734255, 70.0875, 90.875, 174.4259599685669]
Testing on Task B:  [0.01811976432800293, 73.3, 96.5, 124.74560928344727]
Testing on Task C:  [0.018657684326171875, 78.7, 98.6, 95.72090377807618]
Best Acc:  70.0875

Epoch: [33 | 90] LR: 0.001000
Training...
 -> Progress: 20 done!
 -> Progress: 40 done!
 -> Progress: 60 done!
 -> Progress: 80 done!
 -> Progress: 100 done!
Testing...
 -> Progress: 20 done!
 -> Progress: 40 done!
 -> Progress: 60 done!
 -> Progress: 80 done!
 -> Progress: 100 done!
Testing...
 -> Progress: 20 done!
 -> Progress: 40 done!
 -> Progress: 60 done!
 -> Progress: 80 done!
 -> Progress: 100 done!
Testing...
 -> Progress: 20 done!
 -> Progress: 40 done!
 -> Progress: 60 done!
 -> Progress: 80 done!
 -> Progress: 100 done!

Keys:  ['time', 'acc1', 'acc5', 'ce_loss']
Training:  [0.08358537510532857, 0.0, 0.0, 0.10418068411786233]
Testing on Task A:  [0.005726847052574158, 70.2, 90.9625, 175.35696172714233]
Testing on Task B:  [0.018206191062927247, 73.7, 96.4, 125.0035026550293]
Testing on Task C:  [0.01821455955505371, 79.0, 98.9, 94.96056060791015]
Best Acc:  70.2

Epoch: [34 | 90] LR: 0.001000
Training...
 -> Progress: 20 done!
 -> Progress: 40 done!
 -> Progress: 60 done!
 -> Progress: 80 done!
 -> Progress: 100 done!
Testing...
 -> Progress: 20 done!
 -> Progress: 40 done!
 -> Progress: 60 done!
 -> Progress: 80 done!
 -> Progress: 100 done!
Testing...
 -> Progress: 20 done!
 -> Progress: 40 done!
 -> Progress: 60 done!
 -> Progress: 80 done!
 -> Progress: 100 done!
Testing...
 -> Progress: 20 done!
 -> Progress: 40 done!
 -> Progress: 60 done!
 -> Progress: 80 done!
 -> Progress: 100 done!

Keys:  ['time', 'acc1', 'acc5', 'ce_loss']
Training:  [0.08391430859675493, 0.0, 0.0, 0.10007113279284113]
Testing on Task A:  [0.005832847952842712, 70.4375, 90.8875, 176.97147846221924]
Testing on Task B:  [0.018009090423583986, 73.7, 96.3, 125.07865142822266]
Testing on Task C:  [0.017983317375183105, 79.2, 98.7, 95.18464050292968]
Best Acc:  70.4375

Epoch: [35 | 90] LR: 0.001000
Training...
 -> Progress: 20 done!
 -> Progress: 40 done!
 -> Progress: 60 done!
 -> Progress: 80 done!
 -> Progress: 100 done!
Testing...
 -> Progress: 20 done!
 -> Progress: 40 done!
 -> Progress: 60 done!
 -> Progress: 80 done!
 -> Progress: 100 done!
Testing...
 -> Progress: 20 done!
 -> Progress: 40 done!
 -> Progress: 60 done!
 -> Progress: 80 done!
 -> Progress: 100 done!
Testing...
 -> Progress: 20 done!
 -> Progress: 40 done!
 -> Progress: 60 done!
 -> Progress: 80 done!
 -> Progress: 100 done!

Keys:  ['time', 'acc1', 'acc5', 'ce_loss']
Training:  [0.08386174492214037, 0.0, 0.0, 0.09413094761426491]
Testing on Task A:  [0.0057879149913787845, 70.625, 90.9875, 177.2998155593872]
Testing on Task B:  [0.01817922592163086, 74.2, 96.2, 124.51300354003907]
Testing on Task C:  [0.018132805824279785, 79.2, 98.5, 95.04786376953125]
Best Acc:  70.625

Epoch: [36 | 90] LR: 0.001000
Training...
 -> Progress: 20 done!
 -> Progress: 40 done!
 -> Progress: 60 done!
 -> Progress: 80 done!
 -> Progress: 100 done!
Testing...
 -> Progress: 20 done!
 -> Progress: 40 done!
 -> Progress: 60 done!
 -> Progress: 80 done!
 -> Progress: 100 done!
Testing...
 -> Progress: 20 done!
 -> Progress: 40 done!
 -> Progress: 60 done!
 -> Progress: 80 done!
 -> Progress: 100 done!
Testing...
 -> Progress: 20 done!
 -> Progress: 40 done!
 -> Progress: 60 done!
 -> Progress: 80 done!
 -> Progress: 100 done!

Keys:  ['time', 'acc1', 'acc5', 'ce_loss']
Training:  [0.0838380951405791, 0.0, 0.0, 0.09256247732111865]
Testing on Task A:  [0.005866941809654236, 70.725, 90.95, 178.1972213745117]
Testing on Task B:  [0.01851327419281006, 73.9, 96.4, 124.93382949829102]
Testing on Task C:  [0.01844327449798584, 79.3, 98.7, 95.70802154541016]
Best Acc:  70.725

Epoch: [37 | 90] LR: 0.001000
Training...
 -> Progress: 20 done!
 -> Progress: 40 done!
 -> Progress: 60 done!
 -> Progress: 80 done!
 -> Progress: 100 done!
Testing...
 -> Progress: 20 done!
 -> Progress: 40 done!
 -> Progress: 60 done!
 -> Progress: 80 done!
 -> Progress: 100 done!
Testing...
 -> Progress: 20 done!
 -> Progress: 40 done!
 -> Progress: 60 done!
 -> Progress: 80 done!
 -> Progress: 100 done!
Testing...
 -> Progress: 20 done!
 -> Progress: 40 done!
 -> Progress: 60 done!
 -> Progress: 80 done!
 -> Progress: 100 done!

Keys:  ['time', 'acc1', 'acc5', 'ce_loss']
Training:  [0.08433694058976819, 0.0, 0.0, 0.08931149999656336]
Testing on Task A:  [0.0057268977165222164, 70.775, 91.0, 178.20665988922119]
Testing on Task B:  [0.0181901216506958, 74.6, 96.5, 123.91937713623047]
Testing on Task C:  [0.018492770195007325, 78.9, 98.6, 93.83950347900391]
Best Acc:  70.775

Epoch: [38 | 90] LR: 0.001000
Training...
 -> Progress: 20 done!
 -> Progress: 40 done!
 -> Progress: 60 done!
 -> Progress: 80 done!
 -> Progress: 100 done!
Testing...
 -> Progress: 20 done!
 -> Progress: 40 done!
 -> Progress: 60 done!
 -> Progress: 80 done!
 -> Progress: 100 done!
Testing...
 -> Progress: 20 done!
 -> Progress: 40 done!
 -> Progress: 60 done!
 -> Progress: 80 done!
 -> Progress: 100 done!
Testing...
 -> Progress: 20 done!
 -> Progress: 40 done!
 -> Progress: 60 done!
 -> Progress: 80 done!
 -> Progress: 100 done!

Keys:  ['time', 'acc1', 'acc5', 'ce_loss']
Training:  [0.08600732859443216, 0.0, 0.0, 0.08628420083952681]
Testing on Task A:  [0.005981162190437317, 70.725, 90.975, 177.8794577598572]
Testing on Task B:  [0.018506526947021484, 74.4, 96.3, 124.36073532104493]
Testing on Task C:  [0.018621253967285156, 79.2, 98.7, 93.360498046875]
Best Acc:  70.775

Epoch: [39 | 90] LR: 0.001000
Training...
 -> Progress: 20 done!
 -> Progress: 40 done!
 -> Progress: 60 done!
 -> Progress: 80 done!
 -> Progress: 100 done!
Testing...
 -> Progress: 20 done!
 -> Progress: 40 done!
 -> Progress: 60 done!
 -> Progress: 80 done!
 -> Progress: 100 done!
Testing...
 -> Progress: 20 done!
 -> Progress: 40 done!
 -> Progress: 60 done!
 -> Progress: 80 done!
 -> Progress: 100 done!
Testing...
 -> Progress: 20 done!
 -> Progress: 40 done!
 -> Progress: 60 done!
 -> Progress: 80 done!
 -> Progress: 100 done!

Keys:  ['time', 'acc1', 'acc5', 'ce_loss']
Training:  [0.08590597630766651, 0.0, 0.0, 0.08544550897062891]
Testing on Task A:  [0.005853962898254394, 70.775, 91.0, 179.84276151657104]
Testing on Task B:  [0.018345212936401366, 74.4, 96.5, 123.68370132446289]
Testing on Task C:  [0.01917920112609863, 79.3, 98.7, 94.27009353637695]
Best Acc:  70.775

Epoch: [40 | 90] LR: 0.001000
Training...
 -> Progress: 20 done!
 -> Progress: 40 done!
 -> Progress: 60 done!
 -> Progress: 80 done!
 -> Progress: 100 done!
Testing...
 -> Progress: 20 done!
 -> Progress: 40 done!
 -> Progress: 60 done!
 -> Progress: 80 done!
 -> Progress: 100 done!
Testing...
 -> Progress: 20 done!
 -> Progress: 40 done!
 -> Progress: 60 done!
 -> Progress: 80 done!
 -> Progress: 100 done!
Testing...
 -> Progress: 20 done!
 -> Progress: 40 done!
 -> Progress: 60 done!
 -> Progress: 80 done!
 -> Progress: 100 done!

Keys:  ['time', 'acc1', 'acc5', 'ce_loss']
Training:  [0.08577493084666064, 0.0, 0.0, 0.08367907541715885]
Testing on Task A:  [0.005791163444519043, 70.5875, 91.0625, 179.31624441146852]
Testing on Task B:  [0.017999958992004395, 74.8, 96.5, 123.961376953125]
Testing on Task C:  [0.018172025680541992, 79.6, 98.6, 94.99354782104493]
Best Acc:  70.775

Epoch: [41 | 90] LR: 0.001000
Training...
 -> Progress: 20 done!
 -> Progress: 40 done!
 -> Progress: 60 done!
 -> Progress: 80 done!
 -> Progress: 100 done!
Testing...
 -> Progress: 20 done!
 -> Progress: 40 done!
 -> Progress: 60 done!
 -> Progress: 80 done!
 -> Progress: 100 done!
Testing...
 -> Progress: 20 done!
 -> Progress: 40 done!
 -> Progress: 60 done!
 -> Progress: 80 done!
 -> Progress: 100 done!
Testing...
 -> Progress: 20 done!
 -> Progress: 40 done!
 -> Progress: 60 done!
 -> Progress: 80 done!
 -> Progress: 100 done!

Keys:  ['time', 'acc1', 'acc5', 'ce_loss']
Training:  [0.08587492579389411, 0.0, 0.0, 0.08283504799884908]
Testing on Task A:  [0.0058627456426620485, 70.575, 91.0875, 180.90008401870728]
Testing on Task B:  [0.01854417324066162, 74.3, 96.3, 124.31671676635742]
Testing on Task C:  [0.01901588439941406, 79.1, 98.6, 93.788427734375]
Best Acc:  70.775

Epoch: [42 | 90] LR: 0.001000
Training...
 -> Progress: 20 done!
 -> Progress: 40 done!
 -> Progress: 60 done!
 -> Progress: 80 done!
 -> Progress: 100 done!
Testing...
 -> Progress: 20 done!
 -> Progress: 40 done!
 -> Progress: 60 done!
 -> Progress: 80 done!
 -> Progress: 100 done!
Testing...
 -> Progress: 20 done!
 -> Progress: 40 done!
 -> Progress: 60 done!
 -> Progress: 80 done!
 -> Progress: 100 done!
Testing...
 -> Progress: 20 done!
 -> Progress: 40 done!
 -> Progress: 60 done!
 -> Progress: 80 done!
 -> Progress: 100 done!

Keys:  ['time', 'acc1', 'acc5', 'ce_loss']
Training:  [0.08603369244529158, 0.0, 0.0, 0.08102274442191625]
Testing on Task A:  [0.005852192640304565, 70.5125, 91.025, 180.88761196136474]
Testing on Task B:  [0.018103766441345214, 74.3, 96.4, 124.04761581420898]
Testing on Task C:  [0.018636679649353026, 79.5, 98.6, 94.19853286743164]
Best Acc:  70.775

Epoch: [43 | 90] LR: 0.001000
Training...
 -> Progress: 20 done!
 -> Progress: 40 done!
 -> Progress: 60 done!
 -> Progress: 80 done!
 -> Progress: 100 done!
Testing...
 -> Progress: 20 done!
 -> Progress: 40 done!
 -> Progress: 60 done!
 -> Progress: 80 done!
 -> Progress: 100 done!
Testing...
 -> Progress: 20 done!
 -> Progress: 40 done!
 -> Progress: 60 done!
 -> Progress: 80 done!
 -> Progress: 100 done!
Testing...
 -> Progress: 20 done!
 -> Progress: 40 done!
 -> Progress: 60 done!
 -> Progress: 80 done!
 -> Progress: 100 done!

Keys:  ['time', 'acc1', 'acc5', 'ce_loss']
Training:  [0.08593472678338171, 0.0, 0.0, 0.08006128190499742]
Testing on Task A:  [0.005876973271369934, 70.675, 91.0, 181.67881088256837]
Testing on Task B:  [0.017994046211242676, 74.5, 96.4, 122.68762741088867]
Testing on Task C:  [0.018272948265075684, 79.7, 98.7, 94.24030075073242]
Best Acc:  70.775

Epoch: [44 | 90] LR: 0.001000
Training...
 -> Progress: 20 done!
 -> Progress: 40 done!
 -> Progress: 60 done!
 -> Progress: 80 done!
 -> Progress: 100 done!
Testing...
 -> Progress: 20 done!
 -> Progress: 40 done!
 -> Progress: 60 done!
 -> Progress: 80 done!
 -> Progress: 100 done!
Testing...
 -> Progress: 20 done!
 -> Progress: 40 done!
 -> Progress: 60 done!
 -> Progress: 80 done!
 -> Progress: 100 done!
Testing...
 -> Progress: 20 done!
 -> Progress: 40 done!
 -> Progress: 60 done!
 -> Progress: 80 done!
 -> Progress: 100 done!

Keys:  ['time', 'acc1', 'acc5', 'ce_loss']
Training:  [0.08589687615709232, 0.0, 0.0, 0.0781894102883156]
Testing on Task A:  [0.005975359678268432, 70.5375, 90.975, 182.67800283432007]
Testing on Task B:  [0.018698239326477052, 74.7, 96.6, 123.37493209838867]
Testing on Task C:  [0.018777179718017577, 79.5, 98.5, 94.29205856323242]
Best Acc:  70.775

Epoch: [45 | 90] LR: 0.001000
Training...
 -> Progress: 20 done!
 -> Progress: 40 done!
 -> Progress: 60 done!
 -> Progress: 80 done!
 -> Progress: 100 done!
Testing...
 -> Progress: 20 done!
 -> Progress: 40 done!
 -> Progress: 60 done!
 -> Progress: 80 done!
 -> Progress: 100 done!
Testing...
 -> Progress: 20 done!
 -> Progress: 40 done!
 -> Progress: 60 done!
 -> Progress: 80 done!
 -> Progress: 100 done!
Testing...
 -> Progress: 20 done!
 -> Progress: 40 done!
 -> Progress: 60 done!
 -> Progress: 80 done!
 -> Progress: 100 done!

Keys:  ['time', 'acc1', 'acc5', 'ce_loss']
Training:  [0.08592621200834699, 0.0, 0.0, 0.07776517832599332]
Testing on Task A:  [0.0051914691925048825, 70.675, 90.95, 183.46973133087158]
Testing on Task B:  [0.015198493003845214, 74.9, 96.4, 123.13432235717774]
Testing on Task C:  [0.01779932975769043, 79.3, 98.4, 94.1745719909668]
Best Acc:  70.775

Epoch: [46 | 90] LR: 0.001000
Training...
 -> Progress: 20 done!
 -> Progress: 40 done!
 -> Progress: 60 done!
 -> Progress: 80 done!
 -> Progress: 100 done!
Testing...
 -> Progress: 20 done!
 -> Progress: 40 done!
 -> Progress: 60 done!
 -> Progress: 80 done!
 -> Progress: 100 done!
Testing...
 -> Progress: 20 done!
 -> Progress: 40 done!
 -> Progress: 60 done!
 -> Progress: 80 done!
 -> Progress: 100 done!
Testing...
 -> Progress: 20 done!
 -> Progress: 40 done!
 -> Progress: 60 done!
 -> Progress: 80 done!
 -> Progress: 100 done!

Keys:  ['time', 'acc1', 'acc5', 'ce_loss']
Training:  [0.08217402553314443, 0.0, 0.0, 0.07710083513080007]
Testing on Task A:  [0.005742296576499939, 70.6625, 90.9875, 183.0393277168274]
Testing on Task B:  [0.0182903528213501, 74.3, 96.2, 123.61193771362305]
Testing on Task C:  [0.01832869052886963, 79.7, 98.7, 93.2695068359375]
Best Acc:  70.775

Epoch: [47 | 90] LR: 0.001000
Training...
 -> Progress: 20 done!
 -> Progress: 40 done!
 -> Progress: 60 done!
 -> Progress: 80 done!
 -> Progress: 100 done!
Testing...
 -> Progress: 20 done!
 -> Progress: 40 done!
 -> Progress: 60 done!
 -> Progress: 80 done!
 -> Progress: 100 done!
Testing...
 -> Progress: 20 done!
 -> Progress: 40 done!
 -> Progress: 60 done!
 -> Progress: 80 done!
 -> Progress: 100 done!
Testing...
 -> Progress: 20 done!
 -> Progress: 40 done!
 -> Progress: 60 done!
 -> Progress: 80 done!
 -> Progress: 100 done!

Keys:  ['time', 'acc1', 'acc5', 'ce_loss']
Training:  [0.0841196418723182, 0.0, 0.0, 0.07660992275875853]
Testing on Task A:  [0.005805447697639465, 70.5625, 90.9125, 183.52204542160035]
Testing on Task B:  [0.018216967582702637, 74.7, 96.2, 122.60758056640626]
Testing on Task C:  [0.018184494972229005, 79.1, 98.6, 93.79448547363282]
Best Acc:  70.775

Epoch: [48 | 90] LR: 0.001000
Training...
 -> Progress: 20 done!
 -> Progress: 40 done!
 -> Progress: 60 done!
 -> Progress: 80 done!
 -> Progress: 100 done!
Testing...
 -> Progress: 20 done!
 -> Progress: 40 done!
 -> Progress: 60 done!
 -> Progress: 80 done!
 -> Progress: 100 done!
Testing...
 -> Progress: 20 done!
 -> Progress: 40 done!
 -> Progress: 60 done!
 -> Progress: 80 done!
 -> Progress: 100 done!
Testing...
 -> Progress: 20 done!
 -> Progress: 40 done!
 -> Progress: 60 done!
 -> Progress: 80 done!
 -> Progress: 100 done!

Keys:  ['time', 'acc1', 'acc5', 'ce_loss']
Training:  [0.08401808226504899, 0.0, 0.0, 0.07529894341631314]
Testing on Task A:  [0.005645078420639038, 70.6125, 90.9625, 184.58012323379518]
Testing on Task B:  [0.018041658401489257, 74.7, 96.1, 122.61703948974609]
Testing on Task C:  [0.0181382417678833, 79.7, 98.5, 93.8180763244629]
Best Acc:  70.775

Epoch: [49 | 90] LR: 0.001000
Training...
 -> Progress: 20 done!
 -> Progress: 40 done!
 -> Progress: 60 done!
 -> Progress: 80 done!
 -> Progress: 100 done!
Testing...
 -> Progress: 20 done!
 -> Progress: 40 done!
 -> Progress: 60 done!
 -> Progress: 80 done!
 -> Progress: 100 done!
Testing...
 -> Progress: 20 done!
 -> Progress: 40 done!
 -> Progress: 60 done!
 -> Progress: 80 done!
 -> Progress: 100 done!
Testing...
 -> Progress: 20 done!
 -> Progress: 40 done!
 -> Progress: 60 done!
 -> Progress: 80 done!
 -> Progress: 100 done!

Keys:  ['time', 'acc1', 'acc5', 'ce_loss']
Training:  [0.08391990807964979, 0.0, 0.0, 0.0741190553911964]
Testing on Task A:  [0.005794036388397217, 70.7875, 91.0625, 183.77343339920043]
Testing on Task B:  [0.01840658187866211, 74.8, 96.3, 122.21228332519532]
Testing on Task C:  [0.018095064163208007, 79.2, 98.7, 93.36841201782227]
Best Acc:  70.7875

Epoch: [50 | 90] LR: 0.001000
Training...
 -> Progress: 20 done!
 -> Progress: 40 done!
 -> Progress: 60 done!
 -> Progress: 80 done!
 -> Progress: 100 done!
Testing...
 -> Progress: 20 done!
 -> Progress: 40 done!
 -> Progress: 60 done!
 -> Progress: 80 done!
 -> Progress: 100 done!
Testing...
 -> Progress: 20 done!
 -> Progress: 40 done!
 -> Progress: 60 done!
 -> Progress: 80 done!
 -> Progress: 100 done!
Testing...
 -> Progress: 20 done!
 -> Progress: 40 done!
 -> Progress: 60 done!
 -> Progress: 80 done!
 -> Progress: 100 done!

Keys:  ['time', 'acc1', 'acc5', 'ce_loss']
Training:  [0.08386767611784093, 0.0, 0.0, 0.07367977691466546]
Testing on Task A:  [0.005780670046806336, 70.8, 91.0125, 184.93893327713013]
Testing on Task B:  [0.018729496002197265, 75.2, 96.4, 122.51392822265625]
Testing on Task C:  [0.01850569248199463, 79.4, 98.5, 93.10254516601563]
Best Acc:  70.8

Epoch: [51 | 90] LR: 0.001000
Training...
 -> Progress: 20 done!
 -> Progress: 40 done!
 -> Progress: 60 done!
 -> Progress: 80 done!
 -> Progress: 100 done!
Testing...
 -> Progress: 20 done!
 -> Progress: 40 done!
 -> Progress: 60 done!
 -> Progress: 80 done!
 -> Progress: 100 done!
Testing...
 -> Progress: 20 done!
 -> Progress: 40 done!
 -> Progress: 60 done!
 -> Progress: 80 done!
 -> Progress: 100 done!
Testing...
 -> Progress: 20 done!
 -> Progress: 40 done!
 -> Progress: 60 done!
 -> Progress: 80 done!
 -> Progress: 100 done!

Keys:  ['time', 'acc1', 'acc5', 'ce_loss']
Training:  [0.08412573404629212, 0.0, 0.0, 0.07335564842843034]
Testing on Task A:  [0.005724591016769409, 70.7375, 90.875, 185.2230414390564]
Testing on Task B:  [0.01848607063293457, 74.4, 96.4, 122.57378387451172]
Testing on Task C:  [0.01879441738128662, 79.6, 98.8, 92.54858741760253]
Best Acc:  70.8

Epoch: [52 | 90] LR: 0.001000
Training...
 -> Progress: 20 done!
 -> Progress: 40 done!
 -> Progress: 60 done!
 -> Progress: 80 done!
 -> Progress: 100 done!
Testing...
 -> Progress: 20 done!
 -> Progress: 40 done!
 -> Progress: 60 done!
 -> Progress: 80 done!
 -> Progress: 100 done!
Testing...
 -> Progress: 20 done!
 -> Progress: 40 done!
 -> Progress: 60 done!
 -> Progress: 80 done!
 -> Progress: 100 done!
Testing...
 -> Progress: 20 done!
 -> Progress: 40 done!
 -> Progress: 60 done!
 -> Progress: 80 done!
 -> Progress: 100 done!

Keys:  ['time', 'acc1', 'acc5', 'ce_loss']
Training:  [0.08397205345466009, 0.0, 0.0, 0.07280606665003025]
Testing on Task A:  [0.005547848343849182, 70.7125, 91.0, 185.62417917251588]
Testing on Task B:  [0.01656010150909424, 75.2, 96.3, 123.32788696289063]
Testing on Task C:  [0.0177520751953125, 79.4, 98.7, 93.36569595336914]
Best Acc:  70.8

Epoch: [53 | 90] LR: 0.001000
Training...
 -> Progress: 20 done!
 -> Progress: 40 done!
 -> Progress: 60 done!
 -> Progress: 80 done!
 -> Progress: 100 done!
Testing...
 -> Progress: 20 done!
 -> Progress: 40 done!
 -> Progress: 60 done!
 -> Progress: 80 done!
 -> Progress: 100 done!
Testing...
 -> Progress: 20 done!
 -> Progress: 40 done!
 -> Progress: 60 done!
 -> Progress: 80 done!
 -> Progress: 100 done!
Testing...
 -> Progress: 20 done!
 -> Progress: 40 done!
 -> Progress: 60 done!
 -> Progress: 80 done!
 -> Progress: 100 done!

Keys:  ['time', 'acc1', 'acc5', 'ce_loss']
Training:  [0.08513084762846418, 0.0, 0.0, 0.07255661183649012]
Testing on Task A:  [0.005962458252906799, 70.675, 91.1, 186.13857374191284]
Testing on Task B:  [0.018404507637023927, 74.9, 96.2, 123.02744750976562]
Testing on Task C:  [0.018437409400939943, 79.0, 98.5, 93.97799224853516]
Best Acc:  70.8

Epoch: [54 | 90] LR: 0.001000
Training...
 -> Progress: 20 done!
 -> Progress: 40 done!
 -> Progress: 60 done!
 -> Progress: 80 done!
 -> Progress: 100 done!
Testing...
 -> Progress: 20 done!
 -> Progress: 40 done!
 -> Progress: 60 done!
 -> Progress: 80 done!
 -> Progress: 100 done!
Testing...
 -> Progress: 20 done!
 -> Progress: 40 done!
 -> Progress: 60 done!
 -> Progress: 80 done!
 -> Progress: 100 done!
Testing...
 -> Progress: 20 done!
 -> Progress: 40 done!
 -> Progress: 60 done!
 -> Progress: 80 done!
 -> Progress: 100 done!

Keys:  ['time', 'acc1', 'acc5', 'ce_loss']
Training:  [0.08586086946375229, 0.0, 0.0, 0.0715412199116119]
Testing on Task A:  [0.00574687123298645, 70.9, 91.075, 185.7699149131775]
Testing on Task B:  [0.018415236473083497, 74.4, 96.3, 123.01527709960938]
Testing on Task C:  [0.018355178833007812, 79.1, 98.7, 93.0977882385254]
Best Acc:  70.9

Epoch: [55 | 90] LR: 0.001000
Training...
 -> Progress: 20 done!
 -> Progress: 40 done!
 -> Progress: 60 done!
 -> Progress: 80 done!
 -> Progress: 100 done!
Testing...
 -> Progress: 20 done!
 -> Progress: 40 done!
 -> Progress: 60 done!
 -> Progress: 80 done!
 -> Progress: 100 done!
Testing...
 -> Progress: 20 done!
 -> Progress: 40 done!
 -> Progress: 60 done!
 -> Progress: 80 done!
 -> Progress: 100 done!
Testing...
 -> Progress: 20 done!
 -> Progress: 40 done!
 -> Progress: 60 done!
 -> Progress: 80 done!
 -> Progress: 100 done!

Keys:  ['time', 'acc1', 'acc5', 'ce_loss']
Training:  [0.08598261172204372, 0.0, 0.0, 0.07100539445838965]
Testing on Task A:  [0.005903369188308716, 70.625, 90.9375, 185.77570867538452]
Testing on Task B:  [0.018662500381469726, 74.2, 96.2, 122.9029037475586]
Testing on Task C:  [0.018153834342956542, 79.0, 98.7, 93.13591918945312]
Best Acc:  70.9

Epoch: [56 | 90] LR: 0.001000
Training...
 -> Progress: 20 done!
 -> Progress: 40 done!
 -> Progress: 60 done!
 -> Progress: 80 done!
 -> Progress: 100 done!
Testing...
 -> Progress: 20 done!
 -> Progress: 40 done!
 -> Progress: 60 done!
 -> Progress: 80 done!
 -> Progress: 100 done!
Testing...
 -> Progress: 20 done!
 -> Progress: 40 done!
 -> Progress: 60 done!
 -> Progress: 80 done!
 -> Progress: 100 done!
Testing...
 -> Progress: 20 done!
 -> Progress: 40 done!
 -> Progress: 60 done!
 -> Progress: 80 done!
 -> Progress: 100 done!

Keys:  ['time', 'acc1', 'acc5', 'ce_loss']
Training:  [0.08592215218507421, 0.0, 0.0, 0.06993887213337452]
Testing on Task A:  [0.005965998768806458, 70.7125, 91.0, 185.99632215499878]
Testing on Task B:  [0.018433499336242675, 74.2, 96.3, 123.03944320678711]
Testing on Task C:  [0.01825370788574219, 79.2, 98.6, 92.4460235595703]
Best Acc:  70.9

Epoch: [57 | 90] LR: 0.001000
Training...
 -> Progress: 20 done!
 -> Progress: 40 done!
 -> Progress: 60 done!
 -> Progress: 80 done!
 -> Progress: 100 done!
Testing...
 -> Progress: 20 done!
 -> Progress: 40 done!
 -> Progress: 60 done!
 -> Progress: 80 done!
 -> Progress: 100 done!
Testing...
 -> Progress: 20 done!
 -> Progress: 40 done!
 -> Progress: 60 done!
 -> Progress: 80 done!
 -> Progress: 100 done!
Testing...
 -> Progress: 20 done!
 -> Progress: 40 done!
 -> Progress: 60 done!
 -> Progress: 80 done!
 -> Progress: 100 done!

Keys:  ['time', 'acc1', 'acc5', 'ce_loss']
Training:  [0.08600039555288641, 0.0, 0.0, 0.06984530137780377]
Testing on Task A:  [0.00570743978023529, 70.7, 90.9625, 186.6374828338623]
Testing on Task B:  [0.018259930610656738, 74.5, 96.5, 123.37690734863281]
Testing on Task C:  [0.018139147758483888, 79.3, 98.7, 93.79584884643555]
Best Acc:  70.9

Epoch: [58 | 90] LR: 0.001000
Training...
 -> Progress: 20 done!
 -> Progress: 40 done!
 -> Progress: 60 done!
 -> Progress: 80 done!
 -> Progress: 100 done!
Testing...
 -> Progress: 20 done!
 -> Progress: 40 done!
 -> Progress: 60 done!
 -> Progress: 80 done!
 -> Progress: 100 done!
Testing...
 -> Progress: 20 done!
 -> Progress: 40 done!
 -> Progress: 60 done!
 -> Progress: 80 done!
 -> Progress: 100 done!
Testing...
 -> Progress: 20 done!
 -> Progress: 40 done!
 -> Progress: 60 done!
 -> Progress: 80 done!
 -> Progress: 100 done!

Keys:  ['time', 'acc1', 'acc5', 'ce_loss']
Training:  [0.08571906711744226, 0.0, 0.0, 0.06965968771206449]
Testing on Task A:  [0.005779275298118591, 70.75, 91.1125, 187.1758155822754]
Testing on Task B:  [0.01819875240325928, 74.7, 96.4, 123.44484176635743]
Testing on Task C:  [0.018424487113952635, 79.1, 98.5, 92.83113632202148]
Best Acc:  70.9

Epoch: [59 | 90] LR: 0.001000
Training...
 -> Progress: 20 done!
 -> Progress: 40 done!
 -> Progress: 60 done!
 -> Progress: 80 done!
 -> Progress: 100 done!
Testing...
 -> Progress: 20 done!
 -> Progress: 40 done!
 -> Progress: 60 done!
 -> Progress: 80 done!
 -> Progress: 100 done!
Testing...
 -> Progress: 20 done!
 -> Progress: 40 done!
 -> Progress: 60 done!
 -> Progress: 80 done!
 -> Progress: 100 done!
Testing...
 -> Progress: 20 done!
 -> Progress: 40 done!
 -> Progress: 60 done!
 -> Progress: 80 done!
 -> Progress: 100 done!

Keys:  ['time', 'acc1', 'acc5', 'ce_loss']
Training:  [0.08588154846445069, 0.0, 0.0, 0.0688318799599967]
Testing on Task A:  [0.005915626883506775, 70.6, 90.9625, 187.12874603271484]
Testing on Task B:  [0.018374156951904298, 74.5, 96.3, 123.71855926513672]
Testing on Task C:  [0.01871645450592041, 79.4, 98.5, 93.66587295532227]
Best Acc:  70.9

Epoch: [60 | 90] LR: 0.001000
Training...
 -> Progress: 20 done!
 -> Progress: 40 done!
 -> Progress: 60 done!
 -> Progress: 80 done!
 -> Progress: 100 done!
Testing...
 -> Progress: 20 done!
 -> Progress: 40 done!
 -> Progress: 60 done!
 -> Progress: 80 done!
 -> Progress: 100 done!
Testing...
 -> Progress: 20 done!
 -> Progress: 40 done!
 -> Progress: 60 done!
 -> Progress: 80 done!
 -> Progress: 100 done!
Testing...
 -> Progress: 20 done!
 -> Progress: 40 done!
 -> Progress: 60 done!
 -> Progress: 80 done!
 -> Progress: 100 done!

Keys:  ['time', 'acc1', 'acc5', 'ce_loss']
Training:  [0.08598166475515537, 0.0, 0.0, 0.06913409001953766]
Testing on Task A:  [0.005976265668869019, 70.6, 91.0375, 186.6175651550293]
Testing on Task B:  [0.018421387672424315, 74.3, 96.1, 123.24833755493164]
Testing on Task C:  [0.018685531616210938, 79.3, 98.5, 92.99434356689453]
Best Acc:  70.9

Epoch: [61 | 90] LR: 0.000100
Training...
 -> Progress: 20 done!
 -> Progress: 40 done!
 -> Progress: 60 done!
 -> Progress: 80 done!
 -> Progress: 100 done!
Testing...
 -> Progress: 20 done!
 -> Progress: 40 done!
 -> Progress: 60 done!
 -> Progress: 80 done!
 -> Progress: 100 done!
Testing...
 -> Progress: 20 done!
 -> Progress: 40 done!
 -> Progress: 60 done!
 -> Progress: 80 done!
 -> Progress: 100 done!
Testing...
 -> Progress: 20 done!
 -> Progress: 40 done!
 -> Progress: 60 done!
 -> Progress: 80 done!
 -> Progress: 100 done!

Keys:  ['time', 'acc1', 'acc5', 'ce_loss']
Training:  [0.08412304070904432, 0.0, 0.0, 0.06757856023204906]
Testing on Task A:  [0.005715227127075196, 70.6875, 91.05, 187.06815042495728]
Testing on Task B:  [0.018474841117858888, 74.3, 96.2, 123.15474090576171]
Testing on Task C:  [0.018464255332946777, 79.5, 98.6, 92.96221237182617]
Best Acc:  70.9

Epoch: [62 | 90] LR: 0.000100
Training...
 -> Progress: 20 done!
 -> Progress: 40 done!
 -> Progress: 60 done!
 -> Progress: 80 done!
 -> Progress: 100 done!
Testing...
 -> Progress: 20 done!
 -> Progress: 40 done!
 -> Progress: 60 done!
 -> Progress: 80 done!
 -> Progress: 100 done!
Testing...
 -> Progress: 20 done!
 -> Progress: 40 done!
 -> Progress: 60 done!
 -> Progress: 80 done!
 -> Progress: 100 done!
Testing...
 -> Progress: 20 done!
 -> Progress: 40 done!
 -> Progress: 60 done!
 -> Progress: 80 done!
 -> Progress: 100 done!

Keys:  ['time', 'acc1', 'acc5', 'ce_loss']
Training:  [0.08325215190877695, 0.0, 0.0, 0.06793293234942209]
Testing on Task A:  [0.005656161904335022, 70.5875, 91.025, 187.35043306350707]
Testing on Task B:  [0.018316364288330077, 74.3, 96.2, 123.3883560180664]
Testing on Task C:  [0.018146824836730958, 79.1, 98.4, 93.16232528686524]
Best Acc:  70.9

Epoch: [63 | 90] LR: 0.000100
Training...
 -> Progress: 20 done!
 -> Progress: 40 done!
 -> Progress: 60 done!
 -> Progress: 80 done!
 -> Progress: 100 done!
Testing...
 -> Progress: 20 done!
 -> Progress: 40 done!
 -> Progress: 60 done!
 -> Progress: 80 done!
 -> Progress: 100 done!
Testing...
 -> Progress: 20 done!
 -> Progress: 40 done!
 -> Progress: 60 done!
 -> Progress: 80 done!
 -> Progress: 100 done!
Testing...
 -> Progress: 20 done!
 -> Progress: 40 done!
 -> Progress: 60 done!
 -> Progress: 80 done!
 -> Progress: 100 done!

Keys:  ['time', 'acc1', 'acc5', 'ce_loss']
Training:  [0.08377611911510263, 0.0, 0.0, 0.06769450617682599]
Testing on Task A:  [0.005789244174957275, 70.65, 91.025, 187.25612525939943]
Testing on Task B:  [0.01829237937927246, 74.2, 96.2, 123.16086807250977]
Testing on Task C:  [0.017925357818603514, 79.3, 98.5, 93.13917083740235]
Best Acc:  70.9

Epoch: [64 | 90] LR: 0.000100
Training...
 -> Progress: 20 done!
 -> Progress: 40 done!
 -> Progress: 60 done!
 -> Progress: 80 done!
 -> Progress: 100 done!
Testing...
 -> Progress: 20 done!
 -> Progress: 40 done!
 -> Progress: 60 done!
 -> Progress: 80 done!
 -> Progress: 100 done!
Testing...
 -> Progress: 20 done!
 -> Progress: 40 done!
 -> Progress: 60 done!
 -> Progress: 80 done!
 -> Progress: 100 done!
Testing...
 -> Progress: 20 done!
 -> Progress: 40 done!
 -> Progress: 60 done!
 -> Progress: 80 done!
 -> Progress: 100 done!

Keys:  ['time', 'acc1', 'acc5', 'ce_loss']
Training:  [0.08392033308668209, 0.0, 0.0, 0.0681280514030048]
Testing on Task A:  [0.0058237284421920775, 70.5875, 91.0125, 187.58034448623658]
Testing on Task B:  [0.01819272041320801, 74.5, 96.2, 123.3357666015625]
Testing on Task C:  [0.01817638874053955, 79.1, 98.5, 93.05179595947266]
Best Acc:  70.9

Epoch: [65 | 90] LR: 0.000100
Training...
 -> Progress: 20 done!
 -> Progress: 40 done!
 -> Progress: 60 done!
 -> Progress: 80 done!
 -> Progress: 100 done!
Testing...
 -> Progress: 20 done!
 -> Progress: 40 done!
 -> Progress: 60 done!
 -> Progress: 80 done!
 -> Progress: 100 done!
Testing...
 -> Progress: 20 done!
 -> Progress: 40 done!
 -> Progress: 60 done!
 -> Progress: 80 done!
 -> Progress: 100 done!
Testing...
 -> Progress: 20 done!
 -> Progress: 40 done!
 -> Progress: 60 done!
 -> Progress: 80 done!
 -> Progress: 100 done!

Keys:  ['time', 'acc1', 'acc5', 'ce_loss']
Training:  [0.0837728282069916, 0.0, 0.0, 0.06773595875867493]
Testing on Task A:  [0.0057442039251327515, 70.6, 91.05, 187.35900602340698]
Testing on Task B:  [0.018286252021789552, 74.4, 96.2, 123.0746856689453]
Testing on Task C:  [0.01831669807434082, 79.4, 98.5, 93.09524002075196]
Best Acc:  70.9

Epoch: [66 | 90] LR: 0.000100
Training...
 -> Progress: 20 done!
 -> Progress: 40 done!
 -> Progress: 60 done!
 -> Progress: 80 done!
 -> Progress: 100 done!
Testing...
 -> Progress: 20 done!
 -> Progress: 40 done!
 -> Progress: 60 done!
 -> Progress: 80 done!
 -> Progress: 100 done!
Testing...
 -> Progress: 20 done!
 -> Progress: 40 done!
 -> Progress: 60 done!
 -> Progress: 80 done!
 -> Progress: 100 done!
Testing...
 -> Progress: 20 done!
 -> Progress: 40 done!
 -> Progress: 60 done!
 -> Progress: 80 done!
 -> Progress: 100 done!

Keys:  ['time', 'acc1', 'acc5', 'ce_loss']
Training:  [0.08374467591190582, 0.0, 0.0, 0.06690802960597036]
Testing on Task A:  [0.0056156724691390995, 70.6625, 90.9875, 187.4869957923889]
Testing on Task B:  [0.018154239654541014, 74.4, 96.2, 123.20652465820312]
Testing on Task C:  [0.018238592147827148, 79.6, 98.5, 93.16554336547851]
Best Acc:  70.9

Epoch: [67 | 90] LR: 0.000100
Training...
 -> Progress: 20 done!
 -> Progress: 40 done!
 -> Progress: 60 done!
 -> Progress: 80 done!
 -> Progress: 100 done!
Testing...
 -> Progress: 20 done!
 -> Progress: 40 done!
 -> Progress: 60 done!
 -> Progress: 80 done!
 -> Progress: 100 done!
Testing...
 -> Progress: 20 done!
 -> Progress: 40 done!
 -> Progress: 60 done!
 -> Progress: 80 done!
 -> Progress: 100 done!
Testing...
 -> Progress: 20 done!
 -> Progress: 40 done!
 -> Progress: 60 done!
 -> Progress: 80 done!
 -> Progress: 100 done!

Keys:  ['time', 'acc1', 'acc5', 'ce_loss']
Training:  [0.08386354251285953, 0.0, 0.0, 0.06743431986902682]
Testing on Task A:  [0.005799201130867004, 70.675, 90.9875, 187.47375507354735]
Testing on Task B:  [0.01815497875213623, 74.5, 96.3, 123.23323440551758]
Testing on Task C:  [0.018613338470458984, 79.5, 98.4, 93.352392578125]
Best Acc:  70.9

Epoch: [68 | 90] LR: 0.000100
Training...
 -> Progress: 20 done!
 -> Progress: 40 done!
 -> Progress: 60 done!
 -> Progress: 80 done!
 -> Progress: 100 done!
Testing...
 -> Progress: 20 done!
 -> Progress: 40 done!
 -> Progress: 60 done!
 -> Progress: 80 done!
 -> Progress: 100 done!
Testing...
 -> Progress: 20 done!
 -> Progress: 40 done!
 -> Progress: 60 done!
 -> Progress: 80 done!
 -> Progress: 100 done!
Testing...
 -> Progress: 20 done!
 -> Progress: 40 done!
 -> Progress: 60 done!
 -> Progress: 80 done!
 -> Progress: 100 done!

Keys:  ['time', 'acc1', 'acc5', 'ce_loss']
Training:  [0.08325193239294965, 0.0, 0.0, 0.0671243493152244]
Testing on Task A:  [0.0059211432933807375, 70.6375, 91.0, 187.2796739578247]
Testing on Task B:  [0.01851608753204346, 74.5, 96.2, 123.1624252319336]
Testing on Task C:  [0.01873316764831543, 79.4, 98.5, 93.24056015014648]
Best Acc:  70.9

Epoch: [69 | 90] LR: 0.000100
Training...
 -> Progress: 20 done!
 -> Progress: 40 done!
 -> Progress: 60 done!
 -> Progress: 80 done!
 -> Progress: 100 done!
Testing...
 -> Progress: 20 done!
 -> Progress: 40 done!
 -> Progress: 60 done!
 -> Progress: 80 done!
 -> Progress: 100 done!
Testing...
 -> Progress: 20 done!
 -> Progress: 40 done!
 -> Progress: 60 done!
 -> Progress: 80 done!
 -> Progress: 100 done!
Testing...
 -> Progress: 20 done!
 -> Progress: 40 done!
 -> Progress: 60 done!
 -> Progress: 80 done!
 -> Progress: 100 done!

Keys:  ['time', 'acc1', 'acc5', 'ce_loss']
Training:  [0.08592131924446282, 0.0, 0.0, 0.06692865076462937]
Testing on Task A:  [0.006036296486854553, 70.675, 91.0125, 187.40425128936766]
Testing on Task B:  [0.018311214447021485, 74.5, 96.2, 123.06093292236328]
Testing on Task C:  [0.01790304183959961, 79.2, 98.4, 93.11338424682617]
Best Acc:  70.9

Epoch: [70 | 90] LR: 0.000100
Training...
 -> Progress: 20 done!
 -> Progress: 40 done!
 -> Progress: 60 done!
 -> Progress: 80 done!
 -> Progress: 100 done!
Testing...
 -> Progress: 20 done!
 -> Progress: 40 done!
 -> Progress: 60 done!
 -> Progress: 80 done!
 -> Progress: 100 done!
Testing...
 -> Progress: 20 done!
 -> Progress: 40 done!
 -> Progress: 60 done!
 -> Progress: 80 done!
 -> Progress: 100 done!
Testing...
 -> Progress: 20 done!
 -> Progress: 40 done!
 -> Progress: 60 done!
 -> Progress: 80 done!
 -> Progress: 100 done!

Keys:  ['time', 'acc1', 'acc5', 'ce_loss']
Training:  [0.08590828427268415, 0.0, 0.0, 0.06777441685500048]
Testing on Task A:  [0.005805116891860962, 70.6, 91.0375, 187.38507480621337]
Testing on Task B:  [0.0184049129486084, 74.6, 96.1, 123.16811981201172]
Testing on Task C:  [0.01851053237915039, 79.6, 98.6, 92.9685272216797]
Best Acc:  70.9

Epoch: [71 | 90] LR: 0.000100
Training...
 -> Progress: 20 done!
 -> Progress: 40 done!
 -> Progress: 60 done!
 -> Progress: 80 done!
 -> Progress: 100 done!
Testing...
 -> Progress: 20 done!
 -> Progress: 40 done!
 -> Progress: 60 done!
 -> Progress: 80 done!
 -> Progress: 100 done!
Testing...
 -> Progress: 20 done!
 -> Progress: 40 done!
 -> Progress: 60 done!
 -> Progress: 80 done!
 -> Progress: 100 done!
Testing...
 -> Progress: 20 done!
 -> Progress: 40 done!
 -> Progress: 60 done!
 -> Progress: 80 done!
 -> Progress: 100 done!

Keys:  ['time', 'acc1', 'acc5', 'ce_loss']
Training:  [0.08592417355998398, 0.0, 0.0, 0.06692608020951986]
Testing on Task A:  [0.005881544947624206, 70.6125, 91.0125, 187.62094326019286]
Testing on Task B:  [0.018169736862182616, 74.6, 96.2, 123.1605453491211]
Testing on Task C:  [0.018039822578430176, 79.4, 98.4, 93.2528694152832]
Best Acc:  70.9

Epoch: [72 | 90] LR: 0.000100
Training...
 -> Progress: 20 done!
 -> Progress: 40 done!
 -> Progress: 60 done!
 -> Progress: 80 done!
 -> Progress: 100 done!
Testing...
 -> Progress: 20 done!
 -> Progress: 40 done!
 -> Progress: 60 done!
 -> Progress: 80 done!
 -> Progress: 100 done!
Testing...
 -> Progress: 20 done!
 -> Progress: 40 done!
 -> Progress: 60 done!
 -> Progress: 80 done!
 -> Progress: 100 done!
Testing...
 -> Progress: 20 done!
 -> Progress: 40 done!
 -> Progress: 60 done!
 -> Progress: 80 done!
 -> Progress: 100 done!

Keys:  ['time', 'acc1', 'acc5', 'ce_loss']
Training:  [0.08586296949850018, 0.0, 0.0, 0.06686699660042363]
Testing on Task A:  [0.006134551763534546, 70.65, 91.0, 187.50335216522217]
Testing on Task B:  [0.018508005142211913, 74.6, 96.2, 123.10495300292969]
Testing on Task C:  [0.018669676780700684, 79.4, 98.5, 93.20595245361328]
Best Acc:  70.9

Epoch: [73 | 90] LR: 0.000100
Training...
 -> Progress: 20 done!
 -> Progress: 40 done!
 -> Progress: 60 done!
 -> Progress: 80 done!
 -> Progress: 100 done!
Testing...
 -> Progress: 20 done!
 -> Progress: 40 done!
 -> Progress: 60 done!
 -> Progress: 80 done!
 -> Progress: 100 done!
Testing...
 -> Progress: 20 done!
 -> Progress: 40 done!
 -> Progress: 60 done!
 -> Progress: 80 done!
 -> Progress: 100 done!
Testing...
 -> Progress: 20 done!
 -> Progress: 40 done!
 -> Progress: 60 done!
 -> Progress: 80 done!
 -> Progress: 100 done!

Keys:  ['time', 'acc1', 'acc5', 'ce_loss']
Training:  [0.08593791281170857, 0.0, 0.0, 0.06700926177832477]
Testing on Task A:  [0.005886435508728027, 70.65, 91.0125, 187.44748067855835]
Testing on Task B:  [0.018304109573364258, 74.4, 96.2, 122.95767059326172]
Testing on Task C:  [0.01840808391571045, 79.3, 98.5, 93.19577407836914]
Best Acc:  70.9

Epoch: [74 | 90] LR: 0.000100
Training...
 -> Progress: 20 done!
 -> Progress: 40 done!
 -> Progress: 60 done!
 -> Progress: 80 done!
 -> Progress: 100 done!
Testing...
 -> Progress: 20 done!
 -> Progress: 40 done!
 -> Progress: 60 done!
 -> Progress: 80 done!
 -> Progress: 100 done!
Testing...
 -> Progress: 20 done!
 -> Progress: 40 done!
 -> Progress: 60 done!
 -> Progress: 80 done!
 -> Progress: 100 done!
Testing...
 -> Progress: 20 done!
 -> Progress: 40 done!
 -> Progress: 60 done!
 -> Progress: 80 done!
 -> Progress: 100 done!

Keys:  ['time', 'acc1', 'acc5', 'ce_loss']
Training:  [0.0859099757640868, 0.0, 0.0, 0.06696372334380894]
Testing on Task A:  [0.005876082181930542, 70.6875, 91.05, 187.33550148010255]
Testing on Task B:  [0.01942129135131836, 74.4, 96.3, 123.04796142578125]
Testing on Task C:  [0.018500614166259765, 79.5, 98.5, 93.08538513183593]
Best Acc:  70.9

Epoch: [75 | 90] LR: 0.000100
Training...
 -> Progress: 20 done!
 -> Progress: 40 done!
 -> Progress: 60 done!
 -> Progress: 80 done!
 -> Progress: 100 done!
Testing...
 -> Progress: 20 done!
 -> Progress: 40 done!
 -> Progress: 60 done!
 -> Progress: 80 done!
 -> Progress: 100 done!
Testing...
 -> Progress: 20 done!
 -> Progress: 40 done!
 -> Progress: 60 done!
 -> Progress: 80 done!
 -> Progress: 100 done!
Testing...
 -> Progress: 20 done!
 -> Progress: 40 done!
 -> Progress: 60 done!
 -> Progress: 80 done!
 -> Progress: 100 done!

Keys:  ['time', 'acc1', 'acc5', 'ce_loss']
Training:  [0.08587227209144846, 0.0, 0.0, 0.0665841402052461]
Testing on Task A:  [0.005899155139923095, 70.675, 91.075, 187.48889923095703]
Testing on Task B:  [0.018316364288330077, 74.4, 96.2, 123.1733512878418]
Testing on Task C:  [0.01868276596069336, 79.4, 98.6, 93.06191558837891]
Best Acc:  70.9

Epoch: [76 | 90] LR: 0.000100
Training...
 -> Progress: 20 done!
 -> Progress: 40 done!
 -> Progress: 60 done!
 -> Progress: 80 done!
 -> Progress: 100 done!
Testing...
 -> Progress: 20 done!
 -> Progress: 40 done!
 -> Progress: 60 done!
 -> Progress: 80 done!
 -> Progress: 100 done!
Testing...
 -> Progress: 20 done!
 -> Progress: 40 done!
 -> Progress: 60 done!
 -> Progress: 80 done!
 -> Progress: 100 done!
Testing...
 -> Progress: 20 done!
 -> Progress: 40 done!
 -> Progress: 60 done!
 -> Progress: 80 done!
 -> Progress: 100 done!

Keys:  ['time', 'acc1', 'acc5', 'ce_loss']
Training:  [0.08602742282935726, 0.0, 0.0, 0.06664224626386867]
Testing on Task A:  [0.005761656165122986, 70.7625, 91.05, 187.53441944122315]
Testing on Task B:  [0.018344759941101074, 74.3, 96.1, 123.22733459472656]
Testing on Task C:  [0.018146514892578125, 79.3, 98.5, 93.14926681518554]
Best Acc:  70.9

Epoch: [77 | 90] LR: 0.000100
Training...
 -> Progress: 20 done!
 -> Progress: 40 done!
 -> Progress: 60 done!
 -> Progress: 80 done!
 -> Progress: 100 done!
Testing...
 -> Progress: 20 done!
 -> Progress: 40 done!
 -> Progress: 60 done!
 -> Progress: 80 done!
 -> Progress: 100 done!
Testing...
 -> Progress: 20 done!
 -> Progress: 40 done!
 -> Progress: 60 done!
 -> Progress: 80 done!
 -> Progress: 100 done!
Testing...
 -> Progress: 20 done!
 -> Progress: 40 done!
 -> Progress: 60 done!
 -> Progress: 80 done!
 -> Progress: 100 done!

Keys:  ['time', 'acc1', 'acc5', 'ce_loss']
Training:  [0.08308143871824455, 0.0, 0.0, 0.06683277030049077]
Testing on Task A:  [0.005789163708686829, 70.7125, 91.0, 187.51287660598754]
Testing on Task B:  [0.01835007667541504, 74.5, 96.3, 123.21169052124023]
Testing on Task C:  [0.018369841575622558, 79.4, 98.6, 93.09817504882812]
Best Acc:  70.9

Epoch: [78 | 90] LR: 0.000100
Training...
 -> Progress: 20 done!
 -> Progress: 40 done!
 -> Progress: 60 done!
 -> Progress: 80 done!
 -> Progress: 100 done!
Testing...
 -> Progress: 20 done!
 -> Progress: 40 done!
 -> Progress: 60 done!
 -> Progress: 80 done!
 -> Progress: 100 done!
Testing...
 -> Progress: 20 done!
 -> Progress: 40 done!
 -> Progress: 60 done!
 -> Progress: 80 done!
 -> Progress: 100 done!
Testing...
 -> Progress: 20 done!
 -> Progress: 40 done!
 -> Progress: 60 done!
 -> Progress: 80 done!
 -> Progress: 100 done!

Keys:  ['time', 'acc1', 'acc5', 'ce_loss']
Training:  [0.08322079285331395, 0.0, 0.0, 0.06677908085458115]
Testing on Task A:  [0.005619308352470398, 70.7375, 91.0375, 187.6904462814331]
Testing on Task B:  [0.018362879753112793, 74.4, 96.3, 123.0722900390625]
Testing on Task C:  [0.01854212284088135, 79.2, 98.6, 93.22571334838867]
Best Acc:  70.9

Epoch: [79 | 90] LR: 0.000100
Training...
 -> Progress: 20 done!
 -> Progress: 40 done!
 -> Progress: 60 done!
 -> Progress: 80 done!
 -> Progress: 100 done!
Testing...
 -> Progress: 20 done!
 -> Progress: 40 done!
 -> Progress: 60 done!
 -> Progress: 80 done!
 -> Progress: 100 done!
Testing...
 -> Progress: 20 done!
 -> Progress: 40 done!
 -> Progress: 60 done!
 -> Progress: 80 done!
 -> Progress: 100 done!
Testing...
 -> Progress: 20 done!
 -> Progress: 40 done!
 -> Progress: 60 done!
 -> Progress: 80 done!
 -> Progress: 100 done!

Keys:  ['time', 'acc1', 'acc5', 'ce_loss']
Training:  [0.08341983273206159, 0.0, 0.0, 0.06694177918307617]
Testing on Task A:  [0.005720213055610657, 70.65, 90.9875, 187.69237852096558]
Testing on Task B:  [0.018261098861694337, 74.6, 96.2, 123.03118667602538]
Testing on Task C:  [0.01805408000946045, 79.2, 98.6, 93.2018196105957]
Best Acc:  70.9

Epoch: [80 | 90] LR: 0.000100
Training...
 -> Progress: 20 done!
 -> Progress: 40 done!
 -> Progress: 60 done!
 -> Progress: 80 done!
 -> Progress: 100 done!
Testing...
 -> Progress: 20 done!
 -> Progress: 40 done!
 -> Progress: 60 done!
 -> Progress: 80 done!
 -> Progress: 100 done!
Testing...
 -> Progress: 20 done!
 -> Progress: 40 done!
 -> Progress: 60 done!
 -> Progress: 80 done!
 -> Progress: 100 done!
Testing...
 -> Progress: 20 done!
 -> Progress: 40 done!
 -> Progress: 60 done!
 -> Progress: 80 done!
 -> Progress: 100 done!

Keys:  ['time', 'acc1', 'acc5', 'ce_loss']
Training:  [0.08349448579656499, 0.0, 0.0, 0.06647725045071233]
Testing on Task A:  [0.0058070987462997435, 70.675, 90.9875, 187.6918330192566]
Testing on Task B:  [0.018185138702392578, 74.3, 96.2, 123.12896194458008]
Testing on Task C:  [0.017971372604370116, 79.2, 98.5, 93.3760368347168]
Best Acc:  70.9

Epoch: [81 | 90] LR: 0.000100
Training...
 -> Progress: 20 done!
 -> Progress: 40 done!
 -> Progress: 60 done!
 -> Progress: 80 done!
 -> Progress: 100 done!
Testing...
 -> Progress: 20 done!
 -> Progress: 40 done!
 -> Progress: 60 done!
 -> Progress: 80 done!
 -> Progress: 100 done!
Testing...
 -> Progress: 20 done!
 -> Progress: 40 done!
 -> Progress: 60 done!
 -> Progress: 80 done!
 -> Progress: 100 done!
Testing...
 -> Progress: 20 done!
 -> Progress: 40 done!
 -> Progress: 60 done!
 -> Progress: 80 done!
 -> Progress: 100 done!

Keys:  ['time', 'acc1', 'acc5', 'ce_loss']
Training:  [0.08325037565987434, 0.0, 0.0, 0.06676133807815249]
Testing on Task A:  [0.005751842260360717, 70.6375, 90.9875, 187.43325128555298]
Testing on Task B:  [0.018239974975585938, 74.3, 96.0, 123.1859977722168]
Testing on Task C:  [0.018146514892578125, 79.2, 98.6, 93.11281509399414]
Best Acc:  70.9

Epoch: [82 | 90] LR: 0.000100
Training...
 -> Progress: 20 done!
 -> Progress: 40 done!
 -> Progress: 60 done!
 -> Progress: 80 done!
 -> Progress: 100 done!
Testing...
 -> Progress: 20 done!
 -> Progress: 40 done!
 -> Progress: 60 done!
 -> Progress: 80 done!
 -> Progress: 100 done!
Testing...
 -> Progress: 20 done!
 -> Progress: 40 done!
 -> Progress: 60 done!
 -> Progress: 80 done!
 -> Progress: 100 done!
Testing...
 -> Progress: 20 done!
 -> Progress: 40 done!
 -> Progress: 60 done!
 -> Progress: 80 done!
 -> Progress: 100 done!

Keys:  ['time', 'acc1', 'acc5', 'ce_loss']
Training:  [0.08340065192688456, 0.0, 0.0, 0.06645979302580399]
Testing on Task A:  [0.005857685208320617, 70.6625, 90.95, 187.74393939971924]
Testing on Task B:  [0.017032837867736815, 74.5, 96.1, 122.9553352355957]
Testing on Task C:  [0.01845109462738037, 79.0, 98.5, 93.36740570068359]
Best Acc:  70.9

Epoch: [83 | 90] LR: 0.000100
Training...
 -> Progress: 20 done!
 -> Progress: 40 done!
 -> Progress: 60 done!
 -> Progress: 80 done!
 -> Progress: 100 done!
Testing...
 -> Progress: 20 done!
 -> Progress: 40 done!
 -> Progress: 60 done!
 -> Progress: 80 done!
 -> Progress: 100 done!
Testing...
 -> Progress: 20 done!
 -> Progress: 40 done!
 -> Progress: 60 done!
 -> Progress: 80 done!
 -> Progress: 100 done!
Testing...
 -> Progress: 20 done!
 -> Progress: 40 done!
 -> Progress: 60 done!
 -> Progress: 80 done!
 -> Progress: 100 done!

Keys:  ['time', 'acc1', 'acc5', 'ce_loss']
Training:  [0.08313848173526851, 0.0, 0.0, 0.06662922966129639]
Testing on Task A:  [0.005729100108146668, 70.6, 90.9625, 187.7274950027466]
Testing on Task B:  [0.01820080280303955, 74.4, 96.3, 123.3134979248047]
Testing on Task C:  [0.018524980545043944, 79.1, 98.5, 93.38078155517579]
Best Acc:  70.9

Epoch: [84 | 90] LR: 0.000100
Training...
 -> Progress: 20 done!
 -> Progress: 40 done!
 -> Progress: 60 done!
 -> Progress: 80 done!
 -> Progress: 100 done!
Testing...
 -> Progress: 20 done!
 -> Progress: 40 done!
 -> Progress: 60 done!
 -> Progress: 80 done!
 -> Progress: 100 done!
Testing...
 -> Progress: 20 done!
 -> Progress: 40 done!
 -> Progress: 60 done!
 -> Progress: 80 done!
 -> Progress: 100 done!
Testing...
 -> Progress: 20 done!
 -> Progress: 40 done!
 -> Progress: 60 done!
 -> Progress: 80 done!
 -> Progress: 100 done!

Keys:  ['time', 'acc1', 'acc5', 'ce_loss']
Training:  [0.08372093039705321, 0.0, 0.0, 0.06652793226301518]
Testing on Task A:  [0.0057564318180084225, 70.6625, 90.9125, 187.48068313598634]
Testing on Task B:  [0.01860206127166748, 74.3, 96.2, 123.11491928100585]
Testing on Task C:  [0.018536829948425294, 79.3, 98.6, 93.07689666748047]
Best Acc:  70.9

Epoch: [85 | 90] LR: 0.000100
Training...
 -> Progress: 20 done!
 -> Progress: 40 done!
 -> Progress: 60 done!
 -> Progress: 80 done!
 -> Progress: 100 done!
Testing...
 -> Progress: 20 done!
 -> Progress: 40 done!
 -> Progress: 60 done!
 -> Progress: 80 done!
 -> Progress: 100 done!
Testing...
 -> Progress: 20 done!
 -> Progress: 40 done!
 -> Progress: 60 done!
 -> Progress: 80 done!
 -> Progress: 100 done!
Testing...
 -> Progress: 20 done!
 -> Progress: 40 done!
 -> Progress: 60 done!
 -> Progress: 80 done!
 -> Progress: 100 done!

Keys:  ['time', 'acc1', 'acc5', 'ce_loss']
Training:  [0.08607695291719168, 0.0, 0.0, 0.06615560221702546]
Testing on Task A:  [0.006068822741508484, 70.725, 90.9, 187.66119089126587]
Testing on Task B:  [0.01848933696746826, 74.4, 96.3, 123.15961608886718]
Testing on Task C:  [0.018456387519836425, 79.4, 98.5, 93.25784683227539]
Best Acc:  70.9

Epoch: [86 | 90] LR: 0.000100
Training...
 -> Progress: 20 done!
 -> Progress: 40 done!
 -> Progress: 60 done!
 -> Progress: 80 done!
 -> Progress: 100 done!
Testing...
 -> Progress: 20 done!
 -> Progress: 40 done!
 -> Progress: 60 done!
 -> Progress: 80 done!
 -> Progress: 100 done!
Testing...
 -> Progress: 20 done!
 -> Progress: 40 done!
 -> Progress: 60 done!
 -> Progress: 80 done!
 -> Progress: 100 done!
Testing...
 -> Progress: 20 done!
 -> Progress: 40 done!
 -> Progress: 60 done!
 -> Progress: 80 done!
 -> Progress: 100 done!

Keys:  ['time', 'acc1', 'acc5', 'ce_loss']
Training:  [0.08615153098045408, 0.0, 0.0, 0.06678437907486925]
Testing on Task A:  [0.00582292377948761, 70.6375, 90.925, 187.60882053375244]
Testing on Task B:  [0.018300318717956544, 74.3, 96.3, 123.13472137451171]
Testing on Task C:  [0.018363571166992186, 79.3, 98.5, 93.24231719970703]
Best Acc:  70.9

Epoch: [87 | 90] LR: 0.000100
Training...
 -> Progress: 20 done!
 -> Progress: 40 done!
 -> Progress: 60 done!
 -> Progress: 80 done!
 -> Progress: 100 done!
Testing...
 -> Progress: 20 done!
 -> Progress: 40 done!
 -> Progress: 60 done!
 -> Progress: 80 done!
 -> Progress: 100 done!
Testing...
 -> Progress: 20 done!
 -> Progress: 40 done!
 -> Progress: 60 done!
 -> Progress: 80 done!
 -> Progress: 100 done!
Testing...
 -> Progress: 20 done!
 -> Progress: 40 done!
 -> Progress: 60 done!
 -> Progress: 80 done!
 -> Progress: 100 done!

Keys:  ['time', 'acc1', 'acc5', 'ce_loss']
Training:  [0.08601701960844152, 0.0, 0.0, 0.06652131111687407]
Testing on Task A:  [0.005831864476203918, 70.6625, 90.9625, 187.78135862350464]
Testing on Task B:  [0.0184765100479126, 74.3, 96.3, 123.27688369750976]
Testing on Task C:  [0.018714761734008788, 79.3, 98.5, 93.11105270385742]
Best Acc:  70.9

Epoch: [88 | 90] LR: 0.000100
Training...
 -> Progress: 20 done!
 -> Progress: 40 done!
 -> Progress: 60 done!
 -> Progress: 80 done!
 -> Progress: 100 done!
Testing...
 -> Progress: 20 done!
 -> Progress: 40 done!
 -> Progress: 60 done!
 -> Progress: 80 done!
 -> Progress: 100 done!
Testing...
 -> Progress: 20 done!
 -> Progress: 40 done!
 -> Progress: 60 done!
 -> Progress: 80 done!
 -> Progress: 100 done!
Testing...
 -> Progress: 20 done!
 -> Progress: 40 done!
 -> Progress: 60 done!
 -> Progress: 80 done!
 -> Progress: 100 done!

Keys:  ['time', 'acc1', 'acc5', 'ce_loss']
Training:  [0.08605722820057589, 0.0, 0.0, 0.0659896347795606]
Testing on Task A:  [0.006001383066177368, 70.65, 90.9625, 187.76734466552733]
Testing on Task B:  [0.018471455574035643, 74.1, 96.3, 123.3817985534668]
Testing on Task C:  [0.01843404769897461, 79.5, 98.6, 93.05724411010742]
Best Acc:  70.9

Epoch: [89 | 90] LR: 0.000100
Training...
 -> Progress: 20 done!
 -> Progress: 40 done!
 -> Progress: 60 done!
 -> Progress: 80 done!
 -> Progress: 100 done!
Testing...
 -> Progress: 20 done!
 -> Progress: 40 done!
 -> Progress: 60 done!
 -> Progress: 80 done!
 -> Progress: 100 done!
Testing...
 -> Progress: 20 done!
 -> Progress: 40 done!
 -> Progress: 60 done!
 -> Progress: 80 done!
 -> Progress: 100 done!
Testing...
 -> Progress: 20 done!
 -> Progress: 40 done!
 -> Progress: 60 done!
 -> Progress: 80 done!
 -> Progress: 100 done!

Keys:  ['time', 'acc1', 'acc5', 'ce_loss']
Training:  [0.08611337791013596, 0.0, 0.0, 0.06644167853971882]
Testing on Task A:  [0.005742719769477845, 70.6625, 90.95, 187.87788925170898]
Testing on Task B:  [0.018243122100830077, 74.6, 96.2, 122.97817535400391]
Testing on Task C:  [0.01847810745239258, 79.5, 98.5, 93.21074523925782]
Best Acc:  70.9

Epoch: [90 | 90] LR: 0.000100
Training...
 -> Progress: 20 done!
 -> Progress: 40 done!
 -> Progress: 60 done!
 -> Progress: 80 done!
 -> Progress: 100 done!
Testing...
 -> Progress: 20 done!
 -> Progress: 40 done!
 -> Progress: 60 done!
 -> Progress: 80 done!
 -> Progress: 100 done!
Testing...
 -> Progress: 20 done!
 -> Progress: 40 done!
 -> Progress: 60 done!
 -> Progress: 80 done!
 -> Progress: 100 done!
Testing...
 -> Progress: 20 done!
 -> Progress: 40 done!
 -> Progress: 60 done!
 -> Progress: 80 done!
 -> Progress: 100 done!

Keys:  ['time', 'acc1', 'acc5', 'ce_loss']
Training:  [0.08585311994528222, 0.0, 0.0, 0.06653765178359378]
Testing on Task A:  [0.005690169334411621, 70.775, 90.95, 187.68284673690795]
Testing on Task B:  [0.018279385566711426, 74.4, 96.1, 123.03548202514648]
Testing on Task C:  [0.018244624137878418, 79.5, 98.5, 93.00825500488281]
Best Acc:  70.9

real	58m51.853s
user	72m39.927s
sys	9m22.377s

Ending script...
Tue Mar  1 09:27:23 EST 2022
