Tue Mar  1 08:33:21 EST 2022
Slurm nodes: evc10
You were assigned 1 gpu(s)
Please run `conda env list` to see a list of all available environments. Use
`source activate <env>` to activate the environment '<env>'. 

Currently Loaded Modules:
  1) anaconda/anaconda3

 

	[4mGPU0	mlx5_0	CPU Affinity	NUMA Affinity[0m
GPU0	 X 	SYS	0,2,4,6	0-1
mlx5_0	SYS	 X 		

Legend:

  X    = Self
  SYS  = Connection traversing PCIe as well as the SMP interconnect between NUMA nodes (e.g., QPI/UPI)
  NODE = Connection traversing PCIe as well as the interconnect between PCIe Host Bridges within a NUMA node
  PHB  = Connection traversing PCIe as well as a PCIe Host Bridge (typically the CPU)
  PXB  = Connection traversing multiple PCIe bridges (without traversing the PCIe Host Bridge)
  PIX  = Connection traversing at most a single PCIe bridge
  NV#  = Connection traversing a bonded set of # NVLinks

1.1.0

Namespace(arch='vgg16', checkpoint='checkpoint', data_avail=100, dataset='cifar100', epochs=90, gamma=0.1, include_t1_data=True, jobid='126859', logs='logs', lr=0.01, manualSeed=4514, momentum=0.9, mse_weight=0.001, schedule=[30, 60], task_set='vehicles10-large_animals10-reset80', test_batch=100, train_batch=128, weight_decay=0.0005, workers=4)
==> Preparing dataset cifar100
Files already downloaded and verified
Testing...
 -> Progress: 20 done!
 -> Progress: 40 done!
 -> Progress: 60 done!
 -> Progress: 80 done!
 -> Progress: 100 done!

Test loss: 2.2105 
Val accuracy: 70.25%
==> Preparing dataset cifar100
Files already downloaded and verified
Testing...
 -> Progress: 20 done!
 -> Progress: 40 done!
 -> Progress: 60 done!
 -> Progress: 80 done!
 -> Progress: 100 done!

Test loss: 3.5464 
Val accuracy: 49.90%
==> Preparing dataset cifar100
Files already downloaded and verified
Testing...
 -> Progress: 20 done!
 -> Progress: 40 done!
 -> Progress: 60 done!
 -> Progress: 80 done!
 -> Progress: 100 done!

Test loss: 8.7389 
Val accuracy: 41.00%

Including Task 1 data for training
==> Preparing dataset cifar100
Files already downloaded and verified
==> Preparing dataset cifar100
Files already downloaded and verified
==> Preparing dataset cifar100
Files already downloaded and verified
==> Preparing dataset cifar100
Files already downloaded and verified
    Total params: 14.77M

Epoch: [1 | 90] LR: 0.010000
Training...
 -> Progress: 20 done!
 -> Progress: 40 done!
 -> Progress: 60 done!
 -> Progress: 80 done!
 -> Progress: 100 done!
Testing...
 -> Progress: 20 done!
 -> Progress: 40 done!
 -> Progress: 60 done!
 -> Progress: 80 done!
 -> Progress: 100 done!
Testing...
 -> Progress: 20 done!
 -> Progress: 40 done!
 -> Progress: 60 done!
 -> Progress: 80 done!
 -> Progress: 100 done!
Testing...
 -> Progress: 20 done!
 -> Progress: 40 done!
 -> Progress: 60 done!
 -> Progress: 80 done!
 -> Progress: 100 done!

Keys:  ['time', 'acc1', 'acc5', 'ce_loss']
Training:  [0.07461583096048106, 0.0, 0.0, 0.4949007774405467]
Testing on Task A:  [0.005009433627128601, 66.875, 89.7375, 151.06517391204835]
Testing on Task B:  [0.016363978385925293, 60.0, 94.4, 125.80032348632812]
Testing on Task C:  [0.015248322486877441, 68.9, 97.7, 100.73481750488281]
Best Acc:  66.875

Epoch: [2 | 90] LR: 0.010000
Training...
 -> Progress: 20 done!
 -> Progress: 40 done!
 -> Progress: 60 done!
 -> Progress: 80 done!
 -> Progress: 100 done!
Testing...
 -> Progress: 20 done!
 -> Progress: 40 done!
 -> Progress: 60 done!
 -> Progress: 80 done!
 -> Progress: 100 done!
Testing...
 -> Progress: 20 done!
 -> Progress: 40 done!
 -> Progress: 60 done!
 -> Progress: 80 done!
 -> Progress: 100 done!
Testing...
 -> Progress: 20 done!
 -> Progress: 40 done!
 -> Progress: 60 done!
 -> Progress: 80 done!
 -> Progress: 100 done!

Keys:  ['time', 'acc1', 'acc5', 'ce_loss']
Training:  [0.0743100545595369, 0.0, 0.0, 0.4085290310404185]
Testing on Task A:  [0.0050414085388183595, 66.6, 89.6625, 154.2280429840088]
Testing on Task B:  [0.016841745376586913, 65.2, 93.9, 123.21327667236328]
Testing on Task C:  [0.015362167358398437, 68.9, 97.0, 96.16978302001954]
Best Acc:  66.875

Epoch: [3 | 90] LR: 0.010000
Training...
 -> Progress: 20 done!
 -> Progress: 40 done!
 -> Progress: 60 done!
 -> Progress: 80 done!
 -> Progress: 100 done!
Testing...
 -> Progress: 20 done!
 -> Progress: 40 done!
 -> Progress: 60 done!
 -> Progress: 80 done!
 -> Progress: 100 done!
Testing...
 -> Progress: 20 done!
 -> Progress: 40 done!
 -> Progress: 60 done!
 -> Progress: 80 done!
 -> Progress: 100 done!
Testing...
 -> Progress: 20 done!
 -> Progress: 40 done!
 -> Progress: 60 done!
 -> Progress: 80 done!
 -> Progress: 100 done!

Keys:  ['time', 'acc1', 'acc5', 'ce_loss']
Training:  [0.07442722844955561, 0.0, 0.0, 0.36433006823062897]
Testing on Task A:  [0.004990687966346741, 66.8125, 89.4125, 157.35488605499268]
Testing on Task B:  [0.017195582389831543, 67.8, 94.7, 116.05075302124024]
Testing on Task C:  [0.015239548683166505, 70.9, 97.7, 98.18997039794922]
Best Acc:  66.875

Epoch: [4 | 90] LR: 0.010000
Training...
 -> Progress: 20 done!
 -> Progress: 40 done!
 -> Progress: 60 done!
 -> Progress: 80 done!
 -> Progress: 100 done!
Testing...
 -> Progress: 20 done!
 -> Progress: 40 done!
 -> Progress: 60 done!
 -> Progress: 80 done!
 -> Progress: 100 done!
Testing...
 -> Progress: 20 done!
 -> Progress: 40 done!
 -> Progress: 60 done!
 -> Progress: 80 done!
 -> Progress: 100 done!
Testing...
 -> Progress: 20 done!
 -> Progress: 40 done!
 -> Progress: 60 done!
 -> Progress: 80 done!
 -> Progress: 100 done!

Keys:  ['time', 'acc1', 'acc5', 'ce_loss']
Training:  [0.07434544416949572, 0.0, 0.0, 0.3425809667086053]
Testing on Task A:  [0.005019578337669373, 67.6125, 89.975, 151.9259491920471]
Testing on Task B:  [0.016382718086242677, 68.7, 94.3, 116.86310043334962]
Testing on Task C:  [0.015607953071594238, 73.8, 97.7, 95.8355827331543]
Best Acc:  67.6125

Epoch: [5 | 90] LR: 0.010000
Training...
 -> Progress: 20 done!
 -> Progress: 40 done!
 -> Progress: 60 done!
 -> Progress: 80 done!
 -> Progress: 100 done!
Testing...
 -> Progress: 20 done!
 -> Progress: 40 done!
 -> Progress: 60 done!
 -> Progress: 80 done!
 -> Progress: 100 done!
Testing...
 -> Progress: 20 done!
 -> Progress: 40 done!
 -> Progress: 60 done!
 -> Progress: 80 done!
 -> Progress: 100 done!
Testing...
 -> Progress: 20 done!
 -> Progress: 40 done!
 -> Progress: 60 done!
 -> Progress: 80 done!
 -> Progress: 100 done!

Keys:  ['time', 'acc1', 'acc5', 'ce_loss']
Training:  [0.07427760890072874, 0.0, 0.0, 0.31627796220657467]
Testing on Task A:  [0.0049560219049453735, 66.425, 89.475, 164.4603238105774]
Testing on Task B:  [0.015712285041809083, 69.3, 95.4, 114.65105972290038]
Testing on Task C:  [0.015577340126037597, 76.0, 97.9, 89.98921051025391]
Best Acc:  67.6125

Epoch: [6 | 90] LR: 0.010000
Training...
 -> Progress: 20 done!
 -> Progress: 40 done!
 -> Progress: 60 done!
 -> Progress: 80 done!
 -> Progress: 100 done!
Testing...
 -> Progress: 20 done!
 -> Progress: 40 done!
 -> Progress: 60 done!
 -> Progress: 80 done!
 -> Progress: 100 done!
Testing...
 -> Progress: 20 done!
 -> Progress: 40 done!
 -> Progress: 60 done!
 -> Progress: 80 done!
 -> Progress: 100 done!
Testing...
 -> Progress: 20 done!
 -> Progress: 40 done!
 -> Progress: 60 done!
 -> Progress: 80 done!
 -> Progress: 100 done!

Keys:  ['time', 'acc1', 'acc5', 'ce_loss']
Training:  [0.07367973864230963, 0.0, 0.0, 0.3066964174627953]
Testing on Task A:  [0.005068352818489075, 65.75, 88.75, 160.93189268112184]
Testing on Task B:  [0.016005444526672363, 69.5, 96.1, 111.43510284423829]
Testing on Task C:  [0.01715853214263916, 74.4, 97.7, 91.10915336608886]
Best Acc:  67.6125

Epoch: [7 | 90] LR: 0.010000
Training...
 -> Progress: 20 done!
 -> Progress: 40 done!
 -> Progress: 60 done!
 -> Progress: 80 done!
 -> Progress: 100 done!
Testing...
 -> Progress: 20 done!
 -> Progress: 40 done!
 -> Progress: 60 done!
 -> Progress: 80 done!
 -> Progress: 100 done!
Testing...
 -> Progress: 20 done!
 -> Progress: 40 done!
 -> Progress: 60 done!
 -> Progress: 80 done!
 -> Progress: 100 done!
Testing...
 -> Progress: 20 done!
 -> Progress: 40 done!
 -> Progress: 60 done!
 -> Progress: 80 done!
 -> Progress: 100 done!

Keys:  ['time', 'acc1', 'acc5', 'ce_loss']
Training:  [0.0743749391697252, 0.0, 0.0, 0.2802412753253032]
Testing on Task A:  [0.0050401479005813595, 66.7625, 89.175, 176.45116930007936]
Testing on Task B:  [0.017052650451660156, 71.4, 96.3, 112.78141403198242]
Testing on Task C:  [0.017191028594970702, 76.6, 98.2, 87.25114364624024]
Best Acc:  67.6125

Epoch: [8 | 90] LR: 0.010000
Training...
 -> Progress: 20 done!
 -> Progress: 40 done!
 -> Progress: 60 done!
 -> Progress: 80 done!
 -> Progress: 100 done!
Testing...
 -> Progress: 20 done!
 -> Progress: 40 done!
 -> Progress: 60 done!
 -> Progress: 80 done!
 -> Progress: 100 done!
Testing...
 -> Progress: 20 done!
 -> Progress: 40 done!
 -> Progress: 60 done!
 -> Progress: 80 done!
 -> Progress: 100 done!
Testing...
 -> Progress: 20 done!
 -> Progress: 40 done!
 -> Progress: 60 done!
 -> Progress: 80 done!
 -> Progress: 100 done!

Keys:  ['time', 'acc1', 'acc5', 'ce_loss']
Training:  [0.07455767329086734, 0.0, 0.0, 0.27001897731552954]
Testing on Task A:  [0.0049766689538955685, 67.05, 89.5875, 171.57584619522095]
Testing on Task B:  [0.017069911956787108, 71.3, 95.5, 115.59546585083008]
Testing on Task C:  [0.016725611686706544, 76.4, 98.6, 90.9146484375]
Best Acc:  67.6125

Epoch: [9 | 90] LR: 0.010000
Training...
 -> Progress: 20 done!
 -> Progress: 40 done!
 -> Progress: 60 done!
 -> Progress: 80 done!
 -> Progress: 100 done!
Testing...
 -> Progress: 20 done!
 -> Progress: 40 done!
 -> Progress: 60 done!
 -> Progress: 80 done!
 -> Progress: 100 done!
Testing...
 -> Progress: 20 done!
 -> Progress: 40 done!
 -> Progress: 60 done!
 -> Progress: 80 done!
 -> Progress: 100 done!
Testing...
 -> Progress: 20 done!
 -> Progress: 40 done!
 -> Progress: 60 done!
 -> Progress: 80 done!
 -> Progress: 100 done!

Keys:  ['time', 'acc1', 'acc5', 'ce_loss']
Training:  [0.07435398028634699, 0.0, 0.0, 0.25826450784111876]
Testing on Task A:  [0.00504412055015564, 66.375, 89.4375, 172.9743529319763]
Testing on Task B:  [0.017498278617858888, 69.9, 95.2, 120.88959045410157]
Testing on Task C:  [0.015895676612854005, 76.7, 97.5, 91.37660942077636]
Best Acc:  67.6125

Epoch: [10 | 90] LR: 0.010000
Training...
 -> Progress: 20 done!
 -> Progress: 40 done!
 -> Progress: 60 done!
 -> Progress: 80 done!
 -> Progress: 100 done!
Testing...
 -> Progress: 20 done!
 -> Progress: 40 done!
 -> Progress: 60 done!
 -> Progress: 80 done!
 -> Progress: 100 done!
Testing...
 -> Progress: 20 done!
 -> Progress: 40 done!
 -> Progress: 60 done!
 -> Progress: 80 done!
 -> Progress: 100 done!
Testing...
 -> Progress: 20 done!
 -> Progress: 40 done!
 -> Progress: 60 done!
 -> Progress: 80 done!
 -> Progress: 100 done!

Keys:  ['time', 'acc1', 'acc5', 'ce_loss']
Training:  [0.07426824959952508, 0.0, 0.0, 0.2522638424697434]
Testing on Task A:  [0.0052411288022995, 66.2, 89.6125, 165.25970935821533]
Testing on Task B:  [0.01539626121520996, 71.6, 94.8, 115.57085456848145]
Testing on Task C:  [0.01573922634124756, 74.6, 97.9, 96.66090316772461]
Best Acc:  67.6125

Epoch: [11 | 90] LR: 0.010000
Training...
 -> Progress: 20 done!
 -> Progress: 40 done!
 -> Progress: 60 done!
 -> Progress: 80 done!
 -> Progress: 100 done!
Testing...
 -> Progress: 20 done!
 -> Progress: 40 done!
 -> Progress: 60 done!
 -> Progress: 80 done!
 -> Progress: 100 done!
Testing...
 -> Progress: 20 done!
 -> Progress: 40 done!
 -> Progress: 60 done!
 -> Progress: 80 done!
 -> Progress: 100 done!
Testing...
 -> Progress: 20 done!
 -> Progress: 40 done!
 -> Progress: 60 done!
 -> Progress: 80 done!
 -> Progress: 100 done!

Keys:  ['time', 'acc1', 'acc5', 'ce_loss']
Training:  [0.07440176156475721, 0.0, 0.0, 0.24274919279243634]
Testing on Task A:  [0.005064764618873596, 66.4875, 89.35, 165.20576553344728]
Testing on Task B:  [0.014278268814086914, 70.8, 96.1, 112.23698120117187]
Testing on Task C:  [0.015272212028503419, 77.2, 97.9, 96.2811466217041]
Best Acc:  67.6125

Epoch: [12 | 90] LR: 0.010000
Training...
 -> Progress: 20 done!
 -> Progress: 40 done!
 -> Progress: 60 done!
 -> Progress: 80 done!
 -> Progress: 100 done!
Testing...
 -> Progress: 20 done!
 -> Progress: 40 done!
 -> Progress: 60 done!
 -> Progress: 80 done!
 -> Progress: 100 done!
Testing...
 -> Progress: 20 done!
 -> Progress: 40 done!
 -> Progress: 60 done!
 -> Progress: 80 done!
 -> Progress: 100 done!
Testing...
 -> Progress: 20 done!
 -> Progress: 40 done!
 -> Progress: 60 done!
 -> Progress: 80 done!
 -> Progress: 100 done!

Keys:  ['time', 'acc1', 'acc5', 'ce_loss']
Training:  [0.073495437422067, 0.0, 0.0, 0.2290086543849667]
Testing on Task A:  [0.005067357420921325, 66.225, 89.0125, 172.55611305236818]
Testing on Task B:  [0.016585111618041992, 72.4, 95.9, 118.68357315063477]
Testing on Task C:  [0.016936230659484863, 77.1, 98.6, 92.84419403076171]
Best Acc:  67.6125

Epoch: [13 | 90] LR: 0.010000
Training...
 -> Progress: 20 done!
 -> Progress: 40 done!
 -> Progress: 60 done!
 -> Progress: 80 done!
 -> Progress: 100 done!
Testing...
 -> Progress: 20 done!
 -> Progress: 40 done!
 -> Progress: 60 done!
 -> Progress: 80 done!
 -> Progress: 100 done!
Testing...
 -> Progress: 20 done!
 -> Progress: 40 done!
 -> Progress: 60 done!
 -> Progress: 80 done!
 -> Progress: 100 done!
Testing...
 -> Progress: 20 done!
 -> Progress: 40 done!
 -> Progress: 60 done!
 -> Progress: 80 done!
 -> Progress: 100 done!

Keys:  ['time', 'acc1', 'acc5', 'ce_loss']
Training:  [0.07311959644717633, 0.0, 0.0, 0.2247047175836685]
Testing on Task A:  [0.004798078536987304, 66.975, 89.6625, 168.69476041793823]
Testing on Task B:  [0.01588118076324463, 70.8, 96.2, 119.7634376525879]
Testing on Task C:  [0.015722203254699706, 76.7, 98.0, 100.21175918579101]
Best Acc:  67.6125

Epoch: [14 | 90] LR: 0.010000
Training...
 -> Progress: 20 done!
 -> Progress: 40 done!
 -> Progress: 60 done!
 -> Progress: 80 done!
 -> Progress: 100 done!
Testing...
 -> Progress: 20 done!
 -> Progress: 40 done!
 -> Progress: 60 done!
 -> Progress: 80 done!
 -> Progress: 100 done!
Testing...
 -> Progress: 20 done!
 -> Progress: 40 done!
 -> Progress: 60 done!
 -> Progress: 80 done!
 -> Progress: 100 done!
Testing...
 -> Progress: 20 done!
 -> Progress: 40 done!
 -> Progress: 60 done!
 -> Progress: 80 done!
 -> Progress: 100 done!

Keys:  ['time', 'acc1', 'acc5', 'ce_loss']
Training:  [0.07308744042730697, 0.0, 0.0, 0.22781406089549175]
Testing on Task A:  [0.004708519577980042, 66.1, 89.025, 177.40424013137817]
Testing on Task B:  [0.01587555408477783, 69.5, 95.5, 130.11889877319337]
Testing on Task C:  [0.015790915489196776, 75.7, 98.0, 96.76963348388672]
Best Acc:  67.6125

Epoch: [15 | 90] LR: 0.010000
Training...
 -> Progress: 20 done!
 -> Progress: 40 done!
 -> Progress: 60 done!
 -> Progress: 80 done!
 -> Progress: 100 done!
Testing...
 -> Progress: 20 done!
 -> Progress: 40 done!
 -> Progress: 60 done!
 -> Progress: 80 done!
 -> Progress: 100 done!
Testing...
 -> Progress: 20 done!
 -> Progress: 40 done!
 -> Progress: 60 done!
 -> Progress: 80 done!
 -> Progress: 100 done!
Testing...
 -> Progress: 20 done!
 -> Progress: 40 done!
 -> Progress: 60 done!
 -> Progress: 80 done!
 -> Progress: 100 done!

Keys:  ['time', 'acc1', 'acc5', 'ce_loss']
Training:  [0.07313491804215609, 0.0, 0.0, 0.2104218516432111]
Testing on Task A:  [0.004722306132316589, 66.5625, 89.5125, 168.47370624542236]
Testing on Task B:  [0.015604209899902344, 71.8, 96.4, 116.75645065307617]
Testing on Task C:  [0.015447592735290528, 76.1, 97.6, 94.75320510864258]
Best Acc:  67.6125

Epoch: [16 | 90] LR: 0.010000
Training...
 -> Progress: 20 done!
 -> Progress: 40 done!
 -> Progress: 60 done!
 -> Progress: 80 done!
 -> Progress: 100 done!
Testing...
 -> Progress: 20 done!
 -> Progress: 40 done!
 -> Progress: 60 done!
 -> Progress: 80 done!
 -> Progress: 100 done!
Testing...
 -> Progress: 20 done!
 -> Progress: 40 done!
 -> Progress: 60 done!
 -> Progress: 80 done!
 -> Progress: 100 done!
Testing...
 -> Progress: 20 done!
 -> Progress: 40 done!
 -> Progress: 60 done!
 -> Progress: 80 done!
 -> Progress: 100 done!

Keys:  ['time', 'acc1', 'acc5', 'ce_loss']
Training:  [0.07291520404083954, 0.0, 0.0, 0.21186299543932577]
Testing on Task A:  [0.004753696918487549, 66.3125, 89.2875, 175.38261060714723]
Testing on Task B:  [0.015439701080322266, 69.7, 95.5, 135.34296875]
Testing on Task C:  [0.016135478019714357, 76.8, 97.8, 105.5685806274414]
Best Acc:  67.6125

Epoch: [17 | 90] LR: 0.010000
Training...
 -> Progress: 20 done!
 -> Progress: 40 done!
 -> Progress: 60 done!
 -> Progress: 80 done!
 -> Progress: 100 done!
Testing...
 -> Progress: 20 done!
 -> Progress: 40 done!
 -> Progress: 60 done!
 -> Progress: 80 done!
 -> Progress: 100 done!
Testing...
 -> Progress: 20 done!
 -> Progress: 40 done!
 -> Progress: 60 done!
 -> Progress: 80 done!
 -> Progress: 100 done!
Testing...
 -> Progress: 20 done!
 -> Progress: 40 done!
 -> Progress: 60 done!
 -> Progress: 80 done!
 -> Progress: 100 done!

Keys:  ['time', 'acc1', 'acc5', 'ce_loss']
Training:  [0.07300062984456797, 0.0, 0.0, 0.20593960108735676]
Testing on Task A:  [0.005019292235374451, 67.3125, 89.3375, 169.21511793136597]
Testing on Task B:  [0.016156744956970216, 72.2, 96.9, 107.14754791259766]
Testing on Task C:  [0.016956377029418945, 77.6, 98.1, 98.19029312133789]
Best Acc:  67.6125

Epoch: [18 | 90] LR: 0.010000
Training...
 -> Progress: 20 done!
 -> Progress: 40 done!
 -> Progress: 60 done!
 -> Progress: 80 done!
 -> Progress: 100 done!
Testing...
 -> Progress: 20 done!
 -> Progress: 40 done!
 -> Progress: 60 done!
 -> Progress: 80 done!
 -> Progress: 100 done!
Testing...
 -> Progress: 20 done!
 -> Progress: 40 done!
 -> Progress: 60 done!
 -> Progress: 80 done!
 -> Progress: 100 done!
Testing...
 -> Progress: 20 done!
 -> Progress: 40 done!
 -> Progress: 60 done!
 -> Progress: 80 done!
 -> Progress: 100 done!

Keys:  ['time', 'acc1', 'acc5', 'ce_loss']
Training:  [0.07329681828198835, 0.0, 0.0, 0.20579026511791723]
Testing on Task A:  [0.004725047945976257, 66.575, 89.375, 178.750403213501]
Testing on Task B:  [0.015431714057922364, 73.2, 95.7, 127.9343978881836]
Testing on Task C:  [0.015413284301757812, 79.0, 98.1, 84.84542579650879]
Best Acc:  67.6125

Epoch: [19 | 90] LR: 0.010000
Training...
 -> Progress: 20 done!
 -> Progress: 40 done!
 -> Progress: 60 done!
 -> Progress: 80 done!
 -> Progress: 100 done!
Testing...
 -> Progress: 20 done!
 -> Progress: 40 done!
 -> Progress: 60 done!
 -> Progress: 80 done!
 -> Progress: 100 done!
Testing...
 -> Progress: 20 done!
 -> Progress: 40 done!
 -> Progress: 60 done!
 -> Progress: 80 done!
 -> Progress: 100 done!
Testing...
 -> Progress: 20 done!
 -> Progress: 40 done!
 -> Progress: 60 done!
 -> Progress: 80 done!
 -> Progress: 100 done!

Keys:  ['time', 'acc1', 'acc5', 'ce_loss']
Training:  [0.07312781060748089, 0.0, 0.0, 0.20901783860629172]
Testing on Task A:  [0.0047260642051696776, 66.5375, 89.2375, 169.89997653961183]
Testing on Task B:  [0.015363621711730956, 71.5, 96.0, 122.80624237060547]
Testing on Task C:  [0.014782285690307618, 77.8, 98.2, 93.22314376831055]
Best Acc:  67.6125

Epoch: [20 | 90] LR: 0.010000
Training...
 -> Progress: 20 done!
 -> Progress: 40 done!
 -> Progress: 60 done!
 -> Progress: 80 done!
 -> Progress: 100 done!
Testing...
 -> Progress: 20 done!
 -> Progress: 40 done!
 -> Progress: 60 done!
 -> Progress: 80 done!
 -> Progress: 100 done!
Testing...
 -> Progress: 20 done!
 -> Progress: 40 done!
 -> Progress: 60 done!
 -> Progress: 80 done!
 -> Progress: 100 done!
Testing...
 -> Progress: 20 done!
 -> Progress: 40 done!
 -> Progress: 60 done!
 -> Progress: 80 done!
 -> Progress: 100 done!

Keys:  ['time', 'acc1', 'acc5', 'ce_loss']
Training:  [0.07294692285835286, 0.0, 0.0, 0.20261150953905357]
Testing on Task A:  [0.004724472761154175, 66.675, 89.8, 170.21763200759887]
Testing on Task B:  [0.015896201133728027, 71.2, 96.2, 130.53014068603517]
Testing on Task C:  [0.015307021141052247, 79.1, 98.5, 88.30408782958985]
Best Acc:  67.6125

Epoch: [21 | 90] LR: 0.010000
Training...
 -> Progress: 20 done!
 -> Progress: 40 done!
 -> Progress: 60 done!
 -> Progress: 80 done!
 -> Progress: 100 done!
Testing...
 -> Progress: 20 done!
 -> Progress: 40 done!
 -> Progress: 60 done!
 -> Progress: 80 done!
 -> Progress: 100 done!
Testing...
 -> Progress: 20 done!
 -> Progress: 40 done!
 -> Progress: 60 done!
 -> Progress: 80 done!
 -> Progress: 100 done!
Testing...
 -> Progress: 20 done!
 -> Progress: 40 done!
 -> Progress: 60 done!
 -> Progress: 80 done!
 -> Progress: 100 done!

Keys:  ['time', 'acc1', 'acc5', 'ce_loss']
Training:  [0.07299645355595347, 0.0, 0.0, 0.20690228382263648]
Testing on Task A:  [0.004742658138275147, 66.5625, 89.55, 164.8444531440735]
Testing on Task B:  [0.015431404113769531, 72.0, 95.9, 123.98080825805664]
Testing on Task C:  [0.01725931167602539, 76.7, 98.5, 93.7026309967041]
Best Acc:  67.6125

Epoch: [22 | 90] LR: 0.010000
Training...
 -> Progress: 20 done!
 -> Progress: 40 done!
 -> Progress: 60 done!
 -> Progress: 80 done!
 -> Progress: 100 done!
Testing...
 -> Progress: 20 done!
 -> Progress: 40 done!
 -> Progress: 60 done!
 -> Progress: 80 done!
 -> Progress: 100 done!
Testing...
 -> Progress: 20 done!
 -> Progress: 40 done!
 -> Progress: 60 done!
 -> Progress: 80 done!
 -> Progress: 100 done!
Testing...
 -> Progress: 20 done!
 -> Progress: 40 done!
 -> Progress: 60 done!
 -> Progress: 80 done!
 -> Progress: 100 done!

Keys:  ['time', 'acc1', 'acc5', 'ce_loss']
Training:  [0.0729098515132504, 0.0, 0.0, 0.18936961588194912]
Testing on Task A:  [0.005042219161987304, 66.8375, 89.5125, 173.1637198448181]
Testing on Task B:  [0.0157468318939209, 73.5, 96.8, 117.15779190063476]
Testing on Task C:  [0.015654277801513673, 77.1, 97.9, 95.47190704345704]
Best Acc:  67.6125

Epoch: [23 | 90] LR: 0.010000
Training...
 -> Progress: 20 done!
 -> Progress: 40 done!
 -> Progress: 60 done!
 -> Progress: 80 done!
 -> Progress: 100 done!
Testing...
 -> Progress: 20 done!
 -> Progress: 40 done!
 -> Progress: 60 done!
 -> Progress: 80 done!
 -> Progress: 100 done!
Testing...
 -> Progress: 20 done!
 -> Progress: 40 done!
 -> Progress: 60 done!
 -> Progress: 80 done!
 -> Progress: 100 done!
Testing...
 -> Progress: 20 done!
 -> Progress: 40 done!
 -> Progress: 60 done!
 -> Progress: 80 done!
 -> Progress: 100 done!

Keys:  ['time', 'acc1', 'acc5', 'ce_loss']
Training:  [0.07308307937953783, 0.0, 0.0, 0.20054198915848648]
Testing on Task A:  [0.00476415753364563, 66.4125, 89.4125, 173.8970971107483]
Testing on Task B:  [0.015590620040893555, 73.0, 96.3, 122.08148803710938]
Testing on Task C:  [0.015636968612670898, 79.0, 98.4, 95.34333381652831]
Best Acc:  67.6125

Epoch: [24 | 90] LR: 0.010000
Training...
 -> Progress: 20 done!
 -> Progress: 40 done!
 -> Progress: 60 done!
 -> Progress: 80 done!
 -> Progress: 100 done!
Testing...
 -> Progress: 20 done!
 -> Progress: 40 done!
 -> Progress: 60 done!
 -> Progress: 80 done!
 -> Progress: 100 done!
Testing...
 -> Progress: 20 done!
 -> Progress: 40 done!
 -> Progress: 60 done!
 -> Progress: 80 done!
 -> Progress: 100 done!
Testing...
 -> Progress: 20 done!
 -> Progress: 40 done!
 -> Progress: 60 done!
 -> Progress: 80 done!
 -> Progress: 100 done!

Keys:  ['time', 'acc1', 'acc5', 'ce_loss']
Training:  [0.07295511628660704, 0.0, 0.0, 0.19400439140818004]
Testing on Task A:  [0.004848057031631469, 66.0625, 89.2875, 179.9842707633972]
Testing on Task B:  [0.015652847290039063, 72.9, 96.8, 116.1889144897461]
Testing on Task C:  [0.015396618843078613, 77.3, 98.6, 99.70499267578126]
Best Acc:  67.6125

Epoch: [25 | 90] LR: 0.010000
Training...
 -> Progress: 20 done!
 -> Progress: 40 done!
 -> Progress: 60 done!
 -> Progress: 80 done!
 -> Progress: 100 done!
Testing...
 -> Progress: 20 done!
 -> Progress: 40 done!
 -> Progress: 60 done!
 -> Progress: 80 done!
 -> Progress: 100 done!
Testing...
 -> Progress: 20 done!
 -> Progress: 40 done!
 -> Progress: 60 done!
 -> Progress: 80 done!
 -> Progress: 100 done!
Testing...
 -> Progress: 20 done!
 -> Progress: 40 done!
 -> Progress: 60 done!
 -> Progress: 80 done!
 -> Progress: 100 done!

Keys:  ['time', 'acc1', 'acc5', 'ce_loss']
Training:  [0.0730819257019121, 0.0, 0.0, 0.19091984084652514]
Testing on Task A:  [0.004743939638137818, 66.6625, 89.35, 171.0616505622864]
Testing on Task B:  [0.015742111206054687, 72.5, 96.0, 126.02060394287109]
Testing on Task C:  [0.015515947341918945, 78.5, 98.3, 97.49220123291016]
Best Acc:  67.6125

Epoch: [26 | 90] LR: 0.010000
Training...
 -> Progress: 20 done!
 -> Progress: 40 done!
 -> Progress: 60 done!
 -> Progress: 80 done!
 -> Progress: 100 done!
Testing...
 -> Progress: 20 done!
 -> Progress: 40 done!
 -> Progress: 60 done!
 -> Progress: 80 done!
 -> Progress: 100 done!
Testing...
 -> Progress: 20 done!
 -> Progress: 40 done!
 -> Progress: 60 done!
 -> Progress: 80 done!
 -> Progress: 100 done!
Testing...
 -> Progress: 20 done!
 -> Progress: 40 done!
 -> Progress: 60 done!
 -> Progress: 80 done!
 -> Progress: 100 done!

Keys:  ['time', 'acc1', 'acc5', 'ce_loss']
Training:  [0.07282798857335239, 0.0, 0.0, 0.18502456181303925]
Testing on Task A:  [0.004777568578720093, 67.4, 89.425, 173.96706647872924]
Testing on Task B:  [0.015306186676025391, 74.1, 95.9, 124.83921127319336]
Testing on Task C:  [0.015859174728393554, 78.1, 98.7, 95.70552978515624]
Best Acc:  67.6125

Epoch: [27 | 90] LR: 0.010000
Training...
 -> Progress: 20 done!
 -> Progress: 40 done!
 -> Progress: 60 done!
 -> Progress: 80 done!
 -> Progress: 100 done!
Testing...
 -> Progress: 20 done!
 -> Progress: 40 done!
 -> Progress: 60 done!
 -> Progress: 80 done!
 -> Progress: 100 done!
Testing...
 -> Progress: 20 done!
 -> Progress: 40 done!
 -> Progress: 60 done!
 -> Progress: 80 done!
 -> Progress: 100 done!
Testing...
 -> Progress: 20 done!
 -> Progress: 40 done!
 -> Progress: 60 done!
 -> Progress: 80 done!
 -> Progress: 100 done!

Keys:  ['time', 'acc1', 'acc5', 'ce_loss']
Training:  [0.07309940343012895, 0.0, 0.0, 0.1924664632362478]
Testing on Task A:  [0.005080005526542664, 66.8, 89.4, 171.85453510284424]
Testing on Task B:  [0.015496349334716797, 72.6, 96.5, 117.76199913024902]
Testing on Task C:  [0.01581230163574219, 76.6, 97.7, 116.50358047485352]
Best Acc:  67.6125

Epoch: [28 | 90] LR: 0.010000
Training...
 -> Progress: 20 done!
 -> Progress: 40 done!
 -> Progress: 60 done!
 -> Progress: 80 done!
 -> Progress: 100 done!
Testing...
 -> Progress: 20 done!
 -> Progress: 40 done!
 -> Progress: 60 done!
 -> Progress: 80 done!
 -> Progress: 100 done!
Testing...
 -> Progress: 20 done!
 -> Progress: 40 done!
 -> Progress: 60 done!
 -> Progress: 80 done!
 -> Progress: 100 done!
Testing...
 -> Progress: 20 done!
 -> Progress: 40 done!
 -> Progress: 60 done!
 -> Progress: 80 done!
 -> Progress: 100 done!

Keys:  ['time', 'acc1', 'acc5', 'ce_loss']
Training:  [0.07293011953153879, 0.0, 0.0, 0.18183874543708609]
Testing on Task A:  [0.004781511425971985, 66.4, 89.0875, 174.8561641693115]
Testing on Task B:  [0.015962386131286622, 72.3, 96.0, 136.26296691894532]
Testing on Task C:  [0.015744471549987794, 77.9, 98.3, 95.22317199707031]
Best Acc:  67.6125

Epoch: [29 | 90] LR: 0.010000
Training...
 -> Progress: 20 done!
 -> Progress: 40 done!
 -> Progress: 60 done!
 -> Progress: 80 done!
 -> Progress: 100 done!
Testing...
 -> Progress: 20 done!
 -> Progress: 40 done!
 -> Progress: 60 done!
 -> Progress: 80 done!
 -> Progress: 100 done!
Testing...
 -> Progress: 20 done!
 -> Progress: 40 done!
 -> Progress: 60 done!
 -> Progress: 80 done!
 -> Progress: 100 done!
Testing...
 -> Progress: 20 done!
 -> Progress: 40 done!
 -> Progress: 60 done!
 -> Progress: 80 done!
 -> Progress: 100 done!

Keys:  ['time', 'acc1', 'acc5', 'ce_loss']
Training:  [0.0730110190408614, 0.0, 0.0, 0.1829039105750106]
Testing on Task A:  [0.0048860818147659305, 66.8625, 88.9625, 170.3718825340271]
Testing on Task B:  [0.01542680263519287, 74.6, 95.9, 117.69528923034667]
Testing on Task C:  [0.01543123722076416, 78.7, 97.6, 96.75579605102538]
Best Acc:  67.6125

Epoch: [30 | 90] LR: 0.010000
Training...
 -> Progress: 20 done!
 -> Progress: 40 done!
 -> Progress: 60 done!
 -> Progress: 80 done!
 -> Progress: 100 done!
Testing...
 -> Progress: 20 done!
 -> Progress: 40 done!
 -> Progress: 60 done!
 -> Progress: 80 done!
 -> Progress: 100 done!
Testing...
 -> Progress: 20 done!
 -> Progress: 40 done!
 -> Progress: 60 done!
 -> Progress: 80 done!
 -> Progress: 100 done!
Testing...
 -> Progress: 20 done!
 -> Progress: 40 done!
 -> Progress: 60 done!
 -> Progress: 80 done!
 -> Progress: 100 done!

Keys:  ['time', 'acc1', 'acc5', 'ce_loss']
Training:  [0.07311953486079145, 0.0, 0.0, 0.19017454316777646]
Testing on Task A:  [0.0047612875699996945, 67.075, 89.325, 174.3130331993103]
Testing on Task B:  [0.015582942962646484, 74.9, 95.9, 122.43986473083496]
Testing on Task C:  [0.014981269836425781, 79.8, 97.6, 102.93170509338378]
Best Acc:  67.6125

Epoch: [31 | 90] LR: 0.001000
Training...
 -> Progress: 20 done!
 -> Progress: 40 done!
 -> Progress: 60 done!
 -> Progress: 80 done!
 -> Progress: 100 done!
Testing...
 -> Progress: 20 done!
 -> Progress: 40 done!
 -> Progress: 60 done!
 -> Progress: 80 done!
 -> Progress: 100 done!
Testing...
 -> Progress: 20 done!
 -> Progress: 40 done!
 -> Progress: 60 done!
 -> Progress: 80 done!
 -> Progress: 100 done!
Testing...
 -> Progress: 20 done!
 -> Progress: 40 done!
 -> Progress: 60 done!
 -> Progress: 80 done!
 -> Progress: 100 done!

Keys:  ['time', 'acc1', 'acc5', 'ce_loss']
Training:  [0.07304233358339275, 0.0, 0.0, 0.07727915588337594]
Testing on Task A:  [0.0048223048448562626, 69.4375, 90.275, 169.86977796554567]
Testing on Task B:  [0.017110657691955567, 76.4, 97.3, 117.05427017211915]
Testing on Task C:  [0.016963624954223634, 79.6, 97.9, 103.19388008117676]
Best Acc:  69.4375

Epoch: [32 | 90] LR: 0.001000
Training...
 -> Progress: 20 done!
 -> Progress: 40 done!
 -> Progress: 60 done!
 -> Progress: 80 done!
 -> Progress: 100 done!
Testing...
 -> Progress: 20 done!
 -> Progress: 40 done!
 -> Progress: 60 done!
 -> Progress: 80 done!
 -> Progress: 100 done!
Testing...
 -> Progress: 20 done!
 -> Progress: 40 done!
 -> Progress: 60 done!
 -> Progress: 80 done!
 -> Progress: 100 done!
Testing...
 -> Progress: 20 done!
 -> Progress: 40 done!
 -> Progress: 60 done!
 -> Progress: 80 done!
 -> Progress: 100 done!

Keys:  ['time', 'acc1', 'acc5', 'ce_loss']
Training:  [0.073147885329888, 0.0, 0.0, 0.052791674147405286]
Testing on Task A:  [0.004755124449729919, 69.525, 90.425, 172.4511568069458]
Testing on Task B:  [0.015799427032470705, 77.7, 97.0, 118.39233055114747]
Testing on Task C:  [0.015156769752502441, 79.7, 98.2, 102.43156585693359]
Best Acc:  69.525

Epoch: [33 | 90] LR: 0.001000
Training...
 -> Progress: 20 done!
 -> Progress: 40 done!
 -> Progress: 60 done!
 -> Progress: 80 done!
 -> Progress: 100 done!
Testing...
 -> Progress: 20 done!
 -> Progress: 40 done!
 -> Progress: 60 done!
 -> Progress: 80 done!
 -> Progress: 100 done!
Testing...
 -> Progress: 20 done!
 -> Progress: 40 done!
 -> Progress: 60 done!
 -> Progress: 80 done!
 -> Progress: 100 done!
Testing...
 -> Progress: 20 done!
 -> Progress: 40 done!
 -> Progress: 60 done!
 -> Progress: 80 done!
 -> Progress: 100 done!

Keys:  ['time', 'acc1', 'acc5', 'ce_loss']
Training:  [0.0730480227019171, 0.0, 0.0, 0.04731898911564094]
Testing on Task A:  [0.004745900630950928, 69.6125, 90.6125, 172.66430368423462]
Testing on Task B:  [0.01571633815765381, 77.6, 97.1, 117.39702987670898]
Testing on Task C:  [0.01569511890411377, 80.6, 98.1, 100.97237968444824]
Best Acc:  69.6125

Epoch: [34 | 90] LR: 0.001000
Training...
 -> Progress: 20 done!
 -> Progress: 40 done!
 -> Progress: 60 done!
 -> Progress: 80 done!
 -> Progress: 100 done!
Testing...
 -> Progress: 20 done!
 -> Progress: 40 done!
 -> Progress: 60 done!
 -> Progress: 80 done!
 -> Progress: 100 done!
Testing...
 -> Progress: 20 done!
 -> Progress: 40 done!
 -> Progress: 60 done!
 -> Progress: 80 done!
 -> Progress: 100 done!
Testing...
 -> Progress: 20 done!
 -> Progress: 40 done!
 -> Progress: 60 done!
 -> Progress: 80 done!
 -> Progress: 100 done!

Keys:  ['time', 'acc1', 'acc5', 'ce_loss']
Training:  [0.07069427156082504, 0.0, 0.0, 0.042013903470028695]
Testing on Task A:  [0.004648172855377197, 69.9, 90.4125, 173.35895948410035]
Testing on Task B:  [0.014767909049987793, 77.5, 97.1, 116.47692947387695]
Testing on Task C:  [0.013621377944946288, 80.3, 98.3, 100.23130645751954]
Best Acc:  69.9

Epoch: [35 | 90] LR: 0.001000
Training...
 -> Progress: 20 done!
 -> Progress: 40 done!
 -> Progress: 60 done!
 -> Progress: 80 done!
 -> Progress: 100 done!
Testing...
 -> Progress: 20 done!
 -> Progress: 40 done!
 -> Progress: 60 done!
 -> Progress: 80 done!
 -> Progress: 100 done!
Testing...
 -> Progress: 20 done!
 -> Progress: 40 done!
 -> Progress: 60 done!
 -> Progress: 80 done!
 -> Progress: 100 done!
Testing...
 -> Progress: 20 done!
 -> Progress: 40 done!
 -> Progress: 60 done!
 -> Progress: 80 done!
 -> Progress: 100 done!

Keys:  ['time', 'acc1', 'acc5', 'ce_loss']
Training:  [0.06975857071254564, 0.0, 0.0, 0.03816263436737573]
Testing on Task A:  [0.004642683267593384, 69.8, 90.5125, 175.53201389312744]
Testing on Task B:  [0.0147064208984375, 77.3, 97.1, 118.62078704833985]
Testing on Task C:  [0.014395976066589355, 80.9, 98.4, 102.05087585449219]
Best Acc:  69.9

Epoch: [36 | 90] LR: 0.001000
Training...
 -> Progress: 20 done!
 -> Progress: 40 done!
 -> Progress: 60 done!
 -> Progress: 80 done!
 -> Progress: 100 done!
Testing...
 -> Progress: 20 done!
 -> Progress: 40 done!
 -> Progress: 60 done!
 -> Progress: 80 done!
 -> Progress: 100 done!
Testing...
 -> Progress: 20 done!
 -> Progress: 40 done!
 -> Progress: 60 done!
 -> Progress: 80 done!
 -> Progress: 100 done!
Testing...
 -> Progress: 20 done!
 -> Progress: 40 done!
 -> Progress: 60 done!
 -> Progress: 80 done!
 -> Progress: 100 done!

Keys:  ['time', 'acc1', 'acc5', 'ce_loss']
Training:  [0.07005847079674606, 0.0, 0.0, 0.03726458662401532]
Testing on Task A:  [0.00468655526638031, 69.8, 90.6375, 176.12089443206787]
Testing on Task B:  [0.014543557167053222, 77.1, 97.1, 118.12382698059082]
Testing on Task C:  [0.014543366432189942, 80.9, 98.2, 100.98900146484375]
Best Acc:  69.9

Epoch: [37 | 90] LR: 0.001000
Training...
 -> Progress: 20 done!
 -> Progress: 40 done!
 -> Progress: 60 done!
 -> Progress: 80 done!
 -> Progress: 100 done!
Testing...
 -> Progress: 20 done!
 -> Progress: 40 done!
 -> Progress: 60 done!
 -> Progress: 80 done!
 -> Progress: 100 done!
Testing...
 -> Progress: 20 done!
 -> Progress: 40 done!
 -> Progress: 60 done!
 -> Progress: 80 done!
 -> Progress: 100 done!
Testing...
 -> Progress: 20 done!
 -> Progress: 40 done!
 -> Progress: 60 done!
 -> Progress: 80 done!
 -> Progress: 100 done!

Keys:  ['time', 'acc1', 'acc5', 'ce_loss']
Training:  [0.06991335924933939, 0.0, 0.0, 0.03468828539237799]
Testing on Task A:  [0.004710450768470764, 69.7625, 90.6125, 177.13459167480468]
Testing on Task B:  [0.013611578941345214, 77.3, 96.8, 118.63876533508301]
Testing on Task C:  [0.014801788330078124, 80.9, 98.3, 100.53933830261231]
Best Acc:  69.9

Epoch: [38 | 90] LR: 0.001000
Training...
 -> Progress: 20 done!
 -> Progress: 40 done!
 -> Progress: 60 done!
 -> Progress: 80 done!
 -> Progress: 100 done!
Testing...
 -> Progress: 20 done!
 -> Progress: 40 done!
 -> Progress: 60 done!
 -> Progress: 80 done!
 -> Progress: 100 done!
Testing...
 -> Progress: 20 done!
 -> Progress: 40 done!
 -> Progress: 60 done!
 -> Progress: 80 done!
 -> Progress: 100 done!
Testing...
 -> Progress: 20 done!
 -> Progress: 40 done!
 -> Progress: 60 done!
 -> Progress: 80 done!
 -> Progress: 100 done!

Keys:  ['time', 'acc1', 'acc5', 'ce_loss']
Training:  [0.06990611095867498, 0.0, 0.0, 0.03303641338577813]
Testing on Task A:  [0.004670703411102295, 69.9875, 90.6125, 177.8954662322998]
Testing on Task B:  [0.014797377586364745, 77.5, 96.8, 119.24749336242675]
Testing on Task C:  [0.0148101806640625, 81.2, 98.4, 99.5909481048584]
Best Acc:  69.9875

Epoch: [39 | 90] LR: 0.001000
Training...
 -> Progress: 20 done!
 -> Progress: 40 done!
 -> Progress: 60 done!
 -> Progress: 80 done!
 -> Progress: 100 done!
Testing...
 -> Progress: 20 done!
 -> Progress: 40 done!
 -> Progress: 60 done!
 -> Progress: 80 done!
 -> Progress: 100 done!
Testing...
 -> Progress: 20 done!
 -> Progress: 40 done!
 -> Progress: 60 done!
 -> Progress: 80 done!
 -> Progress: 100 done!
Testing...
 -> Progress: 20 done!
 -> Progress: 40 done!
 -> Progress: 60 done!
 -> Progress: 80 done!
 -> Progress: 100 done!

Keys:  ['time', 'acc1', 'acc5', 'ce_loss']
Training:  [0.07004089977430261, 0.0, 0.0, 0.03140562211575411]
Testing on Task A:  [0.0045961827039718624, 70.0, 90.7125, 177.08684644699096]
Testing on Task B:  [0.014851951599121093, 77.8, 97.4, 118.67744102478028]
Testing on Task C:  [0.014801406860351562, 81.2, 98.5, 99.25596313476562]
Best Acc:  70.0

Epoch: [40 | 90] LR: 0.001000
Training...
 -> Progress: 20 done!
 -> Progress: 40 done!
 -> Progress: 60 done!
 -> Progress: 80 done!
 -> Progress: 100 done!
Testing...
 -> Progress: 20 done!
 -> Progress: 40 done!
 -> Progress: 60 done!
 -> Progress: 80 done!
 -> Progress: 100 done!
Testing...
 -> Progress: 20 done!
 -> Progress: 40 done!
 -> Progress: 60 done!
 -> Progress: 80 done!
 -> Progress: 100 done!
Testing...
 -> Progress: 20 done!
 -> Progress: 40 done!
 -> Progress: 60 done!
 -> Progress: 80 done!
 -> Progress: 100 done!

Keys:  ['time', 'acc1', 'acc5', 'ce_loss']
Training:  [0.07003113924694793, 0.0, 0.0, 0.030843273357814536]
Testing on Task A:  [0.0046387255191802975, 69.8875, 90.7, 180.18076238632202]
Testing on Task B:  [0.014775633811950684, 77.6, 97.2, 118.63487968444824]
Testing on Task C:  [0.014912080764770509, 80.5, 98.3, 100.84448699951172]
Best Acc:  70.0

Epoch: [41 | 90] LR: 0.001000
Training...
 -> Progress: 20 done!
 -> Progress: 40 done!
 -> Progress: 60 done!
 -> Progress: 80 done!
 -> Progress: 100 done!
Testing...
 -> Progress: 20 done!
 -> Progress: 40 done!
 -> Progress: 60 done!
 -> Progress: 80 done!
 -> Progress: 100 done!
Testing...
 -> Progress: 20 done!
 -> Progress: 40 done!
 -> Progress: 60 done!
 -> Progress: 80 done!
 -> Progress: 100 done!
Testing...
 -> Progress: 20 done!
 -> Progress: 40 done!
 -> Progress: 60 done!
 -> Progress: 80 done!
 -> Progress: 100 done!

Keys:  ['time', 'acc1', 'acc5', 'ce_loss']
Training:  [0.07007477777388395, 0.0, 0.0, 0.029946511806658162]
Testing on Task A:  [0.004672184586524963, 70.0625, 90.7125, 179.06203203201295]
Testing on Task B:  [0.014239883422851563, 77.5, 97.0, 119.89662628173828]
Testing on Task C:  [0.01460411548614502, 81.2, 98.2, 99.3243350982666]
Best Acc:  70.0625

Epoch: [42 | 90] LR: 0.001000
Training...
 -> Progress: 20 done!
 -> Progress: 40 done!
 -> Progress: 60 done!
 -> Progress: 80 done!
 -> Progress: 100 done!
Testing...
 -> Progress: 20 done!
 -> Progress: 40 done!
 -> Progress: 60 done!
 -> Progress: 80 done!
 -> Progress: 100 done!
Testing...
 -> Progress: 20 done!
 -> Progress: 40 done!
 -> Progress: 60 done!
 -> Progress: 80 done!
 -> Progress: 100 done!
Testing...
 -> Progress: 20 done!
 -> Progress: 40 done!
 -> Progress: 60 done!
 -> Progress: 80 done!
 -> Progress: 100 done!

Keys:  ['time', 'acc1', 'acc5', 'ce_loss']
Training:  [0.06983372927321803, 0.0, 0.0, 0.029248739333103988]
Testing on Task A:  [0.004616990685462952, 70.1625, 90.75, 178.73291511535643]
Testing on Task B:  [0.014783215522766114, 77.8, 97.1, 118.70887908935546]
Testing on Task C:  [0.015163850784301759, 81.5, 98.4, 99.4351879119873]
Best Acc:  70.1625

Epoch: [43 | 90] LR: 0.001000
Training...
 -> Progress: 20 done!
 -> Progress: 40 done!
 -> Progress: 60 done!
 -> Progress: 80 done!
 -> Progress: 100 done!
Testing...
 -> Progress: 20 done!
 -> Progress: 40 done!
 -> Progress: 60 done!
 -> Progress: 80 done!
 -> Progress: 100 done!
Testing...
 -> Progress: 20 done!
 -> Progress: 40 done!
 -> Progress: 60 done!
 -> Progress: 80 done!
 -> Progress: 100 done!
Testing...
 -> Progress: 20 done!
 -> Progress: 40 done!
 -> Progress: 60 done!
 -> Progress: 80 done!
 -> Progress: 100 done!

Keys:  ['time', 'acc1', 'acc5', 'ce_loss']
Training:  [0.07045126997906229, 0.0, 0.0, 0.027509964916788403]
Testing on Task A:  [0.0046525120735168455, 70.3375, 90.775, 180.0211151123047]
Testing on Task B:  [0.014606165885925292, 77.2, 96.9, 120.52569999694825]
Testing on Task C:  [0.014147806167602538, 81.4, 98.5, 99.01098403930663]
Best Acc:  70.3375

Epoch: [44 | 90] LR: 0.001000
Training...
 -> Progress: 20 done!
 -> Progress: 40 done!
 -> Progress: 60 done!
 -> Progress: 80 done!
 -> Progress: 100 done!
Testing...
 -> Progress: 20 done!
 -> Progress: 40 done!
 -> Progress: 60 done!
 -> Progress: 80 done!
 -> Progress: 100 done!
Testing...
 -> Progress: 20 done!
 -> Progress: 40 done!
 -> Progress: 60 done!
 -> Progress: 80 done!
 -> Progress: 100 done!
Testing...
 -> Progress: 20 done!
 -> Progress: 40 done!
 -> Progress: 60 done!
 -> Progress: 80 done!
 -> Progress: 100 done!

Keys:  ['time', 'acc1', 'acc5', 'ce_loss']
Training:  [0.07014105630957562, 0.0, 0.0, 0.027678402693337188]
Testing on Task A:  [0.004667586088180542, 70.2375, 90.7625, 181.34789876937867]
Testing on Task B:  [0.014840936660766602, 77.8, 97.0, 119.7005069732666]
Testing on Task C:  [0.014932656288146972, 81.3, 98.2, 100.97946586608887]
Best Acc:  70.3375

Epoch: [45 | 90] LR: 0.001000
Training...
 -> Progress: 20 done!
 -> Progress: 40 done!
 -> Progress: 60 done!
 -> Progress: 80 done!
 -> Progress: 100 done!
Testing...
 -> Progress: 20 done!
 -> Progress: 40 done!
 -> Progress: 60 done!
 -> Progress: 80 done!
 -> Progress: 100 done!
Testing...
 -> Progress: 20 done!
 -> Progress: 40 done!
 -> Progress: 60 done!
 -> Progress: 80 done!
 -> Progress: 100 done!
Testing...
 -> Progress: 20 done!
 -> Progress: 40 done!
 -> Progress: 60 done!
 -> Progress: 80 done!
 -> Progress: 100 done!

Keys:  ['time', 'acc1', 'acc5', 'ce_loss']
Training:  [0.06973392091443777, 0.0, 0.0, 0.027046646446446932]
Testing on Task A:  [0.004685729742050171, 70.1875, 90.825, 181.01008806228637]
Testing on Task B:  [0.015516924858093261, 77.5, 96.8, 119.48034973144532]
Testing on Task C:  [0.0150376558303833, 81.4, 98.4, 100.78557014465332]
Best Acc:  70.3375

Epoch: [46 | 90] LR: 0.001000
Training...
 -> Progress: 20 done!
 -> Progress: 40 done!
 -> Progress: 60 done!
 -> Progress: 80 done!
 -> Progress: 100 done!
Testing...
 -> Progress: 20 done!
 -> Progress: 40 done!
 -> Progress: 60 done!
 -> Progress: 80 done!
 -> Progress: 100 done!
Testing...
 -> Progress: 20 done!
 -> Progress: 40 done!
 -> Progress: 60 done!
 -> Progress: 80 done!
 -> Progress: 100 done!
Testing...
 -> Progress: 20 done!
 -> Progress: 40 done!
 -> Progress: 60 done!
 -> Progress: 80 done!
 -> Progress: 100 done!

Keys:  ['time', 'acc1', 'acc5', 'ce_loss']
Training:  [0.06979887991610086, 0.0, 0.0, 0.02640452188775515]
Testing on Task A:  [0.0046707063913345335, 70.375, 90.8, 182.03046531677245]
Testing on Task B:  [0.014855742454528809, 78.5, 97.1, 118.04677085876465]
Testing on Task C:  [0.015158367156982423, 81.3, 98.3, 100.66285552978516]
Best Acc:  70.375

Epoch: [47 | 90] LR: 0.001000
Training...
 -> Progress: 20 done!
 -> Progress: 40 done!
 -> Progress: 60 done!
 -> Progress: 80 done!
 -> Progress: 100 done!
Testing...
 -> Progress: 20 done!
 -> Progress: 40 done!
 -> Progress: 60 done!
 -> Progress: 80 done!
 -> Progress: 100 done!
Testing...
 -> Progress: 20 done!
 -> Progress: 40 done!
 -> Progress: 60 done!
 -> Progress: 80 done!
 -> Progress: 100 done!
Testing...
 -> Progress: 20 done!
 -> Progress: 40 done!
 -> Progress: 60 done!
 -> Progress: 80 done!
 -> Progress: 100 done!

Keys:  ['time', 'acc1', 'acc5', 'ce_loss']
Training:  [0.06994308839978465, 0.0, 0.0, 0.026073238733784317]
Testing on Task A:  [0.0046560347080230715, 70.4, 90.7875, 180.50183324813844]
Testing on Task B:  [0.014439630508422851, 77.9, 96.9, 119.38032836914063]
Testing on Task C:  [0.014716911315917968, 80.9, 98.3, 98.62881622314453]
Best Acc:  70.4

Epoch: [48 | 90] LR: 0.001000
Training...
 -> Progress: 20 done!
 -> Progress: 40 done!
 -> Progress: 60 done!
 -> Progress: 80 done!
 -> Progress: 100 done!
Testing...
 -> Progress: 20 done!
 -> Progress: 40 done!
 -> Progress: 60 done!
 -> Progress: 80 done!
 -> Progress: 100 done!
Testing...
 -> Progress: 20 done!
 -> Progress: 40 done!
 -> Progress: 60 done!
 -> Progress: 80 done!
 -> Progress: 100 done!
Testing...
 -> Progress: 20 done!
 -> Progress: 40 done!
 -> Progress: 60 done!
 -> Progress: 80 done!
 -> Progress: 100 done!

Keys:  ['time', 'acc1', 'acc5', 'ce_loss']
Training:  [0.06996248384265949, 0.0, 0.0, 0.025221040567664235]
Testing on Task A:  [0.004592347145080567, 70.275, 90.675, 181.44882764816285]
Testing on Task B:  [0.014902424812316895, 77.3, 96.8, 121.93377265930175]
Testing on Task C:  [0.014583015441894531, 81.1, 98.3, 98.30764656066894]
Best Acc:  70.4

Epoch: [49 | 90] LR: 0.001000
Training...
 -> Progress: 20 done!
 -> Progress: 40 done!
 -> Progress: 60 done!
 -> Progress: 80 done!
 -> Progress: 100 done!
Testing...
 -> Progress: 20 done!
 -> Progress: 40 done!
 -> Progress: 60 done!
 -> Progress: 80 done!
 -> Progress: 100 done!
Testing...
 -> Progress: 20 done!
 -> Progress: 40 done!
 -> Progress: 60 done!
 -> Progress: 80 done!
 -> Progress: 100 done!
Testing...
 -> Progress: 20 done!
 -> Progress: 40 done!
 -> Progress: 60 done!
 -> Progress: 80 done!
 -> Progress: 100 done!

Keys:  ['time', 'acc1', 'acc5', 'ce_loss']
Training:  [0.07000749129468523, 0.0, 0.0, 0.02491891541091911]
Testing on Task A:  [0.004596439003944397, 70.3125, 90.7125, 182.6092251777649]
Testing on Task B:  [0.014599251747131347, 77.4, 96.8, 119.55092506408691]
Testing on Task C:  [0.015135645866394043, 81.5, 98.3, 98.96172103881835]
Best Acc:  70.4

Epoch: [50 | 90] LR: 0.001000
Training...
 -> Progress: 20 done!
 -> Progress: 40 done!
 -> Progress: 60 done!
 -> Progress: 80 done!
 -> Progress: 100 done!
Testing...
 -> Progress: 20 done!
 -> Progress: 40 done!
 -> Progress: 60 done!
 -> Progress: 80 done!
 -> Progress: 100 done!
Testing...
 -> Progress: 20 done!
 -> Progress: 40 done!
 -> Progress: 60 done!
 -> Progress: 80 done!
 -> Progress: 100 done!
Testing...
 -> Progress: 20 done!
 -> Progress: 40 done!
 -> Progress: 60 done!
 -> Progress: 80 done!
 -> Progress: 100 done!

Keys:  ['time', 'acc1', 'acc5', 'ce_loss']
Training:  [0.06980080067958978, 0.0, 0.0, 0.02508947525001929]
Testing on Task A:  [0.004536348581314087, 70.3625, 90.6875, 183.5179123878479]
Testing on Task B:  [0.014506340026855469, 77.1, 97.2, 119.51868705749511]
Testing on Task C:  [0.01475989818572998, 81.8, 98.3, 99.42129249572754]
Best Acc:  70.4

Epoch: [51 | 90] LR: 0.001000
Training...
 -> Progress: 20 done!
 -> Progress: 40 done!
 -> Progress: 60 done!
 -> Progress: 80 done!
 -> Progress: 100 done!
Testing...
 -> Progress: 20 done!
 -> Progress: 40 done!
 -> Progress: 60 done!
 -> Progress: 80 done!
 -> Progress: 100 done!
Testing...
 -> Progress: 20 done!
 -> Progress: 40 done!
 -> Progress: 60 done!
 -> Progress: 80 done!
 -> Progress: 100 done!
Testing...
 -> Progress: 20 done!
 -> Progress: 40 done!
 -> Progress: 60 done!
 -> Progress: 80 done!
 -> Progress: 100 done!

Keys:  ['time', 'acc1', 'acc5', 'ce_loss']
Training:  [0.07008087360645499, 0.0, 0.0, 0.024629062908651578]
Testing on Task A:  [0.004501417279243469, 70.1375, 90.775, 184.80560684204102]
Testing on Task B:  [0.014644336700439454, 77.3, 96.9, 121.45478286743165]
Testing on Task C:  [0.01467146873474121, 81.5, 98.5, 100.11816711425782]
Best Acc:  70.4

Epoch: [52 | 90] LR: 0.001000
Training...
 -> Progress: 20 done!
 -> Progress: 40 done!
 -> Progress: 60 done!
 -> Progress: 80 done!
 -> Progress: 100 done!
Testing...
 -> Progress: 20 done!
 -> Progress: 40 done!
 -> Progress: 60 done!
 -> Progress: 80 done!
 -> Progress: 100 done!
Testing...
 -> Progress: 20 done!
 -> Progress: 40 done!
 -> Progress: 60 done!
 -> Progress: 80 done!
 -> Progress: 100 done!
Testing...
 -> Progress: 20 done!
 -> Progress: 40 done!
 -> Progress: 60 done!
 -> Progress: 80 done!
 -> Progress: 100 done!

Keys:  ['time', 'acc1', 'acc5', 'ce_loss']
Training:  [0.07004468093442795, 0.0, 0.0, 0.02452880521173901]
Testing on Task A:  [0.004650121927261353, 70.4625, 90.7875, 184.14598827362062]
Testing on Task B:  [0.014484906196594238, 77.5, 96.8, 120.27668685913086]
Testing on Task C:  [0.014645862579345702, 81.7, 98.2, 99.6563591003418]
Best Acc:  70.4625

Epoch: [53 | 90] LR: 0.001000
Training...
 -> Progress: 20 done!
 -> Progress: 40 done!
 -> Progress: 60 done!
 -> Progress: 80 done!
 -> Progress: 100 done!
Testing...
 -> Progress: 20 done!
 -> Progress: 40 done!
 -> Progress: 60 done!
 -> Progress: 80 done!
 -> Progress: 100 done!
Testing...
 -> Progress: 20 done!
 -> Progress: 40 done!
 -> Progress: 60 done!
 -> Progress: 80 done!
 -> Progress: 100 done!
Testing...
 -> Progress: 20 done!
 -> Progress: 40 done!
 -> Progress: 60 done!
 -> Progress: 80 done!
 -> Progress: 100 done!

Keys:  ['time', 'acc1', 'acc5', 'ce_loss']
Training:  [0.0699366693911345, 0.0, 0.0, 0.02340943242668572]
Testing on Task A:  [0.0046211093664169315, 70.525, 90.75, 185.04991407394408]
Testing on Task B:  [0.014955639839172363, 77.2, 97.1, 120.18418426513672]
Testing on Task C:  [0.014840388298034668, 81.4, 98.4, 98.68287582397461]
Best Acc:  70.525

Epoch: [54 | 90] LR: 0.001000
Training...
 -> Progress: 20 done!
 -> Progress: 40 done!
 -> Progress: 60 done!
 -> Progress: 80 done!
 -> Progress: 100 done!
Testing...
 -> Progress: 20 done!
 -> Progress: 40 done!
 -> Progress: 60 done!
 -> Progress: 80 done!
 -> Progress: 100 done!
Testing...
 -> Progress: 20 done!
 -> Progress: 40 done!
 -> Progress: 60 done!
 -> Progress: 80 done!
 -> Progress: 100 done!
Testing...
 -> Progress: 20 done!
 -> Progress: 40 done!
 -> Progress: 60 done!
 -> Progress: 80 done!
 -> Progress: 100 done!

Keys:  ['time', 'acc1', 'acc5', 'ce_loss']
Training:  [0.06988182031285123, 0.0, 0.0, 0.023945027435927288]
Testing on Task A:  [0.004634630680084228, 70.1375, 90.925, 185.07393550872803]
Testing on Task B:  [0.014825391769409179, 77.4, 96.8, 120.46103096008301]
Testing on Task C:  [0.01484694480895996, 82.1, 98.4, 98.95822448730469]
Best Acc:  70.525

Epoch: [55 | 90] LR: 0.001000
Training...
 -> Progress: 20 done!
 -> Progress: 40 done!
 -> Progress: 60 done!
 -> Progress: 80 done!
 -> Progress: 100 done!
Testing...
 -> Progress: 20 done!
 -> Progress: 40 done!
 -> Progress: 60 done!
 -> Progress: 80 done!
 -> Progress: 100 done!
Testing...
 -> Progress: 20 done!
 -> Progress: 40 done!
 -> Progress: 60 done!
 -> Progress: 80 done!
 -> Progress: 100 done!
Testing...
 -> Progress: 20 done!
 -> Progress: 40 done!
 -> Progress: 60 done!
 -> Progress: 80 done!
 -> Progress: 100 done!

Keys:  ['time', 'acc1', 'acc5', 'ce_loss']
Training:  [0.06984155074409816, 0.0, 0.0, 0.023306254654779764]
Testing on Task A:  [0.0046650230884552005, 70.2125, 90.7625, 184.67940826416014]
Testing on Task B:  [0.014706015586853027, 77.0, 96.9, 120.07169609069824]
Testing on Task C:  [0.014729928970336915, 81.6, 98.3, 97.67794952392578]
Best Acc:  70.525

Epoch: [56 | 90] LR: 0.001000
Training...
 -> Progress: 20 done!
 -> Progress: 40 done!
 -> Progress: 60 done!
 -> Progress: 80 done!
 -> Progress: 100 done!
Testing...
 -> Progress: 20 done!
 -> Progress: 40 done!
 -> Progress: 60 done!
 -> Progress: 80 done!
 -> Progress: 100 done!
Testing...
 -> Progress: 20 done!
 -> Progress: 40 done!
 -> Progress: 60 done!
 -> Progress: 80 done!
 -> Progress: 100 done!
Testing...
 -> Progress: 20 done!
 -> Progress: 40 done!
 -> Progress: 60 done!
 -> Progress: 80 done!
 -> Progress: 100 done!

Keys:  ['time', 'acc1', 'acc5', 'ce_loss']
Training:  [0.0699368474428611, 0.0, 0.0, 0.022450031341074983]
Testing on Task A:  [0.004634049534797668, 70.2875, 90.825, 183.91136875152588]
Testing on Task B:  [0.014959931373596191, 77.1, 97.1, 120.58494758605957]
Testing on Task C:  [0.014620256423950196, 81.3, 98.4, 97.61706619262695]
Best Acc:  70.525

Epoch: [57 | 90] LR: 0.001000
Training...
 -> Progress: 20 done!
 -> Progress: 40 done!
 -> Progress: 60 done!
 -> Progress: 80 done!
 -> Progress: 100 done!
Testing...
 -> Progress: 20 done!
 -> Progress: 40 done!
 -> Progress: 60 done!
 -> Progress: 80 done!
 -> Progress: 100 done!
Testing...
 -> Progress: 20 done!
 -> Progress: 40 done!
 -> Progress: 60 done!
 -> Progress: 80 done!
 -> Progress: 100 done!
Testing...
 -> Progress: 20 done!
 -> Progress: 40 done!
 -> Progress: 60 done!
 -> Progress: 80 done!
 -> Progress: 100 done!

Keys:  ['time', 'acc1', 'acc5', 'ce_loss']
Training:  [0.06975094314731295, 0.0, 0.0, 0.022952182830580512]
Testing on Task A:  [0.004640448093414307, 70.075, 90.8625, 186.63634099960328]
Testing on Task B:  [0.01355130672454834, 77.8, 96.8, 119.57500648498535]
Testing on Task C:  [0.014733672142028809, 81.8, 98.2, 98.69047241210937]
Best Acc:  70.525

Epoch: [58 | 90] LR: 0.001000
Training...
 -> Progress: 20 done!
 -> Progress: 40 done!
 -> Progress: 60 done!
 -> Progress: 80 done!
 -> Progress: 100 done!
Testing...
 -> Progress: 20 done!
 -> Progress: 40 done!
 -> Progress: 60 done!
 -> Progress: 80 done!
 -> Progress: 100 done!
Testing...
 -> Progress: 20 done!
 -> Progress: 40 done!
 -> Progress: 60 done!
 -> Progress: 80 done!
 -> Progress: 100 done!
Testing...
 -> Progress: 20 done!
 -> Progress: 40 done!
 -> Progress: 60 done!
 -> Progress: 80 done!
 -> Progress: 100 done!

Keys:  ['time', 'acc1', 'acc5', 'ce_loss']
Training:  [0.06990212491711083, 0.0, 0.0, 0.02201721406139224]
Testing on Task A:  [0.004648500680923462, 70.375, 90.7375, 185.05984392166138]
Testing on Task B:  [0.014639759063720703, 77.4, 96.8, 121.07438354492187]
Testing on Task C:  [0.01477067470550537, 81.8, 98.4, 96.59580039978027]
Best Acc:  70.525

Epoch: [59 | 90] LR: 0.001000
Training...
 -> Progress: 20 done!
 -> Progress: 40 done!
 -> Progress: 60 done!
 -> Progress: 80 done!
 -> Progress: 100 done!
Testing...
 -> Progress: 20 done!
 -> Progress: 40 done!
 -> Progress: 60 done!
 -> Progress: 80 done!
 -> Progress: 100 done!
Testing...
 -> Progress: 20 done!
 -> Progress: 40 done!
 -> Progress: 60 done!
 -> Progress: 80 done!
 -> Progress: 100 done!
Testing...
 -> Progress: 20 done!
 -> Progress: 40 done!
 -> Progress: 60 done!
 -> Progress: 80 done!
 -> Progress: 100 done!

Keys:  ['time', 'acc1', 'acc5', 'ce_loss']
Training:  [0.06979768599390679, 0.0, 0.0, 0.02229507082163373]
Testing on Task A:  [0.004567477107048035, 70.3625, 90.825, 185.41248979568482]
Testing on Task B:  [0.014757776260375976, 78.0, 96.8, 121.7523063659668]
Testing on Task C:  [0.014608168601989746, 81.7, 98.1, 97.34499549865723]
Best Acc:  70.525

Epoch: [60 | 90] LR: 0.001000
Training...
 -> Progress: 20 done!
 -> Progress: 40 done!
 -> Progress: 60 done!
 -> Progress: 80 done!
 -> Progress: 100 done!
Testing...
 -> Progress: 20 done!
 -> Progress: 40 done!
 -> Progress: 60 done!
 -> Progress: 80 done!
 -> Progress: 100 done!
Testing...
 -> Progress: 20 done!
 -> Progress: 40 done!
 -> Progress: 60 done!
 -> Progress: 80 done!
 -> Progress: 100 done!
Testing...
 -> Progress: 20 done!
 -> Progress: 40 done!
 -> Progress: 60 done!
 -> Progress: 80 done!
 -> Progress: 100 done!

Keys:  ['time', 'acc1', 'acc5', 'ce_loss']
Training:  [0.06977600392783084, 0.0, 0.0, 0.021815885808747597]
Testing on Task A:  [0.0046602427959442135, 70.3625, 90.7, 185.36791610717773]
Testing on Task B:  [0.014922714233398438, 77.4, 97.0, 120.95842742919922]
Testing on Task C:  [0.01488959789276123, 81.3, 98.4, 97.4809341430664]
Best Acc:  70.525

Epoch: [61 | 90] LR: 0.000100
Training...
 -> Progress: 20 done!
 -> Progress: 40 done!
 -> Progress: 60 done!
 -> Progress: 80 done!
 -> Progress: 100 done!
Testing...
 -> Progress: 20 done!
 -> Progress: 40 done!
 -> Progress: 60 done!
 -> Progress: 80 done!
 -> Progress: 100 done!
Testing...
 -> Progress: 20 done!
 -> Progress: 40 done!
 -> Progress: 60 done!
 -> Progress: 80 done!
 -> Progress: 100 done!
Testing...
 -> Progress: 20 done!
 -> Progress: 40 done!
 -> Progress: 60 done!
 -> Progress: 80 done!
 -> Progress: 100 done!

Keys:  ['time', 'acc1', 'acc5', 'ce_loss']
Training:  [0.06992515090786283, 0.0, 0.0, 0.021191806551497765]
Testing on Task A:  [0.0046313941478729245, 70.2625, 90.7375, 185.80827388763427]
Testing on Task B:  [0.014670276641845703, 77.4, 97.0, 121.03984298706055]
Testing on Task C:  [0.014883279800415039, 81.4, 98.4, 97.39571914672851]
Best Acc:  70.525

Epoch: [62 | 90] LR: 0.000100
Training...
 -> Progress: 20 done!
 -> Progress: 40 done!
 -> Progress: 60 done!
 -> Progress: 80 done!
 -> Progress: 100 done!
Testing...
 -> Progress: 20 done!
 -> Progress: 40 done!
 -> Progress: 60 done!
 -> Progress: 80 done!
 -> Progress: 100 done!
Testing...
 -> Progress: 20 done!
 -> Progress: 40 done!
 -> Progress: 60 done!
 -> Progress: 80 done!
 -> Progress: 100 done!
Testing...
 -> Progress: 20 done!
 -> Progress: 40 done!
 -> Progress: 60 done!
 -> Progress: 80 done!
 -> Progress: 100 done!

Keys:  ['time', 'acc1', 'acc5', 'ce_loss']
Training:  [0.07008863532024881, 0.0, 0.0, 0.02131579010306722]
Testing on Task A:  [0.004649540781974793, 70.2375, 90.775, 185.8981964111328]
Testing on Task B:  [0.015102529525756836, 77.5, 96.9, 121.1216926574707]
Testing on Task C:  [0.014656424522399902, 81.7, 98.4, 97.38884811401367]
Best Acc:  70.525

Epoch: [63 | 90] LR: 0.000100
Training...
 -> Progress: 20 done!
 -> Progress: 40 done!
 -> Progress: 60 done!
 -> Progress: 80 done!
 -> Progress: 100 done!
Testing...
 -> Progress: 20 done!
 -> Progress: 40 done!
 -> Progress: 60 done!
 -> Progress: 80 done!
 -> Progress: 100 done!
Testing...
 -> Progress: 20 done!
 -> Progress: 40 done!
 -> Progress: 60 done!
 -> Progress: 80 done!
 -> Progress: 100 done!
Testing...
 -> Progress: 20 done!
 -> Progress: 40 done!
 -> Progress: 60 done!
 -> Progress: 80 done!
 -> Progress: 100 done!

Keys:  ['time', 'acc1', 'acc5', 'ce_loss']
Training:  [0.06975856461488378, 0.0, 0.0, 0.021455041013772377]
Testing on Task A:  [0.004655948281288147, 70.2625, 90.725, 185.76234283447266]
Testing on Task B:  [0.014785122871398926, 77.8, 96.9, 120.7689437866211]
Testing on Task C:  [0.015015888214111327, 81.5, 98.4, 97.26829681396484]
Best Acc:  70.525

Epoch: [64 | 90] LR: 0.000100
Training...
 -> Progress: 20 done!
 -> Progress: 40 done!
 -> Progress: 60 done!
 -> Progress: 80 done!
 -> Progress: 100 done!
Testing...
 -> Progress: 20 done!
 -> Progress: 40 done!
 -> Progress: 60 done!
 -> Progress: 80 done!
 -> Progress: 100 done!
Testing...
 -> Progress: 20 done!
 -> Progress: 40 done!
 -> Progress: 60 done!
 -> Progress: 80 done!
 -> Progress: 100 done!
Testing...
 -> Progress: 20 done!
 -> Progress: 40 done!
 -> Progress: 60 done!
 -> Progress: 80 done!
 -> Progress: 100 done!

Keys:  ['time', 'acc1', 'acc5', 'ce_loss']
Training:  [0.06998700376056954, 0.0, 0.0, 0.020819617147126313]
Testing on Task A:  [0.004639765620231629, 70.2875, 90.775, 185.70918636322023]
Testing on Task B:  [0.014531683921813966, 77.9, 96.9, 120.69328956604004]
Testing on Task C:  [0.014598274230957031, 81.4, 98.4, 97.38703689575195]
Best Acc:  70.525

Epoch: [65 | 90] LR: 0.000100
Training...
 -> Progress: 20 done!
 -> Progress: 40 done!
 -> Progress: 60 done!
 -> Progress: 80 done!
 -> Progress: 100 done!
Testing...
 -> Progress: 20 done!
 -> Progress: 40 done!
 -> Progress: 60 done!
 -> Progress: 80 done!
 -> Progress: 100 done!
Testing...
 -> Progress: 20 done!
 -> Progress: 40 done!
 -> Progress: 60 done!
 -> Progress: 80 done!
 -> Progress: 100 done!
Testing...
 -> Progress: 20 done!
 -> Progress: 40 done!
 -> Progress: 60 done!
 -> Progress: 80 done!
 -> Progress: 100 done!

Keys:  ['time', 'acc1', 'acc5', 'ce_loss']
Training:  [0.07003579968991487, 0.0, 0.0, 0.020751971572809055]
Testing on Task A:  [0.004676231741905212, 70.3125, 90.7875, 185.8495080947876]
Testing on Task B:  [0.014732718467712402, 77.7, 96.9, 120.62067985534668]
Testing on Task C:  [0.014724826812744141, 81.5, 98.4, 97.52174034118653]
Best Acc:  70.525

Epoch: [66 | 90] LR: 0.000100
Training...
 -> Progress: 20 done!
 -> Progress: 40 done!
 -> Progress: 60 done!
 -> Progress: 80 done!
 -> Progress: 100 done!
Testing...
 -> Progress: 20 done!
 -> Progress: 40 done!
 -> Progress: 60 done!
 -> Progress: 80 done!
 -> Progress: 100 done!
Testing...
 -> Progress: 20 done!
 -> Progress: 40 done!
 -> Progress: 60 done!
 -> Progress: 80 done!
 -> Progress: 100 done!
Testing...
 -> Progress: 20 done!
 -> Progress: 40 done!
 -> Progress: 60 done!
 -> Progress: 80 done!
 -> Progress: 100 done!

Keys:  ['time', 'acc1', 'acc5', 'ce_loss']
Training:  [0.06989710471209358, 0.0, 0.0, 0.020688759127293555]
Testing on Task A:  [0.004660016298294068, 70.325, 90.8125, 185.92411394119262]
Testing on Task B:  [0.01442701816558838, 77.7, 96.9, 120.54342155456543]
Testing on Task C:  [0.013579130172729492, 81.4, 98.4, 97.40036315917969]
Best Acc:  70.525

Epoch: [67 | 90] LR: 0.000100
Training...
 -> Progress: 20 done!
 -> Progress: 40 done!
 -> Progress: 60 done!
 -> Progress: 80 done!
 -> Progress: 100 done!
Testing...
 -> Progress: 20 done!
 -> Progress: 40 done!
 -> Progress: 60 done!
 -> Progress: 80 done!
 -> Progress: 100 done!
Testing...
 -> Progress: 20 done!
 -> Progress: 40 done!
 -> Progress: 60 done!
 -> Progress: 80 done!
 -> Progress: 100 done!
Testing...
 -> Progress: 20 done!
 -> Progress: 40 done!
 -> Progress: 60 done!
 -> Progress: 80 done!
 -> Progress: 100 done!

Keys:  ['time', 'acc1', 'acc5', 'ce_loss']
Training:  [0.0698673206826915, 0.0, 0.0, 0.020943048079033643]
Testing on Task A:  [0.004656004905700684, 70.3375, 90.8375, 186.24325952529907]
Testing on Task B:  [0.014867258071899415, 77.7, 96.9, 120.59510192871093]
Testing on Task C:  [0.015590286254882813, 81.5, 98.3, 97.46632232666016]
Best Acc:  70.525

Epoch: [68 | 90] LR: 0.000100
Training...
 -> Progress: 20 done!
 -> Progress: 40 done!
 -> Progress: 60 done!
 -> Progress: 80 done!
 -> Progress: 100 done!
Testing...
 -> Progress: 20 done!
 -> Progress: 40 done!
 -> Progress: 60 done!
 -> Progress: 80 done!
 -> Progress: 100 done!
Testing...
 -> Progress: 20 done!
 -> Progress: 40 done!
 -> Progress: 60 done!
 -> Progress: 80 done!
 -> Progress: 100 done!
Testing...
 -> Progress: 20 done!
 -> Progress: 40 done!
 -> Progress: 60 done!
 -> Progress: 80 done!
 -> Progress: 100 done!

Keys:  ['time', 'acc1', 'acc5', 'ce_loss']
Training:  [0.06984664777965496, 0.0, 0.0, 0.021458853614966734]
Testing on Task A:  [0.004671236872673035, 70.35, 90.825, 185.918302154541]
Testing on Task B:  [0.014763283729553222, 77.6, 96.9, 120.56384811401367]
Testing on Task C:  [0.015034818649291992, 81.4, 98.3, 97.1397144317627]
Best Acc:  70.525

Epoch: [69 | 90] LR: 0.000100
Training...
 -> Progress: 20 done!
 -> Progress: 40 done!
 -> Progress: 60 done!
 -> Progress: 80 done!
 -> Progress: 100 done!
Testing...
 -> Progress: 20 done!
 -> Progress: 40 done!
 -> Progress: 60 done!
 -> Progress: 80 done!
 -> Progress: 100 done!
Testing...
 -> Progress: 20 done!
 -> Progress: 40 done!
 -> Progress: 60 done!
 -> Progress: 80 done!
 -> Progress: 100 done!
Testing...
 -> Progress: 20 done!
 -> Progress: 40 done!
 -> Progress: 60 done!
 -> Progress: 80 done!
 -> Progress: 100 done!

Keys:  ['time', 'acc1', 'acc5', 'ce_loss']
Training:  [0.06997388159222614, 0.0, 0.0, 0.021210162366842828]
Testing on Task A:  [0.004690897464752197, 70.3375, 90.8, 185.53549098968506]
Testing on Task B:  [0.014692926406860351, 77.6, 96.9, 120.36572227478027]
Testing on Task C:  [0.01499037742614746, 81.4, 98.3, 97.30302124023437]
Best Acc:  70.525

Epoch: [70 | 90] LR: 0.000100
Training...
 -> Progress: 20 done!
 -> Progress: 40 done!
 -> Progress: 60 done!
 -> Progress: 80 done!
 -> Progress: 100 done!
Testing...
 -> Progress: 20 done!
 -> Progress: 40 done!
 -> Progress: 60 done!
 -> Progress: 80 done!
 -> Progress: 100 done!
Testing...
 -> Progress: 20 done!
 -> Progress: 40 done!
 -> Progress: 60 done!
 -> Progress: 80 done!
 -> Progress: 100 done!
Testing...
 -> Progress: 20 done!
 -> Progress: 40 done!
 -> Progress: 60 done!
 -> Progress: 80 done!
 -> Progress: 100 done!

Keys:  ['time', 'acc1', 'acc5', 'ce_loss']
Training:  [0.06979280969370967, 0.0, 0.0, 0.020365080141159883]
Testing on Task A:  [0.004657721519470215, 70.3625, 90.7875, 185.66107091903686]
Testing on Task B:  [0.014599037170410157, 77.6, 97.0, 120.10324783325196]
Testing on Task C:  [0.015087413787841796, 81.4, 98.3, 97.61075248718262]
Best Acc:  70.525

Epoch: [71 | 90] LR: 0.000100
Training...
 -> Progress: 20 done!
 -> Progress: 40 done!
 -> Progress: 60 done!
 -> Progress: 80 done!
 -> Progress: 100 done!
Testing...
 -> Progress: 20 done!
 -> Progress: 40 done!
 -> Progress: 60 done!
 -> Progress: 80 done!
 -> Progress: 100 done!
Testing...
 -> Progress: 20 done!
 -> Progress: 40 done!
 -> Progress: 60 done!
 -> Progress: 80 done!
 -> Progress: 100 done!
Testing...
 -> Progress: 20 done!
 -> Progress: 40 done!
 -> Progress: 60 done!
 -> Progress: 80 done!
 -> Progress: 100 done!

Keys:  ['time', 'acc1', 'acc5', 'ce_loss']
Training:  [0.06994216643330996, 0.0, 0.0, 0.020832469858362547]
Testing on Task A:  [0.004683464765548706, 70.375, 90.75, 185.60565252304076]
Testing on Task B:  [0.014557266235351562, 77.5, 97.0, 120.24441375732422]
Testing on Task C:  [0.014624977111816406, 81.4, 98.4, 97.27119979858398]
Best Acc:  70.525

Epoch: [72 | 90] LR: 0.000100
Training...
 -> Progress: 20 done!
 -> Progress: 40 done!
 -> Progress: 60 done!
 -> Progress: 80 done!
 -> Progress: 100 done!
Testing...
 -> Progress: 20 done!
 -> Progress: 40 done!
 -> Progress: 60 done!
 -> Progress: 80 done!
 -> Progress: 100 done!
Testing...
 -> Progress: 20 done!
 -> Progress: 40 done!
 -> Progress: 60 done!
 -> Progress: 80 done!
 -> Progress: 100 done!
Testing...
 -> Progress: 20 done!
 -> Progress: 40 done!
 -> Progress: 60 done!
 -> Progress: 80 done!
 -> Progress: 100 done!

Keys:  ['time', 'acc1', 'acc5', 'ce_loss']
Training:  [0.0699090982032249, 0.0, 0.0, 0.020611115690806637]
Testing on Task A:  [0.004640805721282959, 70.3625, 90.9, 185.74062995910646]
Testing on Task B:  [0.014592432975769043, 77.6, 96.9, 120.16892051696777]
Testing on Task C:  [0.014574456214904784, 81.3, 98.4, 97.16375579833985]
Best Acc:  70.525

Epoch: [73 | 90] LR: 0.000100
Training...
 -> Progress: 20 done!
 -> Progress: 40 done!
 -> Progress: 60 done!
 -> Progress: 80 done!
 -> Progress: 100 done!
Testing...
 -> Progress: 20 done!
 -> Progress: 40 done!
 -> Progress: 60 done!
 -> Progress: 80 done!
 -> Progress: 100 done!
Testing...
 -> Progress: 20 done!
 -> Progress: 40 done!
 -> Progress: 60 done!
 -> Progress: 80 done!
 -> Progress: 100 done!
Testing...
 -> Progress: 20 done!
 -> Progress: 40 done!
 -> Progress: 60 done!
 -> Progress: 80 done!
 -> Progress: 100 done!

Keys:  ['time', 'acc1', 'acc5', 'ce_loss']
Training:  [0.07043593374969405, 0.0, 0.0, 0.020670908850991664]
Testing on Task A:  [0.004665303230285645, 70.4, 90.7875, 185.5916955947876]
Testing on Task B:  [0.014543390274047852, 77.6, 96.9, 120.60530815124511]
Testing on Task C:  [0.014571166038513184, 81.3, 98.4, 97.05462036132812]
Best Acc:  70.525

Epoch: [74 | 90] LR: 0.000100
Training...
 -> Progress: 20 done!
 -> Progress: 40 done!
 -> Progress: 60 done!
 -> Progress: 80 done!
 -> Progress: 100 done!
Testing...
 -> Progress: 20 done!
 -> Progress: 40 done!
 -> Progress: 60 done!
 -> Progress: 80 done!
 -> Progress: 100 done!
Testing...
 -> Progress: 20 done!
 -> Progress: 40 done!
 -> Progress: 60 done!
 -> Progress: 80 done!
 -> Progress: 100 done!
Testing...
 -> Progress: 20 done!
 -> Progress: 40 done!
 -> Progress: 60 done!
 -> Progress: 80 done!
 -> Progress: 100 done!

Keys:  ['time', 'acc1', 'acc5', 'ce_loss']
Training:  [0.07009326222607547, 0.0, 0.0, 0.020800179859046895]
Testing on Task A:  [0.004761511087417602, 70.35, 90.825, 185.70734004974366]
Testing on Task B:  [0.014693164825439453, 77.6, 97.0, 120.32565765380859]
Testing on Task C:  [0.014776134490966797, 81.4, 98.4, 97.06988105773925]
Best Acc:  70.525

Epoch: [75 | 90] LR: 0.000100
Training...
 -> Progress: 20 done!
 -> Progress: 40 done!
 -> Progress: 60 done!
 -> Progress: 80 done!
 -> Progress: 100 done!
Testing...
 -> Progress: 20 done!
 -> Progress: 40 done!
 -> Progress: 60 done!
 -> Progress: 80 done!
 -> Progress: 100 done!
Testing...
 -> Progress: 20 done!
 -> Progress: 40 done!
 -> Progress: 60 done!
 -> Progress: 80 done!
 -> Progress: 100 done!
Testing...
 -> Progress: 20 done!
 -> Progress: 40 done!
 -> Progress: 60 done!
 -> Progress: 80 done!
 -> Progress: 100 done!

Keys:  ['time', 'acc1', 'acc5', 'ce_loss']
Training:  [0.06985173079058947, 0.0, 0.0, 0.02050032650294435]
Testing on Task A:  [0.004678773880004883, 70.425, 90.8375, 185.74501428604125]
Testing on Task B:  [0.01477487087249756, 77.5, 96.9, 120.45097885131835]
Testing on Task C:  [0.014783763885498047, 81.2, 98.3, 97.09001159667969]
Best Acc:  70.525

Epoch: [76 | 90] LR: 0.000100
Training...
 -> Progress: 20 done!
 -> Progress: 40 done!
 -> Progress: 60 done!
 -> Progress: 80 done!
 -> Progress: 100 done!
Testing...
 -> Progress: 20 done!
 -> Progress: 40 done!
 -> Progress: 60 done!
 -> Progress: 80 done!
 -> Progress: 100 done!
Testing...
 -> Progress: 20 done!
 -> Progress: 40 done!
 -> Progress: 60 done!
 -> Progress: 80 done!
 -> Progress: 100 done!
Testing...
 -> Progress: 20 done!
 -> Progress: 40 done!
 -> Progress: 60 done!
 -> Progress: 80 done!
 -> Progress: 100 done!

Keys:  ['time', 'acc1', 'acc5', 'ce_loss']
Training:  [0.06988817956441504, 0.0, 0.0, 0.020400084243120287]
Testing on Task A:  [0.0046180874109268185, 70.4, 90.8875, 186.06339015960694]
Testing on Task B:  [0.014735031127929687, 77.8, 96.9, 120.25727272033691]
Testing on Task C:  [0.014776039123535156, 81.4, 98.4, 97.22867164611816]
Best Acc:  70.525

Epoch: [77 | 90] LR: 0.000100
Training...
 -> Progress: 20 done!
 -> Progress: 40 done!
 -> Progress: 60 done!
 -> Progress: 80 done!
 -> Progress: 100 done!
Testing...
 -> Progress: 20 done!
 -> Progress: 40 done!
 -> Progress: 60 done!
 -> Progress: 80 done!
 -> Progress: 100 done!
Testing...
 -> Progress: 20 done!
 -> Progress: 40 done!
 -> Progress: 60 done!
 -> Progress: 80 done!
 -> Progress: 100 done!
Testing...
 -> Progress: 20 done!
 -> Progress: 40 done!
 -> Progress: 60 done!
 -> Progress: 80 done!
 -> Progress: 100 done!

Keys:  ['time', 'acc1', 'acc5', 'ce_loss']
Training:  [0.06985244848539153, 0.0, 0.0, 0.02080290281282895]
Testing on Task A:  [0.00467182993888855, 70.35, 90.825, 185.64284086227417]
Testing on Task B:  [0.01464982032775879, 77.5, 97.0, 120.20964393615722]
Testing on Task C:  [0.014763355255126953, 81.3, 98.4, 97.11433067321778]
Best Acc:  70.525

Epoch: [78 | 90] LR: 0.000100
Training...
 -> Progress: 20 done!
 -> Progress: 40 done!
 -> Progress: 60 done!
 -> Progress: 80 done!
 -> Progress: 100 done!
Testing...
 -> Progress: 20 done!
 -> Progress: 40 done!
 -> Progress: 60 done!
 -> Progress: 80 done!
 -> Progress: 100 done!
Testing...
 -> Progress: 20 done!
 -> Progress: 40 done!
 -> Progress: 60 done!
 -> Progress: 80 done!
 -> Progress: 100 done!
Testing...
 -> Progress: 20 done!
 -> Progress: 40 done!
 -> Progress: 60 done!
 -> Progress: 80 done!
 -> Progress: 100 done!

Keys:  ['time', 'acc1', 'acc5', 'ce_loss']
Training:  [0.07016007430718073, 0.0, 0.0, 0.020927702102934004]
Testing on Task A:  [0.004620775580406189, 70.4375, 90.825, 185.68638820648192]
Testing on Task B:  [0.014599370956420898, 77.6, 97.0, 120.20930824279785]
Testing on Task C:  [0.014586210250854492, 81.5, 98.4, 96.96775894165039]
Best Acc:  70.525

Epoch: [79 | 90] LR: 0.000100
Training...
 -> Progress: 20 done!
 -> Progress: 40 done!
 -> Progress: 60 done!
 -> Progress: 80 done!
 -> Progress: 100 done!
Testing...
 -> Progress: 20 done!
 -> Progress: 40 done!
 -> Progress: 60 done!
 -> Progress: 80 done!
 -> Progress: 100 done!
Testing...
 -> Progress: 20 done!
 -> Progress: 40 done!
 -> Progress: 60 done!
 -> Progress: 80 done!
 -> Progress: 100 done!
Testing...
 -> Progress: 20 done!
 -> Progress: 40 done!
 -> Progress: 60 done!
 -> Progress: 80 done!
 -> Progress: 100 done!

Keys:  ['time', 'acc1', 'acc5', 'ce_loss']
Training:  [0.07007837051625752, 0.0, 0.0, 0.020710896128964852]
Testing on Task A:  [0.004684564471244812, 70.4125, 90.85, 185.93158140182496]
Testing on Task B:  [0.014694929122924805, 77.7, 97.0, 120.00371170043945]
Testing on Task C:  [0.014682960510253907, 81.5, 98.4, 97.3897918701172]
Best Acc:  70.525

Epoch: [80 | 90] LR: 0.000100
Training...
 -> Progress: 20 done!
 -> Progress: 40 done!
 -> Progress: 60 done!
 -> Progress: 80 done!
 -> Progress: 100 done!
Testing...
 -> Progress: 20 done!
 -> Progress: 40 done!
 -> Progress: 60 done!
 -> Progress: 80 done!
 -> Progress: 100 done!
Testing...
 -> Progress: 20 done!
 -> Progress: 40 done!
 -> Progress: 60 done!
 -> Progress: 80 done!
 -> Progress: 100 done!
Testing...
 -> Progress: 20 done!
 -> Progress: 40 done!
 -> Progress: 60 done!
 -> Progress: 80 done!
 -> Progress: 100 done!

Keys:  ['time', 'acc1', 'acc5', 'ce_loss']
Training:  [0.07005189812701682, 0.0, 0.0, 0.020415622195529053]
Testing on Task A:  [0.0047076702117919925, 70.4, 90.8375, 186.40552911758422]
Testing on Task B:  [0.014249968528747558, 77.5, 96.9, 120.15804977416992]
Testing on Task C:  [0.014717793464660645, 81.5, 98.4, 97.64226341247559]
Best Acc:  70.525

Epoch: [81 | 90] LR: 0.000100
Training...
 -> Progress: 20 done!
 -> Progress: 40 done!
 -> Progress: 60 done!
 -> Progress: 80 done!
 -> Progress: 100 done!
Testing...
 -> Progress: 20 done!
 -> Progress: 40 done!
 -> Progress: 60 done!
 -> Progress: 80 done!
 -> Progress: 100 done!
Testing...
 -> Progress: 20 done!
 -> Progress: 40 done!
 -> Progress: 60 done!
 -> Progress: 80 done!
 -> Progress: 100 done!
Testing...
 -> Progress: 20 done!
 -> Progress: 40 done!
 -> Progress: 60 done!
 -> Progress: 80 done!
 -> Progress: 100 done!

Keys:  ['time', 'acc1', 'acc5', 'ce_loss']
Training:  [0.06988840822673514, 0.0, 0.0, 0.020442329111325618]
Testing on Task A:  [0.004676541686058045, 70.425, 90.825, 185.89075298309325]
Testing on Task B:  [0.014686918258666993, 77.7, 96.9, 120.00190353393555]
Testing on Task C:  [0.014896297454833984, 81.4, 98.4, 97.54423675537109]
Best Acc:  70.525

Epoch: [82 | 90] LR: 0.000100
Training...
 -> Progress: 20 done!
 -> Progress: 40 done!
 -> Progress: 60 done!
 -> Progress: 80 done!
 -> Progress: 100 done!
Testing...
 -> Progress: 20 done!
 -> Progress: 40 done!
 -> Progress: 60 done!
 -> Progress: 80 done!
 -> Progress: 100 done!
Testing...
 -> Progress: 20 done!
 -> Progress: 40 done!
 -> Progress: 60 done!
 -> Progress: 80 done!
 -> Progress: 100 done!
Testing...
 -> Progress: 20 done!
 -> Progress: 40 done!
 -> Progress: 60 done!
 -> Progress: 80 done!
 -> Progress: 100 done!

Keys:  ['time', 'acc1', 'acc5', 'ce_loss']
Training:  [0.07007568083760683, 0.0, 0.0, 0.020501029156053157]
Testing on Task A:  [0.004625266790390015, 70.375, 90.8625, 185.93739528656005]
Testing on Task B:  [0.014710116386413574, 77.3, 96.9, 119.79757118225098]
Testing on Task C:  [0.01477816104888916, 81.8, 98.4, 97.53804931640624]
Best Acc:  70.525

Epoch: [83 | 90] LR: 0.000100
Training...
 -> Progress: 20 done!
 -> Progress: 40 done!
 -> Progress: 60 done!
 -> Progress: 80 done!
 -> Progress: 100 done!
Testing...
 -> Progress: 20 done!
 -> Progress: 40 done!
 -> Progress: 60 done!
 -> Progress: 80 done!
 -> Progress: 100 done!
Testing...
 -> Progress: 20 done!
 -> Progress: 40 done!
 -> Progress: 60 done!
 -> Progress: 80 done!
 -> Progress: 100 done!
Testing...
 -> Progress: 20 done!
 -> Progress: 40 done!
 -> Progress: 60 done!
 -> Progress: 80 done!
 -> Progress: 100 done!

Keys:  ['time', 'acc1', 'acc5', 'ce_loss']
Training:  [0.07000372415918218, 0.0, 0.0, 0.020539074307283783]
Testing on Task A:  [0.004547980427742004, 70.4375, 90.8, 185.93640584945678]
Testing on Task B:  [0.01450674533843994, 77.7, 97.0, 119.8972770690918]
Testing on Task C:  [0.015105032920837402, 81.7, 98.3, 97.56983642578125]
Best Acc:  70.525

Epoch: [84 | 90] LR: 0.000100
Training...
 -> Progress: 20 done!
 -> Progress: 40 done!
 -> Progress: 60 done!
 -> Progress: 80 done!
 -> Progress: 100 done!
Testing...
 -> Progress: 20 done!
 -> Progress: 40 done!
 -> Progress: 60 done!
 -> Progress: 80 done!
 -> Progress: 100 done!
Testing...
 -> Progress: 20 done!
 -> Progress: 40 done!
 -> Progress: 60 done!
 -> Progress: 80 done!
 -> Progress: 100 done!
Testing...
 -> Progress: 20 done!
 -> Progress: 40 done!
 -> Progress: 60 done!
 -> Progress: 80 done!
 -> Progress: 100 done!

Keys:  ['time', 'acc1', 'acc5', 'ce_loss']
Training:  [0.06984273369050087, 0.0, 0.0, 0.02067073492709633]
Testing on Task A:  [0.00465025007724762, 70.3875, 90.8875, 186.01348495483398]
Testing on Task B:  [0.01427156925201416, 78.0, 97.0, 119.80063095092774]
Testing on Task C:  [0.014460039138793946, 81.5, 98.3, 97.76615104675292]
Best Acc:  70.525

Epoch: [85 | 90] LR: 0.000100
Training...
 -> Progress: 20 done!
 -> Progress: 40 done!
 -> Progress: 60 done!
 -> Progress: 80 done!
 -> Progress: 100 done!
Testing...
 -> Progress: 20 done!
 -> Progress: 40 done!
 -> Progress: 60 done!
 -> Progress: 80 done!
 -> Progress: 100 done!
Testing...
 -> Progress: 20 done!
 -> Progress: 40 done!
 -> Progress: 60 done!
 -> Progress: 80 done!
 -> Progress: 100 done!
Testing...
 -> Progress: 20 done!
 -> Progress: 40 done!
 -> Progress: 60 done!
 -> Progress: 80 done!
 -> Progress: 100 done!

Keys:  ['time', 'acc1', 'acc5', 'ce_loss']
Training:  [0.06982675964570106, 0.0, 0.0, 0.020847752261573396]
Testing on Task A:  [0.004590666294097901, 70.3125, 90.8, 185.75729684829713]
Testing on Task B:  [0.013660287857055664, 77.7, 97.0, 119.71791000366211]
Testing on Task C:  [0.015102434158325195, 81.5, 98.3, 97.70448455810546]
Best Acc:  70.525

Epoch: [86 | 90] LR: 0.000100
Training...
 -> Progress: 20 done!
 -> Progress: 40 done!
 -> Progress: 60 done!
 -> Progress: 80 done!
 -> Progress: 100 done!
Testing...
 -> Progress: 20 done!
 -> Progress: 40 done!
 -> Progress: 60 done!
 -> Progress: 80 done!
 -> Progress: 100 done!
Testing...
 -> Progress: 20 done!
 -> Progress: 40 done!
 -> Progress: 60 done!
 -> Progress: 80 done!
 -> Progress: 100 done!
Testing...
 -> Progress: 20 done!
 -> Progress: 40 done!
 -> Progress: 60 done!
 -> Progress: 80 done!
 -> Progress: 100 done!

Keys:  ['time', 'acc1', 'acc5', 'ce_loss']
Training:  [0.06984561483573426, 0.0, 0.0, 0.02070513937403174]
Testing on Task A:  [0.0046733558177947995, 70.375, 90.825, 185.91499128341675]
Testing on Task B:  [0.014686298370361329, 77.5, 97.0, 119.78170585632324]
Testing on Task C:  [0.014710783958435059, 81.4, 98.3, 97.57130546569825]
Best Acc:  70.525

Epoch: [87 | 90] LR: 0.000100
Training...
 -> Progress: 20 done!
 -> Progress: 40 done!
 -> Progress: 60 done!
 -> Progress: 80 done!
 -> Progress: 100 done!
Testing...
 -> Progress: 20 done!
 -> Progress: 40 done!
 -> Progress: 60 done!
 -> Progress: 80 done!
 -> Progress: 100 done!
Testing...
 -> Progress: 20 done!
 -> Progress: 40 done!
 -> Progress: 60 done!
 -> Progress: 80 done!
 -> Progress: 100 done!
Testing...
 -> Progress: 20 done!
 -> Progress: 40 done!
 -> Progress: 60 done!
 -> Progress: 80 done!
 -> Progress: 100 done!

Keys:  ['time', 'acc1', 'acc5', 'ce_loss']
Training:  [0.0698293157855568, 0.0, 0.0, 0.02085662408329337]
Testing on Task A:  [0.00464094877243042, 70.3875, 90.825, 185.80430269241333]
Testing on Task B:  [0.014698219299316407, 77.6, 97.1, 119.43080062866211]
Testing on Task C:  [0.014583826065063477, 81.5, 98.3, 97.64565696716309]
Best Acc:  70.525

Epoch: [88 | 90] LR: 0.000100
Training...
 -> Progress: 20 done!
 -> Progress: 40 done!
 -> Progress: 60 done!
 -> Progress: 80 done!
 -> Progress: 100 done!
Testing...
 -> Progress: 20 done!
 -> Progress: 40 done!
 -> Progress: 60 done!
 -> Progress: 80 done!
 -> Progress: 100 done!
Testing...
 -> Progress: 20 done!
 -> Progress: 40 done!
 -> Progress: 60 done!
 -> Progress: 80 done!
 -> Progress: 100 done!
Testing...
 -> Progress: 20 done!
 -> Progress: 40 done!
 -> Progress: 60 done!
 -> Progress: 80 done!
 -> Progress: 100 done!

Keys:  ['time', 'acc1', 'acc5', 'ce_loss']
Training:  [0.06971853163541125, 0.0, 0.0, 0.02018952522369678]
Testing on Task A:  [0.004653733968734741, 70.35, 90.8625, 185.92002515792848]
Testing on Task B:  [0.015193367004394531, 77.5, 97.1, 119.44238624572753]
Testing on Task C:  [0.015000700950622559, 81.4, 98.4, 97.62130165100098]
Best Acc:  70.525

Epoch: [89 | 90] LR: 0.000100
Training...
 -> Progress: 20 done!
 -> Progress: 40 done!
 -> Progress: 60 done!
 -> Progress: 80 done!
 -> Progress: 100 done!
Testing...
 -> Progress: 20 done!
 -> Progress: 40 done!
 -> Progress: 60 done!
 -> Progress: 80 done!
 -> Progress: 100 done!
Testing...
 -> Progress: 20 done!
 -> Progress: 40 done!
 -> Progress: 60 done!
 -> Progress: 80 done!
 -> Progress: 100 done!
Testing...
 -> Progress: 20 done!
 -> Progress: 40 done!
 -> Progress: 60 done!
 -> Progress: 80 done!
 -> Progress: 100 done!

Keys:  ['time', 'acc1', 'acc5', 'ce_loss']
Training:  [0.07003403197773887, 0.0, 0.0, 0.02065319050808468]
Testing on Task A:  [0.004635709524154663, 70.3125, 90.8875, 186.04104900360107]
Testing on Task B:  [0.014706850051879883, 77.6, 97.1, 119.41199111938477]
Testing on Task C:  [0.014817094802856446, 81.2, 98.3, 97.79850730895996]
Best Acc:  70.525

Epoch: [90 | 90] LR: 0.000100
Training...
 -> Progress: 20 done!
 -> Progress: 40 done!
 -> Progress: 60 done!
 -> Progress: 80 done!
 -> Progress: 100 done!
Testing...
 -> Progress: 20 done!
 -> Progress: 40 done!
 -> Progress: 60 done!
 -> Progress: 80 done!
 -> Progress: 100 done!
Testing...
 -> Progress: 20 done!
 -> Progress: 40 done!
 -> Progress: 60 done!
 -> Progress: 80 done!
 -> Progress: 100 done!
Testing...
 -> Progress: 20 done!
 -> Progress: 40 done!
 -> Progress: 60 done!
 -> Progress: 80 done!
 -> Progress: 100 done!

Keys:  ['time', 'acc1', 'acc5', 'ce_loss']
Training:  [0.069744113766019, 0.0, 0.0, 0.02048315162606099]
Testing on Task A:  [0.004704377055168152, 70.3, 90.825, 185.96082916259766]
Testing on Task B:  [0.014734792709350585, 77.7, 97.0, 119.5612663269043]
Testing on Task C:  [0.01379566192626953, 81.6, 98.3, 97.8162799835205]
Best Acc:  70.525

real	50m48.159s
user	59m6.162s
sys	8m58.807s

Ending script...
Tue Mar  1 09:24:13 EST 2022
