Mon Feb 28 21:04:17 EST 2022
Slurm nodes: evc11
You were assigned 1 gpu(s)
Please run `conda env list` to see a list of all available environments. Use
`source activate <env>` to activate the environment '<env>'. 

Currently Loaded Modules:
  1) anaconda/anaconda3

 

	[4mGPU0	mlx5_0	CPU Affinity	NUMA Affinity[0m
GPU0	 X 	SYS	0,2,4,6	0-1
mlx5_0	SYS	 X 		

Legend:

  X    = Self
  SYS  = Connection traversing PCIe as well as the SMP interconnect between NUMA nodes (e.g., QPI/UPI)
  NODE = Connection traversing PCIe as well as the interconnect between PCIe Host Bridges within a NUMA node
  PHB  = Connection traversing PCIe as well as a PCIe Host Bridge (typically the CPU)
  PXB  = Connection traversing multiple PCIe bridges (without traversing the PCIe Host Bridge)
  PIX  = Connection traversing at most a single PCIe bridge
  NV#  = Connection traversing a bonded set of # NVLinks

1.1.0

Namespace(arch='vgg16', checkpoint='checkpoint', data_avail=10, dataset='cifar100', epochs=90, gamma=0.1, jobid='126802', logs='logs', lr=0.01, manualSeed=2668, momentum=0.9, mse_weight=0.1, schedule=[30, 60], task_set='vehicles10-large_animals10-reset80', test_batch=100, train_batch=128, weight_decay=0.0005, workers=4)
==> Preparing dataset cifar100
Files already downloaded and verified
Testing...
 -> Progress: 20 done!
 -> Progress: 40 done!
 -> Progress: 60 done!
 -> Progress: 80 done!
 -> Progress: 100 done!

Test loss: 2.2105 
Val accuracy: 70.25%
==> Preparing dataset cifar100
Files already downloaded and verified
Testing...
 -> Progress: 20 done!
 -> Progress: 40 done!
 -> Progress: 60 done!
 -> Progress: 80 done!
 -> Progress: 100 done!

Test loss: 3.5464 
Val accuracy: 49.90%
==> Preparing dataset cifar100
Files already downloaded and verified
Testing...
 -> Progress: 20 done!
 -> Progress: 40 done!
 -> Progress: 60 done!
 -> Progress: 80 done!
 -> Progress: 100 done!

Test loss: 8.7389 
Val accuracy: 41.00%
==> Preparing dataset cifar100
Files already downloaded and verified
==> Preparing dataset cifar100
Files already downloaded and verified
==> Preparing dataset cifar100
Files already downloaded and verified
==> Preparing dataset cifar100
Files already downloaded and verified
    Total params: 14.77M

Epoch: [1 | 90] LR: 0.010000
Training...
 -> Progress: 20 done!
 -> Progress: 40 done!
 -> Progress: 60 done!
 -> Progress: 80 done!
 -> Progress: 100 done!
Testing...
 -> Progress: 20 done!
 -> Progress: 40 done!
 -> Progress: 60 done!
 -> Progress: 80 done!
 -> Progress: 100 done!
Testing...
 -> Progress: 20 done!
 -> Progress: 40 done!
 -> Progress: 60 done!
 -> Progress: 80 done!
 -> Progress: 100 done!
Testing...
 -> Progress: 20 done!
 -> Progress: 40 done!
 -> Progress: 60 done!
 -> Progress: 80 done!
 -> Progress: 100 done!

Keys:  ['time', 'acc1', 'acc5', 'ce_loss']
Training:  [0.08410184979438781, 0.0, 0.0, 24.070784616470338]
Testing on Task A:  [0.006285521388053894, 1.25, 6.25, 438.2653217315674]
Testing on Task B:  [0.022859597206115724, 10.0, 50.0, 232.48055114746094]
Testing on Task C:  [0.02405102252960205, 10.0, 50.0, 233.3653564453125]
Best Acc:  1.25

Epoch: [2 | 90] LR: 0.010000
Training...
 -> Progress: 20 done!
 -> Progress: 40 done!
 -> Progress: 60 done!
 -> Progress: 80 done!
 -> Progress: 100 done!
Testing...
 -> Progress: 20 done!
 -> Progress: 40 done!
 -> Progress: 60 done!
 -> Progress: 80 done!
 -> Progress: 100 done!
Testing...
 -> Progress: 20 done!
 -> Progress: 40 done!
 -> Progress: 60 done!
 -> Progress: 80 done!
 -> Progress: 100 done!
Testing...
 -> Progress: 20 done!
 -> Progress: 40 done!
 -> Progress: 60 done!
 -> Progress: 80 done!
 -> Progress: 100 done!

Keys:  ['time', 'acc1', 'acc5', 'ce_loss']
Training:  [0.08430031538009644, 0.0, 0.0, 23.339077281951905]
Testing on Task A:  [0.0065365791320800785, 1.25, 6.25, 438.2646308898926]
Testing on Task B:  [0.022933816909790038, 10.0, 50.0, 232.19627227783204]
Testing on Task C:  [0.023761487007141112, 10.0, 50.0, 237.90089263916016]
Best Acc:  1.25

Epoch: [3 | 90] LR: 0.010000
Training...
 -> Progress: 20 done!
 -> Progress: 40 done!
 -> Progress: 60 done!
 -> Progress: 80 done!
 -> Progress: 100 done!
Testing...
 -> Progress: 20 done!
 -> Progress: 40 done!
 -> Progress: 60 done!
 -> Progress: 80 done!
 -> Progress: 100 done!
Testing...
 -> Progress: 20 done!
 -> Progress: 40 done!
 -> Progress: 60 done!
 -> Progress: 80 done!
 -> Progress: 100 done!
Testing...
 -> Progress: 20 done!
 -> Progress: 40 done!
 -> Progress: 60 done!
 -> Progress: 80 done!
 -> Progress: 100 done!

Keys:  ['time', 'acc1', 'acc5', 'ce_loss']
Training:  [0.08432290554046631, 0.0, 0.0, 23.32465806007385]
Testing on Task A:  [0.006199687719345093, 1.25, 6.25, 438.2669342041016]
Testing on Task B:  [0.02408621311187744, 10.0, 50.0, 233.63422393798828]
Testing on Task C:  [0.02435758113861084, 10.0, 50.0, 248.89537353515624]
Best Acc:  1.25

Epoch: [4 | 90] LR: 0.010000
Training...
 -> Progress: 20 done!
 -> Progress: 40 done!
 -> Progress: 60 done!
 -> Progress: 80 done!
 -> Progress: 100 done!
Testing...
 -> Progress: 20 done!
 -> Progress: 40 done!
 -> Progress: 60 done!
 -> Progress: 80 done!
 -> Progress: 100 done!
Testing...
 -> Progress: 20 done!
 -> Progress: 40 done!
 -> Progress: 60 done!
 -> Progress: 80 done!
 -> Progress: 100 done!
Testing...
 -> Progress: 20 done!
 -> Progress: 40 done!
 -> Progress: 60 done!
 -> Progress: 80 done!
 -> Progress: 100 done!

Keys:  ['time', 'acc1', 'acc5', 'ce_loss']
Training:  [0.08441613912582398, 0.0, 0.0, 23.14638671875]
Testing on Task A:  [0.006410437822341919, 1.25, 6.25, 438.27028999328616]
Testing on Task B:  [0.023882222175598145, 10.0, 50.0, 236.15486755371094]
Testing on Task C:  [0.02361164093017578, 10.0, 50.0, 262.89759826660156]
Best Acc:  1.25

Epoch: [5 | 90] LR: 0.010000
Training...
 -> Progress: 20 done!
 -> Progress: 40 done!
 -> Progress: 60 done!
 -> Progress: 80 done!
 -> Progress: 100 done!
Testing...
 -> Progress: 20 done!
 -> Progress: 40 done!
 -> Progress: 60 done!
 -> Progress: 80 done!
 -> Progress: 100 done!
Testing...
 -> Progress: 20 done!
 -> Progress: 40 done!
 -> Progress: 60 done!
 -> Progress: 80 done!
 -> Progress: 100 done!
Testing...
 -> Progress: 20 done!
 -> Progress: 40 done!
 -> Progress: 60 done!
 -> Progress: 80 done!
 -> Progress: 100 done!

Keys:  ['time', 'acc1', 'acc5', 'ce_loss']
Training:  [0.08383017182350158, 0.0, 0.0, 22.72206747531891]
Testing on Task A:  [0.006438508629798889, 1.25, 6.25, 438.2767551422119]
Testing on Task B:  [0.0237562894821167, 10.0, 50.0, 239.43213806152343]
Testing on Task C:  [0.024158930778503417, 10.0, 50.0, 278.12306518554686]
Best Acc:  1.25

Epoch: [6 | 90] LR: 0.010000
Training...
 -> Progress: 20 done!
 -> Progress: 40 done!
 -> Progress: 60 done!
 -> Progress: 80 done!
 -> Progress: 100 done!
Testing...
 -> Progress: 20 done!
 -> Progress: 40 done!
 -> Progress: 60 done!
 -> Progress: 80 done!
 -> Progress: 100 done!
Testing...
 -> Progress: 20 done!
 -> Progress: 40 done!
 -> Progress: 60 done!
 -> Progress: 80 done!
 -> Progress: 100 done!
Testing...
 -> Progress: 20 done!
 -> Progress: 40 done!
 -> Progress: 60 done!
 -> Progress: 80 done!
 -> Progress: 100 done!

Keys:  ['time', 'acc1', 'acc5', 'ce_loss']
Training:  [0.08454251885414124, 0.0, 0.0, 22.838898611068725]
Testing on Task A:  [0.0063775390386581424, 1.25, 6.25, 438.2865074157715]
Testing on Task B:  [0.02431929111480713, 10.0, 50.0, 242.92382354736327]
Testing on Task C:  [0.02416813373565674, 10.0, 50.0, 292.7573760986328]
Best Acc:  1.25

Epoch: [7 | 90] LR: 0.010000
Training...
 -> Progress: 20 done!
 -> Progress: 40 done!
 -> Progress: 60 done!
 -> Progress: 80 done!
 -> Progress: 100 done!
Testing...
 -> Progress: 20 done!
 -> Progress: 40 done!
 -> Progress: 60 done!
 -> Progress: 80 done!
 -> Progress: 100 done!
Testing...
 -> Progress: 20 done!
 -> Progress: 40 done!
 -> Progress: 60 done!
 -> Progress: 80 done!
 -> Progress: 100 done!
Testing...
 -> Progress: 20 done!
 -> Progress: 40 done!
 -> Progress: 60 done!
 -> Progress: 80 done!
 -> Progress: 100 done!

Keys:  ['time', 'acc1', 'acc5', 'ce_loss']
Training:  [0.08450859189033508, 0.0, 0.0, 22.818830060958863]
Testing on Task A:  [0.00632476806640625, 1.25, 6.25, 438.29186668395994]
Testing on Task B:  [0.02267453670501709, 10.0, 50.0, 246.39908905029296]
Testing on Task C:  [0.0237044095993042, 10.0, 50.0, 307.53676452636716]
Best Acc:  1.25

Epoch: [8 | 90] LR: 0.010000
Training...
 -> Progress: 20 done!
 -> Progress: 40 done!
 -> Progress: 60 done!
 -> Progress: 80 done!
 -> Progress: 100 done!
Testing...
 -> Progress: 20 done!
 -> Progress: 40 done!
 -> Progress: 60 done!
 -> Progress: 80 done!
 -> Progress: 100 done!
Testing...
 -> Progress: 20 done!
 -> Progress: 40 done!
 -> Progress: 60 done!
 -> Progress: 80 done!
 -> Progress: 100 done!
Testing...
 -> Progress: 20 done!
 -> Progress: 40 done!
 -> Progress: 60 done!
 -> Progress: 80 done!
 -> Progress: 100 done!

Keys:  ['time', 'acc1', 'acc5', 'ce_loss']
Training:  [0.084284108877182, 0.0, 0.0, 22.635041904449462]
Testing on Task A:  [0.006229907274246216, 1.25, 6.25, 438.3000034332275]
Testing on Task B:  [0.023982715606689454, 10.0, 50.0, 250.01890716552734]
Testing on Task C:  [0.024279046058654784, 10.0, 50.0, 321.78700561523436]
Best Acc:  1.25

Epoch: [9 | 90] LR: 0.010000
Training...
 -> Progress: 20 done!
 -> Progress: 40 done!
 -> Progress: 60 done!
 -> Progress: 80 done!
 -> Progress: 100 done!
Testing...
 -> Progress: 20 done!
 -> Progress: 40 done!
 -> Progress: 60 done!
 -> Progress: 80 done!
 -> Progress: 100 done!
Testing...
 -> Progress: 20 done!
 -> Progress: 40 done!
 -> Progress: 60 done!
 -> Progress: 80 done!
 -> Progress: 100 done!
Testing...
 -> Progress: 20 done!
 -> Progress: 40 done!
 -> Progress: 60 done!
 -> Progress: 80 done!
 -> Progress: 100 done!

Keys:  ['time', 'acc1', 'acc5', 'ce_loss']
Training:  [0.0842644989490509, 0.0, 0.0, 22.382125091552734]
Testing on Task A:  [0.006238272786140442, 1.25, 6.25, 438.3098964691162]
Testing on Task B:  [0.02357330322265625, 10.0, 50.0, 253.5093032836914]
Testing on Task C:  [0.02403266429901123, 10.0, 50.0, 334.3988037109375]
Best Acc:  1.25

Epoch: [10 | 90] LR: 0.010000
Training...
 -> Progress: 20 done!
 -> Progress: 40 done!
 -> Progress: 60 done!
 -> Progress: 80 done!
 -> Progress: 100 done!
Testing...
 -> Progress: 20 done!
 -> Progress: 40 done!
 -> Progress: 60 done!
 -> Progress: 80 done!
 -> Progress: 100 done!
Testing...
 -> Progress: 20 done!
 -> Progress: 40 done!
 -> Progress: 60 done!
 -> Progress: 80 done!
 -> Progress: 100 done!
Testing...
 -> Progress: 20 done!
 -> Progress: 40 done!
 -> Progress: 60 done!
 -> Progress: 80 done!
 -> Progress: 100 done!

Keys:  ['time', 'acc1', 'acc5', 'ce_loss']
Training:  [0.08406831622123719, 0.0, 0.0, 22.216353368759155]
Testing on Task A:  [0.006291440129280091, 1.25, 6.25, 438.3230228424072]
Testing on Task B:  [0.023202943801879882, 10.0, 50.0, 256.64994659423826]
Testing on Task C:  [0.024042510986328126, 10.0, 50.0, 346.7131103515625]
Best Acc:  1.25

Epoch: [11 | 90] LR: 0.010000
Training...
 -> Progress: 20 done!
 -> Progress: 40 done!
 -> Progress: 60 done!
 -> Progress: 80 done!
 -> Progress: 100 done!
Testing...
 -> Progress: 20 done!
 -> Progress: 40 done!
 -> Progress: 60 done!
 -> Progress: 80 done!
 -> Progress: 100 done!
Testing...
 -> Progress: 20 done!
 -> Progress: 40 done!
 -> Progress: 60 done!
 -> Progress: 80 done!
 -> Progress: 100 done!
Testing...
 -> Progress: 20 done!
 -> Progress: 40 done!
 -> Progress: 60 done!
 -> Progress: 80 done!
 -> Progress: 100 done!

Keys:  ['time', 'acc1', 'acc5', 'ce_loss']
Training:  [0.08435396552085876, 0.0, 0.0, 22.35659098625183]
Testing on Task A:  [0.006383964419364929, 1.25, 6.25, 438.3401180267334]
Testing on Task B:  [0.024623179435729982, 10.0, 50.0, 259.7927993774414]
Testing on Task C:  [0.023340058326721192, 10.0, 50.0, 357.38661193847656]
Best Acc:  1.25

Epoch: [12 | 90] LR: 0.010000
Training...
 -> Progress: 20 done!
 -> Progress: 40 done!
 -> Progress: 60 done!
 -> Progress: 80 done!
 -> Progress: 100 done!
Testing...
 -> Progress: 20 done!
 -> Progress: 40 done!
 -> Progress: 60 done!
 -> Progress: 80 done!
 -> Progress: 100 done!
Testing...
 -> Progress: 20 done!
 -> Progress: 40 done!
 -> Progress: 60 done!
 -> Progress: 80 done!
 -> Progress: 100 done!
Testing...
 -> Progress: 20 done!
 -> Progress: 40 done!
 -> Progress: 60 done!
 -> Progress: 80 done!
 -> Progress: 100 done!

Keys:  ['time', 'acc1', 'acc5', 'ce_loss']
Training:  [0.08392753601074218, 0.0, 0.0, 22.2739887714386]
Testing on Task A:  [0.006494069099426269, 1.25, 6.25, 438.3539619445801]
Testing on Task B:  [0.02370307445526123, 10.0, 50.0, 263.0563003540039]
Testing on Task C:  [0.023829078674316405, 10.0, 50.0, 368.2926483154297]
Best Acc:  1.25

Epoch: [13 | 90] LR: 0.010000
Training...
 -> Progress: 20 done!
 -> Progress: 40 done!
 -> Progress: 60 done!
 -> Progress: 80 done!
 -> Progress: 100 done!
Testing...
 -> Progress: 20 done!
 -> Progress: 40 done!
 -> Progress: 60 done!
 -> Progress: 80 done!
 -> Progress: 100 done!
Testing...
 -> Progress: 20 done!
 -> Progress: 40 done!
 -> Progress: 60 done!
 -> Progress: 80 done!
 -> Progress: 100 done!
Testing...
 -> Progress: 20 done!
 -> Progress: 40 done!
 -> Progress: 60 done!
 -> Progress: 80 done!
 -> Progress: 100 done!

Keys:  ['time', 'acc1', 'acc5', 'ce_loss']
Training:  [0.08402217030525208, 0.0, 0.0, 22.722642421722412]
Testing on Task A:  [0.0065872430801391605, 1.25, 6.25, 438.3673377990723]
Testing on Task B:  [0.02468557357788086, 10.0, 50.0, 265.82183227539065]
Testing on Task C:  [0.024559545516967773, 10.0, 50.0, 378.2723449707031]
Best Acc:  1.25

Epoch: [14 | 90] LR: 0.010000
Training...
 -> Progress: 20 done!
 -> Progress: 40 done!
 -> Progress: 60 done!
 -> Progress: 80 done!
 -> Progress: 100 done!
Testing...
 -> Progress: 20 done!
 -> Progress: 40 done!
 -> Progress: 60 done!
 -> Progress: 80 done!
 -> Progress: 100 done!
Testing...
 -> Progress: 20 done!
 -> Progress: 40 done!
 -> Progress: 60 done!
 -> Progress: 80 done!
 -> Progress: 100 done!
Testing...
 -> Progress: 20 done!
 -> Progress: 40 done!
 -> Progress: 60 done!
 -> Progress: 80 done!
 -> Progress: 100 done!

Keys:  ['time', 'acc1', 'acc5', 'ce_loss']
Training:  [0.08487197160720825, 0.0, 0.0, 22.335904359817505]
Testing on Task A:  [0.006350183486938476, 1.25, 6.25, 438.38227996826174]
Testing on Task B:  [0.02434067726135254, 10.0, 50.0, 268.5061401367187]
Testing on Task C:  [0.02397787570953369, 10.0, 50.0, 387.61029052734375]
Best Acc:  1.25

Epoch: [15 | 90] LR: 0.010000
Training...
 -> Progress: 20 done!
 -> Progress: 40 done!
 -> Progress: 60 done!
 -> Progress: 80 done!
 -> Progress: 100 done!
Testing...
 -> Progress: 20 done!
 -> Progress: 40 done!
 -> Progress: 60 done!
 -> Progress: 80 done!
 -> Progress: 100 done!
Testing...
 -> Progress: 20 done!
 -> Progress: 40 done!
 -> Progress: 60 done!
 -> Progress: 80 done!
 -> Progress: 100 done!
Testing...
 -> Progress: 20 done!
 -> Progress: 40 done!
 -> Progress: 60 done!
 -> Progress: 80 done!
 -> Progress: 100 done!

Keys:  ['time', 'acc1', 'acc5', 'ce_loss']
Training:  [0.08457953929901123, 0.0, 0.0, 22.293367671966553]
Testing on Task A:  [0.006349679827690124, 1.25, 6.25, 438.3967098236084]
Testing on Task B:  [0.024483323097229004, 10.0, 50.0, 271.2012664794922]
Testing on Task C:  [0.023889374732971192, 10.0, 50.0, 396.18871154785154]
Best Acc:  1.25

Epoch: [16 | 90] LR: 0.010000
Training...
 -> Progress: 20 done!
 -> Progress: 40 done!
 -> Progress: 60 done!
 -> Progress: 80 done!
 -> Progress: 100 done!
Testing...
 -> Progress: 20 done!
 -> Progress: 40 done!
 -> Progress: 60 done!
 -> Progress: 80 done!
 -> Progress: 100 done!
Testing...
 -> Progress: 20 done!
 -> Progress: 40 done!
 -> Progress: 60 done!
 -> Progress: 80 done!
 -> Progress: 100 done!
Testing...
 -> Progress: 20 done!
 -> Progress: 40 done!
 -> Progress: 60 done!
 -> Progress: 80 done!
 -> Progress: 100 done!

Keys:  ['time', 'acc1', 'acc5', 'ce_loss']
Training:  [0.08417448997497559, 0.0, 0.0, 22.198301792144775]
Testing on Task A:  [0.0063815474510192875, 1.25, 6.25, 438.41051177978517]
Testing on Task B:  [0.02447853088378906, 10.0, 50.0, 272.9252655029297]
Testing on Task C:  [0.024701523780822753, 10.0, 50.0, 404.2960571289062]
Best Acc:  1.25

Epoch: [17 | 90] LR: 0.010000
Training...
 -> Progress: 20 done!
 -> Progress: 40 done!
 -> Progress: 60 done!
 -> Progress: 80 done!
 -> Progress: 100 done!
Testing...
 -> Progress: 20 done!
 -> Progress: 40 done!
 -> Progress: 60 done!
 -> Progress: 80 done!
 -> Progress: 100 done!
Testing...
 -> Progress: 20 done!
 -> Progress: 40 done!
 -> Progress: 60 done!
 -> Progress: 80 done!
 -> Progress: 100 done!
Testing...
 -> Progress: 20 done!
 -> Progress: 40 done!
 -> Progress: 60 done!
 -> Progress: 80 done!
 -> Progress: 100 done!

Keys:  ['time', 'acc1', 'acc5', 'ce_loss']
Training:  [0.0841533899307251, 0.0, 0.0, 22.254728746414184]
Testing on Task A:  [0.00659785270690918, 1.25, 6.25, 438.42760009765624]
Testing on Task B:  [0.02440643310546875, 10.0, 50.0, 275.16050415039064]
Testing on Task C:  [0.024365687370300294, 10.0, 50.0, 411.3411041259766]
Best Acc:  1.25

Epoch: [18 | 90] LR: 0.010000
Training...
 -> Progress: 20 done!
 -> Progress: 40 done!
 -> Progress: 60 done!
 -> Progress: 80 done!
 -> Progress: 100 done!
Testing...
 -> Progress: 20 done!
 -> Progress: 40 done!
 -> Progress: 60 done!
 -> Progress: 80 done!
 -> Progress: 100 done!
Testing...
 -> Progress: 20 done!
 -> Progress: 40 done!
 -> Progress: 60 done!
 -> Progress: 80 done!
 -> Progress: 100 done!
Testing...
 -> Progress: 20 done!
 -> Progress: 40 done!
 -> Progress: 60 done!
 -> Progress: 80 done!
 -> Progress: 100 done!

Keys:  ['time', 'acc1', 'acc5', 'ce_loss']
Training:  [0.08470098376274109, 0.0, 0.0, 22.14506587982178]
Testing on Task A:  [0.006125530600547791, 1.25, 6.25, 438.43948593139646]
Testing on Task B:  [0.02414524555206299, 10.0, 50.0, 276.69440002441405]
Testing on Task C:  [0.02345144748687744, 10.0, 50.0, 417.9829071044922]
Best Acc:  1.25

Epoch: [19 | 90] LR: 0.010000
Training...
 -> Progress: 20 done!
 -> Progress: 40 done!
 -> Progress: 60 done!
 -> Progress: 80 done!
 -> Progress: 100 done!
Testing...
 -> Progress: 20 done!
 -> Progress: 40 done!
 -> Progress: 60 done!
 -> Progress: 80 done!
 -> Progress: 100 done!
Testing...
 -> Progress: 20 done!
 -> Progress: 40 done!
 -> Progress: 60 done!
 -> Progress: 80 done!
 -> Progress: 100 done!
Testing...
 -> Progress: 20 done!
 -> Progress: 40 done!
 -> Progress: 60 done!
 -> Progress: 80 done!
 -> Progress: 100 done!

Keys:  ['time', 'acc1', 'acc5', 'ce_loss']
Training:  [0.08447886705398559, 0.0, 0.0, 22.07150754928589]
Testing on Task A:  [0.006323143839836121, 1.25, 6.25, 438.45509452819823]
Testing on Task B:  [0.021974349021911622, 10.0, 50.0, 278.5668060302734]
Testing on Task C:  [0.024325847625732422, 10.0, 50.0, 424.0744567871094]
Best Acc:  1.25

Epoch: [20 | 90] LR: 0.010000
Training...
 -> Progress: 20 done!
 -> Progress: 40 done!
 -> Progress: 60 done!
 -> Progress: 80 done!
 -> Progress: 100 done!
Testing...
 -> Progress: 20 done!
 -> Progress: 40 done!
 -> Progress: 60 done!
 -> Progress: 80 done!
 -> Progress: 100 done!
Testing...
 -> Progress: 20 done!
 -> Progress: 40 done!
 -> Progress: 60 done!
 -> Progress: 80 done!
 -> Progress: 100 done!
Testing...
 -> Progress: 20 done!
 -> Progress: 40 done!
 -> Progress: 60 done!
 -> Progress: 80 done!
 -> Progress: 100 done!

Keys:  ['time', 'acc1', 'acc5', 'ce_loss']
Training:  [0.08404634594917297, 0.0, 0.0, 21.787632417678832]
Testing on Task A:  [0.006328588724136353, 1.25, 6.25, 438.4699520111084]
Testing on Task B:  [0.02372322082519531, 10.0, 50.0, 280.2109619140625]
Testing on Task C:  [0.02394094467163086, 10.0, 50.0, 429.6057495117187]
Best Acc:  1.25

Epoch: [21 | 90] LR: 0.010000
Training...
 -> Progress: 20 done!
 -> Progress: 40 done!
 -> Progress: 60 done!
 -> Progress: 80 done!
 -> Progress: 100 done!
Testing...
 -> Progress: 20 done!
 -> Progress: 40 done!
 -> Progress: 60 done!
 -> Progress: 80 done!
 -> Progress: 100 done!
Testing...
 -> Progress: 20 done!
 -> Progress: 40 done!
 -> Progress: 60 done!
 -> Progress: 80 done!
 -> Progress: 100 done!
Testing...
 -> Progress: 20 done!
 -> Progress: 40 done!
 -> Progress: 60 done!
 -> Progress: 80 done!
 -> Progress: 100 done!

Keys:  ['time', 'acc1', 'acc5', 'ce_loss']
Training:  [0.08452943563461304, 0.0, 0.0, 21.982811784744264]
Testing on Task A:  [0.006309828162193299, 1.25, 6.25, 438.48713722229]
Testing on Task B:  [0.02375214099884033, 10.0, 50.0, 281.7194854736328]
Testing on Task C:  [0.02497572898864746, 10.0, 50.0, 434.4174499511719]
Best Acc:  1.25

Epoch: [22 | 90] LR: 0.010000
Training...
 -> Progress: 20 done!
 -> Progress: 40 done!
 -> Progress: 60 done!
 -> Progress: 80 done!
 -> Progress: 100 done!
Testing...
 -> Progress: 20 done!
 -> Progress: 40 done!
 -> Progress: 60 done!
 -> Progress: 80 done!
 -> Progress: 100 done!
Testing...
 -> Progress: 20 done!
 -> Progress: 40 done!
 -> Progress: 60 done!
 -> Progress: 80 done!
 -> Progress: 100 done!
Testing...
 -> Progress: 20 done!
 -> Progress: 40 done!
 -> Progress: 60 done!
 -> Progress: 80 done!
 -> Progress: 100 done!

Keys:  ['time', 'acc1', 'acc5', 'ce_loss']
Training:  [0.08518973588943482, 0.0, 0.0, 21.9281108379364]
Testing on Task A:  [0.006438988447189331, 1.25, 6.25, 438.50756340026857]
Testing on Task B:  [0.023627591133117676, 10.0, 50.0, 282.9410919189453]
Testing on Task C:  [0.0234269380569458, 10.0, 50.0, 439.7251403808594]
Best Acc:  1.25

Epoch: [23 | 90] LR: 0.010000
Training...
 -> Progress: 20 done!
 -> Progress: 40 done!
 -> Progress: 60 done!
 -> Progress: 80 done!
 -> Progress: 100 done!
Testing...
 -> Progress: 20 done!
 -> Progress: 40 done!
 -> Progress: 60 done!
 -> Progress: 80 done!
 -> Progress: 100 done!
Testing...
 -> Progress: 20 done!
 -> Progress: 40 done!
 -> Progress: 60 done!
 -> Progress: 80 done!
 -> Progress: 100 done!
Testing...
 -> Progress: 20 done!
 -> Progress: 40 done!
 -> Progress: 60 done!
 -> Progress: 80 done!
 -> Progress: 100 done!

Keys:  ['time', 'acc1', 'acc5', 'ce_loss']
Training:  [0.08502287864685058, 0.0, 0.0, 22.172048377990723]
Testing on Task A:  [0.006321963667869568, 1.25, 6.25, 438.52441482543946]
Testing on Task B:  [0.02462446689605713, 10.0, 50.0, 283.97902221679686]
Testing on Task C:  [0.023290061950683595, 10.0, 50.0, 444.1924774169922]
Best Acc:  1.25

Epoch: [24 | 90] LR: 0.010000
Training...
 -> Progress: 20 done!
 -> Progress: 40 done!
 -> Progress: 60 done!
 -> Progress: 80 done!
 -> Progress: 100 done!
Testing...
 -> Progress: 20 done!
 -> Progress: 40 done!
 -> Progress: 60 done!
 -> Progress: 80 done!
 -> Progress: 100 done!
Testing...
 -> Progress: 20 done!
 -> Progress: 40 done!
 -> Progress: 60 done!
 -> Progress: 80 done!
 -> Progress: 100 done!
Testing...
 -> Progress: 20 done!
 -> Progress: 40 done!
 -> Progress: 60 done!
 -> Progress: 80 done!
 -> Progress: 100 done!

Keys:  ['time', 'acc1', 'acc5', 'ce_loss']
Training:  [0.08454506993293762, 0.0, 0.0, 21.915234899520875]
Testing on Task A:  [0.006245750188827515, 1.25, 6.25, 438.54508476257325]
Testing on Task B:  [0.023783087730407715, 10.0, 50.0, 285.30340576171875]
Testing on Task C:  [0.023291778564453126, 10.0, 50.0, 448.41973571777345]
Best Acc:  1.25

Epoch: [25 | 90] LR: 0.010000
Training...
 -> Progress: 20 done!
 -> Progress: 40 done!
 -> Progress: 60 done!
 -> Progress: 80 done!
 -> Progress: 100 done!
Testing...
 -> Progress: 20 done!
 -> Progress: 40 done!
 -> Progress: 60 done!
 -> Progress: 80 done!
 -> Progress: 100 done!
Testing...
 -> Progress: 20 done!
 -> Progress: 40 done!
 -> Progress: 60 done!
 -> Progress: 80 done!
 -> Progress: 100 done!
Testing...
 -> Progress: 20 done!
 -> Progress: 40 done!
 -> Progress: 60 done!
 -> Progress: 80 done!
 -> Progress: 100 done!

Keys:  ['time', 'acc1', 'acc5', 'ce_loss']
Training:  [0.08423318266868592, 0.0, 0.0, 21.8437029838562]
Testing on Task A:  [0.006234773993492126, 1.25, 6.25, 438.5572540283203]
Testing on Task B:  [0.023326659202575685, 10.0, 50.0, 286.2842559814453]
Testing on Task C:  [0.02378993034362793, 10.0, 50.0, 452.4354583740234]
Best Acc:  1.25

Epoch: [26 | 90] LR: 0.010000
Training...
 -> Progress: 20 done!
 -> Progress: 40 done!
 -> Progress: 60 done!
 -> Progress: 80 done!
 -> Progress: 100 done!
Testing...
 -> Progress: 20 done!
 -> Progress: 40 done!
 -> Progress: 60 done!
 -> Progress: 80 done!
 -> Progress: 100 done!
Testing...
 -> Progress: 20 done!
 -> Progress: 40 done!
 -> Progress: 60 done!
 -> Progress: 80 done!
 -> Progress: 100 done!
Testing...
 -> Progress: 20 done!
 -> Progress: 40 done!
 -> Progress: 60 done!
 -> Progress: 80 done!
 -> Progress: 100 done!

Keys:  ['time', 'acc1', 'acc5', 'ce_loss']
Training:  [0.08458765745162963, 0.0, 0.0, 22.23646922111511]
Testing on Task A:  [0.006344383955001831, 1.25, 6.25, 438.56408843994143]
Testing on Task B:  [0.024117016792297365, 10.0, 50.0, 287.18055725097656]
Testing on Task C:  [0.024158263206481935, 10.0, 50.0, 456.05617370605466]
Best Acc:  1.25

Epoch: [27 | 90] LR: 0.010000
Training...
 -> Progress: 20 done!
 -> Progress: 40 done!
 -> Progress: 60 done!
 -> Progress: 80 done!
 -> Progress: 100 done!
Testing...
 -> Progress: 20 done!
 -> Progress: 40 done!
 -> Progress: 60 done!
 -> Progress: 80 done!
 -> Progress: 100 done!
Testing...
 -> Progress: 20 done!
 -> Progress: 40 done!
 -> Progress: 60 done!
 -> Progress: 80 done!
 -> Progress: 100 done!
Testing...
 -> Progress: 20 done!
 -> Progress: 40 done!
 -> Progress: 60 done!
 -> Progress: 80 done!
 -> Progress: 100 done!

Keys:  ['time', 'acc1', 'acc5', 'ce_loss']
Training:  [0.08365563154220582, 0.0, 0.0, 22.234736967086793]
Testing on Task A:  [0.0063131660223007206, 1.25, 6.25, 438.5789363861084]
Testing on Task B:  [0.02377326488494873, 10.0, 50.0, 287.9385986328125]
Testing on Task C:  [0.021549224853515625, 10.0, 50.0, 458.9357940673828]
Best Acc:  1.25

Epoch: [28 | 90] LR: 0.010000
Training...
 -> Progress: 20 done!
 -> Progress: 40 done!
 -> Progress: 60 done!
 -> Progress: 80 done!
 -> Progress: 100 done!
Testing...
 -> Progress: 20 done!
 -> Progress: 40 done!
 -> Progress: 60 done!
 -> Progress: 80 done!
 -> Progress: 100 done!
Testing...
 -> Progress: 20 done!
 -> Progress: 40 done!
 -> Progress: 60 done!
 -> Progress: 80 done!
 -> Progress: 100 done!
Testing...
 -> Progress: 20 done!
 -> Progress: 40 done!
 -> Progress: 60 done!
 -> Progress: 80 done!
 -> Progress: 100 done!

Keys:  ['time', 'acc1', 'acc5', 'ce_loss']
Training:  [0.0839379608631134, 0.0, 0.0, 22.017118072509767]
Testing on Task A:  [0.006599348783493042, 1.25, 6.25, 438.59727058410647]
Testing on Task B:  [0.02424464225769043, 10.0, 50.0, 288.7233001708984]
Testing on Task C:  [0.024157214164733886, 10.0, 50.0, 462.7424011230469]
Best Acc:  1.25

Epoch: [29 | 90] LR: 0.010000
Training...
 -> Progress: 20 done!
 -> Progress: 40 done!
 -> Progress: 60 done!
 -> Progress: 80 done!
 -> Progress: 100 done!
Testing...
 -> Progress: 20 done!
 -> Progress: 40 done!
 -> Progress: 60 done!
 -> Progress: 80 done!
 -> Progress: 100 done!
Testing...
 -> Progress: 20 done!
 -> Progress: 40 done!
 -> Progress: 60 done!
 -> Progress: 80 done!
 -> Progress: 100 done!
Testing...
 -> Progress: 20 done!
 -> Progress: 40 done!
 -> Progress: 60 done!
 -> Progress: 80 done!
 -> Progress: 100 done!

Keys:  ['time', 'acc1', 'acc5', 'ce_loss']
Training:  [0.08521533608436585, 0.0, 0.0, 21.904641532897948]
Testing on Task A:  [0.006112292408943176, 1.25, 6.25, 438.61067695617675]
Testing on Task B:  [0.023674941062927245, 10.0, 50.0, 289.1549530029297]
Testing on Task C:  [0.024227261543273926, 10.0, 50.0, 465.7516357421875]
Best Acc:  1.25

Epoch: [30 | 90] LR: 0.010000
Training...
 -> Progress: 20 done!
 -> Progress: 40 done!
 -> Progress: 60 done!
 -> Progress: 80 done!
 -> Progress: 100 done!
Testing...
 -> Progress: 20 done!
 -> Progress: 40 done!
 -> Progress: 60 done!
 -> Progress: 80 done!
 -> Progress: 100 done!
Testing...
 -> Progress: 20 done!
 -> Progress: 40 done!
 -> Progress: 60 done!
 -> Progress: 80 done!
 -> Progress: 100 done!
Testing...
 -> Progress: 20 done!
 -> Progress: 40 done!
 -> Progress: 60 done!
 -> Progress: 80 done!
 -> Progress: 100 done!

Keys:  ['time', 'acc1', 'acc5', 'ce_loss']
Training:  [0.08421716094017029, 0.0, 0.0, 22.113594245910644]
Testing on Task A:  [0.006312555074691773, 1.25, 6.25, 438.6219772338867]
Testing on Task B:  [0.02472245693206787, 10.0, 50.0, 289.9035339355469]
Testing on Task C:  [0.024010372161865235, 10.0, 50.0, 468.2035858154297]
Best Acc:  1.25

Epoch: [31 | 90] LR: 0.001000
Training...
 -> Progress: 20 done!
 -> Progress: 40 done!
 -> Progress: 60 done!
 -> Progress: 80 done!
 -> Progress: 100 done!
Testing...
 -> Progress: 20 done!
 -> Progress: 40 done!
 -> Progress: 60 done!
 -> Progress: 80 done!
 -> Progress: 100 done!
Testing...
 -> Progress: 20 done!
 -> Progress: 40 done!
 -> Progress: 60 done!
 -> Progress: 80 done!
 -> Progress: 100 done!
Testing...
 -> Progress: 20 done!
 -> Progress: 40 done!
 -> Progress: 60 done!
 -> Progress: 80 done!
 -> Progress: 100 done!

Keys:  ['time', 'acc1', 'acc5', 'ce_loss']
Training:  [0.08384798169136047, 0.0, 0.0, 22.064124441146852]
Testing on Task A:  [0.006370115280151367, 1.25, 6.25, 438.6233642578125]
Testing on Task B:  [0.023909616470336913, 10.0, 50.0, 289.97801208496094]
Testing on Task C:  [0.024099111557006836, 10.0, 50.0, 468.4487548828125]
Best Acc:  1.25

Epoch: [32 | 90] LR: 0.001000
Training...
 -> Progress: 20 done!
 -> Progress: 40 done!
 -> Progress: 60 done!
 -> Progress: 80 done!
 -> Progress: 100 done!
Testing...
 -> Progress: 20 done!
 -> Progress: 40 done!
 -> Progress: 60 done!
 -> Progress: 80 done!
 -> Progress: 100 done!
Testing...
 -> Progress: 20 done!
 -> Progress: 40 done!
 -> Progress: 60 done!
 -> Progress: 80 done!
 -> Progress: 100 done!
Testing...
 -> Progress: 20 done!
 -> Progress: 40 done!
 -> Progress: 60 done!
 -> Progress: 80 done!
 -> Progress: 100 done!

Keys:  ['time', 'acc1', 'acc5', 'ce_loss']
Training:  [0.083722323179245, 0.0, 0.0, 22.104061555862426]
Testing on Task A:  [0.006277886033058166, 1.25, 6.25, 438.6239318847656]
Testing on Task B:  [0.02429354190826416, 10.0, 50.0, 290.0540252685547]
Testing on Task C:  [0.023909640312194825, 10.0, 50.0, 468.7635833740234]
Best Acc:  1.25

Epoch: [33 | 90] LR: 0.001000
Training...
 -> Progress: 20 done!
 -> Progress: 40 done!
 -> Progress: 60 done!
 -> Progress: 80 done!
 -> Progress: 100 done!
Testing...
 -> Progress: 20 done!
 -> Progress: 40 done!
 -> Progress: 60 done!
 -> Progress: 80 done!
 -> Progress: 100 done!
Testing...
 -> Progress: 20 done!
 -> Progress: 40 done!
 -> Progress: 60 done!
 -> Progress: 80 done!
 -> Progress: 100 done!
Testing...
 -> Progress: 20 done!
 -> Progress: 40 done!
 -> Progress: 60 done!
 -> Progress: 80 done!
 -> Progress: 100 done!

Keys:  ['time', 'acc1', 'acc5', 'ce_loss']
Training:  [0.08431591391563416, 0.0, 0.0, 21.944547510147096]
Testing on Task A:  [0.006269887089729309, 1.25, 6.25, 438.6251903533936]
Testing on Task B:  [0.023408985137939452, 10.0, 50.0, 290.10886840820314]
Testing on Task C:  [0.023715639114379884, 10.0, 50.0, 469.0612487792969]
Best Acc:  1.25

Epoch: [34 | 90] LR: 0.001000
Training...
 -> Progress: 20 done!
 -> Progress: 40 done!
 -> Progress: 60 done!
 -> Progress: 80 done!
 -> Progress: 100 done!
Testing...
 -> Progress: 20 done!
 -> Progress: 40 done!
 -> Progress: 60 done!
 -> Progress: 80 done!
 -> Progress: 100 done!
Testing...
 -> Progress: 20 done!
 -> Progress: 40 done!
 -> Progress: 60 done!
 -> Progress: 80 done!
 -> Progress: 100 done!
Testing...
 -> Progress: 20 done!
 -> Progress: 40 done!
 -> Progress: 60 done!
 -> Progress: 80 done!
 -> Progress: 100 done!

Keys:  ['time', 'acc1', 'acc5', 'ce_loss']
Training:  [0.08427670001983642, 0.0, 0.0, 21.90181736946106]
Testing on Task A:  [0.006355771422386169, 1.25, 6.3, 438.6261665344238]
Testing on Task B:  [0.024004793167114256, 10.0, 50.0, 290.20359191894534]
Testing on Task C:  [0.023865652084350587, 10.0, 50.0, 469.3475311279297]
Best Acc:  1.25

Epoch: [35 | 90] LR: 0.001000
Training...
 -> Progress: 20 done!
 -> Progress: 40 done!
 -> Progress: 60 done!
 -> Progress: 80 done!
 -> Progress: 100 done!
Testing...
 -> Progress: 20 done!
 -> Progress: 40 done!
 -> Progress: 60 done!
 -> Progress: 80 done!
 -> Progress: 100 done!
Testing...
 -> Progress: 20 done!
 -> Progress: 40 done!
 -> Progress: 60 done!
 -> Progress: 80 done!
 -> Progress: 100 done!
Testing...
 -> Progress: 20 done!
 -> Progress: 40 done!
 -> Progress: 60 done!
 -> Progress: 80 done!
 -> Progress: 100 done!

Keys:  ['time', 'acc1', 'acc5', 'ce_loss']
Training:  [0.0844440996646881, 0.0, 0.0, 22.046780633926392]
Testing on Task A:  [0.006442701816558838, 1.25, 6.2625, 438.62789764404295]
Testing on Task B:  [0.02323312759399414, 10.0, 50.0, 290.2559356689453]
Testing on Task C:  [0.02381863594055176, 10.0, 50.0, 469.49871215820315]
Best Acc:  1.25

Epoch: [36 | 90] LR: 0.001000
Training...
 -> Progress: 20 done!
 -> Progress: 40 done!
 -> Progress: 60 done!
 -> Progress: 80 done!
 -> Progress: 100 done!
Testing...
 -> Progress: 20 done!
 -> Progress: 40 done!
 -> Progress: 60 done!
 -> Progress: 80 done!
 -> Progress: 100 done!
Testing...
 -> Progress: 20 done!
 -> Progress: 40 done!
 -> Progress: 60 done!
 -> Progress: 80 done!
 -> Progress: 100 done!
Testing...
 -> Progress: 20 done!
 -> Progress: 40 done!
 -> Progress: 60 done!
 -> Progress: 80 done!
 -> Progress: 100 done!

Keys:  ['time', 'acc1', 'acc5', 'ce_loss']
Training:  [0.08364081382751465, 0.0, 0.0, 21.98970823287964]
Testing on Task A:  [0.006492424011230469, 1.25, 6.2625, 438.62894477844236]
Testing on Task B:  [0.024158763885498046, 10.0, 50.0, 290.29796447753904]
Testing on Task C:  [0.023150181770324706, 10.0, 50.0, 469.7735534667969]
Best Acc:  1.25

Epoch: [37 | 90] LR: 0.001000
Training...
 -> Progress: 20 done!
 -> Progress: 40 done!
 -> Progress: 60 done!
 -> Progress: 80 done!
 -> Progress: 100 done!
Testing...
 -> Progress: 20 done!
 -> Progress: 40 done!
 -> Progress: 60 done!
 -> Progress: 80 done!
 -> Progress: 100 done!
Testing...
 -> Progress: 20 done!
 -> Progress: 40 done!
 -> Progress: 60 done!
 -> Progress: 80 done!
 -> Progress: 100 done!
Testing...
 -> Progress: 20 done!
 -> Progress: 40 done!
 -> Progress: 60 done!
 -> Progress: 80 done!
 -> Progress: 100 done!

Keys:  ['time', 'acc1', 'acc5', 'ce_loss']
Training:  [0.08418696522712707, 0.0, 0.0, 22.06070771217346]
Testing on Task A:  [0.0063662022352218624, 1.25, 6.2625, 438.62982139587405]
Testing on Task B:  [0.0240994930267334, 10.0, 50.0, 290.3697784423828]
Testing on Task C:  [0.023687338829040526, 10.0, 50.0, 470.0065490722656]
Best Acc:  1.25

Epoch: [38 | 90] LR: 0.001000
Training...
 -> Progress: 20 done!
 -> Progress: 40 done!
 -> Progress: 60 done!
 -> Progress: 80 done!
 -> Progress: 100 done!
Testing...
 -> Progress: 20 done!
 -> Progress: 40 done!
 -> Progress: 60 done!
 -> Progress: 80 done!
 -> Progress: 100 done!
Testing...
 -> Progress: 20 done!
 -> Progress: 40 done!
 -> Progress: 60 done!
 -> Progress: 80 done!
 -> Progress: 100 done!
Testing...
 -> Progress: 20 done!
 -> Progress: 40 done!
 -> Progress: 60 done!
 -> Progress: 80 done!
 -> Progress: 100 done!

Keys:  ['time', 'acc1', 'acc5', 'ce_loss']
Training:  [0.08456152081489562, 0.0, 0.0, 21.98500266075134]
Testing on Task A:  [0.00640026330947876, 1.25, 6.2625, 438.6312595367432]
Testing on Task B:  [0.02292780876159668, 10.0, 50.0, 290.4458892822266]
Testing on Task C:  [0.024271583557128905, 10.0, 50.0, 470.24334411621095]
Best Acc:  1.25

Epoch: [39 | 90] LR: 0.001000
Training...
 -> Progress: 20 done!
 -> Progress: 40 done!
 -> Progress: 60 done!
 -> Progress: 80 done!
 -> Progress: 100 done!
Testing...
 -> Progress: 20 done!
 -> Progress: 40 done!
 -> Progress: 60 done!
 -> Progress: 80 done!
 -> Progress: 100 done!
Testing...
 -> Progress: 20 done!
 -> Progress: 40 done!
 -> Progress: 60 done!
 -> Progress: 80 done!
 -> Progress: 100 done!
Testing...
 -> Progress: 20 done!
 -> Progress: 40 done!
 -> Progress: 60 done!
 -> Progress: 80 done!
 -> Progress: 100 done!

Keys:  ['time', 'acc1', 'acc5', 'ce_loss']
Training:  [0.08414691090583801, 0.0, 0.0, 22.271295261383056]
Testing on Task A:  [0.0063215821981430055, 1.25, 6.3, 438.63250465393065]
Testing on Task B:  [0.023854947090148924, 10.0, 50.0, 290.5053985595703]
Testing on Task C:  [0.02390589714050293, 10.0, 50.0, 470.43073120117185]
Best Acc:  1.25

Epoch: [40 | 90] LR: 0.001000
Training...
 -> Progress: 20 done!
 -> Progress: 40 done!
 -> Progress: 60 done!
 -> Progress: 80 done!
 -> Progress: 100 done!
Testing...
 -> Progress: 20 done!
 -> Progress: 40 done!
 -> Progress: 60 done!
 -> Progress: 80 done!
 -> Progress: 100 done!
Testing...
 -> Progress: 20 done!
 -> Progress: 40 done!
 -> Progress: 60 done!
 -> Progress: 80 done!
 -> Progress: 100 done!
Testing...
 -> Progress: 20 done!
 -> Progress: 40 done!
 -> Progress: 60 done!
 -> Progress: 80 done!
 -> Progress: 100 done!

Keys:  ['time', 'acc1', 'acc5', 'ce_loss']
Training:  [0.08439137935638427, 0.0, 0.0, 21.990572881698608]
Testing on Task A:  [0.006387236714363098, 1.25, 6.2625, 438.6337490081787]
Testing on Task B:  [0.02443258762359619, 10.0, 50.0, 290.5840240478516]
Testing on Task C:  [0.024527978897094727, 10.0, 50.0, 470.6423370361328]
Best Acc:  1.25

Epoch: [41 | 90] LR: 0.001000
Training...
 -> Progress: 20 done!
 -> Progress: 40 done!
 -> Progress: 60 done!
 -> Progress: 80 done!
 -> Progress: 100 done!
Testing...
 -> Progress: 20 done!
 -> Progress: 40 done!
 -> Progress: 60 done!
 -> Progress: 80 done!
 -> Progress: 100 done!
Testing...
 -> Progress: 20 done!
 -> Progress: 40 done!
 -> Progress: 60 done!
 -> Progress: 80 done!
 -> Progress: 100 done!
Testing...
 -> Progress: 20 done!
 -> Progress: 40 done!
 -> Progress: 60 done!
 -> Progress: 80 done!
 -> Progress: 100 done!

Keys:  ['time', 'acc1', 'acc5', 'ce_loss']
Training:  [0.08513355851173401, 0.0, 0.0, 22.10198516845703]
Testing on Task A:  [0.0064754515886306764, 1.25, 6.25, 438.63489189147947]
Testing on Task B:  [0.024610447883605956, 10.0, 50.0, 290.6730895996094]
Testing on Task C:  [0.024288105964660644, 10.0, 50.0, 470.8013122558594]
Best Acc:  1.25

Epoch: [42 | 90] LR: 0.001000
Training...
 -> Progress: 20 done!
 -> Progress: 40 done!
 -> Progress: 60 done!
 -> Progress: 80 done!
 -> Progress: 100 done!
Testing...
 -> Progress: 20 done!
 -> Progress: 40 done!
 -> Progress: 60 done!
 -> Progress: 80 done!
 -> Progress: 100 done!
Testing...
 -> Progress: 20 done!
 -> Progress: 40 done!
 -> Progress: 60 done!
 -> Progress: 80 done!
 -> Progress: 100 done!
Testing...
 -> Progress: 20 done!
 -> Progress: 40 done!
 -> Progress: 60 done!
 -> Progress: 80 done!
 -> Progress: 100 done!

Keys:  ['time', 'acc1', 'acc5', 'ce_loss']
Training:  [0.08430980443954468, 0.0, 0.0, 22.434065532684325]
Testing on Task A:  [0.006298449635505676, 1.25, 6.425, 438.63614044189455]
Testing on Task B:  [0.023757362365722658, 10.0, 50.0, 290.7268920898438]
Testing on Task C:  [0.023180484771728516, 10.0, 50.0, 471.0099578857422]
Best Acc:  1.25

Epoch: [43 | 90] LR: 0.001000
Training...
 -> Progress: 20 done!
 -> Progress: 40 done!
 -> Progress: 60 done!
 -> Progress: 80 done!
 -> Progress: 100 done!
Testing...
 -> Progress: 20 done!
 -> Progress: 40 done!
 -> Progress: 60 done!
 -> Progress: 80 done!
 -> Progress: 100 done!
Testing...
 -> Progress: 20 done!
 -> Progress: 40 done!
 -> Progress: 60 done!
 -> Progress: 80 done!
 -> Progress: 100 done!
Testing...
 -> Progress: 20 done!
 -> Progress: 40 done!
 -> Progress: 60 done!
 -> Progress: 80 done!
 -> Progress: 100 done!

Keys:  ['time', 'acc1', 'acc5', 'ce_loss']
Training:  [0.08402005434036255, 0.0, 0.0, 22.181465816497802]
Testing on Task A:  [0.006436261534690857, 1.25, 6.275, 438.6369270324707]
Testing on Task B:  [0.023027658462524414, 10.0, 50.0, 290.80959167480466]
Testing on Task C:  [0.024240732192993164, 10.0, 50.0, 471.31890563964845]
Best Acc:  1.25

Epoch: [44 | 90] LR: 0.001000
Training...
 -> Progress: 20 done!
 -> Progress: 40 done!
 -> Progress: 60 done!
 -> Progress: 80 done!
 -> Progress: 100 done!
Testing...
 -> Progress: 20 done!
 -> Progress: 40 done!
 -> Progress: 60 done!
 -> Progress: 80 done!
 -> Progress: 100 done!
Testing...
 -> Progress: 20 done!
 -> Progress: 40 done!
 -> Progress: 60 done!
 -> Progress: 80 done!
 -> Progress: 100 done!
Testing...
 -> Progress: 20 done!
 -> Progress: 40 done!
 -> Progress: 60 done!
 -> Progress: 80 done!
 -> Progress: 100 done!

Keys:  ['time', 'acc1', 'acc5', 'ce_loss']
Training:  [0.08443464636802674, 0.0, 0.0, 22.01113076210022]
Testing on Task A:  [0.006168407201766968, 1.25, 6.2625, 438.63764038085935]
Testing on Task B:  [0.024195313453674316, 10.0, 50.0, 290.85675354003905]
Testing on Task C:  [0.023824119567871095, 10.0, 50.0, 471.570947265625]
Best Acc:  1.25

Epoch: [45 | 90] LR: 0.001000
Training...
 -> Progress: 20 done!
 -> Progress: 40 done!
 -> Progress: 60 done!
 -> Progress: 80 done!
 -> Progress: 100 done!
Testing...
 -> Progress: 20 done!
 -> Progress: 40 done!
 -> Progress: 60 done!
 -> Progress: 80 done!
 -> Progress: 100 done!
Testing...
 -> Progress: 20 done!
 -> Progress: 40 done!
 -> Progress: 60 done!
 -> Progress: 80 done!
 -> Progress: 100 done!
Testing...
 -> Progress: 20 done!
 -> Progress: 40 done!
 -> Progress: 60 done!
 -> Progress: 80 done!
 -> Progress: 100 done!

Keys:  ['time', 'acc1', 'acc5', 'ce_loss']
Training:  [0.08526756167411804, 0.0, 0.0, 22.047345209121705]
Testing on Task A:  [0.006415238976478577, 1.25, 6.25, 438.63915824890137]
Testing on Task B:  [0.023764157295227052, 10.0, 50.0, 290.92222900390624]
Testing on Task C:  [0.024167585372924804, 10.0, 50.0, 471.8720672607422]
Best Acc:  1.25

Epoch: [46 | 90] LR: 0.001000
Training...
 -> Progress: 20 done!
 -> Progress: 40 done!
 -> Progress: 60 done!
 -> Progress: 80 done!
 -> Progress: 100 done!
Testing...
 -> Progress: 20 done!
 -> Progress: 40 done!
 -> Progress: 60 done!
 -> Progress: 80 done!
 -> Progress: 100 done!
Testing...
 -> Progress: 20 done!
 -> Progress: 40 done!
 -> Progress: 60 done!
 -> Progress: 80 done!
 -> Progress: 100 done!
Testing...
 -> Progress: 20 done!
 -> Progress: 40 done!
 -> Progress: 60 done!
 -> Progress: 80 done!
 -> Progress: 100 done!

Keys:  ['time', 'acc1', 'acc5', 'ce_loss']
Training:  [0.08431199789047242, 0.0, 0.0, 21.971013069152832]
Testing on Task A:  [0.006247231364250183, 1.25, 6.25, 438.6404399871826]
Testing on Task B:  [0.023537278175354004, 10.0, 50.0, 290.9794219970703]
Testing on Task C:  [0.02418248653411865, 10.0, 50.0, 472.0999328613281]
Best Acc:  1.25

Epoch: [47 | 90] LR: 0.001000
Training...
 -> Progress: 20 done!
 -> Progress: 40 done!
 -> Progress: 60 done!
 -> Progress: 80 done!
 -> Progress: 100 done!
Testing...
 -> Progress: 20 done!
 -> Progress: 40 done!
 -> Progress: 60 done!
 -> Progress: 80 done!
 -> Progress: 100 done!
Testing...
 -> Progress: 20 done!
 -> Progress: 40 done!
 -> Progress: 60 done!
 -> Progress: 80 done!
 -> Progress: 100 done!
Testing...
 -> Progress: 20 done!
 -> Progress: 40 done!
 -> Progress: 60 done!
 -> Progress: 80 done!
 -> Progress: 100 done!

Keys:  ['time', 'acc1', 'acc5', 'ce_loss']
Training:  [0.08400259613990783, 0.0, 0.0, 21.890062379837037]
Testing on Task A:  [0.006209117174148559, 1.25, 6.25, 438.6418682098389]
Testing on Task B:  [0.023268747329711913, 10.0, 50.0, 291.0225830078125]
Testing on Task C:  [0.024397826194763182, 10.0, 50.0, 472.3300018310547]
Best Acc:  1.25

Epoch: [48 | 90] LR: 0.001000
Training...
 -> Progress: 20 done!
 -> Progress: 40 done!
 -> Progress: 60 done!
 -> Progress: 80 done!
 -> Progress: 100 done!
Testing...
 -> Progress: 20 done!
 -> Progress: 40 done!
 -> Progress: 60 done!
 -> Progress: 80 done!
 -> Progress: 100 done!
Testing...
 -> Progress: 20 done!
 -> Progress: 40 done!
 -> Progress: 60 done!
 -> Progress: 80 done!
 -> Progress: 100 done!
Testing...
 -> Progress: 20 done!
 -> Progress: 40 done!
 -> Progress: 60 done!
 -> Progress: 80 done!
 -> Progress: 100 done!

Keys:  ['time', 'acc1', 'acc5', 'ce_loss']
Training:  [0.0846764624118805, 0.0, 0.0, 21.816486072540282]
Testing on Task A:  [0.006368672847747803, 1.25, 6.25, 438.64292068481444]
Testing on Task B:  [0.023476600646972656, 10.0, 50.0, 291.0407470703125]
Testing on Task C:  [0.02404930591583252, 10.0, 50.0, 472.5049652099609]
Best Acc:  1.25

Epoch: [49 | 90] LR: 0.001000
Training...
 -> Progress: 20 done!
 -> Progress: 40 done!
 -> Progress: 60 done!
 -> Progress: 80 done!
 -> Progress: 100 done!
Testing...
 -> Progress: 20 done!
 -> Progress: 40 done!
 -> Progress: 60 done!
 -> Progress: 80 done!
 -> Progress: 100 done!
Testing...
 -> Progress: 20 done!
 -> Progress: 40 done!
 -> Progress: 60 done!
 -> Progress: 80 done!
 -> Progress: 100 done!
Testing...
 -> Progress: 20 done!
 -> Progress: 40 done!
 -> Progress: 60 done!
 -> Progress: 80 done!
 -> Progress: 100 done!

Keys:  ['time', 'acc1', 'acc5', 'ce_loss']
Training:  [0.08460870981216431, 0.0, 0.0, 21.938891792297362]
Testing on Task A:  [0.00629875659942627, 1.25, 6.25, 438.6447521209717]
Testing on Task B:  [0.022816896438598633, 10.0, 50.0, 291.0907684326172]
Testing on Task C:  [0.02401883602142334, 10.0, 50.0, 472.7323455810547]
Best Acc:  1.25

Epoch: [50 | 90] LR: 0.001000
Training...
 -> Progress: 20 done!
 -> Progress: 40 done!
 -> Progress: 60 done!
 -> Progress: 80 done!
 -> Progress: 100 done!
Testing...
 -> Progress: 20 done!
 -> Progress: 40 done!
 -> Progress: 60 done!
 -> Progress: 80 done!
 -> Progress: 100 done!
Testing...
 -> Progress: 20 done!
 -> Progress: 40 done!
 -> Progress: 60 done!
 -> Progress: 80 done!
 -> Progress: 100 done!
Testing...
 -> Progress: 20 done!
 -> Progress: 40 done!
 -> Progress: 60 done!
 -> Progress: 80 done!
 -> Progress: 100 done!

Keys:  ['time', 'acc1', 'acc5', 'ce_loss']
Training:  [0.0841738998889923, 0.0, 0.0, 21.840320348739624]
Testing on Task A:  [0.006335413455963135, 1.25, 6.25, 438.64675941467283]
Testing on Task B:  [0.023273277282714843, 10.0, 50.0, 291.11756896972656]
Testing on Task C:  [0.0241945743560791, 10.0, 50.0, 472.86322021484375]
Best Acc:  1.25

Epoch: [51 | 90] LR: 0.001000
Training...
 -> Progress: 20 done!
 -> Progress: 40 done!
 -> Progress: 60 done!
 -> Progress: 80 done!
 -> Progress: 100 done!
Testing...
 -> Progress: 20 done!
 -> Progress: 40 done!
 -> Progress: 60 done!
 -> Progress: 80 done!
 -> Progress: 100 done!
Testing...
 -> Progress: 20 done!
 -> Progress: 40 done!
 -> Progress: 60 done!
 -> Progress: 80 done!
 -> Progress: 100 done!
Testing...
 -> Progress: 20 done!
 -> Progress: 40 done!
 -> Progress: 60 done!
 -> Progress: 80 done!
 -> Progress: 100 done!

Keys:  ['time', 'acc1', 'acc5', 'ce_loss']
Training:  [0.08375243544578552, 0.0, 0.0, 21.934063959121705]
Testing on Task A:  [0.006270414590835572, 1.25, 6.25, 438.6482807159424]
Testing on Task B:  [0.023778343200683595, 10.0, 50.0, 291.1417663574219]
Testing on Task C:  [0.023642492294311524, 10.0, 50.0, 473.0658325195312]
Best Acc:  1.25

Epoch: [52 | 90] LR: 0.001000
Training...
 -> Progress: 20 done!
 -> Progress: 40 done!
 -> Progress: 60 done!
 -> Progress: 80 done!
 -> Progress: 100 done!
Testing...
 -> Progress: 20 done!
 -> Progress: 40 done!
 -> Progress: 60 done!
 -> Progress: 80 done!
 -> Progress: 100 done!
Testing...
 -> Progress: 20 done!
 -> Progress: 40 done!
 -> Progress: 60 done!
 -> Progress: 80 done!
 -> Progress: 100 done!
Testing...
 -> Progress: 20 done!
 -> Progress: 40 done!
 -> Progress: 60 done!
 -> Progress: 80 done!
 -> Progress: 100 done!

Keys:  ['time', 'acc1', 'acc5', 'ce_loss']
Training:  [0.08457083702087402, 0.0, 0.0, 22.103507137298585]
Testing on Task A:  [0.006319758296012878, 1.25, 6.25, 438.649116897583]
Testing on Task B:  [0.0236875057220459, 10.0, 50.0, 291.1850616455078]
Testing on Task C:  [0.0243361234664917, 10.0, 50.0, 473.25758056640626]
Best Acc:  1.25

Epoch: [53 | 90] LR: 0.001000
Training...
 -> Progress: 20 done!
 -> Progress: 40 done!
 -> Progress: 60 done!
 -> Progress: 80 done!
 -> Progress: 100 done!
Testing...
 -> Progress: 20 done!
 -> Progress: 40 done!
 -> Progress: 60 done!
 -> Progress: 80 done!
 -> Progress: 100 done!
Testing...
 -> Progress: 20 done!
 -> Progress: 40 done!
 -> Progress: 60 done!
 -> Progress: 80 done!
 -> Progress: 100 done!
Testing...
 -> Progress: 20 done!
 -> Progress: 40 done!
 -> Progress: 60 done!
 -> Progress: 80 done!
 -> Progress: 100 done!

Keys:  ['time', 'acc1', 'acc5', 'ce_loss']
Training:  [0.08442644476890564, 0.0, 0.0, 21.836865663528442]
Testing on Task A:  [0.006414985656738282, 1.25, 6.25, 438.6500991821289]
Testing on Task B:  [0.024484682083129882, 10.0, 50.0, 291.2967193603516]
Testing on Task C:  [0.023087191581726074, 10.0, 50.0, 473.4959381103516]
Best Acc:  1.25

Epoch: [54 | 90] LR: 0.001000
Training...
 -> Progress: 20 done!
 -> Progress: 40 done!
 -> Progress: 60 done!
 -> Progress: 80 done!
 -> Progress: 100 done!
Testing...
 -> Progress: 20 done!
 -> Progress: 40 done!
 -> Progress: 60 done!
 -> Progress: 80 done!
 -> Progress: 100 done!
Testing...
 -> Progress: 20 done!
 -> Progress: 40 done!
 -> Progress: 60 done!
 -> Progress: 80 done!
 -> Progress: 100 done!
Testing...
 -> Progress: 20 done!
 -> Progress: 40 done!
 -> Progress: 60 done!
 -> Progress: 80 done!
 -> Progress: 100 done!

Keys:  ['time', 'acc1', 'acc5', 'ce_loss']
Training:  [0.08424963951110839, 0.0, 0.0, 22.23727297782898]
Testing on Task A:  [0.006314697861671448, 1.25, 6.2625, 438.65177154541016]
Testing on Task B:  [0.023916220664978026, 10.0, 50.0, 291.3614013671875]
Testing on Task C:  [0.024144816398620605, 10.0, 50.0, 473.7247314453125]
Best Acc:  1.25

Epoch: [55 | 90] LR: 0.001000
Training...
 -> Progress: 20 done!
 -> Progress: 40 done!
 -> Progress: 60 done!
 -> Progress: 80 done!
 -> Progress: 100 done!
Testing...
 -> Progress: 20 done!
 -> Progress: 40 done!
 -> Progress: 60 done!
 -> Progress: 80 done!
 -> Progress: 100 done!
Testing...
 -> Progress: 20 done!
 -> Progress: 40 done!
 -> Progress: 60 done!
 -> Progress: 80 done!
 -> Progress: 100 done!
Testing...
 -> Progress: 20 done!
 -> Progress: 40 done!
 -> Progress: 60 done!
 -> Progress: 80 done!
 -> Progress: 100 done!

Keys:  ['time', 'acc1', 'acc5', 'ce_loss']
Training:  [0.08444225788116455, 0.0, 0.0, 22.204678678512572]
Testing on Task A:  [0.006269311904907227, 1.25, 6.2625, 438.65210762023924]
Testing on Task B:  [0.02434418201446533, 10.0, 50.0, 291.41237487792966]
Testing on Task C:  [0.02369086742401123, 10.0, 50.0, 473.98383178710935]
Best Acc:  1.25

Epoch: [56 | 90] LR: 0.001000
Training...
 -> Progress: 20 done!
 -> Progress: 40 done!
 -> Progress: 60 done!
 -> Progress: 80 done!
 -> Progress: 100 done!
Testing...
 -> Progress: 20 done!
 -> Progress: 40 done!
 -> Progress: 60 done!
 -> Progress: 80 done!
 -> Progress: 100 done!
Testing...
 -> Progress: 20 done!
 -> Progress: 40 done!
 -> Progress: 60 done!
 -> Progress: 80 done!
 -> Progress: 100 done!
Testing...
 -> Progress: 20 done!
 -> Progress: 40 done!
 -> Progress: 60 done!
 -> Progress: 80 done!
 -> Progress: 100 done!

Keys:  ['time', 'acc1', 'acc5', 'ce_loss']
Training:  [0.08441057801246643, 0.0, 0.0, 22.01872811317444]
Testing on Task A:  [0.006197413802146912, 1.25, 6.25, 438.653275680542]
Testing on Task B:  [0.024193811416625976, 10.0, 50.0, 291.4971923828125]
Testing on Task C:  [0.024536919593811036, 10.0, 50.0, 474.19102172851564]
Best Acc:  1.25

Epoch: [57 | 90] LR: 0.001000
Training...
 -> Progress: 20 done!
 -> Progress: 40 done!
 -> Progress: 60 done!
 -> Progress: 80 done!
 -> Progress: 100 done!
Testing...
 -> Progress: 20 done!
 -> Progress: 40 done!
 -> Progress: 60 done!
 -> Progress: 80 done!
 -> Progress: 100 done!
Testing...
 -> Progress: 20 done!
 -> Progress: 40 done!
 -> Progress: 60 done!
 -> Progress: 80 done!
 -> Progress: 100 done!
Testing...
 -> Progress: 20 done!
 -> Progress: 40 done!
 -> Progress: 60 done!
 -> Progress: 80 done!
 -> Progress: 100 done!

Keys:  ['time', 'acc1', 'acc5', 'ce_loss']
Training:  [0.08426149487495423, 0.0, 0.0, 22.277109622955322]
Testing on Task A:  [0.006413266062736511, 1.25, 6.25, 438.6543487548828]
Testing on Task B:  [0.024089646339416505, 10.0, 50.0, 291.5576232910156]
Testing on Task C:  [0.024201726913452147, 10.0, 50.0, 474.4424713134766]
Best Acc:  1.25

Epoch: [58 | 90] LR: 0.001000
Training...
 -> Progress: 20 done!
 -> Progress: 40 done!
 -> Progress: 60 done!
 -> Progress: 80 done!
 -> Progress: 100 done!
Testing...
 -> Progress: 20 done!
 -> Progress: 40 done!
 -> Progress: 60 done!
 -> Progress: 80 done!
 -> Progress: 100 done!
Testing...
 -> Progress: 20 done!
 -> Progress: 40 done!
 -> Progress: 60 done!
 -> Progress: 80 done!
 -> Progress: 100 done!
Testing...
 -> Progress: 20 done!
 -> Progress: 40 done!
 -> Progress: 60 done!
 -> Progress: 80 done!
 -> Progress: 100 done!

Keys:  ['time', 'acc1', 'acc5', 'ce_loss']
Training:  [0.08391271233558655, 0.0, 0.0, 22.17439708709717]
Testing on Task A:  [0.006453657150268554, 1.25, 6.25, 438.655659866333]
Testing on Task B:  [0.02444610595703125, 10.0, 50.0, 291.61451416015626]
Testing on Task C:  [0.02411320209503174, 10.0, 50.0, 474.6864044189453]
Best Acc:  1.25

Epoch: [59 | 90] LR: 0.001000
Training...
 -> Progress: 20 done!
 -> Progress: 40 done!
 -> Progress: 60 done!
 -> Progress: 80 done!
 -> Progress: 100 done!
Testing...
 -> Progress: 20 done!
 -> Progress: 40 done!
 -> Progress: 60 done!
 -> Progress: 80 done!
 -> Progress: 100 done!
Testing...
 -> Progress: 20 done!
 -> Progress: 40 done!
 -> Progress: 60 done!
 -> Progress: 80 done!
 -> Progress: 100 done!
Testing...
 -> Progress: 20 done!
 -> Progress: 40 done!
 -> Progress: 60 done!
 -> Progress: 80 done!
 -> Progress: 100 done!

Keys:  ['time', 'acc1', 'acc5', 'ce_loss']
Training:  [0.08384533524513245, 0.0, 0.0, 21.932249069213867]
Testing on Task A:  [0.0061162859201431274, 1.25, 6.25, 438.6564598083496]
Testing on Task B:  [0.023923969268798827, 10.0, 50.0, 291.68132934570315]
Testing on Task C:  [0.023504805564880372, 10.0, 50.0, 474.9277008056641]
Best Acc:  1.25

Epoch: [60 | 90] LR: 0.001000
Training...
 -> Progress: 20 done!
 -> Progress: 40 done!
 -> Progress: 60 done!
 -> Progress: 80 done!
 -> Progress: 100 done!
Testing...
 -> Progress: 20 done!
 -> Progress: 40 done!
 -> Progress: 60 done!
 -> Progress: 80 done!
 -> Progress: 100 done!
Testing...
 -> Progress: 20 done!
 -> Progress: 40 done!
 -> Progress: 60 done!
 -> Progress: 80 done!
 -> Progress: 100 done!
Testing...
 -> Progress: 20 done!
 -> Progress: 40 done!
 -> Progress: 60 done!
 -> Progress: 80 done!
 -> Progress: 100 done!

Keys:  ['time', 'acc1', 'acc5', 'ce_loss']
Training:  [0.08450572490692139, 0.0, 0.0, 21.917906665802]
Testing on Task A:  [0.006453076004981994, 1.25, 6.25, 438.6575443267822]
Testing on Task B:  [0.024387311935424805, 10.0, 50.0, 291.74590759277345]
Testing on Task C:  [0.024169373512268066, 10.0, 50.0, 475.15516662597656]
Best Acc:  1.25

Epoch: [61 | 90] LR: 0.000100
Training...
 -> Progress: 20 done!
 -> Progress: 40 done!
 -> Progress: 60 done!
 -> Progress: 80 done!
 -> Progress: 100 done!
Testing...
 -> Progress: 20 done!
 -> Progress: 40 done!
 -> Progress: 60 done!
 -> Progress: 80 done!
 -> Progress: 100 done!
Testing...
 -> Progress: 20 done!
 -> Progress: 40 done!
 -> Progress: 60 done!
 -> Progress: 80 done!
 -> Progress: 100 done!
Testing...
 -> Progress: 20 done!
 -> Progress: 40 done!
 -> Progress: 60 done!
 -> Progress: 80 done!
 -> Progress: 100 done!

Keys:  ['time', 'acc1', 'acc5', 'ce_loss']
Training:  [0.08344781398773193, 0.0, 0.0, 21.899528598785402]
Testing on Task A:  [0.00631127655506134, 1.25, 6.25, 438.6576831817627]
Testing on Task B:  [0.024974942207336426, 10.0, 50.0, 291.7500946044922]
Testing on Task C:  [0.023020172119140626, 10.0, 50.0, 475.1717987060547]
Best Acc:  1.25

Epoch: [62 | 90] LR: 0.000100
Training...
 -> Progress: 20 done!
 -> Progress: 40 done!
 -> Progress: 60 done!
 -> Progress: 80 done!
 -> Progress: 100 done!
Testing...
 -> Progress: 20 done!
 -> Progress: 40 done!
 -> Progress: 60 done!
 -> Progress: 80 done!
 -> Progress: 100 done!
Testing...
 -> Progress: 20 done!
 -> Progress: 40 done!
 -> Progress: 60 done!
 -> Progress: 80 done!
 -> Progress: 100 done!
Testing...
 -> Progress: 20 done!
 -> Progress: 40 done!
 -> Progress: 60 done!
 -> Progress: 80 done!
 -> Progress: 100 done!

Keys:  ['time', 'acc1', 'acc5', 'ce_loss']
Training:  [0.08399529457092285, 0.0, 0.0, 21.84278392791748]
Testing on Task A:  [0.00631912648677826, 1.25, 6.25, 438.65783348083494]
Testing on Task B:  [0.024006867408752443, 10.0, 50.0, 291.7539093017578]
Testing on Task C:  [0.02482607364654541, 10.0, 50.0, 475.196875]
Best Acc:  1.25

Epoch: [63 | 90] LR: 0.000100
Training...
 -> Progress: 20 done!
 -> Progress: 40 done!
 -> Progress: 60 done!
 -> Progress: 80 done!
 -> Progress: 100 done!
Testing...
 -> Progress: 20 done!
 -> Progress: 40 done!
 -> Progress: 60 done!
 -> Progress: 80 done!
 -> Progress: 100 done!
Testing...
 -> Progress: 20 done!
 -> Progress: 40 done!
 -> Progress: 60 done!
 -> Progress: 80 done!
 -> Progress: 100 done!
Testing...
 -> Progress: 20 done!
 -> Progress: 40 done!
 -> Progress: 60 done!
 -> Progress: 80 done!
 -> Progress: 100 done!

Keys:  ['time', 'acc1', 'acc5', 'ce_loss']
Training:  [0.08387739658355713, 0.0, 0.0, 22.28392062187195]
Testing on Task A:  [0.006496310234069824, 1.25, 6.25, 438.6579231262207]
Testing on Task B:  [0.02408125400543213, 10.0, 50.0, 291.7590087890625]
Testing on Task C:  [0.02245285511016846, 10.0, 50.0, 475.21649475097655]
Best Acc:  1.25

Epoch: [64 | 90] LR: 0.000100
Training...
 -> Progress: 20 done!
 -> Progress: 40 done!
 -> Progress: 60 done!
 -> Progress: 80 done!
 -> Progress: 100 done!
Testing...
 -> Progress: 20 done!
 -> Progress: 40 done!
 -> Progress: 60 done!
 -> Progress: 80 done!
 -> Progress: 100 done!
Testing...
 -> Progress: 20 done!
 -> Progress: 40 done!
 -> Progress: 60 done!
 -> Progress: 80 done!
 -> Progress: 100 done!
Testing...
 -> Progress: 20 done!
 -> Progress: 40 done!
 -> Progress: 60 done!
 -> Progress: 80 done!
 -> Progress: 100 done!

Keys:  ['time', 'acc1', 'acc5', 'ce_loss']
Training:  [0.08448108434677123, 0.0, 0.0, 22.10248384475708]
Testing on Task A:  [0.006272754073143006, 1.25, 6.25, 438.6580680847168]
Testing on Task B:  [0.024122142791748048, 10.0, 50.0, 291.7615600585938]
Testing on Task C:  [0.024382352828979492, 10.0, 50.0, 475.23963317871096]
Best Acc:  1.25

Epoch: [65 | 90] LR: 0.000100
Training...
 -> Progress: 20 done!
 -> Progress: 40 done!
 -> Progress: 60 done!
 -> Progress: 80 done!
 -> Progress: 100 done!
Testing...
 -> Progress: 20 done!
 -> Progress: 40 done!
 -> Progress: 60 done!
 -> Progress: 80 done!
 -> Progress: 100 done!
Testing...
 -> Progress: 20 done!
 -> Progress: 40 done!
 -> Progress: 60 done!
 -> Progress: 80 done!
 -> Progress: 100 done!
Testing...
 -> Progress: 20 done!
 -> Progress: 40 done!
 -> Progress: 60 done!
 -> Progress: 80 done!
 -> Progress: 100 done!

Keys:  ['time', 'acc1', 'acc5', 'ce_loss']
Training:  [0.08479281663894653, 0.0, 0.0, 21.897032952308656]
Testing on Task A:  [0.006325763463973999, 1.25, 6.25, 438.658166885376]
Testing on Task B:  [0.02491793632507324, 10.0, 50.0, 291.7684326171875]
Testing on Task C:  [0.023975610733032227, 10.0, 50.0, 475.2612609863281]
Best Acc:  1.25

Epoch: [66 | 90] LR: 0.000100
Training...
 -> Progress: 20 done!
 -> Progress: 40 done!
 -> Progress: 60 done!
 -> Progress: 80 done!
 -> Progress: 100 done!
Testing...
 -> Progress: 20 done!
 -> Progress: 40 done!
 -> Progress: 60 done!
 -> Progress: 80 done!
 -> Progress: 100 done!
Testing...
 -> Progress: 20 done!
 -> Progress: 40 done!
 -> Progress: 60 done!
 -> Progress: 80 done!
 -> Progress: 100 done!
Testing...
 -> Progress: 20 done!
 -> Progress: 40 done!
 -> Progress: 60 done!
 -> Progress: 80 done!
 -> Progress: 100 done!

Keys:  ['time', 'acc1', 'acc5', 'ce_loss']
Training:  [0.08479343056678772, 0.0, 0.0, 22.220574378967285]
Testing on Task A:  [0.0063887923955917355, 1.25, 6.25, 438.65832710266113]
Testing on Task B:  [0.024121570587158202, 10.0, 50.0, 291.7706787109375]
Testing on Task C:  [0.02382206916809082, 10.0, 50.0, 475.28541259765626]
Best Acc:  1.25

Epoch: [67 | 90] LR: 0.000100
Training...
 -> Progress: 20 done!
 -> Progress: 40 done!
 -> Progress: 60 done!
 -> Progress: 80 done!
 -> Progress: 100 done!
Testing...
 -> Progress: 20 done!
 -> Progress: 40 done!
 -> Progress: 60 done!
 -> Progress: 80 done!
 -> Progress: 100 done!
Testing...
 -> Progress: 20 done!
 -> Progress: 40 done!
 -> Progress: 60 done!
 -> Progress: 80 done!
 -> Progress: 100 done!
Testing...
 -> Progress: 20 done!
 -> Progress: 40 done!
 -> Progress: 60 done!
 -> Progress: 80 done!
 -> Progress: 100 done!

Keys:  ['time', 'acc1', 'acc5', 'ce_loss']
Training:  [0.08443883061408997, 0.0, 0.0, 22.075105381011962]
Testing on Task A:  [0.0063929975032806395, 1.25, 6.25, 438.65846099853513]
Testing on Task B:  [0.02443804740905762, 10.0, 50.0, 291.776611328125]
Testing on Task C:  [0.023998117446899413, 10.0, 50.0, 475.3063659667969]
Best Acc:  1.25

Epoch: [68 | 90] LR: 0.000100
Training...
 -> Progress: 20 done!
 -> Progress: 40 done!
 -> Progress: 60 done!
 -> Progress: 80 done!
 -> Progress: 100 done!
Testing...
 -> Progress: 20 done!
 -> Progress: 40 done!
 -> Progress: 60 done!
 -> Progress: 80 done!
 -> Progress: 100 done!
Testing...
 -> Progress: 20 done!
 -> Progress: 40 done!
 -> Progress: 60 done!
 -> Progress: 80 done!
 -> Progress: 100 done!
Testing...
 -> Progress: 20 done!
 -> Progress: 40 done!
 -> Progress: 60 done!
 -> Progress: 80 done!
 -> Progress: 100 done!

Keys:  ['time', 'acc1', 'acc5', 'ce_loss']
Training:  [0.0842172384262085, 0.0, 0.0, 21.828470945358276]
Testing on Task A:  [0.006260886788368225, 1.25, 6.25, 438.65858879089353]
Testing on Task B:  [0.024223136901855468, 10.0, 50.0, 291.78233337402344]
Testing on Task C:  [0.02423675060272217, 10.0, 50.0, 475.32402954101565]
Best Acc:  1.25

Epoch: [69 | 90] LR: 0.000100
Training...
 -> Progress: 20 done!
 -> Progress: 40 done!
 -> Progress: 60 done!
 -> Progress: 80 done!
 -> Progress: 100 done!
Testing...
 -> Progress: 20 done!
 -> Progress: 40 done!
 -> Progress: 60 done!
 -> Progress: 80 done!
 -> Progress: 100 done!
Testing...
 -> Progress: 20 done!
 -> Progress: 40 done!
 -> Progress: 60 done!
 -> Progress: 80 done!
 -> Progress: 100 done!
Testing...
 -> Progress: 20 done!
 -> Progress: 40 done!
 -> Progress: 60 done!
 -> Progress: 80 done!
 -> Progress: 100 done!

Keys:  ['time', 'acc1', 'acc5', 'ce_loss']
Training:  [0.08389519453048706, 0.0, 0.0, 21.973974418640136]
Testing on Task A:  [0.006430086493492126, 1.25, 6.25, 438.65880088806153]
Testing on Task B:  [0.023746562004089356, 10.0, 50.0, 291.79064025878904]
Testing on Task C:  [0.023776841163635255, 10.0, 50.0, 475.3323059082031]
Best Acc:  1.25

Epoch: [70 | 90] LR: 0.000100
Training...
 -> Progress: 20 done!
 -> Progress: 40 done!
 -> Progress: 60 done!
 -> Progress: 80 done!
 -> Progress: 100 done!
Testing...
 -> Progress: 20 done!
 -> Progress: 40 done!
 -> Progress: 60 done!
 -> Progress: 80 done!
 -> Progress: 100 done!
Testing...
 -> Progress: 20 done!
 -> Progress: 40 done!
 -> Progress: 60 done!
 -> Progress: 80 done!
 -> Progress: 100 done!
Testing...
 -> Progress: 20 done!
 -> Progress: 40 done!
 -> Progress: 60 done!
 -> Progress: 80 done!
 -> Progress: 100 done!

Keys:  ['time', 'acc1', 'acc5', 'ce_loss']
Training:  [0.08372042179107667, 0.0, 0.0, 22.029564237594606]
Testing on Task A:  [0.006019136309623719, 1.25, 6.25, 438.65896759033205]
Testing on Task B:  [0.02394418716430664, 10.0, 50.0, 291.79477844238284]
Testing on Task C:  [0.024544119834899902, 10.0, 50.0, 475.3506744384766]
Best Acc:  1.25

Epoch: [71 | 90] LR: 0.000100
Training...
 -> Progress: 20 done!
 -> Progress: 40 done!
 -> Progress: 60 done!
 -> Progress: 80 done!
 -> Progress: 100 done!
Testing...
 -> Progress: 20 done!
 -> Progress: 40 done!
 -> Progress: 60 done!
 -> Progress: 80 done!
 -> Progress: 100 done!
Testing...
 -> Progress: 20 done!
 -> Progress: 40 done!
 -> Progress: 60 done!
 -> Progress: 80 done!
 -> Progress: 100 done!
Testing...
 -> Progress: 20 done!
 -> Progress: 40 done!
 -> Progress: 60 done!
 -> Progress: 80 done!
 -> Progress: 100 done!

Keys:  ['time', 'acc1', 'acc5', 'ce_loss']
Training:  [0.08490264415740967, 0.0, 0.0, 22.054405069351198]
Testing on Task A:  [0.006474092602729797, 1.25, 6.25, 438.6591049194336]
Testing on Task B:  [0.02336463928222656, 10.0, 50.0, 291.796484375]
Testing on Task C:  [0.024210524559020997, 10.0, 50.0, 475.35950622558596]
Best Acc:  1.25

Epoch: [72 | 90] LR: 0.000100
Training...
 -> Progress: 20 done!
 -> Progress: 40 done!
 -> Progress: 60 done!
 -> Progress: 80 done!
 -> Progress: 100 done!
Testing...
 -> Progress: 20 done!
 -> Progress: 40 done!
 -> Progress: 60 done!
 -> Progress: 80 done!
 -> Progress: 100 done!
Testing...
 -> Progress: 20 done!
 -> Progress: 40 done!
 -> Progress: 60 done!
 -> Progress: 80 done!
 -> Progress: 100 done!
Testing...
 -> Progress: 20 done!
 -> Progress: 40 done!
 -> Progress: 60 done!
 -> Progress: 80 done!
 -> Progress: 100 done!

Keys:  ['time', 'acc1', 'acc5', 'ce_loss']
Training:  [0.08441762924194336, 0.0, 0.0, 22.325457096099854]
Testing on Task A:  [0.006433692574501037, 1.25, 6.25, 438.6592472076416]
Testing on Task B:  [0.024701571464538573, 10.0, 50.0, 291.8023223876953]
Testing on Task C:  [0.02474379539489746, 10.0, 50.0, 475.3808868408203]
Best Acc:  1.25

Epoch: [73 | 90] LR: 0.000100
Training...
 -> Progress: 20 done!
 -> Progress: 40 done!
 -> Progress: 60 done!
 -> Progress: 80 done!
 -> Progress: 100 done!
Testing...
 -> Progress: 20 done!
 -> Progress: 40 done!
 -> Progress: 60 done!
 -> Progress: 80 done!
 -> Progress: 100 done!
Testing...
 -> Progress: 20 done!
 -> Progress: 40 done!
 -> Progress: 60 done!
 -> Progress: 80 done!
 -> Progress: 100 done!
Testing...
 -> Progress: 20 done!
 -> Progress: 40 done!
 -> Progress: 60 done!
 -> Progress: 80 done!
 -> Progress: 100 done!

Keys:  ['time', 'acc1', 'acc5', 'ce_loss']
Training:  [0.08426242470741271, 0.0, 0.0, 21.919747972488402]
Testing on Task A:  [0.006520459055900573, 1.25, 6.25, 438.65942611694334]
Testing on Task B:  [0.02468569278717041, 10.0, 50.0, 291.80504150390624]
Testing on Task C:  [0.024149298667907715, 10.0, 50.0, 475.4016448974609]
Best Acc:  1.25

Epoch: [74 | 90] LR: 0.000100
Training...
 -> Progress: 20 done!
 -> Progress: 40 done!
 -> Progress: 60 done!
 -> Progress: 80 done!
 -> Progress: 100 done!
Testing...
 -> Progress: 20 done!
 -> Progress: 40 done!
 -> Progress: 60 done!
 -> Progress: 80 done!
 -> Progress: 100 done!
Testing...
 -> Progress: 20 done!
 -> Progress: 40 done!
 -> Progress: 60 done!
 -> Progress: 80 done!
 -> Progress: 100 done!
Testing...
 -> Progress: 20 done!
 -> Progress: 40 done!
 -> Progress: 60 done!
 -> Progress: 80 done!
 -> Progress: 100 done!

Keys:  ['time', 'acc1', 'acc5', 'ce_loss']
Training:  [0.08464102149009704, 0.0, 0.0, 22.099348735809325]
Testing on Task A:  [0.006179323792457581, 1.25, 6.25, 438.65950050354]
Testing on Task B:  [0.02413361072540283, 10.0, 50.0, 291.81187744140624]
Testing on Task C:  [0.024427580833435058, 10.0, 50.0, 475.4140686035156]
Best Acc:  1.25

Epoch: [75 | 90] LR: 0.000100
Training...
 -> Progress: 20 done!
 -> Progress: 40 done!
 -> Progress: 60 done!
 -> Progress: 80 done!
 -> Progress: 100 done!
Testing...
 -> Progress: 20 done!
 -> Progress: 40 done!
 -> Progress: 60 done!
 -> Progress: 80 done!
 -> Progress: 100 done!
Testing...
 -> Progress: 20 done!
 -> Progress: 40 done!
 -> Progress: 60 done!
 -> Progress: 80 done!
 -> Progress: 100 done!
Testing...
 -> Progress: 20 done!
 -> Progress: 40 done!
 -> Progress: 60 done!
 -> Progress: 80 done!
 -> Progress: 100 done!

Keys:  ['time', 'acc1', 'acc5', 'ce_loss']
Training:  [0.08461687564849854, 0.0, 0.0, 22.340753412246706]
Testing on Task A:  [0.0064790785312652584, 1.25, 6.25, 438.6596435546875]
Testing on Task B:  [0.02364513874053955, 10.0, 50.0, 291.81634216308595]
Testing on Task C:  [0.024206328392028808, 10.0, 50.0, 475.4308380126953]
Best Acc:  1.25

Epoch: [76 | 90] LR: 0.000100
Training...
 -> Progress: 20 done!
 -> Progress: 40 done!
 -> Progress: 60 done!
 -> Progress: 80 done!
 -> Progress: 100 done!
Testing...
 -> Progress: 20 done!
 -> Progress: 40 done!
 -> Progress: 60 done!
 -> Progress: 80 done!
 -> Progress: 100 done!
Testing...
 -> Progress: 20 done!
 -> Progress: 40 done!
 -> Progress: 60 done!
 -> Progress: 80 done!
 -> Progress: 100 done!
Testing...
 -> Progress: 20 done!
 -> Progress: 40 done!
 -> Progress: 60 done!
 -> Progress: 80 done!
 -> Progress: 100 done!

Keys:  ['time', 'acc1', 'acc5', 'ce_loss']
Training:  [0.08442407250404357, 0.0, 0.0, 22.00828194618225]
Testing on Task A:  [0.006308218836784363, 1.25, 6.25, 438.6597755432129]
Testing on Task B:  [0.02465488910675049, 10.0, 50.0, 291.82440795898435]
Testing on Task C:  [0.023401570320129395, 10.0, 50.0, 475.4508972167969]
Best Acc:  1.25

Epoch: [77 | 90] LR: 0.000100
Training...
 -> Progress: 20 done!
 -> Progress: 40 done!
 -> Progress: 60 done!
 -> Progress: 80 done!
 -> Progress: 100 done!
Testing...
 -> Progress: 20 done!
 -> Progress: 40 done!
 -> Progress: 60 done!
 -> Progress: 80 done!
 -> Progress: 100 done!
Testing...
 -> Progress: 20 done!
 -> Progress: 40 done!
 -> Progress: 60 done!
 -> Progress: 80 done!
 -> Progress: 100 done!
Testing...
 -> Progress: 20 done!
 -> Progress: 40 done!
 -> Progress: 60 done!
 -> Progress: 80 done!
 -> Progress: 100 done!

Keys:  ['time', 'acc1', 'acc5', 'ce_loss']
Training:  [0.08462046980857849, 0.0, 0.0, 22.13285698890686]
Testing on Task A:  [0.006252518296241761, 1.25, 6.25, 438.6598438262939]
Testing on Task B:  [0.024251794815063475, 10.0, 50.0, 291.8314636230469]
Testing on Task C:  [0.024106764793395997, 10.0, 50.0, 475.47056579589844]
Best Acc:  1.25

Epoch: [78 | 90] LR: 0.000100
Training...
 -> Progress: 20 done!
 -> Progress: 40 done!
 -> Progress: 60 done!
 -> Progress: 80 done!
 -> Progress: 100 done!
Testing...
 -> Progress: 20 done!
 -> Progress: 40 done!
 -> Progress: 60 done!
 -> Progress: 80 done!
 -> Progress: 100 done!
Testing...
 -> Progress: 20 done!
 -> Progress: 40 done!
 -> Progress: 60 done!
 -> Progress: 80 done!
 -> Progress: 100 done!
Testing...
 -> Progress: 20 done!
 -> Progress: 40 done!
 -> Progress: 60 done!
 -> Progress: 80 done!
 -> Progress: 100 done!

Keys:  ['time', 'acc1', 'acc5', 'ce_loss']
Training:  [0.08407645225524903, 0.0, 0.0, 21.806831264495848]
Testing on Task A:  [0.006255984306335449, 1.25, 6.25, 438.6599807739258]
Testing on Task B:  [0.02309412956237793, 10.0, 50.0, 291.83583374023436]
Testing on Task C:  [0.02429656982421875, 10.0, 50.0, 475.4899139404297]
Best Acc:  1.25

Epoch: [79 | 90] LR: 0.000100
Training...
 -> Progress: 20 done!
 -> Progress: 40 done!
 -> Progress: 60 done!
 -> Progress: 80 done!
 -> Progress: 100 done!
Testing...
 -> Progress: 20 done!
 -> Progress: 40 done!
 -> Progress: 60 done!
 -> Progress: 80 done!
 -> Progress: 100 done!
Testing...
 -> Progress: 20 done!
 -> Progress: 40 done!
 -> Progress: 60 done!
 -> Progress: 80 done!
 -> Progress: 100 done!
Testing...
 -> Progress: 20 done!
 -> Progress: 40 done!
 -> Progress: 60 done!
 -> Progress: 80 done!
 -> Progress: 100 done!

Keys:  ['time', 'acc1', 'acc5', 'ce_loss']
Training:  [0.08422746062278748, 0.0, 0.0, 22.04305233955383]
Testing on Task A:  [0.006291800737380981, 1.25, 6.25, 438.66013221740724]
Testing on Task B:  [0.02417747974395752, 10.0, 50.0, 291.8411468505859]
Testing on Task C:  [0.024034929275512696, 10.0, 50.0, 475.5134735107422]
Best Acc:  1.25

Epoch: [80 | 90] LR: 0.000100
Training...
 -> Progress: 20 done!
 -> Progress: 40 done!
 -> Progress: 60 done!
 -> Progress: 80 done!
 -> Progress: 100 done!
Testing...
 -> Progress: 20 done!
 -> Progress: 40 done!
 -> Progress: 60 done!
 -> Progress: 80 done!
 -> Progress: 100 done!
Testing...
 -> Progress: 20 done!
 -> Progress: 40 done!
 -> Progress: 60 done!
 -> Progress: 80 done!
 -> Progress: 100 done!
Testing...
 -> Progress: 20 done!
 -> Progress: 40 done!
 -> Progress: 60 done!
 -> Progress: 80 done!
 -> Progress: 100 done!

Keys:  ['time', 'acc1', 'acc5', 'ce_loss']
Training:  [0.08496160507202148, 0.0, 0.0, 21.9963369846344]
Testing on Task A:  [0.006222334504127502, 1.25, 6.25, 438.6602809906006]
Testing on Task B:  [0.022599124908447267, 10.0, 50.0, 291.8439453125]
Testing on Task C:  [0.024029254913330078, 10.0, 50.0, 475.52576904296876]
Best Acc:  1.25

Epoch: [81 | 90] LR: 0.000100
Training...
 -> Progress: 20 done!
 -> Progress: 40 done!
 -> Progress: 60 done!
 -> Progress: 80 done!
 -> Progress: 100 done!
Testing...
 -> Progress: 20 done!
 -> Progress: 40 done!
 -> Progress: 60 done!
 -> Progress: 80 done!
 -> Progress: 100 done!
Testing...
 -> Progress: 20 done!
 -> Progress: 40 done!
 -> Progress: 60 done!
 -> Progress: 80 done!
 -> Progress: 100 done!
Testing...
 -> Progress: 20 done!
 -> Progress: 40 done!
 -> Progress: 60 done!
 -> Progress: 80 done!
 -> Progress: 100 done!

Keys:  ['time', 'acc1', 'acc5', 'ce_loss']
Training:  [0.0830290138721466, 0.0, 0.0, 21.918642425537108]
Testing on Task A:  [0.006375965476036072, 1.25, 6.25, 438.66042251586913]
Testing on Task B:  [0.023759984970092775, 10.0, 50.0, 291.8504364013672]
Testing on Task C:  [0.023865652084350587, 10.0, 50.0, 475.54462280273435]
Best Acc:  1.25

Epoch: [82 | 90] LR: 0.000100
Training...
 -> Progress: 20 done!
 -> Progress: 40 done!
 -> Progress: 60 done!
 -> Progress: 80 done!
 -> Progress: 100 done!
Testing...
 -> Progress: 20 done!
 -> Progress: 40 done!
 -> Progress: 60 done!
 -> Progress: 80 done!
 -> Progress: 100 done!
Testing...
 -> Progress: 20 done!
 -> Progress: 40 done!
 -> Progress: 60 done!
 -> Progress: 80 done!
 -> Progress: 100 done!
Testing...
 -> Progress: 20 done!
 -> Progress: 40 done!
 -> Progress: 60 done!
 -> Progress: 80 done!
 -> Progress: 100 done!

Keys:  ['time', 'acc1', 'acc5', 'ce_loss']
Training:  [0.08442295789718628, 0.0, 0.0, 21.924507045745848]
Testing on Task A:  [0.006354114413261414, 1.25, 6.25, 438.6604774475098]
Testing on Task B:  [0.023972368240356444, 10.0, 50.0, 291.8521697998047]
Testing on Task C:  [0.02371826171875, 10.0, 50.0, 475.5661376953125]
Best Acc:  1.25

Epoch: [83 | 90] LR: 0.000100
Training...
 -> Progress: 20 done!
 -> Progress: 40 done!
 -> Progress: 60 done!
 -> Progress: 80 done!
 -> Progress: 100 done!
Testing...
 -> Progress: 20 done!
 -> Progress: 40 done!
 -> Progress: 60 done!
 -> Progress: 80 done!
 -> Progress: 100 done!
Testing...
 -> Progress: 20 done!
 -> Progress: 40 done!
 -> Progress: 60 done!
 -> Progress: 80 done!
 -> Progress: 100 done!
Testing...
 -> Progress: 20 done!
 -> Progress: 40 done!
 -> Progress: 60 done!
 -> Progress: 80 done!
 -> Progress: 100 done!

Keys:  ['time', 'acc1', 'acc5', 'ce_loss']
Training:  [0.0848005473613739, 0.0, 0.0, 21.854080963134766]
Testing on Task A:  [0.006449991464614868, 1.25, 6.25, 438.6605911254883]
Testing on Task B:  [0.024072885513305664, 10.0, 50.0, 291.8552185058594]
Testing on Task C:  [0.023719930648803712, 10.0, 50.0, 475.5880493164062]
Best Acc:  1.25

Epoch: [84 | 90] LR: 0.000100
Training...
 -> Progress: 20 done!
 -> Progress: 40 done!
 -> Progress: 60 done!
 -> Progress: 80 done!
 -> Progress: 100 done!
Testing...
 -> Progress: 20 done!
 -> Progress: 40 done!
 -> Progress: 60 done!
 -> Progress: 80 done!
 -> Progress: 100 done!
Testing...
 -> Progress: 20 done!
 -> Progress: 40 done!
 -> Progress: 60 done!
 -> Progress: 80 done!
 -> Progress: 100 done!
Testing...
 -> Progress: 20 done!
 -> Progress: 40 done!
 -> Progress: 60 done!
 -> Progress: 80 done!
 -> Progress: 100 done!

Keys:  ['time', 'acc1', 'acc5', 'ce_loss']
Training:  [0.084050452709198, 0.0, 0.0, 21.92865343093872]
Testing on Task A:  [0.006383541226387024, 1.25, 6.25, 438.6607322692871]
Testing on Task B:  [0.02447636127471924, 10.0, 50.0, 291.86309814453125]
Testing on Task C:  [0.023322319984436034, 10.0, 50.0, 475.60186767578125]
Best Acc:  1.25

Epoch: [85 | 90] LR: 0.000100
Training...
 -> Progress: 20 done!
 -> Progress: 40 done!
 -> Progress: 60 done!
 -> Progress: 80 done!
 -> Progress: 100 done!
Testing...
 -> Progress: 20 done!
 -> Progress: 40 done!
 -> Progress: 60 done!
 -> Progress: 80 done!
 -> Progress: 100 done!
Testing...
 -> Progress: 20 done!
 -> Progress: 40 done!
 -> Progress: 60 done!
 -> Progress: 80 done!
 -> Progress: 100 done!
Testing...
 -> Progress: 20 done!
 -> Progress: 40 done!
 -> Progress: 60 done!
 -> Progress: 80 done!
 -> Progress: 100 done!

Keys:  ['time', 'acc1', 'acc5', 'ce_loss']
Training:  [0.08392497301101684, 0.0, 0.0, 21.965977478027344]
Testing on Task A:  [0.006543776392936707, 1.25, 6.25, 438.6608013153076]
Testing on Task B:  [0.02431957721710205, 10.0, 50.0, 291.8647003173828]
Testing on Task C:  [0.02397046089172363, 10.0, 50.0, 475.6083587646484]
Best Acc:  1.25

Epoch: [86 | 90] LR: 0.000100
Training...
 -> Progress: 20 done!
 -> Progress: 40 done!
 -> Progress: 60 done!
 -> Progress: 80 done!
 -> Progress: 100 done!
Testing...
 -> Progress: 20 done!
 -> Progress: 40 done!
 -> Progress: 60 done!
 -> Progress: 80 done!
 -> Progress: 100 done!
Testing...
 -> Progress: 20 done!
 -> Progress: 40 done!
 -> Progress: 60 done!
 -> Progress: 80 done!
 -> Progress: 100 done!
Testing...
 -> Progress: 20 done!
 -> Progress: 40 done!
 -> Progress: 60 done!
 -> Progress: 80 done!
 -> Progress: 100 done!

Keys:  ['time', 'acc1', 'acc5', 'ce_loss']
Training:  [0.0848375380039215, 0.0, 0.0, 22.050354480743408]
Testing on Task A:  [0.006315112113952637, 1.25, 6.25, 438.6608699798584]
Testing on Task B:  [0.02385087013244629, 10.0, 50.0, 291.8718627929687]
Testing on Task C:  [0.023812365531921387, 10.0, 50.0, 475.6351745605469]
Best Acc:  1.25

Epoch: [87 | 90] LR: 0.000100
Training...
 -> Progress: 20 done!
 -> Progress: 40 done!
 -> Progress: 60 done!
 -> Progress: 80 done!
 -> Progress: 100 done!
Testing...
 -> Progress: 20 done!
 -> Progress: 40 done!
 -> Progress: 60 done!
 -> Progress: 80 done!
 -> Progress: 100 done!
Testing...
 -> Progress: 20 done!
 -> Progress: 40 done!
 -> Progress: 60 done!
 -> Progress: 80 done!
 -> Progress: 100 done!
Testing...
 -> Progress: 20 done!
 -> Progress: 40 done!
 -> Progress: 60 done!
 -> Progress: 80 done!
 -> Progress: 100 done!

Keys:  ['time', 'acc1', 'acc5', 'ce_loss']
Training:  [0.08447786569595336, 0.0, 0.0, 22.05267467498779]
Testing on Task A:  [0.006253364682197571, 1.25, 6.25, 438.660982131958]
Testing on Task B:  [0.024633049964904785, 10.0, 50.0, 291.8783813476563]
Testing on Task C:  [0.023288393020629884, 10.0, 50.0, 475.65953369140624]
Best Acc:  1.25

Epoch: [88 | 90] LR: 0.000100
Training...
 -> Progress: 20 done!
 -> Progress: 40 done!
 -> Progress: 60 done!
 -> Progress: 80 done!
 -> Progress: 100 done!
Testing...
 -> Progress: 20 done!
 -> Progress: 40 done!
 -> Progress: 60 done!
 -> Progress: 80 done!
 -> Progress: 100 done!
Testing...
 -> Progress: 20 done!
 -> Progress: 40 done!
 -> Progress: 60 done!
 -> Progress: 80 done!
 -> Progress: 100 done!
Testing...
 -> Progress: 20 done!
 -> Progress: 40 done!
 -> Progress: 60 done!
 -> Progress: 80 done!
 -> Progress: 100 done!

Keys:  ['time', 'acc1', 'acc5', 'ce_loss']
Training:  [0.08392013311386108, 0.0, 0.0, 22.00203070640564]
Testing on Task A:  [0.00643208920955658, 1.25, 6.25, 438.660998916626]
Testing on Task B:  [0.024249744415283204, 10.0, 50.0, 291.87990112304686]
Testing on Task C:  [0.024435758590698242, 10.0, 50.0, 475.6694061279297]
Best Acc:  1.25

Epoch: [89 | 90] LR: 0.000100
Training...
 -> Progress: 20 done!
 -> Progress: 40 done!
 -> Progress: 60 done!
 -> Progress: 80 done!
 -> Progress: 100 done!
Testing...
 -> Progress: 20 done!
 -> Progress: 40 done!
 -> Progress: 60 done!
 -> Progress: 80 done!
 -> Progress: 100 done!
Testing...
 -> Progress: 20 done!
 -> Progress: 40 done!
 -> Progress: 60 done!
 -> Progress: 80 done!
 -> Progress: 100 done!
Testing...
 -> Progress: 20 done!
 -> Progress: 40 done!
 -> Progress: 60 done!
 -> Progress: 80 done!
 -> Progress: 100 done!

Keys:  ['time', 'acc1', 'acc5', 'ce_loss']
Training:  [0.08468331694602967, 0.0, 0.0, 22.073919343948365]
Testing on Task A:  [0.0061429858207702635, 1.25, 6.25, 438.66115341186526]
Testing on Task B:  [0.024475955963134767, 10.0, 50.0, 291.8862274169922]
Testing on Task C:  [0.02399892807006836, 10.0, 50.0, 475.69579162597654]
Best Acc:  1.25

Epoch: [90 | 90] LR: 0.000100
Training...
 -> Progress: 20 done!
 -> Progress: 40 done!
 -> Progress: 60 done!
 -> Progress: 80 done!
 -> Progress: 100 done!
Testing...
 -> Progress: 20 done!
 -> Progress: 40 done!
 -> Progress: 60 done!
 -> Progress: 80 done!
 -> Progress: 100 done!
Testing...
 -> Progress: 20 done!
 -> Progress: 40 done!
 -> Progress: 60 done!
 -> Progress: 80 done!
 -> Progress: 100 done!
Testing...
 -> Progress: 20 done!
 -> Progress: 40 done!
 -> Progress: 60 done!
 -> Progress: 80 done!
 -> Progress: 100 done!

Keys:  ['time', 'acc1', 'acc5', 'ce_loss']
Training:  [0.0830494523048401, 0.0, 0.0, 22.10474338531494]
Testing on Task A:  [0.006360545754432678, 1.25, 6.25, 438.661243057251]
Testing on Task B:  [0.02418787479400635, 10.0, 50.0, 291.8919952392578]
Testing on Task C:  [0.024596428871154784, 10.0, 50.0, 475.72618713378904]
Best Acc:  1.25

real	8m34.383s
user	10m1.854s
sys	3m40.392s

Ending script...
Mon Feb 28 21:12:55 EST 2022
