Mon Feb 28 21:12:55 EST 2022
Slurm nodes: evc11
You were assigned 1 gpu(s)
Please run `conda env list` to see a list of all available environments. Use
`source activate <env>` to activate the environment '<env>'. 

Currently Loaded Modules:
  1) anaconda/anaconda3

 

	[4mGPU0	mlx5_0	CPU Affinity	NUMA Affinity[0m
GPU0	 X 	SYS	0,2,4,6	0-1
mlx5_0	SYS	 X 		

Legend:

  X    = Self
  SYS  = Connection traversing PCIe as well as the SMP interconnect between NUMA nodes (e.g., QPI/UPI)
  NODE = Connection traversing PCIe as well as the interconnect between PCIe Host Bridges within a NUMA node
  PHB  = Connection traversing PCIe as well as a PCIe Host Bridge (typically the CPU)
  PXB  = Connection traversing multiple PCIe bridges (without traversing the PCIe Host Bridge)
  PIX  = Connection traversing at most a single PCIe bridge
  NV#  = Connection traversing a bonded set of # NVLinks

1.1.0

Namespace(arch='vgg16', checkpoint='checkpoint', data_avail=10, dataset='cifar100', epochs=90, gamma=0.1, jobid='126803', logs='logs', lr=0.01, manualSeed=9653, momentum=0.9, mse_weight=0.01, schedule=[30, 60], task_set='vehicles10-large_animals10-reset80', test_batch=100, train_batch=128, weight_decay=0.0005, workers=4)
==> Preparing dataset cifar100
Files already downloaded and verified
Testing...
 -> Progress: 20 done!
 -> Progress: 40 done!
 -> Progress: 60 done!
 -> Progress: 80 done!
 -> Progress: 100 done!

Test loss: 2.2105 
Val accuracy: 70.25%
==> Preparing dataset cifar100
Files already downloaded and verified
Testing...
 -> Progress: 20 done!
 -> Progress: 40 done!
 -> Progress: 60 done!
 -> Progress: 80 done!
 -> Progress: 100 done!

Test loss: 3.5464 
Val accuracy: 49.90%
==> Preparing dataset cifar100
Files already downloaded and verified
Testing...
 -> Progress: 20 done!
 -> Progress: 40 done!
 -> Progress: 60 done!
 -> Progress: 80 done!
 -> Progress: 100 done!

Test loss: 8.7389 
Val accuracy: 41.00%
==> Preparing dataset cifar100
Files already downloaded and verified
==> Preparing dataset cifar100
Files already downloaded and verified
==> Preparing dataset cifar100
Files already downloaded and verified
==> Preparing dataset cifar100
Files already downloaded and verified
    Total params: 14.77M

Epoch: [1 | 90] LR: 0.010000
Training...
 -> Progress: 20 done!
 -> Progress: 40 done!
 -> Progress: 60 done!
 -> Progress: 80 done!
 -> Progress: 100 done!
Testing...
 -> Progress: 20 done!
 -> Progress: 40 done!
 -> Progress: 60 done!
 -> Progress: 80 done!
 -> Progress: 100 done!
Testing...
 -> Progress: 20 done!
 -> Progress: 40 done!
 -> Progress: 60 done!
 -> Progress: 80 done!
 -> Progress: 100 done!
Testing...
 -> Progress: 20 done!
 -> Progress: 40 done!
 -> Progress: 60 done!
 -> Progress: 80 done!
 -> Progress: 100 done!

Keys:  ['time', 'acc1', 'acc5', 'ce_loss']
Training:  [0.08320959210395813, 0.0, 0.0, 1.1494012489914893]
Testing on Task A:  [0.006494066119194031, 65.05, 88.1, 179.96956844329833]
Testing on Task B:  [0.024493980407714843, 53.8, 90.1, 198.86326065063477]
Testing on Task C:  [0.024447822570800783, 56.6, 93.8, 169.87951049804687]
Best Acc:  65.05

Epoch: [2 | 90] LR: 0.010000
Training...
 -> Progress: 20 done!
 -> Progress: 40 done!
 -> Progress: 60 done!
 -> Progress: 80 done!
 -> Progress: 100 done!
Testing...
 -> Progress: 20 done!
 -> Progress: 40 done!
 -> Progress: 60 done!
 -> Progress: 80 done!
 -> Progress: 100 done!
Testing...
 -> Progress: 20 done!
 -> Progress: 40 done!
 -> Progress: 60 done!
 -> Progress: 80 done!
 -> Progress: 100 done!
Testing...
 -> Progress: 20 done!
 -> Progress: 40 done!
 -> Progress: 60 done!
 -> Progress: 80 done!
 -> Progress: 100 done!

Keys:  ['time', 'acc1', 'acc5', 'ce_loss']
Training:  [0.08319600224494934, 0.0, 0.0, 0.9821405306458473]
Testing on Task A:  [0.006298276782035828, 65.45, 88.4125, 166.89069681167604]
Testing on Task B:  [0.023580121994018554, 54.6, 91.9, 180.3308479309082]
Testing on Task C:  [0.023360276222229005, 61.2, 94.4, 155.34844131469725]
Best Acc:  65.45

Epoch: [3 | 90] LR: 0.010000
Training...
 -> Progress: 20 done!
 -> Progress: 40 done!
 -> Progress: 60 done!
 -> Progress: 80 done!
 -> Progress: 100 done!
Testing...
 -> Progress: 20 done!
 -> Progress: 40 done!
 -> Progress: 60 done!
 -> Progress: 80 done!
 -> Progress: 100 done!
Testing...
 -> Progress: 20 done!
 -> Progress: 40 done!
 -> Progress: 60 done!
 -> Progress: 80 done!
 -> Progress: 100 done!
Testing...
 -> Progress: 20 done!
 -> Progress: 40 done!
 -> Progress: 60 done!
 -> Progress: 80 done!
 -> Progress: 100 done!

Keys:  ['time', 'acc1', 'acc5', 'ce_loss']
Training:  [0.08392518758773804, 0.0, 0.0, 0.5814641393721104]
Testing on Task A:  [0.006289821863174438, 65.7125, 88.8875, 174.81310138702392]
Testing on Task B:  [0.02387580871582031, 58.3, 91.7, 184.1637756347656]
Testing on Task C:  [0.023972344398498536, 62.1, 95.6, 154.97971267700194]
Best Acc:  65.7125

Epoch: [4 | 90] LR: 0.010000
Training...
 -> Progress: 20 done!
 -> Progress: 40 done!
 -> Progress: 60 done!
 -> Progress: 80 done!
 -> Progress: 100 done!
Testing...
 -> Progress: 20 done!
 -> Progress: 40 done!
 -> Progress: 60 done!
 -> Progress: 80 done!
 -> Progress: 100 done!
Testing...
 -> Progress: 20 done!
 -> Progress: 40 done!
 -> Progress: 60 done!
 -> Progress: 80 done!
 -> Progress: 100 done!
Testing...
 -> Progress: 20 done!
 -> Progress: 40 done!
 -> Progress: 60 done!
 -> Progress: 80 done!
 -> Progress: 100 done!

Keys:  ['time', 'acc1', 'acc5', 'ce_loss']
Training:  [0.08343052864074707, 0.0, 0.0, 0.3896957077085972]
Testing on Task A:  [0.00639066994190216, 66.15, 88.9, 177.01291332244872]
Testing on Task B:  [0.024318957328796388, 58.3, 92.0, 197.8410400390625]
Testing on Task C:  [0.02480165958404541, 64.1, 96.7, 149.1041687011719]
Best Acc:  66.15

Epoch: [5 | 90] LR: 0.010000
Training...
 -> Progress: 20 done!
 -> Progress: 40 done!
 -> Progress: 60 done!
 -> Progress: 80 done!
 -> Progress: 100 done!
Testing...
 -> Progress: 20 done!
 -> Progress: 40 done!
 -> Progress: 60 done!
 -> Progress: 80 done!
 -> Progress: 100 done!
Testing...
 -> Progress: 20 done!
 -> Progress: 40 done!
 -> Progress: 60 done!
 -> Progress: 80 done!
 -> Progress: 100 done!
Testing...
 -> Progress: 20 done!
 -> Progress: 40 done!
 -> Progress: 60 done!
 -> Progress: 80 done!
 -> Progress: 100 done!

Keys:  ['time', 'acc1', 'acc5', 'ce_loss']
Training:  [0.08299833536148071, 0.0, 0.0, 0.3430129047483206]
Testing on Task A:  [0.006418254971504211, 67.1125, 89.7125, 177.32272443771362]
Testing on Task B:  [0.02422173023223877, 58.1, 92.4, 193.84671020507812]
Testing on Task C:  [0.024458146095275878, 65.6, 96.2, 155.4120735168457]
Best Acc:  67.1125

Epoch: [6 | 90] LR: 0.010000
Training...
 -> Progress: 20 done!
 -> Progress: 40 done!
 -> Progress: 60 done!
 -> Progress: 80 done!
 -> Progress: 100 done!
Testing...
 -> Progress: 20 done!
 -> Progress: 40 done!
 -> Progress: 60 done!
 -> Progress: 80 done!
 -> Progress: 100 done!
Testing...
 -> Progress: 20 done!
 -> Progress: 40 done!
 -> Progress: 60 done!
 -> Progress: 80 done!
 -> Progress: 100 done!
Testing...
 -> Progress: 20 done!
 -> Progress: 40 done!
 -> Progress: 60 done!
 -> Progress: 80 done!
 -> Progress: 100 done!

Keys:  ['time', 'acc1', 'acc5', 'ce_loss']
Training:  [0.08317782282829285, 0.0, 0.0, 0.23367601707577706]
Testing on Task A:  [0.006234917044639588, 67.0875, 89.7125, 182.59713973999024]
Testing on Task B:  [0.02381272315979004, 60.7, 93.6, 197.74038543701172]
Testing on Task C:  [0.0240572452545166, 63.7, 97.2, 164.55421981811523]
Best Acc:  67.1125

Epoch: [7 | 90] LR: 0.010000
Training...
 -> Progress: 20 done!
 -> Progress: 40 done!
 -> Progress: 60 done!
 -> Progress: 80 done!
 -> Progress: 100 done!
Testing...
 -> Progress: 20 done!
 -> Progress: 40 done!
 -> Progress: 60 done!
 -> Progress: 80 done!
 -> Progress: 100 done!
Testing...
 -> Progress: 20 done!
 -> Progress: 40 done!
 -> Progress: 60 done!
 -> Progress: 80 done!
 -> Progress: 100 done!
Testing...
 -> Progress: 20 done!
 -> Progress: 40 done!
 -> Progress: 60 done!
 -> Progress: 80 done!
 -> Progress: 100 done!

Keys:  ['time', 'acc1', 'acc5', 'ce_loss']
Training:  [0.08296210169792176, 0.0, 0.0, 0.1863980557769537]
Testing on Task A:  [0.006319493055343628, 67.3, 89.8375, 183.2809621810913]
Testing on Task B:  [0.02379746437072754, 62.1, 93.8, 189.77337951660155]
Testing on Task C:  [0.02448093891143799, 63.9, 96.6, 157.35931396484375]
Best Acc:  67.3

Epoch: [8 | 90] LR: 0.010000
Training...
 -> Progress: 20 done!
 -> Progress: 40 done!
 -> Progress: 60 done!
 -> Progress: 80 done!
 -> Progress: 100 done!
Testing...
 -> Progress: 20 done!
 -> Progress: 40 done!
 -> Progress: 60 done!
 -> Progress: 80 done!
 -> Progress: 100 done!
Testing...
 -> Progress: 20 done!
 -> Progress: 40 done!
 -> Progress: 60 done!
 -> Progress: 80 done!
 -> Progress: 100 done!
Testing...
 -> Progress: 20 done!
 -> Progress: 40 done!
 -> Progress: 60 done!
 -> Progress: 80 done!
 -> Progress: 100 done!

Keys:  ['time', 'acc1', 'acc5', 'ce_loss']
Training:  [0.08410004377365113, 0.0, 0.0, 0.16791270524263383]
Testing on Task A:  [0.006434324383735657, 67.4375, 89.9625, 183.63135795593263]
Testing on Task B:  [0.023167681694030762, 60.5, 94.1, 197.59345474243165]
Testing on Task C:  [0.023742055892944335, 66.0, 96.6, 158.42261657714843]
Best Acc:  67.4375

Epoch: [9 | 90] LR: 0.010000
Training...
 -> Progress: 20 done!
 -> Progress: 40 done!
 -> Progress: 60 done!
 -> Progress: 80 done!
 -> Progress: 100 done!
Testing...
 -> Progress: 20 done!
 -> Progress: 40 done!
 -> Progress: 60 done!
 -> Progress: 80 done!
 -> Progress: 100 done!
Testing...
 -> Progress: 20 done!
 -> Progress: 40 done!
 -> Progress: 60 done!
 -> Progress: 80 done!
 -> Progress: 100 done!
Testing...
 -> Progress: 20 done!
 -> Progress: 40 done!
 -> Progress: 60 done!
 -> Progress: 80 done!
 -> Progress: 100 done!

Keys:  ['time', 'acc1', 'acc5', 'ce_loss']
Training:  [0.08379831314086914, 0.0, 0.0, 0.14422557670623065]
Testing on Task A:  [0.00657147765159607, 67.5, 90.2, 179.8847385406494]
Testing on Task B:  [0.024916982650756835, 62.5, 93.3, 187.11898193359374]
Testing on Task C:  [0.024782752990722655, 66.1, 96.3, 156.09392623901368]
Best Acc:  67.5

Epoch: [10 | 90] LR: 0.010000
Training...
 -> Progress: 20 done!
 -> Progress: 40 done!
 -> Progress: 60 done!
 -> Progress: 80 done!
 -> Progress: 100 done!
Testing...
 -> Progress: 20 done!
 -> Progress: 40 done!
 -> Progress: 60 done!
 -> Progress: 80 done!
 -> Progress: 100 done!
Testing...
 -> Progress: 20 done!
 -> Progress: 40 done!
 -> Progress: 60 done!
 -> Progress: 80 done!
 -> Progress: 100 done!
Testing...
 -> Progress: 20 done!
 -> Progress: 40 done!
 -> Progress: 60 done!
 -> Progress: 80 done!
 -> Progress: 100 done!

Keys:  ['time', 'acc1', 'acc5', 'ce_loss']
Training:  [0.08360905051231385, 0.0, 0.0, 0.13471178393810987]
Testing on Task A:  [0.006406548619270325, 67.7125, 90.2, 186.14207878112794]
Testing on Task B:  [0.024356436729431153, 60.0, 93.3, 195.5423728942871]
Testing on Task C:  [0.023168349266052247, 65.4, 97.2, 159.92687072753907]
Best Acc:  67.7125

Epoch: [11 | 90] LR: 0.010000
Training...
 -> Progress: 20 done!
 -> Progress: 40 done!
 -> Progress: 60 done!
 -> Progress: 80 done!
 -> Progress: 100 done!
Testing...
 -> Progress: 20 done!
 -> Progress: 40 done!
 -> Progress: 60 done!
 -> Progress: 80 done!
 -> Progress: 100 done!
Testing...
 -> Progress: 20 done!
 -> Progress: 40 done!
 -> Progress: 60 done!
 -> Progress: 80 done!
 -> Progress: 100 done!
Testing...
 -> Progress: 20 done!
 -> Progress: 40 done!
 -> Progress: 60 done!
 -> Progress: 80 done!
 -> Progress: 100 done!

Keys:  ['time', 'acc1', 'acc5', 'ce_loss']
Training:  [0.08335137963294983, 0.0, 0.0, 0.13014453537762166]
Testing on Task A:  [0.0062875449657440186, 68.15, 90.1, 185.53964796066285]
Testing on Task B:  [0.023454117774963378, 60.8, 93.8, 196.7495315551758]
Testing on Task C:  [0.024197721481323244, 66.8, 96.3, 154.01806640625]
Best Acc:  68.15

Epoch: [12 | 90] LR: 0.010000
Training...
 -> Progress: 20 done!
 -> Progress: 40 done!
 -> Progress: 60 done!
 -> Progress: 80 done!
 -> Progress: 100 done!
Testing...
 -> Progress: 20 done!
 -> Progress: 40 done!
 -> Progress: 60 done!
 -> Progress: 80 done!
 -> Progress: 100 done!
Testing...
 -> Progress: 20 done!
 -> Progress: 40 done!
 -> Progress: 60 done!
 -> Progress: 80 done!
 -> Progress: 100 done!
Testing...
 -> Progress: 20 done!
 -> Progress: 40 done!
 -> Progress: 60 done!
 -> Progress: 80 done!
 -> Progress: 100 done!

Keys:  ['time', 'acc1', 'acc5', 'ce_loss']
Training:  [0.08284136652946472, 0.0, 0.0, 0.17125685401260854]
Testing on Task A:  [0.006555232405662537, 67.1, 89.825, 190.22599678039552]
Testing on Task B:  [0.023959422111511232, 61.5, 93.9, 194.746728515625]
Testing on Task C:  [0.024514269828796387, 65.7, 96.5, 157.64525909423827]
Best Acc:  68.15

Epoch: [13 | 90] LR: 0.010000
Training...
 -> Progress: 20 done!
 -> Progress: 40 done!
 -> Progress: 60 done!
 -> Progress: 80 done!
 -> Progress: 100 done!
Testing...
 -> Progress: 20 done!
 -> Progress: 40 done!
 -> Progress: 60 done!
 -> Progress: 80 done!
 -> Progress: 100 done!
Testing...
 -> Progress: 20 done!
 -> Progress: 40 done!
 -> Progress: 60 done!
 -> Progress: 80 done!
 -> Progress: 100 done!
Testing...
 -> Progress: 20 done!
 -> Progress: 40 done!
 -> Progress: 60 done!
 -> Progress: 80 done!
 -> Progress: 100 done!

Keys:  ['time', 'acc1', 'acc5', 'ce_loss']
Training:  [0.08298196196556092, 0.0, 0.0, 0.1376185979694128]
Testing on Task A:  [0.006047689914703369, 66.9875, 89.575, 192.38590888977052]
Testing on Task B:  [0.024358558654785156, 62.9, 93.5, 191.8311294555664]
Testing on Task C:  [0.023946189880371095, 62.9, 94.0, 206.28015899658203]
Best Acc:  68.15

Epoch: [14 | 90] LR: 0.010000
Training...
 -> Progress: 20 done!
 -> Progress: 40 done!
 -> Progress: 60 done!
 -> Progress: 80 done!
 -> Progress: 100 done!
Testing...
 -> Progress: 20 done!
 -> Progress: 40 done!
 -> Progress: 60 done!
 -> Progress: 80 done!
 -> Progress: 100 done!
Testing...
 -> Progress: 20 done!
 -> Progress: 40 done!
 -> Progress: 60 done!
 -> Progress: 80 done!
 -> Progress: 100 done!
Testing...
 -> Progress: 20 done!
 -> Progress: 40 done!
 -> Progress: 60 done!
 -> Progress: 80 done!
 -> Progress: 100 done!

Keys:  ['time', 'acc1', 'acc5', 'ce_loss']
Training:  [0.0839226245880127, 0.0, 0.0, 0.23833935856819152]
Testing on Task A:  [0.0064737468957901, 66.975, 89.85, 187.3739185333252]
Testing on Task B:  [0.024207186698913575, 61.6, 94.2, 184.97613143920898]
Testing on Task C:  [0.024533009529113768, 66.3, 95.8, 163.36297531127929]
Best Acc:  68.15

Epoch: [15 | 90] LR: 0.010000
Training...
 -> Progress: 20 done!
 -> Progress: 40 done!
 -> Progress: 60 done!
 -> Progress: 80 done!
 -> Progress: 100 done!
Testing...
 -> Progress: 20 done!
 -> Progress: 40 done!
 -> Progress: 60 done!
 -> Progress: 80 done!
 -> Progress: 100 done!
Testing...
 -> Progress: 20 done!
 -> Progress: 40 done!
 -> Progress: 60 done!
 -> Progress: 80 done!
 -> Progress: 100 done!
Testing...
 -> Progress: 20 done!
 -> Progress: 40 done!
 -> Progress: 60 done!
 -> Progress: 80 done!
 -> Progress: 100 done!

Keys:  ['time', 'acc1', 'acc5', 'ce_loss']
Training:  [0.08330689668655396, 0.0, 0.0, 0.13667039293795824]
Testing on Task A:  [0.006235286593437195, 67.325, 90.2625, 188.05862321853638]
Testing on Task B:  [0.024228167533874512, 63.3, 94.1, 181.61905670166016]
Testing on Task C:  [0.02410762310028076, 67.3, 96.2, 153.30900115966796]
Best Acc:  68.15

Epoch: [16 | 90] LR: 0.010000
Training...
 -> Progress: 20 done!
 -> Progress: 40 done!
 -> Progress: 60 done!
 -> Progress: 80 done!
 -> Progress: 100 done!
Testing...
 -> Progress: 20 done!
 -> Progress: 40 done!
 -> Progress: 60 done!
 -> Progress: 80 done!
 -> Progress: 100 done!
Testing...
 -> Progress: 20 done!
 -> Progress: 40 done!
 -> Progress: 60 done!
 -> Progress: 80 done!
 -> Progress: 100 done!
Testing...
 -> Progress: 20 done!
 -> Progress: 40 done!
 -> Progress: 60 done!
 -> Progress: 80 done!
 -> Progress: 100 done!

Keys:  ['time', 'acc1', 'acc5', 'ce_loss']
Training:  [0.08368040323257446, 0.0, 0.0, 0.13092819601297379]
Testing on Task A:  [0.006592279672622681, 67.8, 90.05, 186.24329376220703]
Testing on Task B:  [0.024468231201171874, 63.6, 93.8, 176.12845764160156]
Testing on Task C:  [0.024777913093566896, 66.8, 96.4, 159.60823822021484]
Best Acc:  68.15

Epoch: [17 | 90] LR: 0.010000
Training...
 -> Progress: 20 done!
 -> Progress: 40 done!
 -> Progress: 60 done!
 -> Progress: 80 done!
 -> Progress: 100 done!
Testing...
 -> Progress: 20 done!
 -> Progress: 40 done!
 -> Progress: 60 done!
 -> Progress: 80 done!
 -> Progress: 100 done!
Testing...
 -> Progress: 20 done!
 -> Progress: 40 done!
 -> Progress: 60 done!
 -> Progress: 80 done!
 -> Progress: 100 done!
Testing...
 -> Progress: 20 done!
 -> Progress: 40 done!
 -> Progress: 60 done!
 -> Progress: 80 done!
 -> Progress: 100 done!

Keys:  ['time', 'acc1', 'acc5', 'ce_loss']
Training:  [0.08369376063346863, 0.0, 0.0, 0.14053820073604584]
Testing on Task A:  [0.0059931278228759766, 67.7625, 90.05, 188.7185851097107]
Testing on Task B:  [0.023243165016174315, 63.1, 94.3, 182.90543060302736]
Testing on Task C:  [0.023816657066345216, 67.9, 96.8, 154.8264633178711]
Best Acc:  68.15

Epoch: [18 | 90] LR: 0.010000
Training...
 -> Progress: 20 done!
 -> Progress: 40 done!
 -> Progress: 60 done!
 -> Progress: 80 done!
 -> Progress: 100 done!
Testing...
 -> Progress: 20 done!
 -> Progress: 40 done!
 -> Progress: 60 done!
 -> Progress: 80 done!
 -> Progress: 100 done!
Testing...
 -> Progress: 20 done!
 -> Progress: 40 done!
 -> Progress: 60 done!
 -> Progress: 80 done!
 -> Progress: 100 done!
Testing...
 -> Progress: 20 done!
 -> Progress: 40 done!
 -> Progress: 60 done!
 -> Progress: 80 done!
 -> Progress: 100 done!

Keys:  ['time', 'acc1', 'acc5', 'ce_loss']
Training:  [0.08328129649162293, 0.0, 0.0, 0.10223584901541471]
Testing on Task A:  [0.006341776251792908, 68.2, 90.075, 184.51258487701415]
Testing on Task B:  [0.02365543842315674, 62.6, 94.4, 183.84968795776368]
Testing on Task C:  [0.02418937683105469, 67.6, 96.7, 152.24879837036133]
Best Acc:  68.2

Epoch: [19 | 90] LR: 0.010000
Training...
 -> Progress: 20 done!
 -> Progress: 40 done!
 -> Progress: 60 done!
 -> Progress: 80 done!
 -> Progress: 100 done!
Testing...
 -> Progress: 20 done!
 -> Progress: 40 done!
 -> Progress: 60 done!
 -> Progress: 80 done!
 -> Progress: 100 done!
Testing...
 -> Progress: 20 done!
 -> Progress: 40 done!
 -> Progress: 60 done!
 -> Progress: 80 done!
 -> Progress: 100 done!
Testing...
 -> Progress: 20 done!
 -> Progress: 40 done!
 -> Progress: 60 done!
 -> Progress: 80 done!
 -> Progress: 100 done!

Keys:  ['time', 'acc1', 'acc5', 'ce_loss']
Training:  [0.08305121064186097, 0.0, 0.0, 0.08767750393599272]
Testing on Task A:  [0.006178203225135803, 68.2375, 90.3, 181.70830736160278]
Testing on Task B:  [0.02389829158782959, 63.3, 94.3, 178.63671264648437]
Testing on Task C:  [0.022937560081481935, 68.2, 97.1, 147.2034797668457]
Best Acc:  68.2375

Epoch: [20 | 90] LR: 0.010000
Training...
 -> Progress: 20 done!
 -> Progress: 40 done!
 -> Progress: 60 done!
 -> Progress: 80 done!
 -> Progress: 100 done!
Testing...
 -> Progress: 20 done!
 -> Progress: 40 done!
 -> Progress: 60 done!
 -> Progress: 80 done!
 -> Progress: 100 done!
Testing...
 -> Progress: 20 done!
 -> Progress: 40 done!
 -> Progress: 60 done!
 -> Progress: 80 done!
 -> Progress: 100 done!
Testing...
 -> Progress: 20 done!
 -> Progress: 40 done!
 -> Progress: 60 done!
 -> Progress: 80 done!
 -> Progress: 100 done!

Keys:  ['time', 'acc1', 'acc5', 'ce_loss']
Training:  [0.08318028450012208, 0.0, 0.0, 0.09100112784653902]
Testing on Task A:  [0.0063172876834869385, 67.9875, 90.125, 186.45654516220094]
Testing on Task B:  [0.024863409996032714, 62.5, 94.6, 189.6241027832031]
Testing on Task C:  [0.02479238510131836, 67.2, 96.4, 151.76573791503907]
Best Acc:  68.2375

Epoch: [21 | 90] LR: 0.010000
Training...
 -> Progress: 20 done!
 -> Progress: 40 done!
 -> Progress: 60 done!
 -> Progress: 80 done!
 -> Progress: 100 done!
Testing...
 -> Progress: 20 done!
 -> Progress: 40 done!
 -> Progress: 60 done!
 -> Progress: 80 done!
 -> Progress: 100 done!
Testing...
 -> Progress: 20 done!
 -> Progress: 40 done!
 -> Progress: 60 done!
 -> Progress: 80 done!
 -> Progress: 100 done!
Testing...
 -> Progress: 20 done!
 -> Progress: 40 done!
 -> Progress: 60 done!
 -> Progress: 80 done!
 -> Progress: 100 done!

Keys:  ['time', 'acc1', 'acc5', 'ce_loss']
Training:  [0.08339703679084778, 0.0, 0.0, 0.0827208487316966]
Testing on Task A:  [0.006291323900222778, 68.35, 90.375, 186.1754340171814]
Testing on Task B:  [0.023409152030944826, 64.0, 94.1, 179.19338607788086]
Testing on Task C:  [0.024137377738952637, 68.2, 97.1, 148.4175163269043]
Best Acc:  68.35

Epoch: [22 | 90] LR: 0.010000
Training...
 -> Progress: 20 done!
 -> Progress: 40 done!
 -> Progress: 60 done!
 -> Progress: 80 done!
 -> Progress: 100 done!
Testing...
 -> Progress: 20 done!
 -> Progress: 40 done!
 -> Progress: 60 done!
 -> Progress: 80 done!
 -> Progress: 100 done!
Testing...
 -> Progress: 20 done!
 -> Progress: 40 done!
 -> Progress: 60 done!
 -> Progress: 80 done!
 -> Progress: 100 done!
Testing...
 -> Progress: 20 done!
 -> Progress: 40 done!
 -> Progress: 60 done!
 -> Progress: 80 done!
 -> Progress: 100 done!

Keys:  ['time', 'acc1', 'acc5', 'ce_loss']
Training:  [0.08387041687965394, 0.0, 0.0, 0.07309012860059738]
Testing on Task A:  [0.006267815828323364, 68.6, 90.3875, 188.41600103378295]
Testing on Task B:  [0.0241973876953125, 63.8, 94.0, 184.0496353149414]
Testing on Task C:  [0.024208998680114745, 68.1, 97.0, 154.913338470459]
Best Acc:  68.6

Epoch: [23 | 90] LR: 0.010000
Training...
 -> Progress: 20 done!
 -> Progress: 40 done!
 -> Progress: 60 done!
 -> Progress: 80 done!
 -> Progress: 100 done!
Testing...
 -> Progress: 20 done!
 -> Progress: 40 done!
 -> Progress: 60 done!
 -> Progress: 80 done!
 -> Progress: 100 done!
Testing...
 -> Progress: 20 done!
 -> Progress: 40 done!
 -> Progress: 60 done!
 -> Progress: 80 done!
 -> Progress: 100 done!
Testing...
 -> Progress: 20 done!
 -> Progress: 40 done!
 -> Progress: 60 done!
 -> Progress: 80 done!
 -> Progress: 100 done!

Keys:  ['time', 'acc1', 'acc5', 'ce_loss']
Training:  [0.08331222534179687, 0.0, 0.0, 0.08951315507292748]
Testing on Task A:  [0.006432834267616272, 68.7, 90.3125, 185.53643436431884]
Testing on Task B:  [0.024200940132141115, 63.3, 94.3, 180.90087890625]
Testing on Task C:  [0.024130654335021973, 70.3, 97.0, 141.70938415527343]
Best Acc:  68.7

Epoch: [24 | 90] LR: 0.010000
Training...
 -> Progress: 20 done!
 -> Progress: 40 done!
 -> Progress: 60 done!
 -> Progress: 80 done!
 -> Progress: 100 done!
Testing...
 -> Progress: 20 done!
 -> Progress: 40 done!
 -> Progress: 60 done!
 -> Progress: 80 done!
 -> Progress: 100 done!
Testing...
 -> Progress: 20 done!
 -> Progress: 40 done!
 -> Progress: 60 done!
 -> Progress: 80 done!
 -> Progress: 100 done!
Testing...
 -> Progress: 20 done!
 -> Progress: 40 done!
 -> Progress: 60 done!
 -> Progress: 80 done!
 -> Progress: 100 done!

Keys:  ['time', 'acc1', 'acc5', 'ce_loss']
Training:  [0.08376614451408386, 0.0, 0.0, 0.07148082479834557]
Testing on Task A:  [0.006281599402427673, 68.3, 90.3875, 189.22428073883057]
Testing on Task B:  [0.023994874954223634, 64.3, 94.0, 179.41772003173827]
Testing on Task C:  [0.023922944068908693, 70.1, 97.0, 146.8069755554199]
Best Acc:  68.7

Epoch: [25 | 90] LR: 0.010000
Training...
 -> Progress: 20 done!
 -> Progress: 40 done!
 -> Progress: 60 done!
 -> Progress: 80 done!
 -> Progress: 100 done!
Testing...
 -> Progress: 20 done!
 -> Progress: 40 done!
 -> Progress: 60 done!
 -> Progress: 80 done!
 -> Progress: 100 done!
Testing...
 -> Progress: 20 done!
 -> Progress: 40 done!
 -> Progress: 60 done!
 -> Progress: 80 done!
 -> Progress: 100 done!
Testing...
 -> Progress: 20 done!
 -> Progress: 40 done!
 -> Progress: 60 done!
 -> Progress: 80 done!
 -> Progress: 100 done!

Keys:  ['time', 'acc1', 'acc5', 'ce_loss']
Training:  [0.08370034694671631, 0.0, 0.0, 0.06534246550872921]
Testing on Task A:  [0.0062243670225143434, 68.525, 90.275, 190.32678203582765]
Testing on Task B:  [0.02335057258605957, 64.6, 94.6, 177.6576141357422]
Testing on Task C:  [0.023622608184814452, 70.0, 97.0, 144.85772628784179]
Best Acc:  68.7

Epoch: [26 | 90] LR: 0.010000
Training...
 -> Progress: 20 done!
 -> Progress: 40 done!
 -> Progress: 60 done!
 -> Progress: 80 done!
 -> Progress: 100 done!
Testing...
 -> Progress: 20 done!
 -> Progress: 40 done!
 -> Progress: 60 done!
 -> Progress: 80 done!
 -> Progress: 100 done!
Testing...
 -> Progress: 20 done!
 -> Progress: 40 done!
 -> Progress: 60 done!
 -> Progress: 80 done!
 -> Progress: 100 done!
Testing...
 -> Progress: 20 done!
 -> Progress: 40 done!
 -> Progress: 60 done!
 -> Progress: 80 done!
 -> Progress: 100 done!

Keys:  ['time', 'acc1', 'acc5', 'ce_loss']
Training:  [0.08414315581321716, 0.0, 0.0, 0.06403269208967685]
Testing on Task A:  [0.006461340188980103, 68.425, 90.5875, 191.19110984802245]
Testing on Task B:  [0.024574899673461915, 65.1, 94.2, 179.09593811035157]
Testing on Task C:  [0.024163150787353517, 70.4, 96.9, 143.9001495361328]
Best Acc:  68.7

Epoch: [27 | 90] LR: 0.010000
Training...
 -> Progress: 20 done!
 -> Progress: 40 done!
 -> Progress: 60 done!
 -> Progress: 80 done!
 -> Progress: 100 done!
Testing...
 -> Progress: 20 done!
 -> Progress: 40 done!
 -> Progress: 60 done!
 -> Progress: 80 done!
 -> Progress: 100 done!
Testing...
 -> Progress: 20 done!
 -> Progress: 40 done!
 -> Progress: 60 done!
 -> Progress: 80 done!
 -> Progress: 100 done!
Testing...
 -> Progress: 20 done!
 -> Progress: 40 done!
 -> Progress: 60 done!
 -> Progress: 80 done!
 -> Progress: 100 done!

Keys:  ['time', 'acc1', 'acc5', 'ce_loss']
Training:  [0.08331133723258972, 0.0, 0.0, 0.06397729497402907]
Testing on Task A:  [0.006267452239990234, 68.4125, 90.35, 190.4863618850708]
Testing on Task B:  [0.02474222183227539, 64.2, 94.2, 178.04758377075194]
Testing on Task C:  [0.02379591464996338, 69.9, 97.1, 142.11805877685546]
Best Acc:  68.7

Epoch: [28 | 90] LR: 0.010000
Training...
 -> Progress: 20 done!
 -> Progress: 40 done!
 -> Progress: 60 done!
 -> Progress: 80 done!
 -> Progress: 100 done!
Testing...
 -> Progress: 20 done!
 -> Progress: 40 done!
 -> Progress: 60 done!
 -> Progress: 80 done!
 -> Progress: 100 done!
Testing...
 -> Progress: 20 done!
 -> Progress: 40 done!
 -> Progress: 60 done!
 -> Progress: 80 done!
 -> Progress: 100 done!
Testing...
 -> Progress: 20 done!
 -> Progress: 40 done!
 -> Progress: 60 done!
 -> Progress: 80 done!
 -> Progress: 100 done!

Keys:  ['time', 'acc1', 'acc5', 'ce_loss']
Training:  [0.08400580883026124, 0.0, 0.0, 0.06069315504282713]
Testing on Task A:  [0.006274467706680298, 68.6875, 90.4375, 190.86954164505005]
Testing on Task B:  [0.02420816421508789, 64.3, 94.2, 178.63884887695312]
Testing on Task C:  [0.023680496215820312, 71.2, 97.0, 142.07016983032227]
Best Acc:  68.7

Epoch: [29 | 90] LR: 0.010000
Training...
 -> Progress: 20 done!
 -> Progress: 40 done!
 -> Progress: 60 done!
 -> Progress: 80 done!
 -> Progress: 100 done!
Testing...
 -> Progress: 20 done!
 -> Progress: 40 done!
 -> Progress: 60 done!
 -> Progress: 80 done!
 -> Progress: 100 done!
Testing...
 -> Progress: 20 done!
 -> Progress: 40 done!
 -> Progress: 60 done!
 -> Progress: 80 done!
 -> Progress: 100 done!
Testing...
 -> Progress: 20 done!
 -> Progress: 40 done!
 -> Progress: 60 done!
 -> Progress: 80 done!
 -> Progress: 100 done!

Keys:  ['time', 'acc1', 'acc5', 'ce_loss']
Training:  [0.08417546153068542, 0.0, 0.0, 0.0590436196886003]
Testing on Task A:  [0.006420403718948364, 68.5375, 90.4625, 188.5994553565979]
Testing on Task B:  [0.02402036190032959, 64.5, 94.1, 178.5808006286621]
Testing on Task C:  [0.02463972568511963, 70.8, 97.0, 139.83962326049806]
Best Acc:  68.7

Epoch: [30 | 90] LR: 0.010000
Training...
 -> Progress: 20 done!
 -> Progress: 40 done!
 -> Progress: 60 done!
 -> Progress: 80 done!
 -> Progress: 100 done!
Testing...
 -> Progress: 20 done!
 -> Progress: 40 done!
 -> Progress: 60 done!
 -> Progress: 80 done!
 -> Progress: 100 done!
Testing...
 -> Progress: 20 done!
 -> Progress: 40 done!
 -> Progress: 60 done!
 -> Progress: 80 done!
 -> Progress: 100 done!
Testing...
 -> Progress: 20 done!
 -> Progress: 40 done!
 -> Progress: 60 done!
 -> Progress: 80 done!
 -> Progress: 100 done!

Keys:  ['time', 'acc1', 'acc5', 'ce_loss']
Training:  [0.08351240158081055, 0.0, 0.0, 0.05799701688811183]
Testing on Task A:  [0.0064161717891693115, 68.625, 90.5125, 190.19825220108032]
Testing on Task B:  [0.02457575798034668, 64.1, 94.1, 178.4618896484375]
Testing on Task C:  [0.024509954452514648, 70.3, 96.8, 142.1474922180176]
Best Acc:  68.7

Epoch: [31 | 90] LR: 0.001000
Training...
 -> Progress: 20 done!
 -> Progress: 40 done!
 -> Progress: 60 done!
 -> Progress: 80 done!
 -> Progress: 100 done!
Testing...
 -> Progress: 20 done!
 -> Progress: 40 done!
 -> Progress: 60 done!
 -> Progress: 80 done!
 -> Progress: 100 done!
Testing...
 -> Progress: 20 done!
 -> Progress: 40 done!
 -> Progress: 60 done!
 -> Progress: 80 done!
 -> Progress: 100 done!
Testing...
 -> Progress: 20 done!
 -> Progress: 40 done!
 -> Progress: 60 done!
 -> Progress: 80 done!
 -> Progress: 100 done!

Keys:  ['time', 'acc1', 'acc5', 'ce_loss']
Training:  [0.0832806408405304, 0.0, 0.0, 0.0543557601980865]
Testing on Task A:  [0.006501951813697815, 68.475, 90.475, 189.54797248840333]
Testing on Task B:  [0.02420668601989746, 64.6, 93.9, 177.13432693481445]
Testing on Task C:  [0.02301506996154785, 69.9, 97.0, 141.62397003173828]
Best Acc:  68.7

Epoch: [32 | 90] LR: 0.001000
Training...
 -> Progress: 20 done!
 -> Progress: 40 done!
 -> Progress: 60 done!
 -> Progress: 80 done!
 -> Progress: 100 done!
Testing...
 -> Progress: 20 done!
 -> Progress: 40 done!
 -> Progress: 60 done!
 -> Progress: 80 done!
 -> Progress: 100 done!
Testing...
 -> Progress: 20 done!
 -> Progress: 40 done!
 -> Progress: 60 done!
 -> Progress: 80 done!
 -> Progress: 100 done!
Testing...
 -> Progress: 20 done!
 -> Progress: 40 done!
 -> Progress: 60 done!
 -> Progress: 80 done!
 -> Progress: 100 done!

Keys:  ['time', 'acc1', 'acc5', 'ce_loss']
Training:  [0.08412989974021912, 0.0, 0.0, 0.05266428645700216]
Testing on Task A:  [0.006107038259506226, 68.55, 90.4375, 190.1127993583679]
Testing on Task B:  [0.023198699951171874, 64.6, 93.9, 177.93406524658204]
Testing on Task C:  [0.024625062942504883, 69.8, 97.0, 142.10460052490234]
Best Acc:  68.7

Epoch: [33 | 90] LR: 0.001000
Training...
 -> Progress: 20 done!
 -> Progress: 40 done!
 -> Progress: 60 done!
 -> Progress: 80 done!
 -> Progress: 100 done!
Testing...
 -> Progress: 20 done!
 -> Progress: 40 done!
 -> Progress: 60 done!
 -> Progress: 80 done!
 -> Progress: 100 done!
Testing...
 -> Progress: 20 done!
 -> Progress: 40 done!
 -> Progress: 60 done!
 -> Progress: 80 done!
 -> Progress: 100 done!
Testing...
 -> Progress: 20 done!
 -> Progress: 40 done!
 -> Progress: 60 done!
 -> Progress: 80 done!
 -> Progress: 100 done!

Keys:  ['time', 'acc1', 'acc5', 'ce_loss']
Training:  [0.0838136374950409, 0.0, 0.0, 0.05070415129885077]
Testing on Task A:  [0.006473937630653381, 68.525, 90.45, 190.55978603363036]
Testing on Task B:  [0.024717020988464355, 64.4, 93.9, 178.49430313110352]
Testing on Task C:  [0.024396729469299317, 70.0, 97.1, 141.81524353027345]
Best Acc:  68.7

Epoch: [34 | 90] LR: 0.001000
Training...
 -> Progress: 20 done!
 -> Progress: 40 done!
 -> Progress: 60 done!
 -> Progress: 80 done!
 -> Progress: 100 done!
Testing...
 -> Progress: 20 done!
 -> Progress: 40 done!
 -> Progress: 60 done!
 -> Progress: 80 done!
 -> Progress: 100 done!
Testing...
 -> Progress: 20 done!
 -> Progress: 40 done!
 -> Progress: 60 done!
 -> Progress: 80 done!
 -> Progress: 100 done!
Testing...
 -> Progress: 20 done!
 -> Progress: 40 done!
 -> Progress: 60 done!
 -> Progress: 80 done!
 -> Progress: 100 done!

Keys:  ['time', 'acc1', 'acc5', 'ce_loss']
Training:  [0.08421010375022889, 0.0, 0.0, 0.05078830122947693]
Testing on Task A:  [0.006291937828063965, 68.6, 90.5625, 190.65495586395264]
Testing on Task B:  [0.02463057041168213, 64.4, 94.0, 178.63979949951172]
Testing on Task C:  [0.024377155303955077, 69.9, 97.1, 142.4407196044922]
Best Acc:  68.7

Epoch: [35 | 90] LR: 0.001000
Training...
 -> Progress: 20 done!
 -> Progress: 40 done!
 -> Progress: 60 done!
 -> Progress: 80 done!
 -> Progress: 100 done!
Testing...
 -> Progress: 20 done!
 -> Progress: 40 done!
 -> Progress: 60 done!
 -> Progress: 80 done!
 -> Progress: 100 done!
Testing...
 -> Progress: 20 done!
 -> Progress: 40 done!
 -> Progress: 60 done!
 -> Progress: 80 done!
 -> Progress: 100 done!
Testing...
 -> Progress: 20 done!
 -> Progress: 40 done!
 -> Progress: 60 done!
 -> Progress: 80 done!
 -> Progress: 100 done!

Keys:  ['time', 'acc1', 'acc5', 'ce_loss']
Training:  [0.08351323008537292, 0.0, 0.0, 0.0500153323635459]
Testing on Task A:  [0.006226694583892823, 68.6, 90.6, 189.76529235839843]
Testing on Task B:  [0.024491429328918457, 64.8, 94.0, 177.27784576416016]
Testing on Task C:  [0.024176406860351562, 70.1, 97.2, 141.2034034729004]
Best Acc:  68.7

Epoch: [36 | 90] LR: 0.001000
Training...
 -> Progress: 20 done!
 -> Progress: 40 done!
 -> Progress: 60 done!
 -> Progress: 80 done!
 -> Progress: 100 done!
Testing...
 -> Progress: 20 done!
 -> Progress: 40 done!
 -> Progress: 60 done!
 -> Progress: 80 done!
 -> Progress: 100 done!
Testing...
 -> Progress: 20 done!
 -> Progress: 40 done!
 -> Progress: 60 done!
 -> Progress: 80 done!
 -> Progress: 100 done!
Testing...
 -> Progress: 20 done!
 -> Progress: 40 done!
 -> Progress: 60 done!
 -> Progress: 80 done!
 -> Progress: 100 done!

Keys:  ['time', 'acc1', 'acc5', 'ce_loss']
Training:  [0.08339954018592835, 0.0, 0.0, 0.05099148973822594]
Testing on Task A:  [0.006420367956161499, 68.65, 90.625, 190.68581867218018]
Testing on Task B:  [0.022506165504455566, 64.4, 94.1, 178.52463150024414]
Testing on Task C:  [0.02384769916534424, 70.2, 97.0, 141.43781814575195]
Best Acc:  68.7

Epoch: [37 | 90] LR: 0.001000
Training...
 -> Progress: 20 done!
 -> Progress: 40 done!
 -> Progress: 60 done!
 -> Progress: 80 done!
 -> Progress: 100 done!
Testing...
 -> Progress: 20 done!
 -> Progress: 40 done!
 -> Progress: 60 done!
 -> Progress: 80 done!
 -> Progress: 100 done!
Testing...
 -> Progress: 20 done!
 -> Progress: 40 done!
 -> Progress: 60 done!
 -> Progress: 80 done!
 -> Progress: 100 done!
Testing...
 -> Progress: 20 done!
 -> Progress: 40 done!
 -> Progress: 60 done!
 -> Progress: 80 done!
 -> Progress: 100 done!

Keys:  ['time', 'acc1', 'acc5', 'ce_loss']
Training:  [0.08384493589401246, 0.0, 0.0, 0.05141377029940486]
Testing on Task A:  [0.006277045607566834, 68.5875, 90.5875, 190.1707871437073]
Testing on Task B:  [0.02467644214630127, 64.3, 94.1, 177.8771064758301]
Testing on Task C:  [0.024091625213623048, 70.1, 97.2, 141.65376510620118]
Best Acc:  68.7

Epoch: [38 | 90] LR: 0.001000
Training...
 -> Progress: 20 done!
 -> Progress: 40 done!
 -> Progress: 60 done!
 -> Progress: 80 done!
 -> Progress: 100 done!
Testing...
 -> Progress: 20 done!
 -> Progress: 40 done!
 -> Progress: 60 done!
 -> Progress: 80 done!
 -> Progress: 100 done!
Testing...
 -> Progress: 20 done!
 -> Progress: 40 done!
 -> Progress: 60 done!
 -> Progress: 80 done!
 -> Progress: 100 done!
Testing...
 -> Progress: 20 done!
 -> Progress: 40 done!
 -> Progress: 60 done!
 -> Progress: 80 done!
 -> Progress: 100 done!

Keys:  ['time', 'acc1', 'acc5', 'ce_loss']
Training:  [0.08336654305458069, 0.0, 0.0, 0.05032066693529487]
Testing on Task A:  [0.00634608268737793, 68.5, 90.525, 190.86101655960084]
Testing on Task B:  [0.02448914051055908, 64.8, 94.1, 178.13065643310546]
Testing on Task C:  [0.023833370208740233, 70.2, 97.3, 141.3587188720703]
Best Acc:  68.7

Epoch: [39 | 90] LR: 0.001000
Training...
 -> Progress: 20 done!
 -> Progress: 40 done!
 -> Progress: 60 done!
 -> Progress: 80 done!
 -> Progress: 100 done!
Testing...
 -> Progress: 20 done!
 -> Progress: 40 done!
 -> Progress: 60 done!
 -> Progress: 80 done!
 -> Progress: 100 done!
Testing...
 -> Progress: 20 done!
 -> Progress: 40 done!
 -> Progress: 60 done!
 -> Progress: 80 done!
 -> Progress: 100 done!
Testing...
 -> Progress: 20 done!
 -> Progress: 40 done!
 -> Progress: 60 done!
 -> Progress: 80 done!
 -> Progress: 100 done!

Keys:  ['time', 'acc1', 'acc5', 'ce_loss']
Training:  [0.08371180891990662, 0.0, 0.0, 0.04951575119048357]
Testing on Task A:  [0.0062639713287353516, 68.6375, 90.525, 190.7554021835327]
Testing on Task B:  [0.024137592315673827, 64.8, 94.2, 178.81580352783203]
Testing on Task C:  [0.024826478958129884, 70.4, 97.1, 141.5345916748047]
Best Acc:  68.7

Epoch: [40 | 90] LR: 0.001000
Training...
 -> Progress: 20 done!
 -> Progress: 40 done!
 -> Progress: 60 done!
 -> Progress: 80 done!
 -> Progress: 100 done!
Testing...
 -> Progress: 20 done!
 -> Progress: 40 done!
 -> Progress: 60 done!
 -> Progress: 80 done!
 -> Progress: 100 done!
Testing...
 -> Progress: 20 done!
 -> Progress: 40 done!
 -> Progress: 60 done!
 -> Progress: 80 done!
 -> Progress: 100 done!
Testing...
 -> Progress: 20 done!
 -> Progress: 40 done!
 -> Progress: 60 done!
 -> Progress: 80 done!
 -> Progress: 100 done!

Keys:  ['time', 'acc1', 'acc5', 'ce_loss']
Training:  [0.08403275609016418, 0.0, 0.0, 0.04998945873230696]
Testing on Task A:  [0.006263142824172974, 68.6625, 90.525, 190.5573589324951]
Testing on Task B:  [0.02402331829071045, 64.2, 94.0, 178.62138137817382]
Testing on Task C:  [0.023986673355102538, 70.4, 97.2, 140.76381607055663]
Best Acc:  68.7

Epoch: [41 | 90] LR: 0.001000
Training...
 -> Progress: 20 done!
 -> Progress: 40 done!
 -> Progress: 60 done!
 -> Progress: 80 done!
 -> Progress: 100 done!
Testing...
 -> Progress: 20 done!
 -> Progress: 40 done!
 -> Progress: 60 done!
 -> Progress: 80 done!
 -> Progress: 100 done!
Testing...
 -> Progress: 20 done!
 -> Progress: 40 done!
 -> Progress: 60 done!
 -> Progress: 80 done!
 -> Progress: 100 done!
Testing...
 -> Progress: 20 done!
 -> Progress: 40 done!
 -> Progress: 60 done!
 -> Progress: 80 done!
 -> Progress: 100 done!

Keys:  ['time', 'acc1', 'acc5', 'ce_loss']
Training:  [0.08323673009872437, 0.0, 0.0, 0.04941165158525109]
Testing on Task A:  [0.0062449097633361815, 68.7125, 90.575, 190.46944732666014]
Testing on Task B:  [0.025270509719848632, 64.4, 94.0, 177.5885856628418]
Testing on Task C:  [0.023911499977111818, 70.4, 97.2, 141.08720703125]
Best Acc:  68.7125

Epoch: [42 | 90] LR: 0.001000
Training...
 -> Progress: 20 done!
 -> Progress: 40 done!
 -> Progress: 60 done!
 -> Progress: 80 done!
 -> Progress: 100 done!
Testing...
 -> Progress: 20 done!
 -> Progress: 40 done!
 -> Progress: 60 done!
 -> Progress: 80 done!
 -> Progress: 100 done!
Testing...
 -> Progress: 20 done!
 -> Progress: 40 done!
 -> Progress: 60 done!
 -> Progress: 80 done!
 -> Progress: 100 done!
Testing...
 -> Progress: 20 done!
 -> Progress: 40 done!
 -> Progress: 60 done!
 -> Progress: 80 done!
 -> Progress: 100 done!

Keys:  ['time', 'acc1', 'acc5', 'ce_loss']
Training:  [0.08342499732971191, 0.0, 0.0, 0.048844339698553084]
Testing on Task A:  [0.006424069404602051, 68.6625, 90.6, 190.40161657333374]
Testing on Task B:  [0.02404487133026123, 64.6, 94.3, 177.95150909423828]
Testing on Task C:  [0.02457261085510254, 70.6, 97.3, 141.0977020263672]
Best Acc:  68.7125

Epoch: [43 | 90] LR: 0.001000
Training...
 -> Progress: 20 done!
 -> Progress: 40 done!
 -> Progress: 60 done!
 -> Progress: 80 done!
 -> Progress: 100 done!
Testing...
 -> Progress: 20 done!
 -> Progress: 40 done!
 -> Progress: 60 done!
 -> Progress: 80 done!
 -> Progress: 100 done!
Testing...
 -> Progress: 20 done!
 -> Progress: 40 done!
 -> Progress: 60 done!
 -> Progress: 80 done!
 -> Progress: 100 done!
Testing...
 -> Progress: 20 done!
 -> Progress: 40 done!
 -> Progress: 60 done!
 -> Progress: 80 done!
 -> Progress: 100 done!

Keys:  ['time', 'acc1', 'acc5', 'ce_loss']
Training:  [0.08355478644371032, 0.0, 0.0, 0.049164054542779924]
Testing on Task A:  [0.006086859107017517, 68.625, 90.4875, 190.45499811172485]
Testing on Task B:  [0.023689579963684083, 64.4, 94.1, 178.32639923095704]
Testing on Task C:  [0.024376058578491212, 70.9, 97.2, 140.42951126098632]
Best Acc:  68.7125

Epoch: [44 | 90] LR: 0.001000
Training...
 -> Progress: 20 done!
 -> Progress: 40 done!
 -> Progress: 60 done!
 -> Progress: 80 done!
 -> Progress: 100 done!
Testing...
 -> Progress: 20 done!
 -> Progress: 40 done!
 -> Progress: 60 done!
 -> Progress: 80 done!
 -> Progress: 100 done!
Testing...
 -> Progress: 20 done!
 -> Progress: 40 done!
 -> Progress: 60 done!
 -> Progress: 80 done!
 -> Progress: 100 done!
Testing...
 -> Progress: 20 done!
 -> Progress: 40 done!
 -> Progress: 60 done!
 -> Progress: 80 done!
 -> Progress: 100 done!

Keys:  ['time', 'acc1', 'acc5', 'ce_loss']
Training:  [0.08397345542907715, 0.0, 0.0, 0.04932681852951646]
Testing on Task A:  [0.0062002897262573246, 68.6, 90.5375, 190.77462663650513]
Testing on Task B:  [0.024173521995544435, 64.4, 94.0, 178.2885528564453]
Testing on Task C:  [0.024573612213134765, 71.2, 97.1, 141.25506668090821]
Best Acc:  68.7125

Epoch: [45 | 90] LR: 0.001000
Training...
 -> Progress: 20 done!
 -> Progress: 40 done!
 -> Progress: 60 done!
 -> Progress: 80 done!
 -> Progress: 100 done!
Testing...
 -> Progress: 20 done!
 -> Progress: 40 done!
 -> Progress: 60 done!
 -> Progress: 80 done!
 -> Progress: 100 done!
Testing...
 -> Progress: 20 done!
 -> Progress: 40 done!
 -> Progress: 60 done!
 -> Progress: 80 done!
 -> Progress: 100 done!
Testing...
 -> Progress: 20 done!
 -> Progress: 40 done!
 -> Progress: 60 done!
 -> Progress: 80 done!
 -> Progress: 100 done!

Keys:  ['time', 'acc1', 'acc5', 'ce_loss']
Training:  [0.08363178968429566, 0.0, 0.0, 0.0474726814776659]
Testing on Task A:  [0.006243669986724853, 68.6875, 90.525, 190.62096300125123]
Testing on Task B:  [0.02462458610534668, 64.5, 94.3, 178.40581893920898]
Testing on Task C:  [0.023588728904724122, 70.7, 97.0, 140.4977249145508]
Best Acc:  68.7125

Epoch: [46 | 90] LR: 0.001000
Training...
 -> Progress: 20 done!
 -> Progress: 40 done!
 -> Progress: 60 done!
 -> Progress: 80 done!
 -> Progress: 100 done!
Testing...
 -> Progress: 20 done!
 -> Progress: 40 done!
 -> Progress: 60 done!
 -> Progress: 80 done!
 -> Progress: 100 done!
Testing...
 -> Progress: 20 done!
 -> Progress: 40 done!
 -> Progress: 60 done!
 -> Progress: 80 done!
 -> Progress: 100 done!
Testing...
 -> Progress: 20 done!
 -> Progress: 40 done!
 -> Progress: 60 done!
 -> Progress: 80 done!
 -> Progress: 100 done!

Keys:  ['time', 'acc1', 'acc5', 'ce_loss']
Training:  [0.08278244733810425, 0.0, 0.0, 0.04829159555956721]
Testing on Task A:  [0.006486627459526062, 68.65, 90.55, 190.14944324493408]
Testing on Task B:  [0.02465832233428955, 64.3, 94.3, 178.80740127563476]
Testing on Task C:  [0.023570871353149413, 71.0, 97.1, 140.81891555786132]
Best Acc:  68.7125

Epoch: [47 | 90] LR: 0.001000
Training...
 -> Progress: 20 done!
 -> Progress: 40 done!
 -> Progress: 60 done!
 -> Progress: 80 done!
 -> Progress: 100 done!
Testing...
 -> Progress: 20 done!
 -> Progress: 40 done!
 -> Progress: 60 done!
 -> Progress: 80 done!
 -> Progress: 100 done!
Testing...
 -> Progress: 20 done!
 -> Progress: 40 done!
 -> Progress: 60 done!
 -> Progress: 80 done!
 -> Progress: 100 done!
Testing...
 -> Progress: 20 done!
 -> Progress: 40 done!
 -> Progress: 60 done!
 -> Progress: 80 done!
 -> Progress: 100 done!

Keys:  ['time', 'acc1', 'acc5', 'ce_loss']
Training:  [0.08347710371017455, 0.0, 0.0, 0.04736094987019897]
Testing on Task A:  [0.006268560886383057, 68.6375, 90.5875, 189.95326013565062]
Testing on Task B:  [0.024249887466430663, 64.5, 94.3, 178.00342254638673]
Testing on Task C:  [0.024755430221557618, 70.8, 96.9, 140.34308471679688]
Best Acc:  68.7125

Epoch: [48 | 90] LR: 0.001000
Training...
 -> Progress: 20 done!
 -> Progress: 40 done!
 -> Progress: 60 done!
 -> Progress: 80 done!
 -> Progress: 100 done!
Testing...
 -> Progress: 20 done!
 -> Progress: 40 done!
 -> Progress: 60 done!
 -> Progress: 80 done!
 -> Progress: 100 done!
Testing...
 -> Progress: 20 done!
 -> Progress: 40 done!
 -> Progress: 60 done!
 -> Progress: 80 done!
 -> Progress: 100 done!
Testing...
 -> Progress: 20 done!
 -> Progress: 40 done!
 -> Progress: 60 done!
 -> Progress: 80 done!
 -> Progress: 100 done!

Keys:  ['time', 'acc1', 'acc5', 'ce_loss']
Training:  [0.08411351442337037, 0.0, 0.0, 0.04822743376716972]
Testing on Task A:  [0.006245219707489013, 68.6625, 90.5875, 191.0120922088623]
Testing on Task B:  [0.024144530296325684, 64.5, 94.2, 178.37752838134764]
Testing on Task C:  [0.025103139877319335, 70.8, 97.0, 141.041658782959]
Best Acc:  68.7125

Epoch: [49 | 90] LR: 0.001000
Training...
 -> Progress: 20 done!
 -> Progress: 40 done!
 -> Progress: 60 done!
 -> Progress: 80 done!
 -> Progress: 100 done!
Testing...
 -> Progress: 20 done!
 -> Progress: 40 done!
 -> Progress: 60 done!
 -> Progress: 80 done!
 -> Progress: 100 done!
Testing...
 -> Progress: 20 done!
 -> Progress: 40 done!
 -> Progress: 60 done!
 -> Progress: 80 done!
 -> Progress: 100 done!
Testing...
 -> Progress: 20 done!
 -> Progress: 40 done!
 -> Progress: 60 done!
 -> Progress: 80 done!
 -> Progress: 100 done!

Keys:  ['time', 'acc1', 'acc5', 'ce_loss']
Training:  [0.0833943784236908, 0.0, 0.0, 0.04731657104566693]
Testing on Task A:  [0.006375363469123841, 68.6875, 90.5625, 190.74234209060668]
Testing on Task B:  [0.02398393154144287, 64.4, 94.2, 178.2609893798828]
Testing on Task C:  [0.024202466011047363, 70.8, 97.2, 139.95224151611328]
Best Acc:  68.7125

Epoch: [50 | 90] LR: 0.001000
Training...
 -> Progress: 20 done!
 -> Progress: 40 done!
 -> Progress: 60 done!
 -> Progress: 80 done!
 -> Progress: 100 done!
Testing...
 -> Progress: 20 done!
 -> Progress: 40 done!
 -> Progress: 60 done!
 -> Progress: 80 done!
 -> Progress: 100 done!
Testing...
 -> Progress: 20 done!
 -> Progress: 40 done!
 -> Progress: 60 done!
 -> Progress: 80 done!
 -> Progress: 100 done!
Testing...
 -> Progress: 20 done!
 -> Progress: 40 done!
 -> Progress: 60 done!
 -> Progress: 80 done!
 -> Progress: 100 done!

Keys:  ['time', 'acc1', 'acc5', 'ce_loss']
Training:  [0.08412465453147888, 0.0, 0.0, 0.046905431989580394]
Testing on Task A:  [0.006494253873825073, 68.7875, 90.525, 190.9577555656433]
Testing on Task B:  [0.02387983798980713, 64.9, 94.4, 178.01273498535156]
Testing on Task C:  [0.02551274299621582, 70.8, 97.2, 140.5265785217285]
Best Acc:  68.7875

Epoch: [51 | 90] LR: 0.001000
Training...
 -> Progress: 20 done!
 -> Progress: 40 done!
 -> Progress: 60 done!
 -> Progress: 80 done!
 -> Progress: 100 done!
Testing...
 -> Progress: 20 done!
 -> Progress: 40 done!
 -> Progress: 60 done!
 -> Progress: 80 done!
 -> Progress: 100 done!
Testing...
 -> Progress: 20 done!
 -> Progress: 40 done!
 -> Progress: 60 done!
 -> Progress: 80 done!
 -> Progress: 100 done!
Testing...
 -> Progress: 20 done!
 -> Progress: 40 done!
 -> Progress: 60 done!
 -> Progress: 80 done!
 -> Progress: 100 done!

Keys:  ['time', 'acc1', 'acc5', 'ce_loss']
Training:  [0.08428499698638917, 0.0, 0.0, 0.04659566013142467]
Testing on Task A:  [0.006292620301246643, 68.7375, 90.5875, 190.6915668487549]
Testing on Task B:  [0.02377307415008545, 64.6, 94.2, 177.54665756225586]
Testing on Task C:  [0.023472237586975097, 71.1, 97.1, 140.17209167480468]
Best Acc:  68.7875

Epoch: [52 | 90] LR: 0.001000
Training...
 -> Progress: 20 done!
 -> Progress: 40 done!
 -> Progress: 60 done!
 -> Progress: 80 done!
 -> Progress: 100 done!
Testing...
 -> Progress: 20 done!
 -> Progress: 40 done!
 -> Progress: 60 done!
 -> Progress: 80 done!
 -> Progress: 100 done!
Testing...
 -> Progress: 20 done!
 -> Progress: 40 done!
 -> Progress: 60 done!
 -> Progress: 80 done!
 -> Progress: 100 done!
Testing...
 -> Progress: 20 done!
 -> Progress: 40 done!
 -> Progress: 60 done!
 -> Progress: 80 done!
 -> Progress: 100 done!

Keys:  ['time', 'acc1', 'acc5', 'ce_loss']
Training:  [0.08368349671363831, 0.0, 0.0, 0.047213542461395266]
Testing on Task A:  [0.00626508891582489, 68.7, 90.5875, 190.62670345306395]
Testing on Task B:  [0.023468661308288574, 64.8, 94.1, 177.49848098754882]
Testing on Task C:  [0.02432708740234375, 71.2, 97.3, 140.00065383911132]
Best Acc:  68.7875

Epoch: [53 | 90] LR: 0.001000
Training...
 -> Progress: 20 done!
 -> Progress: 40 done!
 -> Progress: 60 done!
 -> Progress: 80 done!
 -> Progress: 100 done!
Testing...
 -> Progress: 20 done!
 -> Progress: 40 done!
 -> Progress: 60 done!
 -> Progress: 80 done!
 -> Progress: 100 done!
Testing...
 -> Progress: 20 done!
 -> Progress: 40 done!
 -> Progress: 60 done!
 -> Progress: 80 done!
 -> Progress: 100 done!
Testing...
 -> Progress: 20 done!
 -> Progress: 40 done!
 -> Progress: 60 done!
 -> Progress: 80 done!
 -> Progress: 100 done!

Keys:  ['time', 'acc1', 'acc5', 'ce_loss']
Training:  [0.08370893597602844, 0.0, 0.0, 0.046817770879715684]
Testing on Task A:  [0.00623418390750885, 68.7, 90.5875, 190.79839487075805]
Testing on Task B:  [0.023911762237548827, 64.9, 94.2, 178.13183670043946]
Testing on Task C:  [0.023769831657409667, 70.9, 97.3, 140.36327209472657]
Best Acc:  68.7875

Epoch: [54 | 90] LR: 0.001000
Training...
 -> Progress: 20 done!
 -> Progress: 40 done!
 -> Progress: 60 done!
 -> Progress: 80 done!
 -> Progress: 100 done!
Testing...
 -> Progress: 20 done!
 -> Progress: 40 done!
 -> Progress: 60 done!
 -> Progress: 80 done!
 -> Progress: 100 done!
Testing...
 -> Progress: 20 done!
 -> Progress: 40 done!
 -> Progress: 60 done!
 -> Progress: 80 done!
 -> Progress: 100 done!
Testing...
 -> Progress: 20 done!
 -> Progress: 40 done!
 -> Progress: 60 done!
 -> Progress: 80 done!
 -> Progress: 100 done!

Keys:  ['time', 'acc1', 'acc5', 'ce_loss']
Training:  [0.083452969789505, 0.0, 0.0, 0.04670417094603181]
Testing on Task A:  [0.006301665306091308, 68.675, 90.6375, 190.74037399291993]
Testing on Task B:  [0.024443340301513673, 64.7, 94.3, 177.58473892211913]
Testing on Task C:  [0.024362945556640626, 71.1, 97.3, 139.9275665283203]
Best Acc:  68.7875

Epoch: [55 | 90] LR: 0.001000
Training...
 -> Progress: 20 done!
 -> Progress: 40 done!
 -> Progress: 60 done!
 -> Progress: 80 done!
 -> Progress: 100 done!
Testing...
 -> Progress: 20 done!
 -> Progress: 40 done!
 -> Progress: 60 done!
 -> Progress: 80 done!
 -> Progress: 100 done!
Testing...
 -> Progress: 20 done!
 -> Progress: 40 done!
 -> Progress: 60 done!
 -> Progress: 80 done!
 -> Progress: 100 done!
Testing...
 -> Progress: 20 done!
 -> Progress: 40 done!
 -> Progress: 60 done!
 -> Progress: 80 done!
 -> Progress: 100 done!

Keys:  ['time', 'acc1', 'acc5', 'ce_loss']
Training:  [0.08414469957351685, 0.0, 0.0, 0.04780765064060688]
Testing on Task A:  [0.006258669495582581, 68.7625, 90.5375, 191.16475267410277]
Testing on Task B:  [0.023966383934020997, 65.0, 94.2, 177.20616760253907]
Testing on Task C:  [0.024176549911499024, 70.9, 97.2, 140.65336227416992]
Best Acc:  68.7875

Epoch: [56 | 90] LR: 0.001000
Training...
 -> Progress: 20 done!
 -> Progress: 40 done!
 -> Progress: 60 done!
 -> Progress: 80 done!
 -> Progress: 100 done!
Testing...
 -> Progress: 20 done!
 -> Progress: 40 done!
 -> Progress: 60 done!
 -> Progress: 80 done!
 -> Progress: 100 done!
Testing...
 -> Progress: 20 done!
 -> Progress: 40 done!
 -> Progress: 60 done!
 -> Progress: 80 done!
 -> Progress: 100 done!
Testing...
 -> Progress: 20 done!
 -> Progress: 40 done!
 -> Progress: 60 done!
 -> Progress: 80 done!
 -> Progress: 100 done!

Keys:  ['time', 'acc1', 'acc5', 'ce_loss']
Training:  [0.08387240171432495, 0.0, 0.0, 0.04698194144293666]
Testing on Task A:  [0.006312528252601623, 68.75, 90.55, 190.64708137512207]
Testing on Task B:  [0.023169732093811034, 65.0, 94.3, 177.5762565612793]
Testing on Task C:  [0.02405359745025635, 71.0, 97.2, 140.23106307983397]
Best Acc:  68.7875

Epoch: [57 | 90] LR: 0.001000
Training...
 -> Progress: 20 done!
 -> Progress: 40 done!
 -> Progress: 60 done!
 -> Progress: 80 done!
 -> Progress: 100 done!
Testing...
 -> Progress: 20 done!
 -> Progress: 40 done!
 -> Progress: 60 done!
 -> Progress: 80 done!
 -> Progress: 100 done!
Testing...
 -> Progress: 20 done!
 -> Progress: 40 done!
 -> Progress: 60 done!
 -> Progress: 80 done!
 -> Progress: 100 done!
Testing...
 -> Progress: 20 done!
 -> Progress: 40 done!
 -> Progress: 60 done!
 -> Progress: 80 done!
 -> Progress: 100 done!

Keys:  ['time', 'acc1', 'acc5', 'ce_loss']
Training:  [0.0826985001564026, 0.0, 0.0, 0.04723724126815796]
Testing on Task A:  [0.006388869881629944, 68.7125, 90.55, 190.6129620552063]
Testing on Task B:  [0.02399783134460449, 64.8, 94.2, 177.32579040527344]
Testing on Task C:  [0.02252187728881836, 71.0, 97.1, 140.06791229248046]
Best Acc:  68.7875

Epoch: [58 | 90] LR: 0.001000
Training...
 -> Progress: 20 done!
 -> Progress: 40 done!
 -> Progress: 60 done!
 -> Progress: 80 done!
 -> Progress: 100 done!
Testing...
 -> Progress: 20 done!
 -> Progress: 40 done!
 -> Progress: 60 done!
 -> Progress: 80 done!
 -> Progress: 100 done!
Testing...
 -> Progress: 20 done!
 -> Progress: 40 done!
 -> Progress: 60 done!
 -> Progress: 80 done!
 -> Progress: 100 done!
Testing...
 -> Progress: 20 done!
 -> Progress: 40 done!
 -> Progress: 60 done!
 -> Progress: 80 done!
 -> Progress: 100 done!

Keys:  ['time', 'acc1', 'acc5', 'ce_loss']
Training:  [0.08321325778961182, 0.0, 0.0, 0.0462175415828824]
Testing on Task A:  [0.006092095375061035, 68.675, 90.55, 190.85788011550903]
Testing on Task B:  [0.02435901165008545, 65.0, 94.3, 177.72261734008788]
Testing on Task C:  [0.02467653751373291, 70.6, 97.2, 140.81762237548827]
Best Acc:  68.7875

Epoch: [59 | 90] LR: 0.001000
Training...
 -> Progress: 20 done!
 -> Progress: 40 done!
 -> Progress: 60 done!
 -> Progress: 80 done!
 -> Progress: 100 done!
Testing...
 -> Progress: 20 done!
 -> Progress: 40 done!
 -> Progress: 60 done!
 -> Progress: 80 done!
 -> Progress: 100 done!
Testing...
 -> Progress: 20 done!
 -> Progress: 40 done!
 -> Progress: 60 done!
 -> Progress: 80 done!
 -> Progress: 100 done!
Testing...
 -> Progress: 20 done!
 -> Progress: 40 done!
 -> Progress: 60 done!
 -> Progress: 80 done!
 -> Progress: 100 done!

Keys:  ['time', 'acc1', 'acc5', 'ce_loss']
Training:  [0.08366052508354187, 0.0, 0.0, 0.04597742455080152]
Testing on Task A:  [0.006247621774673462, 68.65, 90.5125, 190.83970193862916]
Testing on Task B:  [0.024129486083984374, 64.6, 94.4, 177.95025177001952]
Testing on Task C:  [0.023435020446777345, 70.8, 97.3, 140.10627517700195]
Best Acc:  68.7875

Epoch: [60 | 90] LR: 0.001000
Training...
 -> Progress: 20 done!
 -> Progress: 40 done!
 -> Progress: 60 done!
 -> Progress: 80 done!
 -> Progress: 100 done!
Testing...
 -> Progress: 20 done!
 -> Progress: 40 done!
 -> Progress: 60 done!
 -> Progress: 80 done!
 -> Progress: 100 done!
Testing...
 -> Progress: 20 done!
 -> Progress: 40 done!
 -> Progress: 60 done!
 -> Progress: 80 done!
 -> Progress: 100 done!
Testing...
 -> Progress: 20 done!
 -> Progress: 40 done!
 -> Progress: 60 done!
 -> Progress: 80 done!
 -> Progress: 100 done!

Keys:  ['time', 'acc1', 'acc5', 'ce_loss']
Training:  [0.08388646245002747, 0.0, 0.0, 0.04482471328228712]
Testing on Task A:  [0.006306147575378418, 68.6375, 90.5125, 191.19813661575319]
Testing on Task B:  [0.024631428718566894, 64.5, 94.4, 178.3813461303711]
Testing on Task C:  [0.024769115447998046, 71.1, 97.3, 140.43378372192382]
Best Acc:  68.7875

Epoch: [61 | 90] LR: 0.000100
Training...
 -> Progress: 20 done!
 -> Progress: 40 done!
 -> Progress: 60 done!
 -> Progress: 80 done!
 -> Progress: 100 done!
Testing...
 -> Progress: 20 done!
 -> Progress: 40 done!
 -> Progress: 60 done!
 -> Progress: 80 done!
 -> Progress: 100 done!
Testing...
 -> Progress: 20 done!
 -> Progress: 40 done!
 -> Progress: 60 done!
 -> Progress: 80 done!
 -> Progress: 100 done!
Testing...
 -> Progress: 20 done!
 -> Progress: 40 done!
 -> Progress: 60 done!
 -> Progress: 80 done!
 -> Progress: 100 done!

Keys:  ['time', 'acc1', 'acc5', 'ce_loss']
Training:  [0.08358566164970398, 0.0, 0.0, 0.04594564801082015]
Testing on Task A:  [0.0064512878656387326, 68.6625, 90.5375, 191.0989520072937]
Testing on Task B:  [0.02466423511505127, 64.5, 94.3, 178.205899810791]
Testing on Task C:  [0.024549388885498048, 71.2, 97.3, 140.40038375854493]
Best Acc:  68.7875

Epoch: [62 | 90] LR: 0.000100
Training...
 -> Progress: 20 done!
 -> Progress: 40 done!
 -> Progress: 60 done!
 -> Progress: 80 done!
 -> Progress: 100 done!
Testing...
 -> Progress: 20 done!
 -> Progress: 40 done!
 -> Progress: 60 done!
 -> Progress: 80 done!
 -> Progress: 100 done!
Testing...
 -> Progress: 20 done!
 -> Progress: 40 done!
 -> Progress: 60 done!
 -> Progress: 80 done!
 -> Progress: 100 done!
Testing...
 -> Progress: 20 done!
 -> Progress: 40 done!
 -> Progress: 60 done!
 -> Progress: 80 done!
 -> Progress: 100 done!

Keys:  ['time', 'acc1', 'acc5', 'ce_loss']
Training:  [0.08365034461021423, 0.0, 0.0, 0.044739036820828915]
Testing on Task A:  [0.006341496109962463, 68.675, 90.55, 191.11191835403443]
Testing on Task B:  [0.022667360305786134, 64.6, 94.3, 178.18842468261718]
Testing on Task C:  [0.024664878845214844, 71.2, 97.3, 140.500244140625]
Best Acc:  68.7875

Epoch: [63 | 90] LR: 0.000100
Training...
 -> Progress: 20 done!
 -> Progress: 40 done!
 -> Progress: 60 done!
 -> Progress: 80 done!
 -> Progress: 100 done!
Testing...
 -> Progress: 20 done!
 -> Progress: 40 done!
 -> Progress: 60 done!
 -> Progress: 80 done!
 -> Progress: 100 done!
Testing...
 -> Progress: 20 done!
 -> Progress: 40 done!
 -> Progress: 60 done!
 -> Progress: 80 done!
 -> Progress: 100 done!
Testing...
 -> Progress: 20 done!
 -> Progress: 40 done!
 -> Progress: 60 done!
 -> Progress: 80 done!
 -> Progress: 100 done!

Keys:  ['time', 'acc1', 'acc5', 'ce_loss']
Training:  [0.08365597128868103, 0.0, 0.0, 0.04564663823693991]
Testing on Task A:  [0.006183913350105286, 68.675, 90.525, 191.0730350494385]
Testing on Task B:  [0.023990821838378907, 64.7, 94.3, 178.05203399658203]
Testing on Task C:  [0.02439754009246826, 71.1, 97.3, 140.47007369995117]
Best Acc:  68.7875

Epoch: [64 | 90] LR: 0.000100
Training...
 -> Progress: 20 done!
 -> Progress: 40 done!
 -> Progress: 60 done!
 -> Progress: 80 done!
 -> Progress: 100 done!
Testing...
 -> Progress: 20 done!
 -> Progress: 40 done!
 -> Progress: 60 done!
 -> Progress: 80 done!
 -> Progress: 100 done!
Testing...
 -> Progress: 20 done!
 -> Progress: 40 done!
 -> Progress: 60 done!
 -> Progress: 80 done!
 -> Progress: 100 done!
Testing...
 -> Progress: 20 done!
 -> Progress: 40 done!
 -> Progress: 60 done!
 -> Progress: 80 done!
 -> Progress: 100 done!

Keys:  ['time', 'acc1', 'acc5', 'ce_loss']
Training:  [0.08370011448860168, 0.0, 0.0, 0.04554479457437992]
Testing on Task A:  [0.006295403838157654, 68.6875, 90.5, 191.02914190292358]
Testing on Task B:  [0.02348775863647461, 64.7, 94.3, 178.0068389892578]
Testing on Task C:  [0.024242711067199708, 71.1, 97.3, 140.47516174316405]
Best Acc:  68.7875

Epoch: [65 | 90] LR: 0.000100
Training...
 -> Progress: 20 done!
 -> Progress: 40 done!
 -> Progress: 60 done!
 -> Progress: 80 done!
 -> Progress: 100 done!
Testing...
 -> Progress: 20 done!
 -> Progress: 40 done!
 -> Progress: 60 done!
 -> Progress: 80 done!
 -> Progress: 100 done!
Testing...
 -> Progress: 20 done!
 -> Progress: 40 done!
 -> Progress: 60 done!
 -> Progress: 80 done!
 -> Progress: 100 done!
Testing...
 -> Progress: 20 done!
 -> Progress: 40 done!
 -> Progress: 60 done!
 -> Progress: 80 done!
 -> Progress: 100 done!

Keys:  ['time', 'acc1', 'acc5', 'ce_loss']
Training:  [0.08325076103210449, 0.0, 0.0, 0.045607231836766]
Testing on Task A:  [0.006324687600135803, 68.7, 90.4875, 190.99465503692628]
Testing on Task B:  [0.024003052711486818, 64.6, 94.2, 177.94843063354492]
Testing on Task C:  [0.024263572692871094, 71.0, 97.3, 140.45209350585938]
Best Acc:  68.7875

Epoch: [66 | 90] LR: 0.000100
Training...
 -> Progress: 20 done!
 -> Progress: 40 done!
 -> Progress: 60 done!
 -> Progress: 80 done!
 -> Progress: 100 done!
Testing...
 -> Progress: 20 done!
 -> Progress: 40 done!
 -> Progress: 60 done!
 -> Progress: 80 done!
 -> Progress: 100 done!
Testing...
 -> Progress: 20 done!
 -> Progress: 40 done!
 -> Progress: 60 done!
 -> Progress: 80 done!
 -> Progress: 100 done!
Testing...
 -> Progress: 20 done!
 -> Progress: 40 done!
 -> Progress: 60 done!
 -> Progress: 80 done!
 -> Progress: 100 done!

Keys:  ['time', 'acc1', 'acc5', 'ce_loss']
Training:  [0.08353238701820373, 0.0, 0.0, 0.045600438583642246]
Testing on Task A:  [0.006240245699882507, 68.65, 90.4625, 190.96438522338866]
Testing on Task B:  [0.02404453754425049, 64.5, 94.3, 177.90910263061522]
Testing on Task C:  [0.024202704429626465, 71.0, 97.3, 140.2966781616211]
Best Acc:  68.7875

Epoch: [67 | 90] LR: 0.000100
Training...
 -> Progress: 20 done!
 -> Progress: 40 done!
 -> Progress: 60 done!
 -> Progress: 80 done!
 -> Progress: 100 done!
Testing...
 -> Progress: 20 done!
 -> Progress: 40 done!
 -> Progress: 60 done!
 -> Progress: 80 done!
 -> Progress: 100 done!
Testing...
 -> Progress: 20 done!
 -> Progress: 40 done!
 -> Progress: 60 done!
 -> Progress: 80 done!
 -> Progress: 100 done!
Testing...
 -> Progress: 20 done!
 -> Progress: 40 done!
 -> Progress: 60 done!
 -> Progress: 80 done!
 -> Progress: 100 done!

Keys:  ['time', 'acc1', 'acc5', 'ce_loss']
Training:  [0.08306425213813781, 0.0, 0.0, 0.045667562540620564]
Testing on Task A:  [0.006260710954666138, 68.6125, 90.4875, 190.99180927276612]
Testing on Task B:  [0.02416975498199463, 64.4, 94.3, 177.89749908447266]
Testing on Task C:  [0.024206137657165526, 71.1, 97.3, 140.22592391967774]
Best Acc:  68.7875

Epoch: [68 | 90] LR: 0.000100
Training...
 -> Progress: 20 done!
 -> Progress: 40 done!
 -> Progress: 60 done!
 -> Progress: 80 done!
 -> Progress: 100 done!
Testing...
 -> Progress: 20 done!
 -> Progress: 40 done!
 -> Progress: 60 done!
 -> Progress: 80 done!
 -> Progress: 100 done!
Testing...
 -> Progress: 20 done!
 -> Progress: 40 done!
 -> Progress: 60 done!
 -> Progress: 80 done!
 -> Progress: 100 done!
Testing...
 -> Progress: 20 done!
 -> Progress: 40 done!
 -> Progress: 60 done!
 -> Progress: 80 done!
 -> Progress: 100 done!

Keys:  ['time', 'acc1', 'acc5', 'ce_loss']
Training:  [0.08352664709091187, 0.0, 0.0, 0.044505362119525674]
Testing on Task A:  [0.006335359811782837, 68.625, 90.4875, 191.03379678726196]
Testing on Task B:  [0.023617815971374512, 64.7, 94.3, 177.87782516479493]
Testing on Task C:  [0.0243882417678833, 71.1, 97.3, 140.34175643920898]
Best Acc:  68.7875

Epoch: [69 | 90] LR: 0.000100
Training...
 -> Progress: 20 done!
 -> Progress: 40 done!
 -> Progress: 60 done!
 -> Progress: 80 done!
 -> Progress: 100 done!
Testing...
 -> Progress: 20 done!
 -> Progress: 40 done!
 -> Progress: 60 done!
 -> Progress: 80 done!
 -> Progress: 100 done!
Testing...
 -> Progress: 20 done!
 -> Progress: 40 done!
 -> Progress: 60 done!
 -> Progress: 80 done!
 -> Progress: 100 done!
Testing...
 -> Progress: 20 done!
 -> Progress: 40 done!
 -> Progress: 60 done!
 -> Progress: 80 done!
 -> Progress: 100 done!

Keys:  ['time', 'acc1', 'acc5', 'ce_loss']
Training:  [0.08287766575813293, 0.0, 0.0, 0.04596894737333059]
Testing on Task A:  [0.006104183197021484, 68.625, 90.475, 190.98836240768432]
Testing on Task B:  [0.024557971954345705, 64.7, 94.3, 177.77988967895507]
Testing on Task C:  [0.02421255111694336, 71.2, 97.3, 140.38787918090821]
Best Acc:  68.7875

Epoch: [70 | 90] LR: 0.000100
Training...
 -> Progress: 20 done!
 -> Progress: 40 done!
 -> Progress: 60 done!
 -> Progress: 80 done!
 -> Progress: 100 done!
Testing...
 -> Progress: 20 done!
 -> Progress: 40 done!
 -> Progress: 60 done!
 -> Progress: 80 done!
 -> Progress: 100 done!
Testing...
 -> Progress: 20 done!
 -> Progress: 40 done!
 -> Progress: 60 done!
 -> Progress: 80 done!
 -> Progress: 100 done!
Testing...
 -> Progress: 20 done!
 -> Progress: 40 done!
 -> Progress: 60 done!
 -> Progress: 80 done!
 -> Progress: 100 done!

Keys:  ['time', 'acc1', 'acc5', 'ce_loss']
Training:  [0.08431403040885925, 0.0, 0.0, 0.04534932132810354]
Testing on Task A:  [0.00625666081905365, 68.6375, 90.475, 190.9506513595581]
Testing on Task B:  [0.024132275581359865, 64.6, 94.3, 177.7934211730957]
Testing on Task C:  [0.024266767501831054, 71.0, 97.3, 140.3209457397461]
Best Acc:  68.7875

Epoch: [71 | 90] LR: 0.000100
Training...
 -> Progress: 20 done!
 -> Progress: 40 done!
 -> Progress: 60 done!
 -> Progress: 80 done!
 -> Progress: 100 done!
Testing...
 -> Progress: 20 done!
 -> Progress: 40 done!
 -> Progress: 60 done!
 -> Progress: 80 done!
 -> Progress: 100 done!
Testing...
 -> Progress: 20 done!
 -> Progress: 40 done!
 -> Progress: 60 done!
 -> Progress: 80 done!
 -> Progress: 100 done!
Testing...
 -> Progress: 20 done!
 -> Progress: 40 done!
 -> Progress: 60 done!
 -> Progress: 80 done!
 -> Progress: 100 done!

Keys:  ['time', 'acc1', 'acc5', 'ce_loss']
Training:  [0.08392184376716613, 0.0, 0.0, 0.045304080657660964]
Testing on Task A:  [0.006303474307060242, 68.6375, 90.4875, 190.95655784606933]
Testing on Task B:  [0.023870134353637697, 64.6, 94.3, 177.766259765625]
Testing on Task C:  [0.02448110580444336, 71.0, 97.3, 140.21830978393555]
Best Acc:  68.7875

Epoch: [72 | 90] LR: 0.000100
Training...
 -> Progress: 20 done!
 -> Progress: 40 done!
 -> Progress: 60 done!
 -> Progress: 80 done!
 -> Progress: 100 done!
Testing...
 -> Progress: 20 done!
 -> Progress: 40 done!
 -> Progress: 60 done!
 -> Progress: 80 done!
 -> Progress: 100 done!
Testing...
 -> Progress: 20 done!
 -> Progress: 40 done!
 -> Progress: 60 done!
 -> Progress: 80 done!
 -> Progress: 100 done!
Testing...
 -> Progress: 20 done!
 -> Progress: 40 done!
 -> Progress: 60 done!
 -> Progress: 80 done!
 -> Progress: 100 done!

Keys:  ['time', 'acc1', 'acc5', 'ce_loss']
Training:  [0.08301666378974915, 0.0, 0.0, 0.045454356167465446]
Testing on Task A:  [0.0064901202917098996, 68.6625, 90.4875, 190.99805955886842]
Testing on Task B:  [0.02468118667602539, 64.7, 94.3, 177.76861953735352]
Testing on Task C:  [0.023922419548034667, 71.1, 97.3, 140.25665817260742]
Best Acc:  68.7875

Epoch: [73 | 90] LR: 0.000100
Training...
 -> Progress: 20 done!
 -> Progress: 40 done!
 -> Progress: 60 done!
 -> Progress: 80 done!
 -> Progress: 100 done!
Testing...
 -> Progress: 20 done!
 -> Progress: 40 done!
 -> Progress: 60 done!
 -> Progress: 80 done!
 -> Progress: 100 done!
Testing...
 -> Progress: 20 done!
 -> Progress: 40 done!
 -> Progress: 60 done!
 -> Progress: 80 done!
 -> Progress: 100 done!
Testing...
 -> Progress: 20 done!
 -> Progress: 40 done!
 -> Progress: 60 done!
 -> Progress: 80 done!
 -> Progress: 100 done!

Keys:  ['time', 'acc1', 'acc5', 'ce_loss']
Training:  [0.0842657744884491, 0.0, 0.0, 0.04598079174757004]
Testing on Task A:  [0.006203404068946839, 68.6375, 90.4625, 190.97264528274536]
Testing on Task B:  [0.023570442199707033, 64.7, 94.3, 177.7602554321289]
Testing on Task C:  [0.024220824241638184, 71.1, 97.3, 140.28552017211913]
Best Acc:  68.7875

Epoch: [74 | 90] LR: 0.000100
Training...
 -> Progress: 20 done!
 -> Progress: 40 done!
 -> Progress: 60 done!
 -> Progress: 80 done!
 -> Progress: 100 done!
Testing...
 -> Progress: 20 done!
 -> Progress: 40 done!
 -> Progress: 60 done!
 -> Progress: 80 done!
 -> Progress: 100 done!
Testing...
 -> Progress: 20 done!
 -> Progress: 40 done!
 -> Progress: 60 done!
 -> Progress: 80 done!
 -> Progress: 100 done!
Testing...
 -> Progress: 20 done!
 -> Progress: 40 done!
 -> Progress: 60 done!
 -> Progress: 80 done!
 -> Progress: 100 done!

Keys:  ['time', 'acc1', 'acc5', 'ce_loss']
Training:  [0.08347746729850769, 0.0, 0.0, 0.04518914632499218]
Testing on Task A:  [0.006430226564407349, 68.6375, 90.4875, 191.01606769561766]
Testing on Task B:  [0.024335408210754396, 64.8, 94.3, 177.78639755249023]
Testing on Task C:  [0.024381685256958007, 71.0, 97.3, 140.35220947265626]
Best Acc:  68.7875

Epoch: [75 | 90] LR: 0.000100
Training...
 -> Progress: 20 done!
 -> Progress: 40 done!
 -> Progress: 60 done!
 -> Progress: 80 done!
 -> Progress: 100 done!
Testing...
 -> Progress: 20 done!
 -> Progress: 40 done!
 -> Progress: 60 done!
 -> Progress: 80 done!
 -> Progress: 100 done!
Testing...
 -> Progress: 20 done!
 -> Progress: 40 done!
 -> Progress: 60 done!
 -> Progress: 80 done!
 -> Progress: 100 done!
Testing...
 -> Progress: 20 done!
 -> Progress: 40 done!
 -> Progress: 60 done!
 -> Progress: 80 done!
 -> Progress: 100 done!

Keys:  ['time', 'acc1', 'acc5', 'ce_loss']
Training:  [0.08349876403808594, 0.0, 0.0, 0.044893537275493146]
Testing on Task A:  [0.006355863809585571, 68.675, 90.4875, 191.0920373916626]
Testing on Task B:  [0.025322151184082032, 64.8, 94.2, 177.84455337524415]
Testing on Task C:  [0.024263906478881835, 71.0, 97.3, 140.42239685058593]
Best Acc:  68.7875

Epoch: [76 | 90] LR: 0.000100
Training...
 -> Progress: 20 done!
 -> Progress: 40 done!
 -> Progress: 60 done!
 -> Progress: 80 done!
 -> Progress: 100 done!
Testing...
 -> Progress: 20 done!
 -> Progress: 40 done!
 -> Progress: 60 done!
 -> Progress: 80 done!
 -> Progress: 100 done!
Testing...
 -> Progress: 20 done!
 -> Progress: 40 done!
 -> Progress: 60 done!
 -> Progress: 80 done!
 -> Progress: 100 done!
Testing...
 -> Progress: 20 done!
 -> Progress: 40 done!
 -> Progress: 60 done!
 -> Progress: 80 done!
 -> Progress: 100 done!

Keys:  ['time', 'acc1', 'acc5', 'ce_loss']
Training:  [0.08333763480186462, 0.0, 0.0, 0.045419587288051844]
Testing on Task A:  [0.00633634626865387, 68.7125, 90.4875, 190.97746496200563]
Testing on Task B:  [0.02457146644592285, 64.7, 94.2, 177.71699905395508]
Testing on Task C:  [0.02454841136932373, 71.0, 97.3, 140.33418045043945]
Best Acc:  68.7875

Epoch: [77 | 90] LR: 0.000100
Training...
 -> Progress: 20 done!
 -> Progress: 40 done!
 -> Progress: 60 done!
 -> Progress: 80 done!
 -> Progress: 100 done!
Testing...
 -> Progress: 20 done!
 -> Progress: 40 done!
 -> Progress: 60 done!
 -> Progress: 80 done!
 -> Progress: 100 done!
Testing...
 -> Progress: 20 done!
 -> Progress: 40 done!
 -> Progress: 60 done!
 -> Progress: 80 done!
 -> Progress: 100 done!
Testing...
 -> Progress: 20 done!
 -> Progress: 40 done!
 -> Progress: 60 done!
 -> Progress: 80 done!
 -> Progress: 100 done!

Keys:  ['time', 'acc1', 'acc5', 'ce_loss']
Training:  [0.08377478122711182, 0.0, 0.0, 0.045433174818754196]
Testing on Task A:  [0.006309971213340759, 68.6875, 90.4875, 191.0254373550415]
Testing on Task B:  [0.02425041198730469, 64.7, 94.3, 177.72879867553712]
Testing on Task C:  [0.023324966430664062, 71.1, 97.3, 140.29962005615235]
Best Acc:  68.7875

Epoch: [78 | 90] LR: 0.000100
Training...
 -> Progress: 20 done!
 -> Progress: 40 done!
 -> Progress: 60 done!
 -> Progress: 80 done!
 -> Progress: 100 done!
Testing...
 -> Progress: 20 done!
 -> Progress: 40 done!
 -> Progress: 60 done!
 -> Progress: 80 done!
 -> Progress: 100 done!
Testing...
 -> Progress: 20 done!
 -> Progress: 40 done!
 -> Progress: 60 done!
 -> Progress: 80 done!
 -> Progress: 100 done!
Testing...
 -> Progress: 20 done!
 -> Progress: 40 done!
 -> Progress: 60 done!
 -> Progress: 80 done!
 -> Progress: 100 done!

Keys:  ['time', 'acc1', 'acc5', 'ce_loss']
Training:  [0.08351067900657654, 0.0, 0.0, 0.045958582684397696]
Testing on Task A:  [0.006560111045837402, 68.65, 90.5, 191.14314432144164]
Testing on Task B:  [0.024022674560546874, 64.7, 94.3, 177.7851135253906]
Testing on Task C:  [0.02425827980041504, 71.1, 97.3, 140.33274612426757]
Best Acc:  68.7875

Epoch: [79 | 90] LR: 0.000100
Training...
 -> Progress: 20 done!
 -> Progress: 40 done!
 -> Progress: 60 done!
 -> Progress: 80 done!
 -> Progress: 100 done!
Testing...
 -> Progress: 20 done!
 -> Progress: 40 done!
 -> Progress: 60 done!
 -> Progress: 80 done!
 -> Progress: 100 done!
Testing...
 -> Progress: 20 done!
 -> Progress: 40 done!
 -> Progress: 60 done!
 -> Progress: 80 done!
 -> Progress: 100 done!
Testing...
 -> Progress: 20 done!
 -> Progress: 40 done!
 -> Progress: 60 done!
 -> Progress: 80 done!
 -> Progress: 100 done!

Keys:  ['time', 'acc1', 'acc5', 'ce_loss']
Training:  [0.0837435007095337, 0.0, 0.0, 0.04608792513608932]
Testing on Task A:  [0.006201794743537903, 68.6875, 90.5125, 191.03369007110595]
Testing on Task B:  [0.02406444549560547, 64.8, 94.2, 177.73612594604492]
Testing on Task C:  [0.022859644889831544, 71.2, 97.3, 140.32361526489257]
Best Acc:  68.7875

Epoch: [80 | 90] LR: 0.000100
Training...
 -> Progress: 20 done!
 -> Progress: 40 done!
 -> Progress: 60 done!
 -> Progress: 80 done!
 -> Progress: 100 done!
Testing...
 -> Progress: 20 done!
 -> Progress: 40 done!
 -> Progress: 60 done!
 -> Progress: 80 done!
 -> Progress: 100 done!
Testing...
 -> Progress: 20 done!
 -> Progress: 40 done!
 -> Progress: 60 done!
 -> Progress: 80 done!
 -> Progress: 100 done!
Testing...
 -> Progress: 20 done!
 -> Progress: 40 done!
 -> Progress: 60 done!
 -> Progress: 80 done!
 -> Progress: 100 done!

Keys:  ['time', 'acc1', 'acc5', 'ce_loss']
Training:  [0.08334805369377137, 0.0, 0.0, 0.04429488740861416]
Testing on Task A:  [0.006323200464248657, 68.6875, 90.4875, 190.98170499801637]
Testing on Task B:  [0.023618483543395997, 64.7, 94.2, 177.69702072143554]
Testing on Task C:  [0.023848867416381835, 71.2, 97.3, 140.30196228027344]
Best Acc:  68.7875

Epoch: [81 | 90] LR: 0.000100
Training...
 -> Progress: 20 done!
 -> Progress: 40 done!
 -> Progress: 60 done!
 -> Progress: 80 done!
 -> Progress: 100 done!
Testing...
 -> Progress: 20 done!
 -> Progress: 40 done!
 -> Progress: 60 done!
 -> Progress: 80 done!
 -> Progress: 100 done!
Testing...
 -> Progress: 20 done!
 -> Progress: 40 done!
 -> Progress: 60 done!
 -> Progress: 80 done!
 -> Progress: 100 done!
Testing...
 -> Progress: 20 done!
 -> Progress: 40 done!
 -> Progress: 60 done!
 -> Progress: 80 done!
 -> Progress: 100 done!

Keys:  ['time', 'acc1', 'acc5', 'ce_loss']
Training:  [0.08401373028755188, 0.0, 0.0, 0.04502854347229004]
Testing on Task A:  [0.006485384702682495, 68.7125, 90.5, 190.9751708984375]
Testing on Task B:  [0.02379269599914551, 64.7, 94.2, 177.66103515625]
Testing on Task C:  [0.023440217971801756, 71.2, 97.3, 140.33185958862305]
Best Acc:  68.7875

Epoch: [82 | 90] LR: 0.000100
Training...
 -> Progress: 20 done!
 -> Progress: 40 done!
 -> Progress: 60 done!
 -> Progress: 80 done!
 -> Progress: 100 done!
Testing...
 -> Progress: 20 done!
 -> Progress: 40 done!
 -> Progress: 60 done!
 -> Progress: 80 done!
 -> Progress: 100 done!
Testing...
 -> Progress: 20 done!
 -> Progress: 40 done!
 -> Progress: 60 done!
 -> Progress: 80 done!
 -> Progress: 100 done!
Testing...
 -> Progress: 20 done!
 -> Progress: 40 done!
 -> Progress: 60 done!
 -> Progress: 80 done!
 -> Progress: 100 done!

Keys:  ['time', 'acc1', 'acc5', 'ce_loss']
Training:  [0.0832646369934082, 0.0, 0.0, 0.044764434639364484]
Testing on Task A:  [0.006298953294754028, 68.6875, 90.525, 190.9389289855957]
Testing on Task B:  [0.024649286270141603, 64.8, 94.2, 177.57523193359376]
Testing on Task C:  [0.023193788528442384, 71.2, 97.3, 140.26852416992188]
Best Acc:  68.7875

Epoch: [83 | 90] LR: 0.000100
Training...
 -> Progress: 20 done!
 -> Progress: 40 done!
 -> Progress: 60 done!
 -> Progress: 80 done!
 -> Progress: 100 done!
Testing...
 -> Progress: 20 done!
 -> Progress: 40 done!
 -> Progress: 60 done!
 -> Progress: 80 done!
 -> Progress: 100 done!
Testing...
 -> Progress: 20 done!
 -> Progress: 40 done!
 -> Progress: 60 done!
 -> Progress: 80 done!
 -> Progress: 100 done!
Testing...
 -> Progress: 20 done!
 -> Progress: 40 done!
 -> Progress: 60 done!
 -> Progress: 80 done!
 -> Progress: 100 done!

Keys:  ['time', 'acc1', 'acc5', 'ce_loss']
Training:  [0.08329828977584838, 0.0, 0.0, 0.04529415238648653]
Testing on Task A:  [0.006416380405426025, 68.7, 90.5125, 190.9959436416626]
Testing on Task B:  [0.023793888092041016, 64.9, 94.2, 177.5419609069824]
Testing on Task C:  [0.024140453338623045, 71.2, 97.3, 140.33978271484375]
Best Acc:  68.7875

Epoch: [84 | 90] LR: 0.000100
Training...
 -> Progress: 20 done!
 -> Progress: 40 done!
 -> Progress: 60 done!
 -> Progress: 80 done!
 -> Progress: 100 done!
Testing...
 -> Progress: 20 done!
 -> Progress: 40 done!
 -> Progress: 60 done!
 -> Progress: 80 done!
 -> Progress: 100 done!
Testing...
 -> Progress: 20 done!
 -> Progress: 40 done!
 -> Progress: 60 done!
 -> Progress: 80 done!
 -> Progress: 100 done!
Testing...
 -> Progress: 20 done!
 -> Progress: 40 done!
 -> Progress: 60 done!
 -> Progress: 80 done!
 -> Progress: 100 done!

Keys:  ['time', 'acc1', 'acc5', 'ce_loss']
Training:  [0.08394423127174377, 0.0, 0.0, 0.04645104082301259]
Testing on Task A:  [0.006154343485832214, 68.6875, 90.5125, 190.9898265838623]
Testing on Task B:  [0.023412036895751952, 64.7, 94.2, 177.57579040527344]
Testing on Task C:  [0.024196386337280273, 71.1, 97.3, 140.36500091552733]
Best Acc:  68.7875

Epoch: [85 | 90] LR: 0.000100
Training...
 -> Progress: 20 done!
 -> Progress: 40 done!
 -> Progress: 60 done!
 -> Progress: 80 done!
 -> Progress: 100 done!
Testing...
 -> Progress: 20 done!
 -> Progress: 40 done!
 -> Progress: 60 done!
 -> Progress: 80 done!
 -> Progress: 100 done!
Testing...
 -> Progress: 20 done!
 -> Progress: 40 done!
 -> Progress: 60 done!
 -> Progress: 80 done!
 -> Progress: 100 done!
Testing...
 -> Progress: 20 done!
 -> Progress: 40 done!
 -> Progress: 60 done!
 -> Progress: 80 done!
 -> Progress: 100 done!

Keys:  ['time', 'acc1', 'acc5', 'ce_loss']
Training:  [0.08340284824371338, 0.0, 0.0, 0.04540860066190362]
Testing on Task A:  [0.006230264902114868, 68.725, 90.5, 190.99038133621215]
Testing on Task B:  [0.024119019508361816, 64.7, 94.2, 177.57934112548827]
Testing on Task C:  [0.023567461967468263, 71.0, 97.2, 140.28793334960938]
Best Acc:  68.7875

Epoch: [86 | 90] LR: 0.000100
Training...
 -> Progress: 20 done!
 -> Progress: 40 done!
 -> Progress: 60 done!
 -> Progress: 80 done!
 -> Progress: 100 done!
Testing...
 -> Progress: 20 done!
 -> Progress: 40 done!
 -> Progress: 60 done!
 -> Progress: 80 done!
 -> Progress: 100 done!
Testing...
 -> Progress: 20 done!
 -> Progress: 40 done!
 -> Progress: 60 done!
 -> Progress: 80 done!
 -> Progress: 100 done!
Testing...
 -> Progress: 20 done!
 -> Progress: 40 done!
 -> Progress: 60 done!
 -> Progress: 80 done!
 -> Progress: 100 done!

Keys:  ['time', 'acc1', 'acc5', 'ce_loss']
Training:  [0.08333013653755188, 0.0, 0.0, 0.04565391289070249]
Testing on Task A:  [0.006390103697776794, 68.7, 90.525, 190.97835359573364]
Testing on Task B:  [0.024223852157592773, 64.9, 94.2, 177.54473419189452]
Testing on Task C:  [0.023982882499694824, 71.1, 97.2, 140.26208267211913]
Best Acc:  68.7875

Epoch: [87 | 90] LR: 0.000100
Training...
 -> Progress: 20 done!
 -> Progress: 40 done!
 -> Progress: 60 done!
 -> Progress: 80 done!
 -> Progress: 100 done!
Testing...
 -> Progress: 20 done!
 -> Progress: 40 done!
 -> Progress: 60 done!
 -> Progress: 80 done!
 -> Progress: 100 done!
Testing...
 -> Progress: 20 done!
 -> Progress: 40 done!
 -> Progress: 60 done!
 -> Progress: 80 done!
 -> Progress: 100 done!
Testing...
 -> Progress: 20 done!
 -> Progress: 40 done!
 -> Progress: 60 done!
 -> Progress: 80 done!
 -> Progress: 100 done!

Keys:  ['time', 'acc1', 'acc5', 'ce_loss']
Training:  [0.08344826698303223, 0.0, 0.0, 0.045389661099761724]
Testing on Task A:  [0.006346684694290161, 68.675, 90.5, 190.9843773841858]
Testing on Task B:  [0.024605751037597656, 64.8, 94.2, 177.605802154541]
Testing on Task C:  [0.024597477912902833, 70.9, 97.3, 140.15640716552736]
Best Acc:  68.7875

Epoch: [88 | 90] LR: 0.000100
Training...
 -> Progress: 20 done!
 -> Progress: 40 done!
 -> Progress: 60 done!
 -> Progress: 80 done!
 -> Progress: 100 done!
Testing...
 -> Progress: 20 done!
 -> Progress: 40 done!
 -> Progress: 60 done!
 -> Progress: 80 done!
 -> Progress: 100 done!
Testing...
 -> Progress: 20 done!
 -> Progress: 40 done!
 -> Progress: 60 done!
 -> Progress: 80 done!
 -> Progress: 100 done!
Testing...
 -> Progress: 20 done!
 -> Progress: 40 done!
 -> Progress: 60 done!
 -> Progress: 80 done!
 -> Progress: 100 done!

Keys:  ['time', 'acc1', 'acc5', 'ce_loss']
Training:  [0.08295870423316956, 0.0, 0.0, 0.04469652380794287]
Testing on Task A:  [0.006343525648117065, 68.65, 90.5, 191.08630142211913]
Testing on Task B:  [0.02318148612976074, 64.9, 94.2, 177.63325881958008]
Testing on Task C:  [0.02387244701385498, 70.9, 97.3, 140.23787536621094]
Best Acc:  68.7875

Epoch: [89 | 90] LR: 0.000100
Training...
 -> Progress: 20 done!
 -> Progress: 40 done!
 -> Progress: 60 done!
 -> Progress: 80 done!
 -> Progress: 100 done!
Testing...
 -> Progress: 20 done!
 -> Progress: 40 done!
 -> Progress: 60 done!
 -> Progress: 80 done!
 -> Progress: 100 done!
Testing...
 -> Progress: 20 done!
 -> Progress: 40 done!
 -> Progress: 60 done!
 -> Progress: 80 done!
 -> Progress: 100 done!
Testing...
 -> Progress: 20 done!
 -> Progress: 40 done!
 -> Progress: 60 done!
 -> Progress: 80 done!
 -> Progress: 100 done!

Keys:  ['time', 'acc1', 'acc5', 'ce_loss']
Training:  [0.0838259518146515, 0.0, 0.0, 0.044551458582282065]
Testing on Task A:  [0.006423822045326233, 68.6625, 90.4875, 191.06032114028932]
Testing on Task B:  [0.024271726608276367, 64.7, 94.3, 177.6212417602539]
Testing on Task C:  [0.024002718925476074, 70.9, 97.2, 140.17913742065429]
Best Acc:  68.7875

Epoch: [90 | 90] LR: 0.000100
Training...
 -> Progress: 20 done!
 -> Progress: 40 done!
 -> Progress: 60 done!
 -> Progress: 80 done!
 -> Progress: 100 done!
Testing...
 -> Progress: 20 done!
 -> Progress: 40 done!
 -> Progress: 60 done!
 -> Progress: 80 done!
 -> Progress: 100 done!
Testing...
 -> Progress: 20 done!
 -> Progress: 40 done!
 -> Progress: 60 done!
 -> Progress: 80 done!
 -> Progress: 100 done!
Testing...
 -> Progress: 20 done!
 -> Progress: 40 done!
 -> Progress: 60 done!
 -> Progress: 80 done!
 -> Progress: 100 done!

Keys:  ['time', 'acc1', 'acc5', 'ce_loss']
Training:  [0.08370856046676636, 0.0, 0.0, 0.04537406265735626]
Testing on Task A:  [0.006350293755531311, 68.675, 90.4625, 191.08565731048583]
Testing on Task B:  [0.02561817169189453, 64.7, 94.3, 177.5555274963379]
Testing on Task C:  [0.024581503868103028, 70.9, 97.3, 140.1295021057129]
Best Acc:  68.7875

real	8m32.522s
user	9m59.821s
sys	3m43.428s

Ending script...
Mon Feb 28 21:21:31 EST 2022
