Tue Mar  1 11:04:48 EST 2022
Slurm nodes: evc9
You were assigned 1 gpu(s)
Please run `conda env list` to see a list of all available environments. Use
`source activate <env>` to activate the environment '<env>'. 

Currently Loaded Modules:
  1) anaconda/anaconda3

 

	[4mGPU0	mlx5_0	CPU Affinity	NUMA Affinity[0m
GPU0	 X 	SYS	8,10,12,14	0-1
mlx5_0	SYS	 X 		

Legend:

  X    = Self
  SYS  = Connection traversing PCIe as well as the SMP interconnect between NUMA nodes (e.g., QPI/UPI)
  NODE = Connection traversing PCIe as well as the interconnect between PCIe Host Bridges within a NUMA node
  PHB  = Connection traversing PCIe as well as a PCIe Host Bridge (typically the CPU)
  PXB  = Connection traversing multiple PCIe bridges (without traversing the PCIe Host Bridge)
  PIX  = Connection traversing at most a single PCIe bridge
  NV#  = Connection traversing a bonded set of # NVLinks

1.1.0

Namespace(arch='vgg16', checkpoint='checkpoint', data_avail=100, dataset='cifar100', epochs=90, gamma=0.1, include_t1_data=False, jobid='126877', logs='logs', lr=0.01, manualSeed=3625, momentum=0.9, mse_weight=0.001, schedule=[30, 60], task_set='vehicles10-large_animals10-reset80', test_batch=100, train_batch=128, weight_decay=0.0005, workers=4)
==> Preparing dataset cifar100
Files already downloaded and verified
Testing...

Test loss: 2.2105 
Val accuracy: 70.25%
==> Preparing dataset cifar100
Files already downloaded and verified
Testing...

Test loss: 3.5464 
Val accuracy: 49.90%
==> Preparing dataset cifar100
Files already downloaded and verified
Testing...

Test loss: 8.7389 
Val accuracy: 41.00%

Excluding Task 1 data for training
==> Preparing dataset cifar100
Files already downloaded and verified
==> Preparing dataset cifar100
Files already downloaded and verified
==> Preparing dataset cifar100
Files already downloaded and verified
==> Preparing dataset cifar100
Files already downloaded and verified
    Total params: 14.77M

Epoch: [1 | 90] LR: 0.010000
Training...
 -> Progress: 20 done!
 -> Progress: 41 done!
 -> Progress: 61 done!
 -> Progress: 81 done!
 -> Progress: 100 done!
Testing...
Testing...
Testing...

Keys:  ['time', 'acc1', 'acc5', 'ce_loss']
Training:  [0.07484006278122528, 0.0, 0.0, 1.5802712787555744]
Testing on Task A:  [0.005328088998794556, 66.6125, 89.5375, 122.99301137924195]
Testing on Task B:  [0.01779966354370117, 58.9, 93.7, 123.06285095214844]
Testing on Task C:  [0.017762064933776855, 61.6, 96.2, 109.73886032104492]
Best Acc:  66.6125

Epoch: [2 | 90] LR: 0.010000
Training...
 -> Progress: 20 done!
 -> Progress: 41 done!
 -> Progress: 61 done!
 -> Progress: 81 done!
 -> Progress: 100 done!
Testing...
Testing...
Testing...

Keys:  ['time', 'acc1', 'acc5', 'ce_loss']
Training:  [0.07460648802262318, 0.0, 0.0, 1.0294290554674366]
Testing on Task A:  [0.005457520484924316, 67.0375, 89.5875, 121.69791316986084]
Testing on Task B:  [0.019671320915222168, 62.6, 94.1, 115.09735870361328]
Testing on Task C:  [0.019721555709838866, 65.3, 96.4, 100.60160980224609]
Best Acc:  67.0375

Epoch: [3 | 90] LR: 0.010000
Training...
 -> Progress: 20 done!
 -> Progress: 41 done!
 -> Progress: 61 done!
 -> Progress: 81 done!
 -> Progress: 100 done!
Testing...
Testing...
Testing...

Keys:  ['time', 'acc1', 'acc5', 'ce_loss']
Training:  [0.0741451058206679, 0.0, 0.0, 0.9218749615210521]
Testing on Task A:  [0.005475085973739624, 67.25, 89.6875, 122.72892913818359]
Testing on Task B:  [0.02018754482269287, 62.9, 94.7, 111.55915985107421]
Testing on Task C:  [0.018746089935302735, 66.7, 97.3, 94.03003234863282]
Best Acc:  67.25

Epoch: [4 | 90] LR: 0.010000
Training...
 -> Progress: 20 done!
 -> Progress: 41 done!
 -> Progress: 61 done!
 -> Progress: 81 done!
 -> Progress: 100 done!
Testing...
Testing...
Testing...

Keys:  ['time', 'acc1', 'acc5', 'ce_loss']
Training:  [0.07455607909190504, 0.0, 0.0, 0.8095671662801429]
Testing on Task A:  [0.005498620867729187, 67.3, 89.5125, 124.94151878356934]
Testing on Task B:  [0.018100523948669435, 65.8, 95.6, 109.2730323791504]
Testing on Task C:  [0.017972874641418456, 68.8, 97.4, 89.36662368774414]
Best Acc:  67.3

Epoch: [5 | 90] LR: 0.010000
Training...
 -> Progress: 20 done!
 -> Progress: 41 done!
 -> Progress: 61 done!
 -> Progress: 81 done!
 -> Progress: 100 done!
Testing...
Testing...
Testing...

Keys:  ['time', 'acc1', 'acc5', 'ce_loss']
Training:  [0.0747451148455656, 0.0, 0.0, 0.7520908864238595]
Testing on Task A:  [0.005461356043815613, 66.8875, 89.425, 127.79436302185059]
Testing on Task B:  [0.018636250495910646, 66.3, 95.6, 107.22896804809571]
Testing on Task C:  [0.018764019012451172, 71.3, 97.4, 86.01393966674804]
Best Acc:  67.3

Epoch: [6 | 90] LR: 0.010000
Training...
 -> Progress: 20 done!
 -> Progress: 41 done!
 -> Progress: 61 done!
 -> Progress: 81 done!
 -> Progress: 100 done!
Testing...
Testing...
Testing...

Keys:  ['time', 'acc1', 'acc5', 'ce_loss']
Training:  [0.07420634921593001, 0.0, 0.0, 0.6875553530982778]
Testing on Task A:  [0.005366605520248413, 67.2875, 89.525, 128.55202646255492]
Testing on Task B:  [0.018843412399291992, 67.9, 95.3, 106.37550506591796]
Testing on Task C:  [0.01880185604095459, 72.1, 97.9, 83.90304222106934]
Best Acc:  67.3

Epoch: [7 | 90] LR: 0.010000
Training...
 -> Progress: 20 done!
 -> Progress: 41 done!
 -> Progress: 61 done!
 -> Progress: 81 done!
 -> Progress: 100 done!
Testing...
Testing...
Testing...

Keys:  ['time', 'acc1', 'acc5', 'ce_loss']
Training:  [0.0748014782048479, 0.0, 0.0, 0.6242887407918519]
Testing on Task A:  [0.005317699909210205, 67.2875, 89.4625, 132.00674543380737]
Testing on Task B:  [0.018454933166503908, 67.1, 96.4, 105.59537353515626]
Testing on Task C:  [0.018642640113830565, 73.5, 98.1, 83.82363014221191]
Best Acc:  67.3

Epoch: [8 | 90] LR: 0.010000
Training...
 -> Progress: 20 done!
 -> Progress: 41 done!
 -> Progress: 61 done!
 -> Progress: 81 done!
 -> Progress: 100 done!
Testing...
Testing...
Testing...

Keys:  ['time', 'acc1', 'acc5', 'ce_loss']
Training:  [0.07512305054483534, 0.0, 0.0, 0.5844986280308494]
Testing on Task A:  [0.005167150497436523, 67.1375, 89.5, 134.87824001312256]
Testing on Task B:  [0.018711614608764648, 67.2, 95.9, 105.8233798980713]
Testing on Task C:  [0.01861526966094971, 74.7, 98.0, 83.02094612121581]
Best Acc:  67.3

Epoch: [9 | 90] LR: 0.010000
Training...
 -> Progress: 20 done!
 -> Progress: 41 done!
 -> Progress: 61 done!
 -> Progress: 81 done!
 -> Progress: 100 done!
Testing...
Testing...
Testing...

Keys:  ['time', 'acc1', 'acc5', 'ce_loss']
Training:  [0.07492742659170416, 0.0, 0.0, 0.5422561462921432]
Testing on Task A:  [0.005165666341781616, 66.975, 89.2625, 137.49309797286986]
Testing on Task B:  [0.01902284622192383, 69.3, 96.1, 105.6895652770996]
Testing on Task C:  [0.018851566314697265, 75.5, 98.3, 82.75698509216309]
Best Acc:  67.3

Epoch: [10 | 90] LR: 0.010000
Training...
 -> Progress: 20 done!
 -> Progress: 41 done!
 -> Progress: 61 done!
 -> Progress: 81 done!
 -> Progress: 100 done!
Testing...
Testing...
Testing...

Keys:  ['time', 'acc1', 'acc5', 'ce_loss']
Training:  [0.07495599456980259, 0.0, 0.0, 0.4984155123746848]
Testing on Task A:  [0.0051766008138656614, 66.85, 89.175, 142.06879539489745]
Testing on Task B:  [0.01860487461090088, 69.0, 96.7, 105.5343074798584]
Testing on Task C:  [0.01800534725189209, 75.1, 97.8, 85.56308670043946]
Best Acc:  67.3

Epoch: [11 | 90] LR: 0.010000
Training...
 -> Progress: 20 done!
 -> Progress: 41 done!
 -> Progress: 61 done!
 -> Progress: 81 done!
 -> Progress: 100 done!
Testing...
Testing...
Testing...

Keys:  ['time', 'acc1', 'acc5', 'ce_loss']
Training:  [0.07504110396662846, 0.0, 0.0, 0.462488321186621]
Testing on Task A:  [0.005154508352279663, 66.475, 89.025, 147.93558931350708]
Testing on Task B:  [0.01854567527770996, 69.1, 96.2, 105.76171493530273]
Testing on Task C:  [0.018843364715576173, 75.1, 97.9, 83.77887420654297]
Best Acc:  67.3

Epoch: [12 | 90] LR: 0.010000
Training...
 -> Progress: 20 done!
 -> Progress: 41 done!
 -> Progress: 61 done!
 -> Progress: 81 done!
 -> Progress: 100 done!
Testing...
Testing...
Testing...

Keys:  ['time', 'acc1', 'acc5', 'ce_loss']
Training:  [0.0748223805729347, 0.0, 0.0, 0.4261576122120966]
Testing on Task A:  [0.005179393291473389, 66.3, 88.9, 150.8921323776245]
Testing on Task B:  [0.01876370906829834, 69.9, 96.1, 106.23650932312012]
Testing on Task C:  [0.018657541275024413, 75.5, 98.2, 84.91337928771972]
Best Acc:  67.3

Epoch: [13 | 90] LR: 0.010000
Training...
 -> Progress: 20 done!
 -> Progress: 41 done!
 -> Progress: 61 done!
 -> Progress: 81 done!
 -> Progress: 100 done!
Testing...
Testing...
Testing...

Keys:  ['time', 'acc1', 'acc5', 'ce_loss']
Training:  [0.0749535771864879, 0.0, 0.0, 0.38399393724489816]
Testing on Task A:  [0.005184209346771241, 66.6625, 88.85, 152.37710027694703]
Testing on Task B:  [0.018672609329223634, 69.1, 96.1, 108.115230178833]
Testing on Task C:  [0.018690776824951173, 75.2, 98.3, 86.82626152038574]
Best Acc:  67.3

Epoch: [14 | 90] LR: 0.010000
Training...
 -> Progress: 20 done!
 -> Progress: 41 done!
 -> Progress: 61 done!
 -> Progress: 81 done!
 -> Progress: 100 done!
Testing...
Testing...
Testing...

Keys:  ['time', 'acc1', 'acc5', 'ce_loss']
Training:  [0.07495162758646132, 0.0, 0.0, 0.3442882521997524]
Testing on Task A:  [0.005175098776817322, 65.8875, 88.8125, 162.460187625885]
Testing on Task B:  [0.019058895111083985, 71.3, 96.5, 108.91337203979492]
Testing on Task C:  [0.018662285804748536, 75.8, 98.1, 90.5363883972168]
Best Acc:  67.3

Epoch: [15 | 90] LR: 0.010000
Training...
 -> Progress: 20 done!
 -> Progress: 41 done!
 -> Progress: 61 done!
 -> Progress: 81 done!
 -> Progress: 100 done!
Testing...
Testing...
Testing...

Keys:  ['time', 'acc1', 'acc5', 'ce_loss']
Training:  [0.0751647888859616, 0.0, 0.0, 0.3331219229517104]
Testing on Task A:  [0.005195742845535279, 66.2, 88.9875, 162.27440881729126]
Testing on Task B:  [0.0188901424407959, 71.0, 96.2, 110.36946640014648]
Testing on Task C:  [0.018459105491638185, 76.7, 98.4, 88.6519618988037]
Best Acc:  67.3

Epoch: [16 | 90] LR: 0.010000
Training...
 -> Progress: 20 done!
 -> Progress: 41 done!
 -> Progress: 61 done!
 -> Progress: 81 done!
 -> Progress: 100 done!
Testing...
Testing...
Testing...

Keys:  ['time', 'acc1', 'acc5', 'ce_loss']
Training:  [0.07470903215529043, 0.0, 0.0, 0.30105151179470596]
Testing on Task A:  [0.005185872316360474, 65.9, 88.9375, 166.7479878425598]
Testing on Task B:  [0.01826632022857666, 72.1, 96.7, 114.82576980590821]
Testing on Task C:  [0.018332862854003908, 76.4, 98.2, 89.7996265411377]
Best Acc:  67.3

Epoch: [17 | 90] LR: 0.010000
Training...
 -> Progress: 20 done!
 -> Progress: 41 done!
 -> Progress: 61 done!
 -> Progress: 81 done!
 -> Progress: 100 done!
Testing...
Testing...
Testing...

Keys:  ['time', 'acc1', 'acc5', 'ce_loss']
Training:  [0.07492732096321975, 0.0, 0.0, 0.2834944632611697]
Testing on Task A:  [0.005180162191390991, 65.9375, 89.1, 168.84347620010377]
Testing on Task B:  [0.018693757057189942, 70.8, 96.6, 117.09950828552246]
Testing on Task C:  [0.018363022804260255, 76.2, 98.6, 93.35743637084961]
Best Acc:  67.3

Epoch: [18 | 90] LR: 0.010000
Training...
 -> Progress: 20 done!
 -> Progress: 41 done!
 -> Progress: 61 done!
 -> Progress: 81 done!
 -> Progress: 100 done!
Testing...
Testing...
Testing...

Keys:  ['time', 'acc1', 'acc5', 'ce_loss']
Training:  [0.07465189921705029, 0.0, 0.0, 0.25183848961244654]
Testing on Task A:  [0.00515141487121582, 65.55, 88.725, 175.0357427597046]
Testing on Task B:  [0.018918156623840332, 71.8, 96.5, 121.60948753356934]
Testing on Task C:  [0.018535757064819337, 75.6, 98.3, 96.28418273925782]
Best Acc:  67.3

Epoch: [19 | 90] LR: 0.010000
Training...
 -> Progress: 20 done!
 -> Progress: 41 done!
 -> Progress: 61 done!
 -> Progress: 81 done!
 -> Progress: 100 done!
Testing...
Testing...
Testing...

Keys:  ['time', 'acc1', 'acc5', 'ce_loss']
Training:  [0.07467360436161861, 0.0, 0.0, 0.2443588672182228]
Testing on Task A:  [0.0051658302545547485, 65.475, 88.6625, 175.43807144165038]
Testing on Task B:  [0.018407988548278808, 71.5, 97.1, 115.2708625793457]
Testing on Task C:  [0.019507765769958496, 77.1, 98.2, 93.45149230957031]
Best Acc:  67.3

Epoch: [20 | 90] LR: 0.010000
Training...
 -> Progress: 20 done!
 -> Progress: 41 done!
 -> Progress: 61 done!
 -> Progress: 81 done!
 -> Progress: 100 done!
Testing...
Testing...
Testing...

Keys:  ['time', 'acc1', 'acc5', 'ce_loss']
Training:  [0.07464538646649711, 0.0, 0.0, 0.21430648863315582]
Testing on Task A:  [0.005179733037948608, 65.5125, 88.8, 178.98286209106445]
Testing on Task B:  [0.018630290031433107, 71.6, 96.4, 121.8469913482666]
Testing on Task C:  [0.018968415260314942, 77.3, 98.7, 95.26615867614746]
Best Acc:  67.3

Epoch: [21 | 90] LR: 0.010000
Training...
 -> Progress: 20 done!
 -> Progress: 41 done!
 -> Progress: 61 done!
 -> Progress: 81 done!
 -> Progress: 100 done!
Testing...
Testing...
Testing...

Keys:  ['time', 'acc1', 'acc5', 'ce_loss']
Training:  [0.0746920108795166, 0.0, 0.0, 0.2044251623410213]
Testing on Task A:  [0.005172717571258545, 65.25, 88.325, 185.8049204826355]
Testing on Task B:  [0.018501472473144532, 71.4, 96.6, 124.47766571044922]
Testing on Task C:  [0.01886932849884033, 77.5, 98.6, 98.41306838989257]
Best Acc:  67.3

Epoch: [22 | 90] LR: 0.010000
Training...
 -> Progress: 20 done!
 -> Progress: 41 done!
 -> Progress: 61 done!
 -> Progress: 81 done!
 -> Progress: 100 done!
Testing...
Testing...
Testing...

Keys:  ['time', 'acc1', 'acc5', 'ce_loss']
Training:  [0.07466752619682988, 0.0, 0.0, 0.1916090042530736]
Testing on Task A:  [0.005159273743629456, 65.3625, 88.5875, 184.0943242073059]
Testing on Task B:  [0.01898183822631836, 70.2, 96.2, 130.7863800048828]
Testing on Task C:  [0.018388080596923827, 75.1, 98.8, 99.97830314636231]
Best Acc:  67.3

Epoch: [23 | 90] LR: 0.010000
Training...
 -> Progress: 20 done!
 -> Progress: 41 done!
 -> Progress: 61 done!
 -> Progress: 81 done!
 -> Progress: 100 done!
Testing...
Testing...
Testing...

Keys:  ['time', 'acc1', 'acc5', 'ce_loss']
Training:  [0.07500062411344505, 0.0, 0.0, 0.17238344987736473]
Testing on Task A:  [0.00508691668510437, 65.2375, 88.525, 187.16136503219604]
Testing on Task B:  [0.018540310859680175, 72.2, 96.5, 125.50186042785644]
Testing on Task C:  [0.018593192100524902, 77.2, 98.4, 100.5319652557373]
Best Acc:  67.3

Epoch: [24 | 90] LR: 0.010000
Training...
 -> Progress: 20 done!
 -> Progress: 41 done!
 -> Progress: 61 done!
 -> Progress: 81 done!
 -> Progress: 100 done!
Testing...
Testing...
Testing...

Keys:  ['time', 'acc1', 'acc5', 'ce_loss']
Training:  [0.07449921475181097, 0.0, 0.0, 0.17015103005532978]
Testing on Task A:  [0.005174431204795838, 65.1125, 88.45, 191.05206708908082]
Testing on Task B:  [0.018759489059448242, 71.9, 96.2, 128.68541412353517]
Testing on Task C:  [0.01879265308380127, 77.4, 98.5, 101.61603393554688]
Best Acc:  67.3

Epoch: [25 | 90] LR: 0.010000
Training...
 -> Progress: 20 done!
 -> Progress: 41 done!
 -> Progress: 61 done!
 -> Progress: 81 done!
 -> Progress: 100 done!
Testing...
Testing...
Testing...

Keys:  ['time', 'acc1', 'acc5', 'ce_loss']
Training:  [0.07468416419210314, 0.0, 0.0, 0.15865891936081875]
Testing on Task A:  [0.005177196860313415, 65.3, 88.4125, 193.81668682098388]
Testing on Task B:  [0.018667435646057128, 73.1, 96.4, 130.33816299438476]
Testing on Task C:  [0.01885876655578613, 76.9, 98.1, 103.02431106567383]
Best Acc:  67.3

Epoch: [26 | 90] LR: 0.010000
Training...
 -> Progress: 20 done!
 -> Progress: 41 done!
 -> Progress: 61 done!
 -> Progress: 81 done!
 -> Progress: 100 done!
Testing...
Testing...
Testing...

Keys:  ['time', 'acc1', 'acc5', 'ce_loss']
Training:  [0.07512821728670144, 0.0, 0.0, 0.1402795515671561]
Testing on Task A:  [0.005162227153778076, 65.275, 88.525, 196.27858476638795]
Testing on Task B:  [0.018775057792663575, 71.2, 97.1, 136.39085121154784]
Testing on Task C:  [0.018753647804260254, 75.9, 98.4, 109.01871719360352]
Best Acc:  67.3

Epoch: [27 | 90] LR: 0.010000
Training...
 -> Progress: 20 done!
 -> Progress: 41 done!
 -> Progress: 61 done!
 -> Progress: 81 done!
 -> Progress: 100 done!
Testing...
Testing...
Testing...

Keys:  ['time', 'acc1', 'acc5', 'ce_loss']
Training:  [0.07472321051585523, 0.0, 0.0, 0.1343618581849563]
Testing on Task A:  [0.005146139860153198, 64.9, 88.275, 197.7996295928955]
Testing on Task B:  [0.018550515174865723, 72.2, 96.9, 137.28177337646486]
Testing on Task C:  [0.018553614616394043, 76.3, 98.2, 107.98926315307617]
Best Acc:  67.3

Epoch: [28 | 90] LR: 0.010000
Training...
 -> Progress: 20 done!
 -> Progress: 41 done!
 -> Progress: 61 done!
 -> Progress: 81 done!
 -> Progress: 100 done!
Testing...
Testing...
Testing...

Keys:  ['time', 'acc1', 'acc5', 'ce_loss']
Training:  [0.07490581198583675, 0.0, 0.0, 0.12355209797432151]
Testing on Task A:  [0.005162960290908814, 65.025, 88.2, 199.5314887046814]
Testing on Task B:  [0.018404459953308104, 72.7, 96.7, 134.3994598388672]
Testing on Task C:  [0.018388772010803224, 77.2, 98.6, 107.03688583374023]
Best Acc:  67.3

Epoch: [29 | 90] LR: 0.010000
Training...
 -> Progress: 20 done!
 -> Progress: 41 done!
 -> Progress: 61 done!
 -> Progress: 81 done!
 -> Progress: 100 done!
Testing...
Testing...
Testing...

Keys:  ['time', 'acc1', 'acc5', 'ce_loss']
Training:  [0.07453318487239789, 0.0, 0.0, 0.112876005329286]
Testing on Task A:  [0.0052097558975219725, 64.625, 88.2375, 203.2624382019043]
Testing on Task B:  [0.019338107109069823, 71.9, 96.7, 141.96821212768555]
Testing on Task C:  [0.018410801887512207, 76.7, 98.3, 109.11440162658691]
Best Acc:  67.3

Epoch: [30 | 90] LR: 0.010000
Training...
 -> Progress: 20 done!
 -> Progress: 41 done!
 -> Progress: 61 done!
 -> Progress: 81 done!
 -> Progress: 100 done!
Testing...
Testing...
Testing...

Keys:  ['time', 'acc1', 'acc5', 'ce_loss']
Training:  [0.0749935771845564, 0.0, 0.0, 0.10465132539408116]
Testing on Task A:  [0.0051703333854675295, 64.6375, 88.3125, 201.23304958343505]
Testing on Task B:  [0.018786120414733886, 73.4, 96.4, 136.71053314208984]
Testing on Task C:  [0.018665575981140138, 76.7, 98.7, 106.5602180480957]
Best Acc:  67.3
New lr for parameter group: 0  ->  0.0001
New lr for parameter group: 1  ->  0.001

Epoch: [31 | 90] LR: 0.001000
Training...
 -> Progress: 20 done!
 -> Progress: 41 done!
 -> Progress: 61 done!
 -> Progress: 81 done!
 -> Progress: 100 done!
Testing...
Testing...
Testing...

Keys:  ['time', 'acc1', 'acc5', 'ce_loss']
Training:  [0.07512050942529606, 0.0, 0.0, 0.08980454108383082]
Testing on Task A:  [0.005174586176872253, 64.7375, 88.3375, 201.3603828430176]
Testing on Task B:  [0.018439865112304686, 73.4, 96.8, 132.63285789489746]
Testing on Task C:  [0.018711256980895995, 76.8, 98.6, 105.25611267089843]
Best Acc:  67.3

Epoch: [32 | 90] LR: 0.001000
Training...
 -> Progress: 20 done!
 -> Progress: 41 done!
 -> Progress: 61 done!
 -> Progress: 81 done!
 -> Progress: 100 done!
Testing...
Testing...
Testing...

Keys:  ['time', 'acc1', 'acc5', 'ce_loss']
Training:  [0.07505956480774699, 0.0, 0.0, 0.08586357614096207]
Testing on Task A:  [0.005271288752555847, 64.825, 88.2875, 201.92279291152954]
Testing on Task B:  [0.01867532730102539, 72.6, 96.7, 133.7187572479248]
Testing on Task C:  [0.01890106201171875, 77.3, 98.6, 105.47108192443848]
Best Acc:  67.3

Epoch: [33 | 90] LR: 0.001000
Training...
 -> Progress: 20 done!
 -> Progress: 41 done!
 -> Progress: 61 done!
 -> Progress: 81 done!
 -> Progress: 100 done!
Testing...
Testing...
Testing...

Keys:  ['time', 'acc1', 'acc5', 'ce_loss']
Training:  [0.07491143443916418, 0.0, 0.0, 0.07771269873350481]
Testing on Task A:  [0.00516420304775238, 64.875, 88.25, 203.3489152908325]
Testing on Task B:  [0.019547319412231444, 72.6, 96.9, 134.34300842285157]
Testing on Task C:  [0.018852949142456055, 77.0, 98.6, 106.44838447570801]
Best Acc:  67.3

Epoch: [34 | 90] LR: 0.001000
Training...
 -> Progress: 20 done!
 -> Progress: 41 done!
 -> Progress: 61 done!
 -> Progress: 81 done!
 -> Progress: 100 done!
Testing...
Testing...
Testing...

Keys:  ['time', 'acc1', 'acc5', 'ce_loss']
Training:  [0.07474050642568854, 0.0, 0.0, 0.08260477183363106]
Testing on Task A:  [0.0050690948963165285, 64.9, 88.3, 204.3142292022705]
Testing on Task B:  [0.01882174015045166, 73.1, 96.9, 135.23521423339844]
Testing on Task C:  [0.018235659599304198, 77.3, 98.6, 106.21791458129883]
Best Acc:  67.3

Epoch: [35 | 90] LR: 0.001000
Training...
 -> Progress: 20 done!
 -> Progress: 41 done!
 -> Progress: 61 done!
 -> Progress: 81 done!
 -> Progress: 100 done!
Testing...
Testing...
Testing...

Keys:  ['time', 'acc1', 'acc5', 'ce_loss']
Training:  [0.07481899744347681, 0.0, 0.0, 0.0736938373103172]
Testing on Task A:  [0.005186912417411804, 65.0375, 88.2375, 205.19496355056762]
Testing on Task B:  [0.01867997646331787, 73.0, 97.0, 136.24709968566896]
Testing on Task C:  [0.01783144474029541, 77.3, 98.6, 106.67472991943359]
Best Acc:  67.3

Epoch: [36 | 90] LR: 0.001000
Training...
 -> Progress: 20 done!
 -> Progress: 41 done!
 -> Progress: 61 done!
 -> Progress: 81 done!
 -> Progress: 100 done!
Testing...
Testing...
Testing...

Keys:  ['time', 'acc1', 'acc5', 'ce_loss']
Training:  [0.07489771782597408, 0.0, 0.0, 0.07604993021563639]
Testing on Task A:  [0.005155599117279053, 65.0125, 88.2625, 205.57342853546143]
Testing on Task B:  [0.018450498580932617, 73.5, 97.0, 136.4051414489746]
Testing on Task C:  [0.018402242660522462, 77.4, 98.7, 107.2128719329834]
Best Acc:  67.3

Epoch: [37 | 90] LR: 0.001000
Training...
 -> Progress: 20 done!
 -> Progress: 41 done!
 -> Progress: 61 done!
 -> Progress: 81 done!
 -> Progress: 100 done!
Testing...
Testing...
Testing...

Keys:  ['time', 'acc1', 'acc5', 'ce_loss']
Training:  [0.07521786267244363, 0.0, 0.0, 0.07927153471715842]
Testing on Task A:  [0.005186799168586731, 64.9, 88.25, 206.1908555984497]
Testing on Task B:  [0.018281984329223632, 73.4, 97.2, 135.81115798950196]
Testing on Task C:  [0.018290400505065918, 77.5, 98.7, 106.8444221496582]
Best Acc:  67.3

Epoch: [38 | 90] LR: 0.001000
Training...
 -> Progress: 20 done!
 -> Progress: 41 done!
 -> Progress: 61 done!
 -> Progress: 81 done!
 -> Progress: 100 done!
Testing...
Testing...
Testing...

Keys:  ['time', 'acc1', 'acc5', 'ce_loss']
Training:  [0.0742722191388094, 0.0, 0.0, 0.07209253966619697]
Testing on Task A:  [0.005112242698669433, 64.925, 88.2375, 207.53387126922607]
Testing on Task B:  [0.01849043369293213, 72.7, 97.0, 136.5345100402832]
Testing on Task C:  [0.018847203254699706, 77.6, 98.6, 108.00746612548828]
Best Acc:  67.3

Epoch: [39 | 90] LR: 0.001000
Training...
 -> Progress: 20 done!
 -> Progress: 41 done!
 -> Progress: 61 done!
 -> Progress: 81 done!
 -> Progress: 100 done!
Testing...
Testing...
Testing...

Keys:  ['time', 'acc1', 'acc5', 'ce_loss']
Training:  [0.07442742057993443, 0.0, 0.0, 0.07395841534945029]
Testing on Task A:  [0.005213135480880737, 64.925, 88.325, 207.05564489364625]
Testing on Task B:  [0.01837925910949707, 73.3, 96.9, 136.14429397583007]
Testing on Task C:  [0.020001435279846193, 77.5, 98.7, 108.1487419128418]
Best Acc:  67.3

Epoch: [40 | 90] LR: 0.001000
Training...
 -> Progress: 20 done!
 -> Progress: 41 done!
 -> Progress: 61 done!
 -> Progress: 81 done!
 -> Progress: 100 done!
Testing...
Testing...
Testing...

Keys:  ['time', 'acc1', 'acc5', 'ce_loss']
Training:  [0.0750381463690649, 0.0, 0.0, 0.07435061421858359]
Testing on Task A:  [0.005126383900642395, 64.8875, 88.2375, 207.7169653892517]
Testing on Task B:  [0.019807815551757812, 73.0, 97.1, 137.30870971679687]
Testing on Task C:  [0.020415949821472167, 77.4, 98.7, 108.06869468688964]
Best Acc:  67.3

Epoch: [41 | 90] LR: 0.001000
Training...
 -> Progress: 20 done!
 -> Progress: 41 done!
 -> Progress: 61 done!
 -> Progress: 81 done!
 -> Progress: 100 done!
Testing...
Testing...
Testing...

Keys:  ['time', 'acc1', 'acc5', 'ce_loss']
Training:  [0.0743103117882451, 0.0, 0.0, 0.07049121217259878]
Testing on Task A:  [0.005223557353019714, 64.875, 88.25, 208.20016508102418]
Testing on Task B:  [0.01959366798400879, 73.2, 96.9, 137.09401092529296]
Testing on Task C:  [0.020515871047973634, 77.9, 98.7, 107.455277633667]
Best Acc:  67.3

Epoch: [42 | 90] LR: 0.001000
Training...
 -> Progress: 20 done!
 -> Progress: 41 done!
 -> Progress: 61 done!
 -> Progress: 81 done!
 -> Progress: 100 done!
Testing...
Testing...
Testing...

Keys:  ['time', 'acc1', 'acc5', 'ce_loss']
Training:  [0.07444902311397504, 0.0, 0.0, 0.0682732588081043]
Testing on Task A:  [0.005180290341377259, 64.9, 88.225, 209.38793668746948]
Testing on Task B:  [0.020211553573608397, 73.4, 97.0, 137.949760055542]
Testing on Task C:  [0.019969797134399413, 77.9, 98.6, 108.56405029296874]
Best Acc:  67.3

Epoch: [43 | 90] LR: 0.001000
Training...
 -> Progress: 20 done!
 -> Progress: 41 done!
 -> Progress: 61 done!
 -> Progress: 81 done!
 -> Progress: 100 done!
Testing...
Testing...
Testing...

Keys:  ['time', 'acc1', 'acc5', 'ce_loss']
Training:  [0.07443710520297667, 0.0, 0.0, 0.07051167882318739]
Testing on Task A:  [0.005262118577957153, 64.9625, 88.225, 209.74687461853028]
Testing on Task B:  [0.01970353126525879, 73.4, 97.0, 139.3805187225342]
Testing on Task C:  [0.02021002769470215, 77.7, 98.5, 109.97278633117676]
Best Acc:  67.3

Epoch: [44 | 90] LR: 0.001000
Training...
 -> Progress: 20 done!
 -> Progress: 41 done!
 -> Progress: 61 done!
 -> Progress: 81 done!
 -> Progress: 100 done!
Testing...
Testing...
Testing...

Keys:  ['time', 'acc1', 'acc5', 'ce_loss']
Training:  [0.07459383373019061, 0.0, 0.0, 0.07164435807756986]
Testing on Task A:  [0.005505028367042542, 64.875, 88.2125, 209.0715051651001]
Testing on Task B:  [0.019710135459899903, 73.7, 97.0, 138.38710098266603]
Testing on Task C:  [0.019843864440917968, 77.8, 98.6, 109.2140281677246]
Best Acc:  67.3

Epoch: [45 | 90] LR: 0.001000
Training...
 -> Progress: 20 done!
 -> Progress: 41 done!
 -> Progress: 61 done!
 -> Progress: 81 done!
 -> Progress: 100 done!
Testing...
Testing...
Testing...

Keys:  ['time', 'acc1', 'acc5', 'ce_loss']
Training:  [0.07457215876518926, 0.0, 0.0, 0.07352727962822854]
Testing on Task A:  [0.00541856586933136, 64.95, 88.2375, 209.5702094078064]
Testing on Task B:  [0.020160937309265138, 73.4, 96.9, 139.32879180908202]
Testing on Task C:  [0.020221972465515138, 77.8, 98.7, 109.19977989196778]
Best Acc:  67.3

Epoch: [46 | 90] LR: 0.001000
Training...
 -> Progress: 20 done!
 -> Progress: 41 done!
 -> Progress: 61 done!
 -> Progress: 81 done!
 -> Progress: 100 done!
Testing...
Testing...
Testing...

Keys:  ['time', 'acc1', 'acc5', 'ce_loss']
Training:  [0.0740755358828774, 0.0, 0.0, 0.07190401941726479]
Testing on Task A:  [0.005474495887756348, 64.8125, 88.2875, 209.1248017311096]
Testing on Task B:  [0.02029688358306885, 73.4, 96.9, 138.95758438110352]
Testing on Task C:  [0.019450974464416505, 77.5, 98.6, 108.9278938293457]
Best Acc:  67.3

Epoch: [47 | 90] LR: 0.001000
Training...
 -> Progress: 20 done!
 -> Progress: 41 done!
 -> Progress: 61 done!
 -> Progress: 81 done!
 -> Progress: 100 done!
Testing...
Testing...
Testing...

Keys:  ['time', 'acc1', 'acc5', 'ce_loss']
Training:  [0.07452838632124889, 0.0, 0.0, 0.07155882718065117]
Testing on Task A:  [0.005434179306030273, 65.0375, 88.25, 209.0256293296814]
Testing on Task B:  [0.020552802085876464, 73.5, 97.2, 138.7665252685547]
Testing on Task C:  [0.01874651908874512, 77.6, 98.6, 109.60303688049316]
Best Acc:  67.3

Epoch: [48 | 90] LR: 0.001000
Training...
 -> Progress: 20 done!
 -> Progress: 41 done!
 -> Progress: 61 done!
 -> Progress: 81 done!
 -> Progress: 100 done!
Testing...
Testing...
Testing...

Keys:  ['time', 'acc1', 'acc5', 'ce_loss']
Training:  [0.0745221361329284, 0.0, 0.0, 0.07332279641605631]
Testing on Task A:  [0.0053834706544876095, 64.9875, 88.3375, 209.5932291030884]
Testing on Task B:  [0.020214653015136717, 73.4, 97.2, 138.8648551940918]
Testing on Task C:  [0.018213391304016113, 77.9, 98.7, 109.71789512634277]
Best Acc:  67.3

Epoch: [49 | 90] LR: 0.001000
Training...
 -> Progress: 20 done!
 -> Progress: 41 done!
 -> Progress: 61 done!
 -> Progress: 81 done!
 -> Progress: 100 done!
Testing...
Testing...
Testing...

Keys:  ['time', 'acc1', 'acc5', 'ce_loss']
Training:  [0.07452919513364381, 0.0, 0.0, 0.07195746559130994]
Testing on Task A:  [0.005405914783477783, 64.9875, 88.325, 208.72012529373168]
Testing on Task B:  [0.018494629859924318, 73.5, 97.1, 139.3402084350586]
Testing on Task C:  [0.018499326705932618, 77.6, 98.6, 110.00536918640137]
Best Acc:  67.3

Epoch: [50 | 90] LR: 0.001000
Training...
 -> Progress: 20 done!
 -> Progress: 41 done!
 -> Progress: 61 done!
 -> Progress: 81 done!
 -> Progress: 100 done!
Testing...
Testing...
Testing...

Keys:  ['time', 'acc1', 'acc5', 'ce_loss']
Training:  [0.07455728627458404, 0.0, 0.0, 0.06981842568780802]
Testing on Task A:  [0.005467912554740906, 65.1375, 88.275, 209.494562625885]
Testing on Task B:  [0.0187791109085083, 73.1, 97.2, 139.5104652404785]
Testing on Task C:  [0.018595552444458006, 77.7, 98.7, 110.76867752075195]
Best Acc:  67.3

Epoch: [51 | 90] LR: 0.001000
Training...
 -> Progress: 20 done!
 -> Progress: 41 done!
 -> Progress: 61 done!
 -> Progress: 81 done!
 -> Progress: 100 done!
Testing...
Testing...
Testing...

Keys:  ['time', 'acc1', 'acc5', 'ce_loss']
Training:  [0.07476843761492379, 0.0, 0.0, 0.06423076937753189]
Testing on Task A:  [0.005433338880538941, 65.0375, 88.275, 209.66000719070433]
Testing on Task B:  [0.018816065788269044, 73.0, 97.0, 140.30015983581544]
Testing on Task C:  [0.01767909526824951, 77.4, 98.6, 111.19121017456055]
Best Acc:  67.3

Epoch: [52 | 90] LR: 0.001000
Training...
 -> Progress: 20 done!
 -> Progress: 41 done!
 -> Progress: 61 done!
 -> Progress: 81 done!
 -> Progress: 100 done!
Testing...
Testing...
Testing...

Keys:  ['time', 'acc1', 'acc5', 'ce_loss']
Training:  [0.07526382313498968, 0.0, 0.0, 0.06548450566545318]
Testing on Task A:  [0.005200549960136414, 64.9375, 88.2625, 210.34630088806153]
Testing on Task B:  [0.018569135665893556, 72.9, 97.0, 139.96544494628907]
Testing on Task C:  [0.01856043338775635, 77.9, 98.8, 111.15881080627442]
Best Acc:  67.3

Epoch: [53 | 90] LR: 0.001000
Training...
 -> Progress: 20 done!
 -> Progress: 41 done!
 -> Progress: 61 done!
 -> Progress: 81 done!
 -> Progress: 100 done!
Testing...
Testing...
Testing...

Keys:  ['time', 'acc1', 'acc5', 'ce_loss']
Training:  [0.07507026950015297, 0.0, 0.0, 0.06498939461440226]
Testing on Task A:  [0.005323562026023865, 65.0125, 88.2375, 210.5233136177063]
Testing on Task B:  [0.018825244903564454, 73.0, 96.8, 140.9519073486328]
Testing on Task C:  [0.0192643404006958, 78.5, 98.7, 110.9927547454834]
Best Acc:  67.3

Epoch: [54 | 90] LR: 0.001000
Training...
 -> Progress: 20 done!
 -> Progress: 41 done!
 -> Progress: 61 done!
 -> Progress: 81 done!
 -> Progress: 100 done!
Testing...
Testing...
Testing...

Keys:  ['time', 'acc1', 'acc5', 'ce_loss']
Training:  [0.0751019459736498, 0.0, 0.0, 0.06235780076512808]
Testing on Task A:  [0.005126720666885376, 64.875, 88.3375, 210.02008638381957]
Testing on Task B:  [0.01854228973388672, 72.9, 96.9, 140.34954376220702]
Testing on Task C:  [0.018754053115844726, 77.9, 98.8, 111.13091430664062]
Best Acc:  67.3

Epoch: [55 | 90] LR: 0.001000
Training...
 -> Progress: 20 done!
 -> Progress: 41 done!
 -> Progress: 61 done!
 -> Progress: 81 done!
 -> Progress: 100 done!
Testing...
Testing...
Testing...

Keys:  ['time', 'acc1', 'acc5', 'ce_loss']
Training:  [0.0753166585028926, 0.0, 0.0, 0.06671129313262203]
Testing on Task A:  [0.005155530571937561, 64.9125, 88.2625, 210.6077554702759]
Testing on Task B:  [0.018659567832946776, 73.3, 96.9, 141.2854431152344]
Testing on Task C:  [0.018675756454467774, 77.8, 98.8, 111.35899276733399]
Best Acc:  67.3

Epoch: [56 | 90] LR: 0.001000
Training...
 -> Progress: 20 done!
 -> Progress: 41 done!
 -> Progress: 61 done!
 -> Progress: 81 done!
 -> Progress: 100 done!
Testing...
Testing...
Testing...

Keys:  ['time', 'acc1', 'acc5', 'ce_loss']
Training:  [0.0749976785877083, 0.0, 0.0, 0.06084117665886879]
Testing on Task A:  [0.0052230596542358395, 65.0875, 88.225, 211.1929286003113]
Testing on Task B:  [0.018671965599060057, 73.2, 96.9, 141.16339263916015]
Testing on Task C:  [0.01855330467224121, 77.6, 98.8, 112.25972633361816]
Best Acc:  67.3

Epoch: [57 | 90] LR: 0.001000
Training...
 -> Progress: 20 done!
 -> Progress: 41 done!
 -> Progress: 61 done!
 -> Progress: 81 done!
 -> Progress: 100 done!
Testing...
Testing...
Testing...

Keys:  ['time', 'acc1', 'acc5', 'ce_loss']
Training:  [0.07482197918469392, 0.0, 0.0, 0.06410789173803752]
Testing on Task A:  [0.005161282420158386, 65.0125, 88.3375, 210.86699113845825]
Testing on Task B:  [0.018320155143737794, 73.5, 96.8, 141.1137222290039]
Testing on Task C:  [0.01846435070037842, 77.9, 98.7, 111.68936309814453]
Best Acc:  67.3

Epoch: [58 | 90] LR: 0.001000
Training...
 -> Progress: 20 done!
 -> Progress: 41 done!
 -> Progress: 61 done!
 -> Progress: 81 done!
 -> Progress: 100 done!
Testing...
Testing...
Testing...

Keys:  ['time', 'acc1', 'acc5', 'ce_loss']
Training:  [0.07522170754927623, 0.0, 0.0, 0.06627366305152073]
Testing on Task A:  [0.005143269896507263, 64.9875, 88.2125, 211.1054349899292]
Testing on Task B:  [0.018582820892333984, 72.6, 96.9, 141.47244110107422]
Testing on Task C:  [0.018351244926452636, 77.6, 98.6, 113.12144470214844]
Best Acc:  67.3

Epoch: [59 | 90] LR: 0.001000
Training...
 -> Progress: 20 done!
 -> Progress: 41 done!
 -> Progress: 61 done!
 -> Progress: 81 done!
 -> Progress: 100 done!
Testing...
Testing...
Testing...

Keys:  ['time', 'acc1', 'acc5', 'ce_loss']
Training:  [0.0752868682523317, 0.0, 0.0, 0.06588429679410367]
Testing on Task A:  [0.005143287777900696, 64.9875, 88.15, 210.52420358657838]
Testing on Task B:  [0.019139957427978516, 72.7, 96.8, 140.18986473083496]
Testing on Task C:  [0.019648265838623048, 77.5, 98.7, 112.57085609436035]
Best Acc:  67.3

Epoch: [60 | 90] LR: 0.001000
Training...
 -> Progress: 20 done!
 -> Progress: 41 done!
 -> Progress: 61 done!
 -> Progress: 81 done!
 -> Progress: 100 done!
Testing...
Testing...
Testing...

Keys:  ['time', 'acc1', 'acc5', 'ce_loss']
Training:  [0.07472235341615314, 0.0, 0.0, 0.06341418121717399]
Testing on Task A:  [0.005143597722053528, 65.0125, 88.25, 210.6935245513916]
Testing on Task B:  [0.018716025352478027, 73.3, 96.8, 140.75364532470704]
Testing on Task C:  [0.018845272064208985, 77.9, 98.6, 111.98206939697266]
Best Acc:  67.3
New lr for parameter group: 0  ->  1e-05
New lr for parameter group: 1  ->  0.0001

Epoch: [61 | 90] LR: 0.000100
Training...
 -> Progress: 20 done!
 -> Progress: 41 done!
 -> Progress: 61 done!
 -> Progress: 81 done!
 -> Progress: 100 done!
Testing...
Testing...
Testing...

Keys:  ['time', 'acc1', 'acc5', 'ce_loss']
Training:  [0.0749563416348228, 0.0, 0.0, 0.06370157279262814]
Testing on Task A:  [0.005177944898605347, 65.025, 88.2625, 210.60873546600342]
Testing on Task B:  [0.018545889854431154, 73.2, 96.9, 140.7426773071289]
Testing on Task C:  [0.019021320343017577, 77.8, 98.6, 111.8106014251709]
Best Acc:  67.3

Epoch: [62 | 90] LR: 0.000100
Training...
 -> Progress: 20 done!
 -> Progress: 41 done!
 -> Progress: 61 done!
 -> Progress: 81 done!
 -> Progress: 100 done!
Testing...
Testing...
Testing...

Keys:  ['time', 'acc1', 'acc5', 'ce_loss']
Training:  [0.07496484321883962, 0.0, 0.0, 0.058246961759426924]
Testing on Task A:  [0.005108228325843811, 64.9875, 88.25, 210.54639129638673]
Testing on Task B:  [0.017354655265808105, 73.1, 96.9, 140.70947761535643]
Testing on Task C:  [0.018479537963867188, 77.9, 98.6, 111.62026748657226]
Best Acc:  67.3

Epoch: [63 | 90] LR: 0.000100
Training...
 -> Progress: 20 done!
 -> Progress: 41 done!
 -> Progress: 61 done!
 -> Progress: 81 done!
 -> Progress: 100 done!
Testing...
Testing...
Testing...

Keys:  ['time', 'acc1', 'acc5', 'ce_loss']
Training:  [0.0747063069403926, 0.0, 0.0, 0.061270047710100306]
Testing on Task A:  [0.00513974130153656, 65.0, 88.2625, 210.60337839126586]
Testing on Task B:  [0.01841425895690918, 73.0, 96.9, 140.77590408325196]
Testing on Task C:  [0.018677639961242675, 77.8, 98.6, 111.67804565429688]
Best Acc:  67.3

Epoch: [64 | 90] LR: 0.000100
Training...
 -> Progress: 20 done!
 -> Progress: 41 done!
 -> Progress: 61 done!
 -> Progress: 81 done!
 -> Progress: 100 done!
Testing...
Testing...
Testing...

Keys:  ['time', 'acc1', 'acc5', 'ce_loss']
Training:  [0.0750367158575903, 0.0, 0.0, 0.05779841216870501]
Testing on Task A:  [0.0052714765071868895, 65.0, 88.25, 210.67610807418822]
Testing on Task B:  [0.018444538116455078, 73.2, 96.9, 140.79634017944335]
Testing on Task C:  [0.019358015060424803, 77.8, 98.6, 111.6602783203125]
Best Acc:  67.3

Epoch: [65 | 90] LR: 0.000100
Training...
 -> Progress: 20 done!
 -> Progress: 41 done!
 -> Progress: 61 done!
 -> Progress: 81 done!
 -> Progress: 100 done!
Testing...
Testing...
Testing...

Keys:  ['time', 'acc1', 'acc5', 'ce_loss']
Training:  [0.0750041581407378, 0.0, 0.0, 0.05703804816437673]
Testing on Task A:  [0.005179208517074585, 64.975, 88.25, 210.66627225875854]
Testing on Task B:  [0.01871469020843506, 73.1, 96.9, 140.76470031738282]
Testing on Task C:  [0.018775534629821778, 77.9, 98.6, 111.59419021606445]
Best Acc:  67.3

Epoch: [66 | 90] LR: 0.000100
Training...
 -> Progress: 20 done!
 -> Progress: 41 done!
 -> Progress: 61 done!
 -> Progress: 81 done!
 -> Progress: 100 done!
Testing...
Testing...
Testing...

Keys:  ['time', 'acc1', 'acc5', 'ce_loss']
Training:  [0.07514370845842964, 0.0, 0.0, 0.05938867142400409]
Testing on Task A:  [0.005106985569000244, 64.95, 88.2625, 210.6404712677002]
Testing on Task B:  [0.018967342376708985, 73.1, 96.9, 140.75312576293945]
Testing on Task C:  [0.018911910057067872, 77.9, 98.6, 111.57358436584472]
Best Acc:  67.3

Epoch: [67 | 90] LR: 0.000100
Training...
 -> Progress: 20 done!
 -> Progress: 41 done!
 -> Progress: 61 done!
 -> Progress: 81 done!
 -> Progress: 100 done!
Testing...
Testing...
Testing...

Keys:  ['time', 'acc1', 'acc5', 'ce_loss']
Training:  [0.07499476625949522, 0.0, 0.0, 0.06095936969865726]
Testing on Task A:  [0.005142301321029663, 65.0125, 88.25, 210.6620970726013]
Testing on Task B:  [0.018499279022216798, 73.2, 96.8, 140.7233901977539]
Testing on Task C:  [0.018613100051879883, 77.9, 98.6, 111.5430191040039]
Best Acc:  67.3

Epoch: [68 | 90] LR: 0.000100
Training...
 -> Progress: 20 done!
 -> Progress: 41 done!
 -> Progress: 61 done!
 -> Progress: 81 done!
 -> Progress: 100 done!
Testing...
Testing...
Testing...

Keys:  ['time', 'acc1', 'acc5', 'ce_loss']
Training:  [0.0751217830030224, 0.0, 0.0, 0.060065922339128545]
Testing on Task A:  [0.005191013216972351, 64.9, 88.2625, 210.8288387298584]
Testing on Task B:  [0.018807148933410643, 73.1, 96.9, 140.72404747009278]
Testing on Task C:  [0.018006157875061036, 77.8, 98.6, 111.61098251342773]
Best Acc:  67.3

Epoch: [69 | 90] LR: 0.000100
Training...
 -> Progress: 20 done!
 -> Progress: 41 done!
 -> Progress: 61 done!
 -> Progress: 81 done!
 -> Progress: 100 done!
Testing...
Testing...
Testing...

Keys:  ['time', 'acc1', 'acc5', 'ce_loss']
Training:  [0.07493933243087575, 0.0, 0.0, 0.0613682287497611]
Testing on Task A:  [0.0051947861909866335, 64.9125, 88.2625, 210.83923501968383]
Testing on Task B:  [0.01883680820465088, 73.3, 96.8, 140.5912929534912]
Testing on Task C:  [0.018818116188049315, 77.9, 98.7, 111.57500991821288]
Best Acc:  67.3

Epoch: [70 | 90] LR: 0.000100
Training...
 -> Progress: 20 done!
 -> Progress: 41 done!
 -> Progress: 61 done!
 -> Progress: 81 done!
 -> Progress: 100 done!
Testing...
Testing...
Testing...

Keys:  ['time', 'acc1', 'acc5', 'ce_loss']
Training:  [0.0747740630862079, 0.0, 0.0, 0.057579012705555446]
Testing on Task A:  [0.005190309882164001, 64.95, 88.25, 210.80708713531493]
Testing on Task B:  [0.01844909191131592, 73.2, 96.8, 140.63155822753907]
Testing on Task C:  [0.018617963790893553, 77.9, 98.7, 111.62991638183594]
Best Acc:  67.3

Epoch: [71 | 90] LR: 0.000100
Training...
 -> Progress: 20 done!
 -> Progress: 41 done!
 -> Progress: 61 done!
 -> Progress: 81 done!
 -> Progress: 100 done!
Testing...
Testing...
Testing...

Keys:  ['time', 'acc1', 'acc5', 'ce_loss']
Training:  [0.07495161551463453, 0.0, 0.0, 0.06030300236012362]
Testing on Task A:  [0.005158758163452149, 64.975, 88.25, 210.7969003677368]
Testing on Task B:  [0.01922750473022461, 73.1, 96.9, 140.66406478881837]
Testing on Task C:  [0.018698954582214357, 77.8, 98.6, 111.6839111328125]
Best Acc:  67.3

Epoch: [72 | 90] LR: 0.000100
Training...
 -> Progress: 20 done!
 -> Progress: 41 done!
 -> Progress: 61 done!
 -> Progress: 81 done!
 -> Progress: 100 done!
Testing...
Testing...
Testing...

Keys:  ['time', 'acc1', 'acc5', 'ce_loss']
Training:  [0.07506817202024822, 0.0, 0.0, 0.0597525016888033]
Testing on Task A:  [0.005176562070846558, 64.95, 88.25, 210.92354431152344]
Testing on Task B:  [0.017569255828857423, 73.2, 96.8, 140.60268783569336]
Testing on Task C:  [0.018353700637817383, 77.8, 98.6, 111.87307891845703]
Best Acc:  67.3

Epoch: [73 | 90] LR: 0.000100
Training...
 -> Progress: 20 done!
 -> Progress: 41 done!
 -> Progress: 61 done!
 -> Progress: 81 done!
 -> Progress: 100 done!
Testing...
Testing...
Testing...

Keys:  ['time', 'acc1', 'acc5', 'ce_loss']
Training:  [0.07514528383182574, 0.0, 0.0, 0.06187451972708672]
Testing on Task A:  [0.005150538682937622, 64.9625, 88.225, 210.91850357055665]
Testing on Task B:  [0.01813061237335205, 73.1, 96.8, 140.61542892456055]
Testing on Task C:  [0.018584418296813964, 77.8, 98.6, 111.8858039855957]
Best Acc:  67.3

Epoch: [74 | 90] LR: 0.000100
Training...
 -> Progress: 20 done!
 -> Progress: 41 done!
 -> Progress: 61 done!
 -> Progress: 81 done!
 -> Progress: 100 done!
Testing...
Testing...
Testing...

Keys:  ['time', 'acc1', 'acc5', 'ce_loss']
Training:  [0.07494477984271472, 0.0, 0.0, 0.05773029992757719]
Testing on Task A:  [0.005177405476570129, 65.0375, 88.2375, 210.86497316360473]
Testing on Task B:  [0.01850392818450928, 73.4, 96.8, 140.68991508483887]
Testing on Task C:  [0.019266605377197266, 77.9, 98.6, 111.92288131713867]
Best Acc:  67.3

Epoch: [75 | 90] LR: 0.000100
Training...
 -> Progress: 20 done!
 -> Progress: 41 done!
 -> Progress: 61 done!
 -> Progress: 81 done!
 -> Progress: 100 done!
Testing...
Testing...
Testing...

Keys:  ['time', 'acc1', 'acc5', 'ce_loss']
Training:  [0.07466595987730389, 0.0, 0.0, 0.06225026290439352]
Testing on Task A:  [0.005188772082328796, 65.0125, 88.2625, 210.97405529022217]
Testing on Task B:  [0.01865410804748535, 73.5, 96.8, 140.67301559448242]
Testing on Task C:  [0.018634438514709473, 77.8, 98.6, 112.01591606140137]
Best Acc:  67.3

Epoch: [76 | 90] LR: 0.000100
Training...
 -> Progress: 20 done!
 -> Progress: 41 done!
 -> Progress: 61 done!
 -> Progress: 81 done!
 -> Progress: 100 done!
Testing...
Testing...
Testing...

Keys:  ['time', 'acc1', 'acc5', 'ce_loss']
Training:  [0.07484543172619011, 0.0, 0.0, 0.05743807375053816]
Testing on Task A:  [0.005202457308769226, 65.0375, 88.225, 211.0126344680786]
Testing on Task B:  [0.0189669132232666, 73.5, 96.8, 140.80950202941895]
Testing on Task C:  [0.01862070560455322, 77.9, 98.6, 111.97691192626954]
Best Acc:  67.3

Epoch: [77 | 90] LR: 0.000100
Training...
 -> Progress: 20 done!
 -> Progress: 41 done!
 -> Progress: 61 done!
 -> Progress: 81 done!
 -> Progress: 100 done!
Testing...
Testing...
Testing...

Keys:  ['time', 'acc1', 'acc5', 'ce_loss']
Training:  [0.07528267631047889, 0.0, 0.0, 0.05732652924577646]
Testing on Task A:  [0.005154669284820557, 65.0625, 88.225, 211.08927249908447]
Testing on Task B:  [0.01835184097290039, 73.2, 96.9, 140.65669631958008]
Testing on Task C:  [0.018715548515319824, 77.9, 98.6, 111.91801681518555]
Best Acc:  67.3

Epoch: [78 | 90] LR: 0.000100
Training...
 -> Progress: 20 done!
 -> Progress: 41 done!
 -> Progress: 61 done!
 -> Progress: 81 done!
 -> Progress: 100 done!
Testing...
Testing...
Testing...

Keys:  ['time', 'acc1', 'acc5', 'ce_loss']
Training:  [0.07487057432343688, 0.0, 0.0, 0.059770395861396305]
Testing on Task A:  [0.005191770195960998, 64.9875, 88.225, 211.13964405059815]
Testing on Task B:  [0.018867087364196778, 73.4, 96.9, 140.67944793701173]
Testing on Task C:  [0.01901857852935791, 77.8, 98.6, 111.93003540039062]
Best Acc:  67.3

Epoch: [79 | 90] LR: 0.000100
Training...
 -> Progress: 20 done!
 -> Progress: 41 done!
 -> Progress: 61 done!
 -> Progress: 81 done!
 -> Progress: 100 done!
Testing...
Testing...
Testing...

Keys:  ['time', 'acc1', 'acc5', 'ce_loss']
Training:  [0.0747290110286278, 0.0, 0.0, 0.060772866529377204]
Testing on Task A:  [0.0050739824771881105, 65.0375, 88.2375, 211.12441692352294]
Testing on Task B:  [0.01901235580444336, 73.4, 96.8, 140.746533203125]
Testing on Task C:  [0.01779472827911377, 77.9, 98.6, 111.93577194213867]
Best Acc:  67.3

Epoch: [80 | 90] LR: 0.000100
Training...
 -> Progress: 20 done!
 -> Progress: 41 done!
 -> Progress: 61 done!
 -> Progress: 81 done!
 -> Progress: 100 done!
Testing...
Testing...
Testing...

Keys:  ['time', 'acc1', 'acc5', 'ce_loss']
Training:  [0.07499521895299983, 0.0, 0.0, 0.062192394740030736]
Testing on Task A:  [0.005171230435371399, 65.05, 88.25, 211.09160175323487]
Testing on Task B:  [0.018683624267578126, 73.6, 96.8, 140.70651245117188]
Testing on Task C:  [0.017834186553955078, 78.0, 98.6, 111.95195236206055]
Best Acc:  67.3

Epoch: [81 | 90] LR: 0.000100
Training...
 -> Progress: 20 done!
 -> Progress: 41 done!
 -> Progress: 61 done!
 -> Progress: 81 done!
 -> Progress: 100 done!
Testing...
Testing...
Testing...

Keys:  ['time', 'acc1', 'acc5', 'ce_loss']
Training:  [0.07492244998111, 0.0, 0.0, 0.05912540954408012]
Testing on Task A:  [0.005146920680999756, 65.025, 88.2625, 211.18031511306762]
Testing on Task B:  [0.01841261386871338, 73.6, 96.8, 140.75118713378907]
Testing on Task C:  [0.018630361557006835, 77.9, 98.6, 111.96267471313476]
Best Acc:  67.3

Epoch: [82 | 90] LR: 0.000100
Training...
 -> Progress: 20 done!
 -> Progress: 41 done!
 -> Progress: 61 done!
 -> Progress: 81 done!
 -> Progress: 100 done!
Testing...
Testing...
Testing...

Keys:  ['time', 'acc1', 'acc5', 'ce_loss']
Training:  [0.07480817806871631, 0.0, 0.0, 0.06011735298965551]
Testing on Task A:  [0.005152645707130432, 65.025, 88.2625, 211.2337335586548]
Testing on Task B:  [0.018671870231628418, 73.6, 96.9, 140.9107650756836]
Testing on Task C:  [0.018942713737487793, 78.0, 98.6, 111.99083404541015]
Best Acc:  67.3

Epoch: [83 | 90] LR: 0.000100
Training...
 -> Progress: 20 done!
 -> Progress: 41 done!
 -> Progress: 61 done!
 -> Progress: 81 done!
 -> Progress: 100 done!
Testing...
Testing...
Testing...

Keys:  ['time', 'acc1', 'acc5', 'ce_loss']
Training:  [0.07471883749660058, 0.0, 0.0, 0.061408933346407325]
Testing on Task A:  [0.005206334590911865, 65.0, 88.2625, 211.25585594177247]
Testing on Task B:  [0.019647097587585448, 73.7, 96.8, 140.91753616333008]
Testing on Task C:  [0.019429540634155272, 77.8, 98.6, 112.0744140625]
Best Acc:  67.3

Epoch: [84 | 90] LR: 0.000100
Training...
 -> Progress: 20 done!
 -> Progress: 41 done!
 -> Progress: 61 done!
 -> Progress: 81 done!
 -> Progress: 100 done!
Testing...
Testing...
Testing...

Keys:  ['time', 'acc1', 'acc5', 'ce_loss']
Training:  [0.07475323013112514, 0.0, 0.0, 0.05912170335178888]
Testing on Task A:  [0.005134108662605286, 64.9875, 88.2625, 211.22798614501954]
Testing on Task B:  [0.020906949043273927, 73.7, 96.9, 140.9402000427246]
Testing on Task C:  [0.020525622367858886, 77.8, 98.6, 112.03513717651367]
Best Acc:  67.3

Epoch: [85 | 90] LR: 0.000100
Training...
 -> Progress: 20 done!
 -> Progress: 41 done!
 -> Progress: 61 done!
 -> Progress: 81 done!
 -> Progress: 100 done!
Testing...
Testing...
Testing...

Keys:  ['time', 'acc1', 'acc5', 'ce_loss']
Training:  [0.07503800452510014, 0.0, 0.0, 0.06082722497514532]
Testing on Task A:  [0.005122563242912293, 65.0125, 88.2875, 211.2109245300293]
Testing on Task B:  [0.02088158130645752, 73.3, 96.9, 140.9967571258545]
Testing on Task C:  [0.019832372665405273, 77.8, 98.6, 111.98280563354493]
Best Acc:  67.3

Epoch: [86 | 90] LR: 0.000100
Training...
 -> Progress: 20 done!
 -> Progress: 41 done!
 -> Progress: 61 done!
 -> Progress: 81 done!
 -> Progress: 100 done!
Testing...
Testing...
Testing...

Keys:  ['time', 'acc1', 'acc5', 'ce_loss']
Training:  [0.0749714676337906, 0.0, 0.0, 0.05785345625651034]
Testing on Task A:  [0.005307912826538086, 65.025, 88.2875, 211.21513957977294]
Testing on Task B:  [0.02042050361633301, 73.2, 97.0, 141.03494148254396]
Testing on Task C:  [0.02022714614868164, 77.6, 98.6, 112.08491287231445]
Best Acc:  67.3

Epoch: [87 | 90] LR: 0.000100
Training...
 -> Progress: 20 done!
 -> Progress: 41 done!
 -> Progress: 61 done!
 -> Progress: 81 done!
 -> Progress: 100 done!
Testing...
Testing...
Testing...

Keys:  ['time', 'acc1', 'acc5', 'ce_loss']
Training:  [0.07480010201659383, 0.0, 0.0, 0.0623615278944939]
Testing on Task A:  [0.005273118615150452, 64.9875, 88.275, 211.28460550308228]
Testing on Task B:  [0.020207810401916503, 73.4, 96.9, 141.056555557251]
Testing on Task C:  [0.01958315372467041, 77.4, 98.6, 112.09254570007325]
Best Acc:  67.3

Epoch: [88 | 90] LR: 0.000100
Training...
 -> Progress: 20 done!
 -> Progress: 41 done!
 -> Progress: 61 done!
 -> Progress: 81 done!
 -> Progress: 100 done!
Testing...
Testing...
Testing...

Keys:  ['time', 'acc1', 'acc5', 'ce_loss']
Training:  [0.07258596903161157, 0.0, 0.0, 0.05750587594377089]
Testing on Task A:  [0.00498562753200531, 64.9625, 88.3, 211.307448387146]
Testing on Task B:  [0.01741957664489746, 73.4, 97.0, 141.07309761047364]
Testing on Task C:  [0.01730937957763672, 77.6, 98.6, 111.98005828857421]
Best Acc:  67.3

Epoch: [89 | 90] LR: 0.000100
Training...
 -> Progress: 20 done!
 -> Progress: 41 done!
 -> Progress: 61 done!
 -> Progress: 81 done!
 -> Progress: 100 done!
Testing...
Testing...
Testing...

Keys:  ['time', 'acc1', 'acc5', 'ce_loss']
Training:  [0.07151491128945653, 0.0, 0.0, 0.057923259048522274]
Testing on Task A:  [0.00506848692893982, 64.975, 88.3125, 211.25816497802734]
Testing on Task B:  [0.01752958297729492, 73.6, 97.0, 140.92828025817872]
Testing on Task C:  [0.016953325271606444, 77.9, 98.6, 112.00207824707032]
Best Acc:  67.3

Epoch: [90 | 90] LR: 0.000100
Training...
 -> Progress: 20 done!
 -> Progress: 41 done!
 -> Progress: 61 done!
 -> Progress: 81 done!
 -> Progress: 100 done!
Testing...
Testing...
Testing...

Keys:  ['time', 'acc1', 'acc5', 'ce_loss']
Training:  [0.07192231733587724, 0.0, 0.0, 0.05734005056415932]
Testing on Task A:  [0.005067583918571472, 65.0, 88.3, 211.33153667449952]
Testing on Task B:  [0.0176332950592041, 73.7, 97.0, 141.00847244262695]
Testing on Task C:  [0.017819952964782716, 77.5, 98.7, 112.04725608825683]
Best Acc:  67.3

 Namespace(arch='vgg16', checkpoint='checkpoint', data_avail=100, dataset='cifar100', epochs=90, gamma=0.1, include_t1_data=False, jobid='126877', logs='logs', lr=0.01, manualSeed=3625, momentum=0.9, mse_weight=0.001, schedule=[30, 60], task1={'class_id': [22, 39, 40, 86, 87, 5, 20, 25, 84, 94, 9, 10, 16, 28, 61, 4, 30, 55, 72, 95, 1, 32, 67, 73, 91, 54, 62, 70, 82, 92, 0, 51, 53, 57, 83, 6, 7, 14, 18, 24, 3, 42, 43, 88, 97, 12, 17, 37, 68, 76, 23, 33, 49, 60, 71, 26, 45, 77, 79, 99, 2, 11, 35, 46, 98, 27, 29, 44, 78, 93, 36, 50, 65, 74, 80, 47, 52, 56, 59, 96], 'out_id': 0, 'tid': 0}, task2={'class_id': [15, 19, 21, 31, 38, 34, 63, 64, 66, 75], 'out_id': 1, 'tid': 1}, task3={'class_id': [8, 13, 48, 58, 90, 41, 69, 81, 85, 89], 'out_id': 2, 'tid': 2}, task_set='vehicles10-large_animals10-reset80', test_batch=100, train_batch=128, weight_decay=0.0005, workers=4)

real	12m37.005s
user	14m54.825s
sys	3m48.865s

Ending script...
Tue Mar  1 11:17:27 EST 2022
