Wed Mar  2 10:12:36 EST 2022
Slurm nodes: evc16
You were assigned 1 gpu(s)
Please run `conda env list` to see a list of all available environments. Use
`source activate <env>` to activate the environment '<env>'. 

Currently Loaded Modules:
  1) anaconda/anaconda3

 

	[4mGPU0	mlx5_0	CPU Affinity	NUMA Affinity[0m
GPU0	 X 	SYS	8,10,12,14	0-1
mlx5_0	SYS	 X 		

Legend:

  X    = Self
  SYS  = Connection traversing PCIe as well as the SMP interconnect between NUMA nodes (e.g., QPI/UPI)
  NODE = Connection traversing PCIe as well as the interconnect between PCIe Host Bridges within a NUMA node
  PHB  = Connection traversing PCIe as well as a PCIe Host Bridge (typically the CPU)
  PXB  = Connection traversing multiple PCIe bridges (without traversing the PCIe Host Bridge)
  PIX  = Connection traversing at most a single PCIe bridge
  NV#  = Connection traversing a bonded set of # NVLinks

1.1.0

Namespace(arch='vgg16', backbone_lr=0.001, checkpoint='checkpoint', data_avail=100, dataset='cifar100', epochs=40, gamma=0.1, include_t1_data=True, jobid='127022', logs='logs', lr=0.01, manualSeed=7919, momentum=0.9, mse_weight=0.1, schedule=[15, 30], task_set='vehicles10-large_animals10-reset80', test_batch=100, train_batch=128, weight_decay=0.0005, workers=4)
==> Preparing dataset cifar100
Files already downloaded and verified
Testing...

Test loss: 2.2105 
Val accuracy: 70.25%
==> Preparing dataset cifar100
Files already downloaded and verified
Testing...

Test loss: 3.5464 
Val accuracy: 49.90%
==> Preparing dataset cifar100
Files already downloaded and verified
Testing...

Test loss: 8.7389 
Val accuracy: 41.00%

Including Task 1 data for training
==> Preparing dataset cifar100
Files already downloaded and verified
==> Preparing dataset cifar100
Files already downloaded and verified
==> Preparing dataset cifar100
Files already downloaded and verified
    Total params: 14.77M

Epoch: [1 | 40] LR: 0.010000
Training...
 -> Progress: 20 done!
 -> Progress: 40 done!
 -> Progress: 60 done!
 -> Progress: 80 done!
 -> Progress: 100 done!
Testing...
Testing...
Testing...

Keys:  ['time', 'acc1', 'acc5', 'ce_loss']
Training:  [0.25234087897688534, 0.0, 0.0, 2.417037997709211]
Testing on Task A:  [0.00549476444721222, 69.05, 90.8625, 196.3225869178772]
Testing on Task B:  [0.019016122817993163, 59.9, 93.0, 201.51989822387696]
Testing on Task C:  [0.018991804122924803, 64.5, 96.7, 163.00848770141602]
Best Acc:  69.05

Epoch: [2 | 40] LR: 0.010000
Training...
 -> Progress: 20 done!
 -> Progress: 40 done!
 -> Progress: 60 done!
 -> Progress: 80 done!
 -> Progress: 100 done!
Testing...
Testing...
Testing...

Keys:  ['time', 'acc1', 'acc5', 'ce_loss']
Training:  [0.23703174883752223, 0.0, 0.0, 0.5277844594262749]
Testing on Task A:  [0.005453705787658691, 69.55, 90.9125, 195.90349912643433]
Testing on Task B:  [0.01950657367706299, 61.2, 93.9, 194.59219055175782]
Testing on Task C:  [0.019574284553527832, 66.5, 96.9, 153.83548965454102]
Best Acc:  69.55

Epoch: [3 | 40] LR: 0.010000
Training...
 -> Progress: 20 done!
 -> Progress: 40 done!
 -> Progress: 60 done!
 -> Progress: 80 done!
 -> Progress: 100 done!
Testing...
Testing...
Testing...

Keys:  ['time', 'acc1', 'acc5', 'ce_loss']
Training:  [0.23309890815364126, 0.0, 0.0, 0.38363054425210297]
Testing on Task A:  [0.0054710984230041506, 69.275, 90.9875, 195.89667739868165]
Testing on Task B:  [0.019405436515808106, 61.4, 94.0, 191.7390510559082]
Testing on Task C:  [0.019367074966430663, 67.7, 97.2, 151.88819732666016]
Best Acc:  69.55

Epoch: [4 | 40] LR: 0.010000
Training...
 -> Progress: 20 done!
 -> Progress: 40 done!
 -> Progress: 60 done!
 -> Progress: 80 done!
 -> Progress: 100 done!
Testing...
Testing...
Testing...

Keys:  ['time', 'acc1', 'acc5', 'ce_loss']
Training:  [0.23166341732834916, 0.0, 0.0, 0.31941235926754946]
Testing on Task A:  [0.00546812117099762, 69.4625, 91.0125, 194.50742597579955]
Testing on Task B:  [0.01920638084411621, 62.0, 94.0, 189.8395538330078]
Testing on Task C:  [0.01982717514038086, 68.3, 97.4, 149.5836608886719]
Best Acc:  69.55

Epoch: [5 | 40] LR: 0.010000
Training...
 -> Progress: 20 done!
 -> Progress: 40 done!
 -> Progress: 60 done!
 -> Progress: 80 done!
 -> Progress: 100 done!
Testing...
Testing...
Testing...

Keys:  ['time', 'acc1', 'acc5', 'ce_loss']
Training:  [0.23327603120633097, 0.0, 0.0, 0.2802821630254731]
Testing on Task A:  [0.005503410100936889, 69.4125, 90.925, 193.87594022750855]
Testing on Task B:  [0.019403290748596192, 62.2, 94.0, 187.92649002075194]
Testing on Task C:  [0.019599151611328126, 68.6, 97.2, 149.24083786010743]
Best Acc:  69.55

Epoch: [6 | 40] LR: 0.010000
Training...
 -> Progress: 20 done!
 -> Progress: 40 done!
 -> Progress: 60 done!
 -> Progress: 80 done!
 -> Progress: 100 done!
Testing...
Testing...
Testing...

Keys:  ['time', 'acc1', 'acc5', 'ce_loss']
Training:  [0.23138808960195087, 0.0, 0.0, 0.2545311109108083]
Testing on Task A:  [0.0054365754127502445, 69.4625, 90.9375, 193.5489330291748]
Testing on Task B:  [0.0192004919052124, 63.0, 94.1, 186.8102653503418]
Testing on Task C:  [0.019403600692749025, 69.1, 97.3, 147.30969924926757]
Best Acc:  69.55

Epoch: [7 | 40] LR: 0.010000
Training...
 -> Progress: 20 done!
 -> Progress: 40 done!
 -> Progress: 60 done!
 -> Progress: 80 done!
 -> Progress: 100 done!
Testing...
Testing...
Testing...

Keys:  ['time', 'acc1', 'acc5', 'ce_loss']
Training:  [0.2328549339948103, 0.0, 0.0, 0.23536106383861483]
Testing on Task A:  [0.0053748607635498045, 69.5125, 90.9625, 193.21921243667603]
Testing on Task B:  [0.01896369457244873, 63.1, 94.3, 185.6955368041992]
Testing on Task C:  [0.01912224292755127, 68.9, 97.2, 147.16439819335938]
Best Acc:  69.55

Epoch: [8 | 40] LR: 0.010000
Training...
 -> Progress: 20 done!
 -> Progress: 40 done!
 -> Progress: 60 done!
 -> Progress: 80 done!
 -> Progress: 100 done!
Testing...
Testing...
Testing...

Keys:  ['time', 'acc1', 'acc5', 'ce_loss']
Training:  [0.21453060762351736, 0.0, 0.0, 0.22075832854298985]
Testing on Task A:  [0.004939854145050049, 69.4, 91.0625, 193.17245779037475]
Testing on Task B:  [0.01694610118865967, 62.6, 94.2, 185.60346908569335]
Testing on Task C:  [0.01681663990020752, 69.0, 97.3, 145.7210380554199]
Best Acc:  69.55

Epoch: [9 | 40] LR: 0.010000
Training...
 -> Progress: 20 done!
 -> Progress: 40 done!
 -> Progress: 60 done!
 -> Progress: 80 done!
 -> Progress: 100 done!
Testing...
Testing...
Testing...

Keys:  ['time', 'acc1', 'acc5', 'ce_loss']
Training:  [0.210810491800918, 0.0, 0.0, 0.20921618478072573]
Testing on Task A:  [0.005030325055122376, 69.55, 90.9, 193.03792695999147]
Testing on Task B:  [0.01862015724182129, 63.3, 94.2, 183.7934768676758]
Testing on Task C:  [0.01950819492340088, 69.1, 97.3, 145.22561111450196]
Best Acc:  69.55

Epoch: [10 | 40] LR: 0.010000
Training...
 -> Progress: 20 done!
 -> Progress: 40 done!
 -> Progress: 60 done!
 -> Progress: 80 done!
 -> Progress: 100 done!
Testing...
Testing...
Testing...

Keys:  ['time', 'acc1', 'acc5', 'ce_loss']
Training:  [0.21223930568646288, 0.0, 0.0, 0.19997339000177505]
Testing on Task A:  [0.00499834418296814, 69.5875, 90.9875, 192.3835542678833]
Testing on Task B:  [0.01634657382965088, 63.6, 94.3, 183.27998809814454]
Testing on Task C:  [0.01689629554748535, 68.9, 97.3, 144.16729431152345]
Best Acc:  69.5875

Epoch: [11 | 40] LR: 0.010000
Training...
 -> Progress: 20 done!
 -> Progress: 40 done!
 -> Progress: 60 done!
 -> Progress: 80 done!
 -> Progress: 100 done!
Testing...
Testing...
Testing...

Keys:  ['time', 'acc1', 'acc5', 'ce_loss']
Training:  [0.21263870619751912, 0.0, 0.0, 0.1918988609329209]
Testing on Task A:  [0.004926252365112305, 69.5, 90.9625, 191.97809743881226]
Testing on Task B:  [0.01705770492553711, 63.3, 94.4, 182.7663261413574]
Testing on Task C:  [0.016938495635986327, 69.6, 97.2, 144.98744506835936]
Best Acc:  69.5875

Epoch: [12 | 40] LR: 0.010000
Training...
 -> Progress: 20 done!
 -> Progress: 40 done!
 -> Progress: 60 done!
 -> Progress: 80 done!
 -> Progress: 100 done!
Testing...
Testing...
Testing...

Keys:  ['time', 'acc1', 'acc5', 'ce_loss']
Training:  [0.21260243974378346, 0.0, 0.0, 0.1849767319534136]
Testing on Task A:  [0.004982948303222656, 69.4875, 90.9875, 192.47568826675416]
Testing on Task B:  [0.01713712215423584, 63.7, 94.1, 182.5139389038086]
Testing on Task C:  [0.01595458984375, 69.5, 97.2, 144.2836555480957]
Best Acc:  69.5875

Epoch: [13 | 40] LR: 0.010000
Training...
 -> Progress: 20 done!
 -> Progress: 40 done!
 -> Progress: 60 done!
 -> Progress: 80 done!
 -> Progress: 100 done!
Testing...
Testing...
Testing...

Keys:  ['time', 'acc1', 'acc5', 'ce_loss']
Training:  [0.2126162478990872, 0.0, 0.0, 0.1792561655001872]
Testing on Task A:  [0.004971259832382202, 69.4125, 91.025, 191.81673679351806]
Testing on Task B:  [0.017135119438171385, 63.7, 94.2, 181.50208892822266]
Testing on Task C:  [0.017120838165283203, 70.0, 97.1, 143.68215942382812]
Best Acc:  69.5875

Epoch: [14 | 40] LR: 0.010000
Training...
 -> Progress: 20 done!
 -> Progress: 40 done!
 -> Progress: 60 done!
 -> Progress: 80 done!
 -> Progress: 100 done!
Testing...
Testing...
Testing...

Keys:  ['time', 'acc1', 'acc5', 'ce_loss']
Training:  [0.21111889690389413, 0.0, 0.0, 0.17422981685994532]
Testing on Task A:  [0.004993125796318054, 69.4625, 91.0, 191.654638671875]
Testing on Task B:  [0.017047357559204102, 64.1, 94.1, 181.18845138549804]
Testing on Task C:  [0.016928458213806154, 69.9, 97.1, 142.68514556884764]
Best Acc:  69.5875

Epoch: [15 | 40] LR: 0.010000
Training...
 -> Progress: 20 done!
 -> Progress: 40 done!
 -> Progress: 60 done!
 -> Progress: 80 done!
 -> Progress: 100 done!
Testing...
Testing...
Testing...

Keys:  ['time', 'acc1', 'acc5', 'ce_loss']
Training:  [0.21396487814081294, 0.0, 0.0, 0.16989928342954583]
Testing on Task A:  [0.004959958791732788, 69.3625, 90.975, 191.62336387634278]
Testing on Task B:  [0.01683840751647949, 63.7, 94.1, 180.68670883178712]
Testing on Task C:  [0.01704249382019043, 69.7, 97.2, 143.06488800048828]
Best Acc:  69.5875
New lr for parameter group: 0  ->  0.0001
New lr for parameter group: 1  ->  0.001

Epoch: [16 | 40] LR: 0.001000
Training...
 -> Progress: 20 done!
 -> Progress: 40 done!
 -> Progress: 60 done!
 -> Progress: 80 done!
 -> Progress: 100 done!
Testing...
Testing...
Testing...

Keys:  ['time', 'acc1', 'acc5', 'ce_loss']
Training:  [0.21229224253798384, 0.0, 0.0, 0.16249721083799593]
Testing on Task A:  [0.004992130398750305, 69.375, 90.95, 191.59262313842774]
Testing on Task B:  [0.016764616966247557, 63.9, 94.2, 180.660107421875]
Testing on Task C:  [0.017185616493225097, 69.9, 97.1, 142.7016616821289]
Best Acc:  69.5875

Epoch: [17 | 40] LR: 0.001000
Training...
 -> Progress: 20 done!
 -> Progress: 40 done!
 -> Progress: 60 done!
 -> Progress: 80 done!
 -> Progress: 100 done!
Testing...
Testing...
Testing...

Keys:  ['time', 'acc1', 'acc5', 'ce_loss']
Training:  [0.21346111248826127, 0.0, 0.0, 0.16173338733823098]
Testing on Task A:  [0.005021095275878906, 69.425, 90.95, 191.61324949264525]
Testing on Task B:  [0.016971230506896973, 64.1, 94.2, 180.5419059753418]
Testing on Task C:  [0.01706535816192627, 70.0, 97.2, 142.54663009643554]
Best Acc:  69.5875

Epoch: [18 | 40] LR: 0.001000
Training...
 -> Progress: 20 done!
 -> Progress: 40 done!
 -> Progress: 60 done!
 -> Progress: 80 done!
 -> Progress: 100 done!
Testing...
Testing...
Testing...

Keys:  ['time', 'acc1', 'acc5', 'ce_loss']
Training:  [0.2117620362040332, 0.0, 0.0, 0.16098253108808758]
Testing on Task A:  [0.0049623936414718624, 69.35, 90.9875, 191.65673370361327]
Testing on Task B:  [0.0162109375, 63.9, 94.2, 180.43760299682617]
Testing on Task C:  [0.01695253849029541, 70.1, 97.1, 142.77959213256835]
Best Acc:  69.5875

Epoch: [19 | 40] LR: 0.001000
Training...
 -> Progress: 20 done!
 -> Progress: 40 done!
 -> Progress: 60 done!
 -> Progress: 80 done!
 -> Progress: 100 done!
Testing...
Testing...
Testing...

Keys:  ['time', 'acc1', 'acc5', 'ce_loss']
Training:  [0.2137351054364763, 0.0, 0.0, 0.1606193016023587]
Testing on Task A:  [0.005030778050422668, 69.4375, 91.0, 191.62468643188475]
Testing on Task B:  [0.017113208770751953, 64.0, 94.3, 180.40148315429687]
Testing on Task C:  [0.01672220230102539, 69.8, 97.1, 142.78537139892578]
Best Acc:  69.5875

Epoch: [20 | 40] LR: 0.001000
Training...
 -> Progress: 20 done!
 -> Progress: 40 done!
 -> Progress: 60 done!
 -> Progress: 80 done!
 -> Progress: 100 done!
Testing...
Testing...
Testing...

Keys:  ['time', 'acc1', 'acc5', 'ce_loss']
Training:  [0.21206579123006758, 0.0, 0.0, 0.16038192431335255]
Testing on Task A:  [0.0049984842538833615, 69.4125, 90.975, 191.72747297286986]
Testing on Task B:  [0.017078065872192384, 64.1, 94.3, 180.5376289367676]
Testing on Task C:  [0.016992568969726562, 70.2, 97.2, 142.72452774047852]
Best Acc:  69.5875

Epoch: [21 | 40] LR: 0.001000
Training...
 -> Progress: 20 done!
 -> Progress: 40 done!
 -> Progress: 60 done!
 -> Progress: 80 done!
 -> Progress: 100 done!
Testing...
Testing...
Testing...

Keys:  ['time', 'acc1', 'acc5', 'ce_loss']
Training:  [0.21513144256513747, 0.0, 0.0, 0.16010904689426617]
Testing on Task A:  [0.005092054605484009, 69.4375, 90.9625, 191.64844484329222]
Testing on Task B:  [0.017035770416259765, 63.9, 94.3, 180.46014480590821]
Testing on Task C:  [0.01748933792114258, 70.0, 97.1, 142.65000762939454]
Best Acc:  69.5875

Epoch: [22 | 40] LR: 0.001000
Training...
 -> Progress: 20 done!
 -> Progress: 40 done!
 -> Progress: 60 done!
 -> Progress: 80 done!
 -> Progress: 100 done!
Testing...
Testing...
Testing...

Keys:  ['time', 'acc1', 'acc5', 'ce_loss']
Training:  [0.2126096770586565, 0.0, 0.0, 0.15956143642325535]
Testing on Task A:  [0.00498901903629303, 69.35, 90.9875, 191.70916538238527]
Testing on Task B:  [0.016266775131225587, 63.9, 94.3, 180.12523880004883]
Testing on Task C:  [0.016491341590881347, 70.0, 97.1, 142.5498954772949]
Best Acc:  69.5875

Epoch: [23 | 40] LR: 0.001000
Training...
 -> Progress: 20 done!
 -> Progress: 40 done!
 -> Progress: 60 done!
 -> Progress: 80 done!
 -> Progress: 100 done!
Testing...
Testing...
Testing...

Keys:  ['time', 'acc1', 'acc5', 'ce_loss']
Training:  [0.21260097508540238, 0.0, 0.0, 0.15939366588812046]
Testing on Task A:  [0.004995268583297729, 69.425, 90.9875, 191.65039043426515]
Testing on Task B:  [0.017316508293151855, 63.9, 94.3, 180.30715103149413]
Testing on Task C:  [0.01720709800720215, 70.2, 97.2, 142.55003204345704]
Best Acc:  69.5875

Epoch: [24 | 40] LR: 0.001000
Training...
 -> Progress: 20 done!
 -> Progress: 40 done!
 -> Progress: 60 done!
 -> Progress: 80 done!
 -> Progress: 100 done!
Testing...
Testing...
Testing...

Keys:  ['time', 'acc1', 'acc5', 'ce_loss']
Training:  [0.21241796656947612, 0.0, 0.0, 0.15890993905799164]
Testing on Task A:  [0.00498993992805481, 69.425, 90.95, 191.62672843933106]
Testing on Task B:  [0.016963505744934083, 64.0, 94.3, 180.33783721923828]
Testing on Task C:  [0.017043256759643556, 70.1, 97.2, 142.55646591186525]
Best Acc:  69.5875

Epoch: [25 | 40] LR: 0.001000
Training...
 -> Progress: 20 done!
 -> Progress: 40 done!
 -> Progress: 60 done!
 -> Progress: 80 done!
 -> Progress: 100 done!
Testing...
Testing...
Testing...

Keys:  ['time', 'acc1', 'acc5', 'ce_loss']
Training:  [0.21519921990611668, 0.0, 0.0, 0.15851171703442282]
Testing on Task A:  [0.00493965744972229, 69.375, 90.975, 191.62856197357178]
Testing on Task B:  [0.016218972206115723, 64.0, 94.3, 180.25921783447265]
Testing on Task C:  [0.016385340690612794, 70.0, 97.2, 142.47350158691407]
Best Acc:  69.5875

Epoch: [26 | 40] LR: 0.001000
Training...
 -> Progress: 20 done!
 -> Progress: 40 done!
 -> Progress: 60 done!
 -> Progress: 80 done!
 -> Progress: 100 done!
Testing...
Testing...
Testing...

Keys:  ['time', 'acc1', 'acc5', 'ce_loss']
Training:  [0.21188757730566937, 0.0, 0.0, 0.15819400926227764]
Testing on Task A:  [0.004998418688774109, 69.3875, 90.9625, 191.46904039382935]
Testing on Task B:  [0.0168973445892334, 64.1, 94.3, 180.0274284362793]
Testing on Task C:  [0.016972994804382323, 70.2, 97.2, 142.39837265014648]
Best Acc:  69.5875

Epoch: [27 | 40] LR: 0.001000
Training...
 -> Progress: 20 done!
 -> Progress: 40 done!
 -> Progress: 60 done!
 -> Progress: 80 done!
 -> Progress: 100 done!
Testing...
Testing...
Testing...

Keys:  ['time', 'acc1', 'acc5', 'ce_loss']
Training:  [0.2131813377370615, 0.0, 0.0, 0.15801236833757756]
Testing on Task A:  [0.004970726370811462, 69.3875, 91.0125, 191.63388023376464]
Testing on Task B:  [0.016993379592895506, 64.0, 94.3, 180.2042266845703]
Testing on Task C:  [0.017679238319396974, 70.1, 97.2, 142.49208374023436]
Best Acc:  69.5875

Epoch: [28 | 40] LR: 0.001000
Training...
 -> Progress: 20 done!
 -> Progress: 40 done!
 -> Progress: 60 done!
 -> Progress: 80 done!
 -> Progress: 100 done!
Testing...
Testing...
Testing...

Keys:  ['time', 'acc1', 'acc5', 'ce_loss']
Training:  [0.21252994220275098, 0.0, 0.0, 0.15765940075945062]
Testing on Task A:  [0.005000999569892884, 69.4125, 90.975, 191.5544644355774]
Testing on Task B:  [0.016920065879821776, 64.0, 94.3, 180.1705108642578]
Testing on Task C:  [0.01697981357574463, 70.2, 97.2, 142.39453887939453]
Best Acc:  69.5875

Epoch: [29 | 40] LR: 0.001000
Training...
 -> Progress: 20 done!
 -> Progress: 40 done!
 -> Progress: 60 done!
 -> Progress: 80 done!
 -> Progress: 100 done!
Testing...
Testing...
Testing...

Keys:  ['time', 'acc1', 'acc5', 'ce_loss']
Training:  [0.21412636495917045, 0.0, 0.0, 0.15735429792148073]
Testing on Task A:  [0.004975810647010803, 69.4, 90.9875, 191.50765838623047]
Testing on Task B:  [0.01743505001068115, 64.0, 94.3, 179.94042205810547]
Testing on Task C:  [0.016878628730773927, 70.2, 97.1, 142.4020233154297]
Best Acc:  69.5875

Epoch: [30 | 40] LR: 0.001000
Training...
 -> Progress: 20 done!
 -> Progress: 40 done!
 -> Progress: 60 done!
 -> Progress: 80 done!
 -> Progress: 100 done!
Testing...
Testing...
Testing...

Keys:  ['time', 'acc1', 'acc5', 'ce_loss']
Training:  [0.21169388995451086, 0.0, 0.0, 0.1570190428315526]
Testing on Task A:  [0.004985207319259643, 69.3625, 91.0125, 191.54155025482177]
Testing on Task B:  [0.016954779624938965, 64.1, 94.3, 180.2011619567871]
Testing on Task C:  [0.016935276985168456, 70.3, 97.2, 142.3252731323242]
Best Acc:  69.5875
New lr for parameter group: 0  ->  1e-05
New lr for parameter group: 1  ->  0.0001

Epoch: [31 | 40] LR: 0.000100
Training...
 -> Progress: 20 done!
 -> Progress: 40 done!
 -> Progress: 60 done!
 -> Progress: 80 done!
 -> Progress: 100 done!
Testing...
Testing...
Testing...

Keys:  ['time', 'acc1', 'acc5', 'ce_loss']
Training:  [0.21404822830044096, 0.0, 0.0, 0.1562808361428473]
Testing on Task A:  [0.004966443777084351, 69.3625, 90.9625, 191.57168674468994]
Testing on Task B:  [0.01615004539489746, 64.0, 94.3, 180.07498779296876]
Testing on Task C:  [0.01700427532196045, 70.2, 97.2, 142.29713973999023]
Best Acc:  69.5875

Epoch: [32 | 40] LR: 0.000100
Training...
 -> Progress: 20 done!
 -> Progress: 40 done!
 -> Progress: 60 done!
 -> Progress: 80 done!
 -> Progress: 100 done!
Testing...
Testing...
Testing...

Keys:  ['time', 'acc1', 'acc5', 'ce_loss']
Training:  [0.2126199223501298, 0.0, 0.0, 0.1563485162642301]
Testing on Task A:  [0.005030059814453125, 69.3875, 90.975, 191.56699485778807]
Testing on Task B:  [0.016616058349609376, 64.0, 94.3, 180.0553771972656]
Testing on Task C:  [0.016962766647338867, 70.2, 97.2, 142.3416603088379]
Best Acc:  69.5875

Epoch: [33 | 40] LR: 0.000100
Training...
 -> Progress: 20 done!
 -> Progress: 40 done!
 -> Progress: 60 done!
 -> Progress: 80 done!
 -> Progress: 100 done!
Testing...
Testing...
Testing...

Keys:  ['time', 'acc1', 'acc5', 'ce_loss']
Training:  [0.2147224742128416, 0.0, 0.0, 0.1561599662694175]
Testing on Task A:  [0.005086576938629151, 69.375, 90.9875, 191.58399620056153]
Testing on Task B:  [0.01570708751678467, 64.0, 94.3, 180.0373077392578]
Testing on Task C:  [0.017160844802856446, 70.2, 97.2, 142.31421279907227]
Best Acc:  69.5875

Epoch: [34 | 40] LR: 0.000100
Training...
 -> Progress: 20 done!
 -> Progress: 40 done!
 -> Progress: 60 done!
 -> Progress: 80 done!
 -> Progress: 100 done!
Testing...
Testing...
Testing...

Keys:  ['time', 'acc1', 'acc5', 'ce_loss']
Training:  [0.2121407089330961, 0.0, 0.0, 0.15611711613205084]
Testing on Task A:  [0.0049873203039169315, 69.4, 90.9875, 191.56488027572632]
Testing on Task B:  [0.017084622383117677, 64.0, 94.3, 180.03600997924804]
Testing on Task C:  [0.0168933629989624, 70.2, 97.2, 142.3073471069336]
Best Acc:  69.5875

Epoch: [35 | 40] LR: 0.000100
Training...
 -> Progress: 20 done!
 -> Progress: 40 done!
 -> Progress: 60 done!
 -> Progress: 80 done!
 -> Progress: 100 done!
Testing...
Testing...
Testing...

Keys:  ['time', 'acc1', 'acc5', 'ce_loss']
Training:  [0.2136131101252173, 0.0, 0.0, 0.15588413727710315]
Testing on Task A:  [0.005009758472442627, 69.425, 90.9875, 191.5668013572693]
Testing on Task B:  [0.017017555236816407, 64.0, 94.3, 180.02260818481446]
Testing on Task C:  [0.016921067237854005, 70.1, 97.2, 142.3107696533203]
Best Acc:  69.5875

Epoch: [36 | 40] LR: 0.000100
Training...
 -> Progress: 20 done!
 -> Progress: 40 done!
 -> Progress: 60 done!
 -> Progress: 80 done!
 -> Progress: 100 done!
Testing...
Testing...
Testing...

Keys:  ['time', 'acc1', 'acc5', 'ce_loss']
Training:  [0.21279227459217276, 0.0, 0.0, 0.1561601491611632]
Testing on Task A:  [0.004977607727050781, 69.3875, 90.9875, 191.58224906921387]
Testing on Task B:  [0.017098522186279295, 64.0, 94.3, 180.01750106811522]
Testing on Task C:  [0.01701359748840332, 70.1, 97.2, 142.3254135131836]
Best Acc:  69.5875

Epoch: [37 | 40] LR: 0.000100
Training...
 -> Progress: 20 done!
 -> Progress: 40 done!
 -> Progress: 60 done!
 -> Progress: 80 done!
 -> Progress: 100 done!
Testing...
Testing...
Testing...

Keys:  ['time', 'acc1', 'acc5', 'ce_loss']
Training:  [0.2129201321955532, 0.0, 0.0, 0.15609362126921145]
Testing on Task A:  [0.00496843159198761, 69.3875, 90.9875, 191.52825965881348]
Testing on Task B:  [0.017155027389526366, 64.0, 94.3, 179.99406890869142]
Testing on Task C:  [0.016866040229797364, 70.2, 97.2, 142.28568496704102]
Best Acc:  69.5875

Epoch: [38 | 40] LR: 0.000100
Training...
 -> Progress: 20 done!
 -> Progress: 40 done!
 -> Progress: 60 done!
 -> Progress: 80 done!
 -> Progress: 100 done!
Testing...
Testing...
Testing...

Keys:  ['time', 'acc1', 'acc5', 'ce_loss']
Training:  [0.21186877394576206, 0.0, 0.0, 0.15601196641202472]
Testing on Task A:  [0.0049735337495803835, 69.3625, 90.975, 191.53355026245117]
Testing on Task B:  [0.01706087589263916, 64.0, 94.3, 179.9981590270996]
Testing on Task C:  [0.01766650676727295, 70.3, 97.2, 142.29410858154296]
Best Acc:  69.5875

Epoch: [39 | 40] LR: 0.000100
Training...
 -> Progress: 20 done!
 -> Progress: 40 done!
 -> Progress: 60 done!
 -> Progress: 80 done!
 -> Progress: 100 done!
Testing...
Testing...
Testing...

Keys:  ['time', 'acc1', 'acc5', 'ce_loss']
Training:  [0.21334867099361957, 0.0, 0.0, 0.1558593797409321]
Testing on Task A:  [0.0050013184547424315, 69.4, 90.9875, 191.5628809928894]
Testing on Task B:  [0.017029833793640137, 64.0, 94.3, 179.9720588684082]
Testing on Task C:  [0.017100930213928223, 70.3, 97.2, 142.28887329101562]
Best Acc:  69.5875

Epoch: [40 | 40] LR: 0.000100
Training...
 -> Progress: 20 done!
 -> Progress: 40 done!
 -> Progress: 60 done!
 -> Progress: 80 done!
 -> Progress: 100 done!
Testing...
Testing...
Testing...

Keys:  ['time', 'acc1', 'acc5', 'ce_loss']
Training:  [0.21395014253113886, 0.0, 0.0, 0.15599597658952483]
Testing on Task A:  [0.005015182495117188, 69.4125, 90.975, 191.5331356048584]
Testing on Task B:  [0.017080807685852052, 64.0, 94.3, 180.00276260375978]
Testing on Task C:  [0.016889047622680665, 70.2, 97.2, 142.30881042480468]
Best Acc:  69.5875

 Namespace(arch='vgg16', backbone_lr=0.001, checkpoint='checkpoint', data_avail=100, dataset='cifar100', epochs=40, gamma=0.1, include_t1_data=True, jobid='127022', logs='logs', lr=0.01, manualSeed=7919, momentum=0.9, mse_weight=0.1, schedule=[15, 30], task1={'class_id': [22, 39, 40, 86, 87, 5, 20, 25, 84, 94, 9, 10, 16, 28, 61, 4, 30, 55, 72, 95, 1, 32, 67, 73, 91, 54, 62, 70, 82, 92, 0, 51, 53, 57, 83, 6, 7, 14, 18, 24, 3, 42, 43, 88, 97, 12, 17, 37, 68, 76, 23, 33, 49, 60, 71, 26, 45, 77, 79, 99, 2, 11, 35, 46, 98, 27, 29, 44, 78, 93, 36, 50, 65, 74, 80, 47, 52, 56, 59, 96], 'out_id': 0, 'tid': 0}, task2={'class_id': [15, 19, 21, 31, 38, 34, 63, 64, 66, 75], 'out_id': 1, 'tid': 1}, task3={'class_id': [8, 13, 48, 58, 90, 41, 69, 81, 85, 89], 'out_id': 2, 'tid': 2}, task_set='vehicles10-large_animals10-reset80', test_batch=100, train_batch=128, weight_decay=0.0005, workers=4)

real	60m48.760s
user	216m7.462s
sys	7m55.180s

Ending script...
Wed Mar  2 11:13:27 EST 2022
